05/04/2026 01:09:37 PM - kneaddata.knead_data - INFO: Running kneaddata v0.12.4
05/04/2026 01:09:37 PM - kneaddata.knead_data - INFO: Output files will be written to: /home/humann2/tfg_ckd/cleaned_data/ERR11869433_knead
05/04/2026 01:09:37 PM - kneaddata.knead_data - DEBUG: Running with the following arguments: 
verbose = False
input1 = /home/humann2/tfg_ckd/raw_data/ERR11869433_1.fastq.gz
input2 = /home/humann2/tfg_ckd/raw_data/ERR11869433_2.fastq.gz
unpaired = None
output_dir = /home/humann2/tfg_ckd/cleaned_data/ERR11869433_knead
scratch_dir = 
reference_db = /home/humann2/db/kneaddata/hg_39
bypass_trim = False
output_prefix = ERR11869433_1_kneaddata
threads = 8
processes = 1
trimmomatic_quality_scores = -phred33
bmtagger = False
bypass_trf = False
run_trf = False
fastqc_start = False
fastqc_end = False
store_temp_output = False
remove_intermediate_output = True
cat_final_output = False
log_level = DEBUG
log = /home/humann2/tfg_ckd/cleaned_data/ERR11869433_knead/ERR11869433_1_kneaddata.log
trimmomatic_path = /home/humann2/miniforge3/envs/env_perfect/bin/trimmomatic
run_trim_repetitive = False
max_memory = 500m
trimmomatic_options = None
sequencer_source = NexteraPE
bowtie2_path = /home/humann2/miniforge3/envs/env_perfect/bin/bowtie2
bowtie2_options = --very-sensitive-local --phred33
decontaminate_pairs = strict
reorder = False
serial = True
bmtagger_path = None
trf_path = /home/humann2/miniforge3/envs/env_perfect/bin/trf
match = 2
mismatch = 7
delta = 7
pm = 80
pi = 10
minscore = 50
maxperiod = 500
fastqc_path = None
remove_temp_output = True
input = /home/humann2/tfg_ckd/raw_data/ERR11869433_1.fastq.gz /home/humann2/tfg_ckd/raw_data/ERR11869433_2.fastq.gz
discordant = True

05/04/2026 01:09:37 PM - kneaddata.utilities - INFO: Decompressing gzipped file ...
05/04/2026 01:10:28 PM - kneaddata.utilities - INFO: Decompressed file created: /home/humann2/tfg_ckd/cleaned_data/ERR11869433_knead/decompressed_xzbanl5h_ERR11869433_1.fastq
05/04/2026 01:10:28 PM - kneaddata.utilities - INFO: Decompressing gzipped file ...
05/04/2026 01:11:19 PM - kneaddata.utilities - INFO: Decompressed file created: /home/humann2/tfg_ckd/cleaned_data/ERR11869433_knead/decompressed_3f7h_gs5_ERR11869433_2.fastq
05/04/2026 01:11:19 PM - kneaddata.utilities - INFO: Reformatting file sequence identifiers ...
05/04/2026 01:12:17 PM - kneaddata.utilities - INFO: Reformatting file sequence identifiers ...
05/04/2026 01:13:23 PM - kneaddata.utilities - INFO: READ COUNT: raw pair1 : Initial number of reads ( /home/humann2/tfg_ckd/cleaned_data/ERR11869433_knead/reformatted_identifiers9_k0ewzt_decompressed_xzbanl5h_ERR11869433_1.fastq ): 9160344.0
05/04/2026 01:13:29 PM - kneaddata.utilities - INFO: READ COUNT: raw pair2 : Initial number of reads ( /home/humann2/tfg_ckd/cleaned_data/ERR11869433_knead/reformatted_identifiers1m13wwco_decompressed_3f7h_gs5_ERR11869433_2.fastq ): 9160344.0
05/04/2026 01:13:29 PM - kneaddata.utilities - DEBUG: Checking input file to Trimmomatic : /home/humann2/tfg_ckd/cleaned_data/ERR11869433_knead/reformatted_identifiers9_k0ewzt_decompressed_xzbanl5h_ERR11869433_1.fastq
05/04/2026 01:13:29 PM - kneaddata.utilities - DEBUG: Checking input file to Trimmomatic : /home/humann2/tfg_ckd/cleaned_data/ERR11869433_knead/reformatted_identifiers1m13wwco_decompressed_3f7h_gs5_ERR11869433_2.fastq
05/04/2026 01:13:29 PM - kneaddata.utilities - INFO: Running Trimmomatic ... 
05/04/2026 01:13:29 PM - kneaddata.utilities - INFO: Execute command: /home/humann2/miniforge3/envs/env_perfect/bin/trimmomatic PE -threads 8 -phred33 /home/humann2/tfg_ckd/cleaned_data/ERR11869433_knead/reformatted_identifiers9_k0ewzt_decompressed_xzbanl5h_ERR11869433_1.fastq /home/humann2/tfg_ckd/cleaned_data/ERR11869433_knead/reformatted_identifiers1m13wwco_decompressed_3f7h_gs5_ERR11869433_2.fastq /home/humann2/tfg_ckd/cleaned_data/ERR11869433_knead/ERR11869433_1_kneaddata.trimmed.1.fastq /home/humann2/tfg_ckd/cleaned_data/ERR11869433_knead/ERR11869433_1_kneaddata.trimmed.single.1.fastq /home/humann2/tfg_ckd/cleaned_data/ERR11869433_knead/ERR11869433_1_kneaddata.trimmed.2.fastq /home/humann2/tfg_ckd/cleaned_data/ERR11869433_knead/ERR11869433_1_kneaddata.trimmed.single.2.fastq MINLEN:60 ILLUMINACLIP:/home/humann2/miniforge3/envs/env_perfect/lib/python3.9/site-packages/kneaddata/adapters/NexteraPE-PE.fa:2:30:10:8:TRUE SLIDINGWINDOW:4:20 MINLEN:75
05/04/2026 01:14:21 PM - kneaddata.utilities - DEBUG: b"TrimmomaticPE: Started with arguments:\n -threads 8 -phred33 /home/humann2/tfg_ckd/cleaned_data/ERR11869433_knead/reformatted_identifiers9_k0ewzt_decompressed_xzbanl5h_ERR11869433_1.fastq /home/humann2/tfg_ckd/cleaned_data/ERR11869433_knead/reformatted_identifiers1m13wwco_decompressed_3f7h_gs5_ERR11869433_2.fastq /home/humann2/tfg_ckd/cleaned_data/ERR11869433_knead/ERR11869433_1_kneaddata.trimmed.1.fastq /home/humann2/tfg_ckd/cleaned_data/ERR11869433_knead/ERR11869433_1_kneaddata.trimmed.single.1.fastq /home/humann2/tfg_ckd/cleaned_data/ERR11869433_knead/ERR11869433_1_kneaddata.trimmed.2.fastq /home/humann2/tfg_ckd/cleaned_data/ERR11869433_knead/ERR11869433_1_kneaddata.trimmed.single.2.fastq MINLEN:60 ILLUMINACLIP:/home/humann2/miniforge3/envs/env_perfect/lib/python3.9/site-packages/kneaddata/adapters/NexteraPE-PE.fa:2:30:10:8:TRUE SLIDINGWINDOW:4:20 MINLEN:75\nILLUMINACLIP: Using adapter file from user-specified absolute path: /home/humann2/miniforge3/envs/env_perfect/lib/python3.9/site-packages/kneaddata/adapters/NexteraPE-PE.fa\nUsing PrefixPair: 'AGATGTGTATAAGAGACAG' and 'AGATGTGTATAAGAGACAG'\nUsing Long Clipping Sequence: 'GTCTCGTGGGCTCGGAGATGTGTATAAGAGACAG'\nUsing Long Clipping Sequence: 'TCGTCGGCAGCGTCAGATGTGTATAAGAGACAG'\nUsing Long Clipping Sequence: 'CTGTCTCTTATACACATCTCCGAGCCCACGAGAC'\nUsing Long Clipping Sequence: 'CTGTCTCTTATACACATCTGACGCTGCCGACGA'\nILLUMINACLIP: Using 1 prefix pairs, 4 forward/reverse sequences, 0 forward only sequences, 0 reverse only sequences\nInput Read Pairs: 9160344 Both Surviving: 8791018 (95.97%) Forward Only Surviving: 137840 (1.50%) Reverse Only Surviving: 143510 (1.57%) Dropped: 87976 (0.96%)\nTrimmomaticPE: Completed successfully\n"
05/04/2026 01:14:21 PM - kneaddata.utilities - DEBUG: Checking output file from Trimmomatic : /home/humann2/tfg_ckd/cleaned_data/ERR11869433_knead/ERR11869433_1_kneaddata.trimmed.1.fastq
05/04/2026 01:14:21 PM - kneaddata.utilities - DEBUG: Checking output file from Trimmomatic : /home/humann2/tfg_ckd/cleaned_data/ERR11869433_knead/ERR11869433_1_kneaddata.trimmed.single.1.fastq
05/04/2026 01:14:21 PM - kneaddata.utilities - DEBUG: Checking output file from Trimmomatic : /home/humann2/tfg_ckd/cleaned_data/ERR11869433_knead/ERR11869433_1_kneaddata.trimmed.2.fastq
05/04/2026 01:14:21 PM - kneaddata.utilities - DEBUG: Checking output file from Trimmomatic : /home/humann2/tfg_ckd/cleaned_data/ERR11869433_knead/ERR11869433_1_kneaddata.trimmed.single.2.fastq
05/04/2026 01:14:27 PM - kneaddata.utilities - INFO: READ COUNT: trimmed pair1 : Total reads after trimming ( /home/humann2/tfg_ckd/cleaned_data/ERR11869433_knead/ERR11869433_1_kneaddata.trimmed.1.fastq ): 8791018.0
05/04/2026 01:14:32 PM - kneaddata.utilities - INFO: READ COUNT: trimmed pair2 : Total reads after trimming ( /home/humann2/tfg_ckd/cleaned_data/ERR11869433_knead/ERR11869433_1_kneaddata.trimmed.2.fastq ): 8791018.0
05/04/2026 01:14:32 PM - kneaddata.utilities - INFO: READ COUNT: trimmed orphan1 : Total reads after trimming ( /home/humann2/tfg_ckd/cleaned_data/ERR11869433_knead/ERR11869433_1_kneaddata.trimmed.single.1.fastq ): 137840.0
05/04/2026 01:14:32 PM - kneaddata.utilities - INFO: READ COUNT: trimmed orphan2 : Total reads after trimming ( /home/humann2/tfg_ckd/cleaned_data/ERR11869433_knead/ERR11869433_1_kneaddata.trimmed.single.2.fastq ): 143510.0
05/04/2026 01:18:41 PM - kneaddata.utilities - DEBUG: Checking input file to trf : /home/humann2/tfg_ckd/cleaned_data/ERR11869433_knead/ERR11869433_1_kneaddata.trimmed.1.fasta
05/04/2026 01:18:41 PM - kneaddata.utilities - INFO: Running trf ... 
05/04/2026 01:18:41 PM - kneaddata.utilities - INFO: Execute command: kneaddata_trf_parallel --input /home/humann2/tfg_ckd/cleaned_data/ERR11869433_knead/ERR11869433_1_kneaddata.trimmed.1.fasta --output /home/humann2/tfg_ckd/cleaned_data/ERR11869433_knead/ERR11869433_1_kneaddata.trimmed.1.fasta.trf.parameters.2.7.7.80.10.50.500.dat --trf-path /home/humann2/miniforge3/envs/env_perfect/bin/trf --trf-options '2 7 7 80 10 50 500 -h -ngs' --nproc 8
05/04/2026 01:21:55 PM - kneaddata.utilities - DEBUG: 0
05/04/2026 01:21:55 PM - kneaddata.utilities - DEBUG: Checking output file from trf : /home/humann2/tfg_ckd/cleaned_data/ERR11869433_knead/ERR11869433_1_kneaddata.trimmed.1.fasta.trf.parameters.2.7.7.80.10.50.500.dat
05/04/2026 01:21:55 PM - kneaddata.utilities - DEBUG: Checking input file to trf : /home/humann2/tfg_ckd/cleaned_data/ERR11869433_knead/ERR11869433_1_kneaddata.trimmed.2.fasta
05/04/2026 01:21:55 PM - kneaddata.utilities - INFO: Running trf ... 
05/04/2026 01:21:55 PM - kneaddata.utilities - INFO: Execute command: kneaddata_trf_parallel --input /home/humann2/tfg_ckd/cleaned_data/ERR11869433_knead/ERR11869433_1_kneaddata.trimmed.2.fasta --output /home/humann2/tfg_ckd/cleaned_data/ERR11869433_knead/ERR11869433_1_kneaddata.trimmed.2.fasta.trf.parameters.2.7.7.80.10.50.500.dat --trf-path /home/humann2/miniforge3/envs/env_perfect/bin/trf --trf-options '2 7 7 80 10 50 500 -h -ngs' --nproc 8
05/04/2026 01:25:04 PM - kneaddata.utilities - DEBUG: 0
05/04/2026 01:25:04 PM - kneaddata.utilities - DEBUG: Checking output file from trf : /home/humann2/tfg_ckd/cleaned_data/ERR11869433_knead/ERR11869433_1_kneaddata.trimmed.2.fasta.trf.parameters.2.7.7.80.10.50.500.dat
05/04/2026 01:25:22 PM - kneaddata.run - INFO: Total number of sequences with repeats removed from file ( /home/humann2/tfg_ckd/cleaned_data/ERR11869433_knead/ERR11869433_1_kneaddata.trimmed.1.fastq ): 48178
05/04/2026 01:25:39 PM - kneaddata.run - INFO: Total number of sequences with repeats removed from file ( /home/humann2/tfg_ckd/cleaned_data/ERR11869433_knead/ERR11869433_1_kneaddata.trimmed.2.fastq ): 48003
05/04/2026 01:25:40 PM - kneaddata.utilities - DEBUG: Checking input file to trf : /home/humann2/tfg_ckd/cleaned_data/ERR11869433_knead/ERR11869433_1_kneaddata.trimmed.single.1.fasta
05/04/2026 01:25:40 PM - kneaddata.utilities - INFO: Running trf ... 
05/04/2026 01:25:40 PM - kneaddata.utilities - INFO: Execute command: kneaddata_trf_parallel --input /home/humann2/tfg_ckd/cleaned_data/ERR11869433_knead/ERR11869433_1_kneaddata.trimmed.single.1.fasta --output /home/humann2/tfg_ckd/cleaned_data/ERR11869433_knead/ERR11869433_1_kneaddata.trimmed.single.1.fasta.trf.parameters.2.7.7.80.10.50.500.dat --trf-path /home/humann2/miniforge3/envs/env_perfect/bin/trf --trf-options '2 7 7 80 10 50 500 -h -ngs' --nproc 8
05/04/2026 01:25:44 PM - kneaddata.utilities - DEBUG: 0
05/04/2026 01:25:44 PM - kneaddata.utilities - DEBUG: Checking output file from trf : /home/humann2/tfg_ckd/cleaned_data/ERR11869433_knead/ERR11869433_1_kneaddata.trimmed.single.1.fasta.trf.parameters.2.7.7.80.10.50.500.dat
05/04/2026 01:25:44 PM - kneaddata.run - INFO: Total number of sequences with repeats removed from file ( /home/humann2/tfg_ckd/cleaned_data/ERR11869433_knead/ERR11869433_1_kneaddata.trimmed.single.1.fastq ): 933
05/04/2026 01:25:46 PM - kneaddata.utilities - DEBUG: Checking input file to trf : /home/humann2/tfg_ckd/cleaned_data/ERR11869433_knead/ERR11869433_1_kneaddata.trimmed.single.2.fasta
05/04/2026 01:25:46 PM - kneaddata.utilities - INFO: Running trf ... 
05/04/2026 01:25:46 PM - kneaddata.utilities - INFO: Execute command: kneaddata_trf_parallel --input /home/humann2/tfg_ckd/cleaned_data/ERR11869433_knead/ERR11869433_1_kneaddata.trimmed.single.2.fasta --output /home/humann2/tfg_ckd/cleaned_data/ERR11869433_knead/ERR11869433_1_kneaddata.trimmed.single.2.fasta.trf.parameters.2.7.7.80.10.50.500.dat --trf-path /home/humann2/miniforge3/envs/env_perfect/bin/trf --trf-options '2 7 7 80 10 50 500 -h -ngs' --nproc 8
05/04/2026 01:25:50 PM - kneaddata.utilities - DEBUG: 0
05/04/2026 01:25:50 PM - kneaddata.utilities - DEBUG: Checking output file from trf : /home/humann2/tfg_ckd/cleaned_data/ERR11869433_knead/ERR11869433_1_kneaddata.trimmed.single.2.fasta.trf.parameters.2.7.7.80.10.50.500.dat
05/04/2026 01:25:50 PM - kneaddata.run - INFO: Total number of sequences with repeats removed from file ( /home/humann2/tfg_ckd/cleaned_data/ERR11869433_knead/ERR11869433_1_kneaddata.trimmed.single.2.fastq ): 1059
05/04/2026 01:25:50 PM - kneaddata.run - INFO: Decontaminating ...
05/04/2026 01:25:50 PM - kneaddata.utilities - DEBUG: Checking input file to bowtie2 : /home/humann2/tfg_ckd/cleaned_data/ERR11869433_knead/ERR11869433_1_kneaddata.repeats.removed.1.fastq
05/04/2026 01:25:50 PM - kneaddata.utilities - DEBUG: Checking input file to bowtie2 : /home/humann2/tfg_ckd/cleaned_data/ERR11869433_knead/ERR11869433_1_kneaddata.repeats.removed.2.fastq
05/04/2026 01:25:50 PM - kneaddata.utilities - DEBUG: Checking input file to bowtie2 : /home/humann2/tfg_ckd/cleaned_data/ERR11869433_knead/ERR11869433_1_kneaddata.repeats.removed.unmatched.1.fastq
05/04/2026 01:25:50 PM - kneaddata.utilities - DEBUG: Checking input file to bowtie2 : /home/humann2/tfg_ckd/cleaned_data/ERR11869433_knead/ERR11869433_1_kneaddata.repeats.removed.unmatched.2.fastq
05/04/2026 01:25:50 PM - kneaddata.utilities - INFO: Running bowtie2 ... 
05/04/2026 01:25:50 PM - kneaddata.utilities - INFO: Execute command: kneaddata_bowtie2_discordant_pairs --bowtie2 /home/humann2/miniforge3/envs/env_perfect/bin/bowtie2 --threads 8 -x /home/humann2/db/kneaddata/hg_39 --mode strict --bowtie2-options "--very-sensitive-local --phred33" -1 /home/humann2/tfg_ckd/cleaned_data/ERR11869433_knead/ERR11869433_1_kneaddata.repeats.removed.1.fastq -2 /home/humann2/tfg_ckd/cleaned_data/ERR11869433_knead/ERR11869433_1_kneaddata.repeats.removed.2.fastq --un-pair /home/humann2/tfg_ckd/cleaned_data/ERR11869433_knead/ERR11869433_1_kneaddata_hg_39_bowtie2_paired_clean_%.fastq --al-pair /home/humann2/tfg_ckd/cleaned_data/ERR11869433_knead/ERR11869433_1_kneaddata_hg_39_bowtie2_paired_contam_%.fastq -U /home/humann2/tfg_ckd/cleaned_data/ERR11869433_knead/ERR11869433_1_kneaddata.repeats.removed.unmatched.1.fastq,/home/humann2/tfg_ckd/cleaned_data/ERR11869433_knead/ERR11869433_1_kneaddata.repeats.removed.unmatched.2.fastq --un-single /home/humann2/tfg_ckd/cleaned_data/ERR11869433_knead/ERR11869433_1_kneaddata_hg_39_bowtie2_unmatched_%_clean.fastq --al-single /home/humann2/tfg_ckd/cleaned_data/ERR11869433_knead/ERR11869433_1_kneaddata_hg_39_bowtie2_unmatched_%_contam.fastq -S /dev/null
05/04/2026 01:34:09 PM - kneaddata.utilities - DEBUG: b'17765213 reads; of these:\n  17765213 (100.00%) were unpaired; of these:\n    17677513 (99.51%) aligned 0 times\n    72823 (0.41%) aligned exactly 1 time\n    14877 (0.08%) aligned >1 times\n0.49% overall alignment rate\npair1_aligned : 81485\npair2_aligned : 81485\npair1_unaligned : 8620425\npair2_unaligned : 8620425\norphan1_aligned : 1557\norphan2_aligned : 1776\norphan1_unaligned : 176280\norphan2_unaligned : 181780\n'
05/04/2026 01:34:09 PM - kneaddata.utilities - DEBUG: Checking output file from bowtie2 : /home/humann2/tfg_ckd/cleaned_data/ERR11869433_knead/ERR11869433_1_kneaddata_hg_39_bowtie2_paired_clean_1.fastq
05/04/2026 01:34:09 PM - kneaddata.utilities - DEBUG: Checking output file from bowtie2 : /home/humann2/tfg_ckd/cleaned_data/ERR11869433_knead/ERR11869433_1_kneaddata_hg_39_bowtie2_paired_clean_2.fastq
05/04/2026 01:34:10 PM - kneaddata.run - INFO: Total contaminate sequences in file ( /home/humann2/tfg_ckd/cleaned_data/ERR11869433_knead/ERR11869433_1_kneaddata_hg_39_bowtie2_paired_contam_1.fastq ) : 81485.0
05/04/2026 01:34:10 PM - kneaddata.run - INFO: Total contaminate sequences in file ( /home/humann2/tfg_ckd/cleaned_data/ERR11869433_knead/ERR11869433_1_kneaddata_hg_39_bowtie2_paired_contam_2.fastq ) : 81485.0
05/04/2026 01:34:10 PM - kneaddata.run - INFO: Total contaminate sequences in file ( /home/humann2/tfg_ckd/cleaned_data/ERR11869433_knead/ERR11869433_1_kneaddata_hg_39_bowtie2_unmatched_1_contam.fastq ) : 1557.0
05/04/2026 01:34:10 PM - kneaddata.run - INFO: Total contaminate sequences in file ( /home/humann2/tfg_ckd/cleaned_data/ERR11869433_knead/ERR11869433_1_kneaddata_hg_39_bowtie2_unmatched_2_contam.fastq ) : 1776.0
05/04/2026 01:34:15 PM - kneaddata.utilities - INFO: READ COUNT: decontaminated hg_39 pair1 : Total reads after removing those found in reference database ( /home/humann2/tfg_ckd/cleaned_data/ERR11869433_knead/ERR11869433_1_kneaddata_hg_39_bowtie2_paired_clean_1.fastq ): 8620425.0
05/04/2026 01:34:20 PM - kneaddata.utilities - INFO: READ COUNT: decontaminated hg_39 pair2 : Total reads after removing those found in reference database ( /home/humann2/tfg_ckd/cleaned_data/ERR11869433_knead/ERR11869433_1_kneaddata_hg_39_bowtie2_paired_clean_2.fastq ): 8620425.0
05/04/2026 01:34:25 PM - kneaddata.utilities - INFO: READ COUNT: final pair1 : Total reads after merging results from multiple databases ( /home/humann2/tfg_ckd/cleaned_data/ERR11869433_knead/ERR11869433_1_kneaddata_paired_1.fastq ): 8620425.0
05/04/2026 01:34:31 PM - kneaddata.utilities - INFO: READ COUNT: final pair2 : Total reads after merging results from multiple databases ( /home/humann2/tfg_ckd/cleaned_data/ERR11869433_knead/ERR11869433_1_kneaddata_paired_2.fastq ): 8620425.0
05/04/2026 01:34:31 PM - kneaddata.utilities - WARNING: Unable to remove file: /home/humann2/tfg_ckd/cleaned_data/ERR11869433_knead/ERR11869433_1_kneaddata_hg_39_bowtie2_paired_clean_1.fastq
05/04/2026 01:34:31 PM - kneaddata.utilities - WARNING: Unable to remove file: /home/humann2/tfg_ckd/cleaned_data/ERR11869433_knead/ERR11869433_1_kneaddata_hg_39_bowtie2_paired_clean_2.fastq
05/04/2026 01:34:31 PM - kneaddata.utilities - INFO: READ COUNT: decontaminated hg_39 orphan1 : Total reads after removing those found in reference database ( /home/humann2/tfg_ckd/cleaned_data/ERR11869433_knead/ERR11869433_1_kneaddata_hg_39_bowtie2_unmatched_1_clean.fastq ): 176280.0
05/04/2026 01:34:31 PM - kneaddata.utilities - INFO: READ COUNT: final orphan1 : Total reads after merging results from multiple databases ( /home/humann2/tfg_ckd/cleaned_data/ERR11869433_knead/ERR11869433_1_kneaddata_unmatched_1.fastq ): 176280.0
05/04/2026 01:34:31 PM - kneaddata.utilities - WARNING: Unable to remove file: /home/humann2/tfg_ckd/cleaned_data/ERR11869433_knead/ERR11869433_1_kneaddata_hg_39_bowtie2_unmatched_1_clean.fastq
05/04/2026 01:34:31 PM - kneaddata.utilities - INFO: READ COUNT: decontaminated hg_39 orphan2 : Total reads after removing those found in reference database ( /home/humann2/tfg_ckd/cleaned_data/ERR11869433_knead/ERR11869433_1_kneaddata_hg_39_bowtie2_unmatched_2_clean.fastq ): 181780.0
05/04/2026 01:34:31 PM - kneaddata.utilities - INFO: READ COUNT: final orphan2 : Total reads after merging results from multiple databases ( /home/humann2/tfg_ckd/cleaned_data/ERR11869433_knead/ERR11869433_1_kneaddata_unmatched_2.fastq ): 181780.0
05/04/2026 01:34:31 PM - kneaddata.utilities - WARNING: Unable to remove file: /home/humann2/tfg_ckd/cleaned_data/ERR11869433_knead/ERR11869433_1_kneaddata_hg_39_bowtie2_unmatched_2_clean.fastq
05/04/2026 01:34:34 PM - kneaddata.knead_data - INFO: 
Final output files created: 
/home/humann2/tfg_ckd/cleaned_data/ERR11869433_knead/ERR11869433_1_kneaddata_paired_1.fastq
/home/humann2/tfg_ckd/cleaned_data/ERR11869433_knead/ERR11869433_1_kneaddata_paired_2.fastq
/home/humann2/tfg_ckd/cleaned_data/ERR11869433_knead/ERR11869433_1_kneaddata_unmatched_1.fastq
/home/humann2/tfg_ckd/cleaned_data/ERR11869433_knead/ERR11869433_1_kneaddata_unmatched_2.fastq

