05/05/2026 04:20:10 PM - kneaddata.knead_data - INFO: Running kneaddata v0.12.4
05/05/2026 04:20:10 PM - kneaddata.knead_data - INFO: Output files will be written to: /home/humann2/tfg_ckd/cleaned_data/ERR11869087_knead
05/05/2026 04:20:10 PM - kneaddata.knead_data - DEBUG: Running with the following arguments: 
verbose = False
input1 = /home/humann2/tfg_ckd/raw_data/ERR11869087_1.fastq.gz
input2 = /home/humann2/tfg_ckd/raw_data/ERR11869087_2.fastq.gz
unpaired = None
output_dir = /home/humann2/tfg_ckd/cleaned_data/ERR11869087_knead
scratch_dir = 
reference_db = /home/humann2/db/kneaddata/hg_39
bypass_trim = False
output_prefix = ERR11869087_1_kneaddata
threads = 8
processes = 1
trimmomatic_quality_scores = -phred33
bmtagger = False
bypass_trf = False
run_trf = False
fastqc_start = False
fastqc_end = False
store_temp_output = False
remove_intermediate_output = True
cat_final_output = False
log_level = DEBUG
log = /home/humann2/tfg_ckd/cleaned_data/ERR11869087_knead/ERR11869087_1_kneaddata.log
trimmomatic_path = /home/humann2/miniforge3/envs/env_perfect/bin/trimmomatic
run_trim_repetitive = False
max_memory = 500m
trimmomatic_options = None
sequencer_source = NexteraPE
bowtie2_path = /home/humann2/miniforge3/envs/env_perfect/bin/bowtie2
bowtie2_options = --very-sensitive-local --phred33
decontaminate_pairs = strict
reorder = False
serial = True
bmtagger_path = None
trf_path = /home/humann2/miniforge3/envs/env_perfect/bin/trf
match = 2
mismatch = 7
delta = 7
pm = 80
pi = 10
minscore = 50
maxperiod = 500
fastqc_path = None
remove_temp_output = True
input = /home/humann2/tfg_ckd/raw_data/ERR11869087_1.fastq.gz /home/humann2/tfg_ckd/raw_data/ERR11869087_2.fastq.gz
discordant = True

05/05/2026 04:20:10 PM - kneaddata.utilities - INFO: Decompressing gzipped file ...
05/05/2026 04:20:54 PM - kneaddata.utilities - INFO: Decompressed file created: /home/humann2/tfg_ckd/cleaned_data/ERR11869087_knead/decompressed_2_oyk0ru_ERR11869087_1.fastq
05/05/2026 04:20:54 PM - kneaddata.utilities - INFO: Decompressing gzipped file ...
05/05/2026 04:21:38 PM - kneaddata.utilities - INFO: Decompressed file created: /home/humann2/tfg_ckd/cleaned_data/ERR11869087_knead/decompressed_2e2zlroy_ERR11869087_2.fastq
05/05/2026 04:21:38 PM - kneaddata.utilities - INFO: Reformatting file sequence identifiers ...
05/05/2026 04:22:27 PM - kneaddata.utilities - INFO: Reformatting file sequence identifiers ...
05/05/2026 04:23:22 PM - kneaddata.utilities - INFO: READ COUNT: raw pair1 : Initial number of reads ( /home/humann2/tfg_ckd/cleaned_data/ERR11869087_knead/reformatted_identifiers_2midjds_decompressed_2_oyk0ru_ERR11869087_1.fastq ): 8001205.0
05/05/2026 04:23:27 PM - kneaddata.utilities - INFO: READ COUNT: raw pair2 : Initial number of reads ( /home/humann2/tfg_ckd/cleaned_data/ERR11869087_knead/reformatted_identifiers_kd_m56q_decompressed_2e2zlroy_ERR11869087_2.fastq ): 8001205.0
05/05/2026 04:23:27 PM - kneaddata.utilities - DEBUG: Checking input file to Trimmomatic : /home/humann2/tfg_ckd/cleaned_data/ERR11869087_knead/reformatted_identifiers_2midjds_decompressed_2_oyk0ru_ERR11869087_1.fastq
05/05/2026 04:23:27 PM - kneaddata.utilities - DEBUG: Checking input file to Trimmomatic : /home/humann2/tfg_ckd/cleaned_data/ERR11869087_knead/reformatted_identifiers_kd_m56q_decompressed_2e2zlroy_ERR11869087_2.fastq
05/05/2026 04:23:27 PM - kneaddata.utilities - INFO: Running Trimmomatic ... 
05/05/2026 04:23:27 PM - kneaddata.utilities - INFO: Execute command: /home/humann2/miniforge3/envs/env_perfect/bin/trimmomatic PE -threads 8 -phred33 /home/humann2/tfg_ckd/cleaned_data/ERR11869087_knead/reformatted_identifiers_2midjds_decompressed_2_oyk0ru_ERR11869087_1.fastq /home/humann2/tfg_ckd/cleaned_data/ERR11869087_knead/reformatted_identifiers_kd_m56q_decompressed_2e2zlroy_ERR11869087_2.fastq /home/humann2/tfg_ckd/cleaned_data/ERR11869087_knead/ERR11869087_1_kneaddata.trimmed.1.fastq /home/humann2/tfg_ckd/cleaned_data/ERR11869087_knead/ERR11869087_1_kneaddata.trimmed.single.1.fastq /home/humann2/tfg_ckd/cleaned_data/ERR11869087_knead/ERR11869087_1_kneaddata.trimmed.2.fastq /home/humann2/tfg_ckd/cleaned_data/ERR11869087_knead/ERR11869087_1_kneaddata.trimmed.single.2.fastq MINLEN:60 ILLUMINACLIP:/home/humann2/miniforge3/envs/env_perfect/lib/python3.9/site-packages/kneaddata/adapters/NexteraPE-PE.fa:2:30:10:8:TRUE SLIDINGWINDOW:4:20 MINLEN:75
05/05/2026 04:24:17 PM - kneaddata.utilities - DEBUG: b"TrimmomaticPE: Started with arguments:\n -threads 8 -phred33 /home/humann2/tfg_ckd/cleaned_data/ERR11869087_knead/reformatted_identifiers_2midjds_decompressed_2_oyk0ru_ERR11869087_1.fastq /home/humann2/tfg_ckd/cleaned_data/ERR11869087_knead/reformatted_identifiers_kd_m56q_decompressed_2e2zlroy_ERR11869087_2.fastq /home/humann2/tfg_ckd/cleaned_data/ERR11869087_knead/ERR11869087_1_kneaddata.trimmed.1.fastq /home/humann2/tfg_ckd/cleaned_data/ERR11869087_knead/ERR11869087_1_kneaddata.trimmed.single.1.fastq /home/humann2/tfg_ckd/cleaned_data/ERR11869087_knead/ERR11869087_1_kneaddata.trimmed.2.fastq /home/humann2/tfg_ckd/cleaned_data/ERR11869087_knead/ERR11869087_1_kneaddata.trimmed.single.2.fastq MINLEN:60 ILLUMINACLIP:/home/humann2/miniforge3/envs/env_perfect/lib/python3.9/site-packages/kneaddata/adapters/NexteraPE-PE.fa:2:30:10:8:TRUE SLIDINGWINDOW:4:20 MINLEN:75\nILLUMINACLIP: Using adapter file from user-specified absolute path: /home/humann2/miniforge3/envs/env_perfect/lib/python3.9/site-packages/kneaddata/adapters/NexteraPE-PE.fa\nUsing PrefixPair: 'AGATGTGTATAAGAGACAG' and 'AGATGTGTATAAGAGACAG'\nUsing Long Clipping Sequence: 'GTCTCGTGGGCTCGGAGATGTGTATAAGAGACAG'\nUsing Long Clipping Sequence: 'TCGTCGGCAGCGTCAGATGTGTATAAGAGACAG'\nUsing Long Clipping Sequence: 'CTGTCTCTTATACACATCTCCGAGCCCACGAGAC'\nUsing Long Clipping Sequence: 'CTGTCTCTTATACACATCTGACGCTGCCGACGA'\nILLUMINACLIP: Using 1 prefix pairs, 4 forward/reverse sequences, 0 forward only sequences, 0 reverse only sequences\nInput Read Pairs: 8001205 Both Surviving: 7681228 (96.00%) Forward Only Surviving: 110664 (1.38%) Reverse Only Surviving: 128800 (1.61%) Dropped: 80513 (1.01%)\nTrimmomaticPE: Completed successfully\n"
05/05/2026 04:24:17 PM - kneaddata.utilities - DEBUG: Checking output file from Trimmomatic : /home/humann2/tfg_ckd/cleaned_data/ERR11869087_knead/ERR11869087_1_kneaddata.trimmed.1.fastq
05/05/2026 04:24:17 PM - kneaddata.utilities - DEBUG: Checking output file from Trimmomatic : /home/humann2/tfg_ckd/cleaned_data/ERR11869087_knead/ERR11869087_1_kneaddata.trimmed.single.1.fastq
05/05/2026 04:24:17 PM - kneaddata.utilities - DEBUG: Checking output file from Trimmomatic : /home/humann2/tfg_ckd/cleaned_data/ERR11869087_knead/ERR11869087_1_kneaddata.trimmed.2.fastq
05/05/2026 04:24:17 PM - kneaddata.utilities - DEBUG: Checking output file from Trimmomatic : /home/humann2/tfg_ckd/cleaned_data/ERR11869087_knead/ERR11869087_1_kneaddata.trimmed.single.2.fastq
05/05/2026 04:24:21 PM - kneaddata.utilities - INFO: READ COUNT: trimmed pair1 : Total reads after trimming ( /home/humann2/tfg_ckd/cleaned_data/ERR11869087_knead/ERR11869087_1_kneaddata.trimmed.1.fastq ): 7681228.0
05/05/2026 04:24:25 PM - kneaddata.utilities - INFO: READ COUNT: trimmed pair2 : Total reads after trimming ( /home/humann2/tfg_ckd/cleaned_data/ERR11869087_knead/ERR11869087_1_kneaddata.trimmed.2.fastq ): 7681228.0
05/05/2026 04:24:25 PM - kneaddata.utilities - INFO: READ COUNT: trimmed orphan1 : Total reads after trimming ( /home/humann2/tfg_ckd/cleaned_data/ERR11869087_knead/ERR11869087_1_kneaddata.trimmed.single.1.fastq ): 110664.0
05/05/2026 04:24:25 PM - kneaddata.utilities - INFO: READ COUNT: trimmed orphan2 : Total reads after trimming ( /home/humann2/tfg_ckd/cleaned_data/ERR11869087_knead/ERR11869087_1_kneaddata.trimmed.single.2.fastq ): 128800.0
05/05/2026 04:28:01 PM - kneaddata.utilities - DEBUG: Checking input file to trf : /home/humann2/tfg_ckd/cleaned_data/ERR11869087_knead/ERR11869087_1_kneaddata.trimmed.1.fasta
05/05/2026 04:28:01 PM - kneaddata.utilities - INFO: Running trf ... 
05/05/2026 04:28:01 PM - kneaddata.utilities - INFO: Execute command: kneaddata_trf_parallel --input /home/humann2/tfg_ckd/cleaned_data/ERR11869087_knead/ERR11869087_1_kneaddata.trimmed.1.fasta --output /home/humann2/tfg_ckd/cleaned_data/ERR11869087_knead/ERR11869087_1_kneaddata.trimmed.1.fasta.trf.parameters.2.7.7.80.10.50.500.dat --trf-path /home/humann2/miniforge3/envs/env_perfect/bin/trf --trf-options '2 7 7 80 10 50 500 -h -ngs' --nproc 8
05/05/2026 04:30:42 PM - kneaddata.utilities - DEBUG: 0
05/05/2026 04:30:42 PM - kneaddata.utilities - DEBUG: Checking output file from trf : /home/humann2/tfg_ckd/cleaned_data/ERR11869087_knead/ERR11869087_1_kneaddata.trimmed.1.fasta.trf.parameters.2.7.7.80.10.50.500.dat
05/05/2026 04:30:42 PM - kneaddata.utilities - DEBUG: Checking input file to trf : /home/humann2/tfg_ckd/cleaned_data/ERR11869087_knead/ERR11869087_1_kneaddata.trimmed.2.fasta
05/05/2026 04:30:42 PM - kneaddata.utilities - INFO: Running trf ... 
05/05/2026 04:30:42 PM - kneaddata.utilities - INFO: Execute command: kneaddata_trf_parallel --input /home/humann2/tfg_ckd/cleaned_data/ERR11869087_knead/ERR11869087_1_kneaddata.trimmed.2.fasta --output /home/humann2/tfg_ckd/cleaned_data/ERR11869087_knead/ERR11869087_1_kneaddata.trimmed.2.fasta.trf.parameters.2.7.7.80.10.50.500.dat --trf-path /home/humann2/miniforge3/envs/env_perfect/bin/trf --trf-options '2 7 7 80 10 50 500 -h -ngs' --nproc 8
05/05/2026 04:33:29 PM - kneaddata.utilities - DEBUG: 0
05/05/2026 04:33:29 PM - kneaddata.utilities - DEBUG: Checking output file from trf : /home/humann2/tfg_ckd/cleaned_data/ERR11869087_knead/ERR11869087_1_kneaddata.trimmed.2.fasta.trf.parameters.2.7.7.80.10.50.500.dat
05/05/2026 04:33:45 PM - kneaddata.run - INFO: Total number of sequences with repeats removed from file ( /home/humann2/tfg_ckd/cleaned_data/ERR11869087_knead/ERR11869087_1_kneaddata.trimmed.1.fastq ): 27780
05/05/2026 04:34:00 PM - kneaddata.run - INFO: Total number of sequences with repeats removed from file ( /home/humann2/tfg_ckd/cleaned_data/ERR11869087_knead/ERR11869087_1_kneaddata.trimmed.2.fastq ): 27479
05/05/2026 04:34:02 PM - kneaddata.utilities - DEBUG: Checking input file to trf : /home/humann2/tfg_ckd/cleaned_data/ERR11869087_knead/ERR11869087_1_kneaddata.trimmed.single.1.fasta
05/05/2026 04:34:02 PM - kneaddata.utilities - INFO: Running trf ... 
05/05/2026 04:34:02 PM - kneaddata.utilities - INFO: Execute command: kneaddata_trf_parallel --input /home/humann2/tfg_ckd/cleaned_data/ERR11869087_knead/ERR11869087_1_kneaddata.trimmed.single.1.fasta --output /home/humann2/tfg_ckd/cleaned_data/ERR11869087_knead/ERR11869087_1_kneaddata.trimmed.single.1.fasta.trf.parameters.2.7.7.80.10.50.500.dat --trf-path /home/humann2/miniforge3/envs/env_perfect/bin/trf --trf-options '2 7 7 80 10 50 500 -h -ngs' --nproc 8
05/05/2026 04:34:05 PM - kneaddata.utilities - DEBUG: 0
05/05/2026 04:34:05 PM - kneaddata.utilities - DEBUG: Checking output file from trf : /home/humann2/tfg_ckd/cleaned_data/ERR11869087_knead/ERR11869087_1_kneaddata.trimmed.single.1.fasta.trf.parameters.2.7.7.80.10.50.500.dat
05/05/2026 04:34:06 PM - kneaddata.run - INFO: Total number of sequences with repeats removed from file ( /home/humann2/tfg_ckd/cleaned_data/ERR11869087_knead/ERR11869087_1_kneaddata.trimmed.single.1.fastq ): 526
05/05/2026 04:34:08 PM - kneaddata.utilities - DEBUG: Checking input file to trf : /home/humann2/tfg_ckd/cleaned_data/ERR11869087_knead/ERR11869087_1_kneaddata.trimmed.single.2.fasta
05/05/2026 04:34:08 PM - kneaddata.utilities - INFO: Running trf ... 
05/05/2026 04:34:08 PM - kneaddata.utilities - INFO: Execute command: kneaddata_trf_parallel --input /home/humann2/tfg_ckd/cleaned_data/ERR11869087_knead/ERR11869087_1_kneaddata.trimmed.single.2.fasta --output /home/humann2/tfg_ckd/cleaned_data/ERR11869087_knead/ERR11869087_1_kneaddata.trimmed.single.2.fasta.trf.parameters.2.7.7.80.10.50.500.dat --trf-path /home/humann2/miniforge3/envs/env_perfect/bin/trf --trf-options '2 7 7 80 10 50 500 -h -ngs' --nproc 8
05/05/2026 04:34:14 PM - kneaddata.utilities - DEBUG: 0
05/05/2026 04:34:14 PM - kneaddata.utilities - DEBUG: Checking output file from trf : /home/humann2/tfg_ckd/cleaned_data/ERR11869087_knead/ERR11869087_1_kneaddata.trimmed.single.2.fasta.trf.parameters.2.7.7.80.10.50.500.dat
05/05/2026 04:34:14 PM - kneaddata.run - INFO: Total number of sequences with repeats removed from file ( /home/humann2/tfg_ckd/cleaned_data/ERR11869087_knead/ERR11869087_1_kneaddata.trimmed.single.2.fastq ): 655
05/05/2026 04:34:14 PM - kneaddata.run - INFO: Decontaminating ...
05/05/2026 04:34:14 PM - kneaddata.utilities - DEBUG: Checking input file to bowtie2 : /home/humann2/tfg_ckd/cleaned_data/ERR11869087_knead/ERR11869087_1_kneaddata.repeats.removed.1.fastq
05/05/2026 04:34:14 PM - kneaddata.utilities - DEBUG: Checking input file to bowtie2 : /home/humann2/tfg_ckd/cleaned_data/ERR11869087_knead/ERR11869087_1_kneaddata.repeats.removed.2.fastq
05/05/2026 04:34:14 PM - kneaddata.utilities - DEBUG: Checking input file to bowtie2 : /home/humann2/tfg_ckd/cleaned_data/ERR11869087_knead/ERR11869087_1_kneaddata.repeats.removed.unmatched.1.fastq
05/05/2026 04:34:14 PM - kneaddata.utilities - DEBUG: Checking input file to bowtie2 : /home/humann2/tfg_ckd/cleaned_data/ERR11869087_knead/ERR11869087_1_kneaddata.repeats.removed.unmatched.2.fastq
05/05/2026 04:34:14 PM - kneaddata.utilities - INFO: Running bowtie2 ... 
05/05/2026 04:34:14 PM - kneaddata.utilities - INFO: Execute command: kneaddata_bowtie2_discordant_pairs --bowtie2 /home/humann2/miniforge3/envs/env_perfect/bin/bowtie2 --threads 8 -x /home/humann2/db/kneaddata/hg_39 --mode strict --bowtie2-options "--very-sensitive-local --phred33" -1 /home/humann2/tfg_ckd/cleaned_data/ERR11869087_knead/ERR11869087_1_kneaddata.repeats.removed.1.fastq -2 /home/humann2/tfg_ckd/cleaned_data/ERR11869087_knead/ERR11869087_1_kneaddata.repeats.removed.2.fastq --un-pair /home/humann2/tfg_ckd/cleaned_data/ERR11869087_knead/ERR11869087_1_kneaddata_hg_39_bowtie2_paired_clean_%.fastq --al-pair /home/humann2/tfg_ckd/cleaned_data/ERR11869087_knead/ERR11869087_1_kneaddata_hg_39_bowtie2_paired_contam_%.fastq -U /home/humann2/tfg_ckd/cleaned_data/ERR11869087_knead/ERR11869087_1_kneaddata.repeats.removed.unmatched.1.fastq,/home/humann2/tfg_ckd/cleaned_data/ERR11869087_knead/ERR11869087_1_kneaddata.repeats.removed.unmatched.2.fastq --un-single /home/humann2/tfg_ckd/cleaned_data/ERR11869087_knead/ERR11869087_1_kneaddata_hg_39_bowtie2_unmatched_%_clean.fastq --al-single /home/humann2/tfg_ckd/cleaned_data/ERR11869087_knead/ERR11869087_1_kneaddata_hg_39_bowtie2_unmatched_%_contam.fastq -S /dev/null
05/05/2026 04:41:08 PM - kneaddata.utilities - DEBUG: b'15545480 reads; of these:\n  15545480 (100.00%) were unpaired; of these:\n    15488638 (99.63%) aligned 0 times\n    39410 (0.25%) aligned exactly 1 time\n    17432 (0.11%) aligned >1 times\n0.37% overall alignment rate\npair1_aligned : 41613\npair2_aligned : 41613\npair1_unaligned : 7587879\npair2_unaligned : 7587879\norphan1_aligned : 1169\norphan2_aligned : 1152\norphan1_unaligned : 132925\norphan2_unaligned : 151250\n'
05/05/2026 04:41:08 PM - kneaddata.utilities - DEBUG: Checking output file from bowtie2 : /home/humann2/tfg_ckd/cleaned_data/ERR11869087_knead/ERR11869087_1_kneaddata_hg_39_bowtie2_paired_clean_1.fastq
05/05/2026 04:41:08 PM - kneaddata.utilities - DEBUG: Checking output file from bowtie2 : /home/humann2/tfg_ckd/cleaned_data/ERR11869087_knead/ERR11869087_1_kneaddata_hg_39_bowtie2_paired_clean_2.fastq
05/05/2026 04:41:08 PM - kneaddata.run - INFO: Total contaminate sequences in file ( /home/humann2/tfg_ckd/cleaned_data/ERR11869087_knead/ERR11869087_1_kneaddata_hg_39_bowtie2_paired_contam_1.fastq ) : 41613.0
05/05/2026 04:41:08 PM - kneaddata.run - INFO: Total contaminate sequences in file ( /home/humann2/tfg_ckd/cleaned_data/ERR11869087_knead/ERR11869087_1_kneaddata_hg_39_bowtie2_paired_contam_2.fastq ) : 41613.0
05/05/2026 04:41:08 PM - kneaddata.run - INFO: Total contaminate sequences in file ( /home/humann2/tfg_ckd/cleaned_data/ERR11869087_knead/ERR11869087_1_kneaddata_hg_39_bowtie2_unmatched_1_contam.fastq ) : 1169.0
05/05/2026 04:41:08 PM - kneaddata.run - INFO: Total contaminate sequences in file ( /home/humann2/tfg_ckd/cleaned_data/ERR11869087_knead/ERR11869087_1_kneaddata_hg_39_bowtie2_unmatched_2_contam.fastq ) : 1152.0
05/05/2026 04:41:13 PM - kneaddata.utilities - INFO: READ COUNT: decontaminated hg_39 pair1 : Total reads after removing those found in reference database ( /home/humann2/tfg_ckd/cleaned_data/ERR11869087_knead/ERR11869087_1_kneaddata_hg_39_bowtie2_paired_clean_1.fastq ): 7587879.0
05/05/2026 04:41:17 PM - kneaddata.utilities - INFO: READ COUNT: decontaminated hg_39 pair2 : Total reads after removing those found in reference database ( /home/humann2/tfg_ckd/cleaned_data/ERR11869087_knead/ERR11869087_1_kneaddata_hg_39_bowtie2_paired_clean_2.fastq ): 7587879.0
05/05/2026 04:41:21 PM - kneaddata.utilities - INFO: READ COUNT: final pair1 : Total reads after merging results from multiple databases ( /home/humann2/tfg_ckd/cleaned_data/ERR11869087_knead/ERR11869087_1_kneaddata_paired_1.fastq ): 7587879.0
05/05/2026 04:41:26 PM - kneaddata.utilities - INFO: READ COUNT: final pair2 : Total reads after merging results from multiple databases ( /home/humann2/tfg_ckd/cleaned_data/ERR11869087_knead/ERR11869087_1_kneaddata_paired_2.fastq ): 7587879.0
05/05/2026 04:41:26 PM - kneaddata.utilities - WARNING: Unable to remove file: /home/humann2/tfg_ckd/cleaned_data/ERR11869087_knead/ERR11869087_1_kneaddata_hg_39_bowtie2_paired_clean_1.fastq
05/05/2026 04:41:26 PM - kneaddata.utilities - WARNING: Unable to remove file: /home/humann2/tfg_ckd/cleaned_data/ERR11869087_knead/ERR11869087_1_kneaddata_hg_39_bowtie2_paired_clean_2.fastq
05/05/2026 04:41:26 PM - kneaddata.utilities - INFO: READ COUNT: decontaminated hg_39 orphan1 : Total reads after removing those found in reference database ( /home/humann2/tfg_ckd/cleaned_data/ERR11869087_knead/ERR11869087_1_kneaddata_hg_39_bowtie2_unmatched_1_clean.fastq ): 132925.0
05/05/2026 04:41:26 PM - kneaddata.utilities - INFO: READ COUNT: final orphan1 : Total reads after merging results from multiple databases ( /home/humann2/tfg_ckd/cleaned_data/ERR11869087_knead/ERR11869087_1_kneaddata_unmatched_1.fastq ): 132925.0
05/05/2026 04:41:26 PM - kneaddata.utilities - WARNING: Unable to remove file: /home/humann2/tfg_ckd/cleaned_data/ERR11869087_knead/ERR11869087_1_kneaddata_hg_39_bowtie2_unmatched_1_clean.fastq
05/05/2026 04:41:26 PM - kneaddata.utilities - INFO: READ COUNT: decontaminated hg_39 orphan2 : Total reads after removing those found in reference database ( /home/humann2/tfg_ckd/cleaned_data/ERR11869087_knead/ERR11869087_1_kneaddata_hg_39_bowtie2_unmatched_2_clean.fastq ): 151250.0
05/05/2026 04:41:26 PM - kneaddata.utilities - INFO: READ COUNT: final orphan2 : Total reads after merging results from multiple databases ( /home/humann2/tfg_ckd/cleaned_data/ERR11869087_knead/ERR11869087_1_kneaddata_unmatched_2.fastq ): 151250.0
05/05/2026 04:41:26 PM - kneaddata.utilities - WARNING: Unable to remove file: /home/humann2/tfg_ckd/cleaned_data/ERR11869087_knead/ERR11869087_1_kneaddata_hg_39_bowtie2_unmatched_2_clean.fastq
05/05/2026 04:41:28 PM - kneaddata.knead_data - INFO: 
Final output files created: 
/home/humann2/tfg_ckd/cleaned_data/ERR11869087_knead/ERR11869087_1_kneaddata_paired_1.fastq
/home/humann2/tfg_ckd/cleaned_data/ERR11869087_knead/ERR11869087_1_kneaddata_paired_2.fastq
/home/humann2/tfg_ckd/cleaned_data/ERR11869087_knead/ERR11869087_1_kneaddata_unmatched_1.fastq
/home/humann2/tfg_ckd/cleaned_data/ERR11869087_knead/ERR11869087_1_kneaddata_unmatched_2.fastq

