04/22/2026 10:02:16 PM - kneaddata.knead_data - INFO: Running kneaddata v0.12.4
04/22/2026 10:02:16 PM - kneaddata.knead_data - INFO: Output files will be written to: /home/humann2/tfg_ckd/cleaned_data/ERR11868931_knead
04/22/2026 10:02:16 PM - kneaddata.knead_data - DEBUG: Running with the following arguments: 
verbose = False
input1 = /home/humann2/tfg_ckd/raw_data/ERR11868931_1.fastq.gz
input2 = /home/humann2/tfg_ckd/raw_data/ERR11868931_2.fastq.gz
unpaired = None
output_dir = /home/humann2/tfg_ckd/cleaned_data/ERR11868931_knead
scratch_dir = 
reference_db = /home/humann2/db/kneaddata/hg_39
bypass_trim = False
output_prefix = ERR11868931_1_kneaddata
threads = 8
processes = 1
trimmomatic_quality_scores = -phred33
bmtagger = False
bypass_trf = False
run_trf = False
fastqc_start = False
fastqc_end = False
store_temp_output = False
remove_intermediate_output = True
cat_final_output = False
log_level = DEBUG
log = /home/humann2/tfg_ckd/cleaned_data/ERR11868931_knead/ERR11868931_1_kneaddata.log
trimmomatic_path = /home/humann2/miniforge3/envs/env_perfect/bin/trimmomatic
run_trim_repetitive = False
max_memory = 500m
trimmomatic_options = None
sequencer_source = NexteraPE
bowtie2_path = /home/humann2/miniforge3/envs/env_perfect/bin/bowtie2
bowtie2_options = --very-sensitive-local --phred33
decontaminate_pairs = strict
reorder = False
serial = True
bmtagger_path = None
trf_path = /home/humann2/miniforge3/envs/env_perfect/bin/trf
match = 2
mismatch = 7
delta = 7
pm = 80
pi = 10
minscore = 50
maxperiod = 500
fastqc_path = None
remove_temp_output = True
input = /home/humann2/tfg_ckd/raw_data/ERR11868931_1.fastq.gz /home/humann2/tfg_ckd/raw_data/ERR11868931_2.fastq.gz
discordant = True

04/22/2026 10:02:16 PM - kneaddata.utilities - INFO: Decompressing gzipped file ...
04/22/2026 10:02:54 PM - kneaddata.utilities - INFO: Decompressed file created: /home/humann2/tfg_ckd/cleaned_data/ERR11868931_knead/decompressed_84tpvle__ERR11868931_1.fastq
04/22/2026 10:02:54 PM - kneaddata.utilities - INFO: Decompressing gzipped file ...
04/22/2026 10:03:34 PM - kneaddata.utilities - INFO: Decompressed file created: /home/humann2/tfg_ckd/cleaned_data/ERR11868931_knead/decompressed_eou5tm0r_ERR11868931_2.fastq
04/22/2026 10:03:34 PM - kneaddata.utilities - INFO: Reformatting file sequence identifiers ...
04/22/2026 10:04:19 PM - kneaddata.utilities - INFO: Reformatting file sequence identifiers ...
04/22/2026 10:05:21 PM - kneaddata.utilities - INFO: READ COUNT: raw pair1 : Initial number of reads ( /home/humann2/tfg_ckd/cleaned_data/ERR11868931_knead/reformatted_identifiersgq4vsptw_decompressed_84tpvle__ERR11868931_1.fastq ): 6841392.0
04/22/2026 10:05:41 PM - kneaddata.utilities - INFO: READ COUNT: raw pair2 : Initial number of reads ( /home/humann2/tfg_ckd/cleaned_data/ERR11868931_knead/reformatted_identifiersubx7u0cg_decompressed_eou5tm0r_ERR11868931_2.fastq ): 6841392.0
04/22/2026 10:05:41 PM - kneaddata.utilities - DEBUG: Checking input file to Trimmomatic : /home/humann2/tfg_ckd/cleaned_data/ERR11868931_knead/reformatted_identifiersgq4vsptw_decompressed_84tpvle__ERR11868931_1.fastq
04/22/2026 10:05:41 PM - kneaddata.utilities - DEBUG: Checking input file to Trimmomatic : /home/humann2/tfg_ckd/cleaned_data/ERR11868931_knead/reformatted_identifiersubx7u0cg_decompressed_eou5tm0r_ERR11868931_2.fastq
04/22/2026 10:05:41 PM - kneaddata.utilities - INFO: Running Trimmomatic ... 
04/22/2026 10:05:41 PM - kneaddata.utilities - INFO: Execute command: /home/humann2/miniforge3/envs/env_perfect/bin/trimmomatic PE -threads 8 -phred33 /home/humann2/tfg_ckd/cleaned_data/ERR11868931_knead/reformatted_identifiersgq4vsptw_decompressed_84tpvle__ERR11868931_1.fastq /home/humann2/tfg_ckd/cleaned_data/ERR11868931_knead/reformatted_identifiersubx7u0cg_decompressed_eou5tm0r_ERR11868931_2.fastq /home/humann2/tfg_ckd/cleaned_data/ERR11868931_knead/ERR11868931_1_kneaddata.trimmed.1.fastq /home/humann2/tfg_ckd/cleaned_data/ERR11868931_knead/ERR11868931_1_kneaddata.trimmed.single.1.fastq /home/humann2/tfg_ckd/cleaned_data/ERR11868931_knead/ERR11868931_1_kneaddata.trimmed.2.fastq /home/humann2/tfg_ckd/cleaned_data/ERR11868931_knead/ERR11868931_1_kneaddata.trimmed.single.2.fastq MINLEN:60 ILLUMINACLIP:/home/humann2/miniforge3/envs/env_perfect/lib/python3.9/site-packages/kneaddata/adapters/NexteraPE-PE.fa:2:30:10:8:TRUE SLIDINGWINDOW:4:20 MINLEN:75
04/22/2026 10:06:49 PM - kneaddata.utilities - DEBUG: b"TrimmomaticPE: Started with arguments:\n -threads 8 -phred33 /home/humann2/tfg_ckd/cleaned_data/ERR11868931_knead/reformatted_identifiersgq4vsptw_decompressed_84tpvle__ERR11868931_1.fastq /home/humann2/tfg_ckd/cleaned_data/ERR11868931_knead/reformatted_identifiersubx7u0cg_decompressed_eou5tm0r_ERR11868931_2.fastq /home/humann2/tfg_ckd/cleaned_data/ERR11868931_knead/ERR11868931_1_kneaddata.trimmed.1.fastq /home/humann2/tfg_ckd/cleaned_data/ERR11868931_knead/ERR11868931_1_kneaddata.trimmed.single.1.fastq /home/humann2/tfg_ckd/cleaned_data/ERR11868931_knead/ERR11868931_1_kneaddata.trimmed.2.fastq /home/humann2/tfg_ckd/cleaned_data/ERR11868931_knead/ERR11868931_1_kneaddata.trimmed.single.2.fastq MINLEN:60 ILLUMINACLIP:/home/humann2/miniforge3/envs/env_perfect/lib/python3.9/site-packages/kneaddata/adapters/NexteraPE-PE.fa:2:30:10:8:TRUE SLIDINGWINDOW:4:20 MINLEN:75\nILLUMINACLIP: Using adapter file from user-specified absolute path: /home/humann2/miniforge3/envs/env_perfect/lib/python3.9/site-packages/kneaddata/adapters/NexteraPE-PE.fa\nUsing PrefixPair: 'AGATGTGTATAAGAGACAG' and 'AGATGTGTATAAGAGACAG'\nUsing Long Clipping Sequence: 'GTCTCGTGGGCTCGGAGATGTGTATAAGAGACAG'\nUsing Long Clipping Sequence: 'TCGTCGGCAGCGTCAGATGTGTATAAGAGACAG'\nUsing Long Clipping Sequence: 'CTGTCTCTTATACACATCTCCGAGCCCACGAGAC'\nUsing Long Clipping Sequence: 'CTGTCTCTTATACACATCTGACGCTGCCGACGA'\nILLUMINACLIP: Using 1 prefix pairs, 4 forward/reverse sequences, 0 forward only sequences, 0 reverse only sequences\nInput Read Pairs: 6841392 Both Surviving: 6601902 (96.50%) Forward Only Surviving: 83767 (1.22%) Reverse Only Surviving: 101003 (1.48%) Dropped: 54720 (0.80%)\nTrimmomaticPE: Completed successfully\n"
04/22/2026 10:06:49 PM - kneaddata.utilities - DEBUG: Checking output file from Trimmomatic : /home/humann2/tfg_ckd/cleaned_data/ERR11868931_knead/ERR11868931_1_kneaddata.trimmed.1.fastq
04/22/2026 10:06:49 PM - kneaddata.utilities - DEBUG: Checking output file from Trimmomatic : /home/humann2/tfg_ckd/cleaned_data/ERR11868931_knead/ERR11868931_1_kneaddata.trimmed.single.1.fastq
04/22/2026 10:06:49 PM - kneaddata.utilities - DEBUG: Checking output file from Trimmomatic : /home/humann2/tfg_ckd/cleaned_data/ERR11868931_knead/ERR11868931_1_kneaddata.trimmed.2.fastq
04/22/2026 10:06:49 PM - kneaddata.utilities - DEBUG: Checking output file from Trimmomatic : /home/humann2/tfg_ckd/cleaned_data/ERR11868931_knead/ERR11868931_1_kneaddata.trimmed.single.2.fastq
04/22/2026 10:07:06 PM - kneaddata.utilities - INFO: READ COUNT: trimmed pair1 : Total reads after trimming ( /home/humann2/tfg_ckd/cleaned_data/ERR11868931_knead/ERR11868931_1_kneaddata.trimmed.1.fastq ): 6601902.0
04/22/2026 10:07:23 PM - kneaddata.utilities - INFO: READ COUNT: trimmed pair2 : Total reads after trimming ( /home/humann2/tfg_ckd/cleaned_data/ERR11868931_knead/ERR11868931_1_kneaddata.trimmed.2.fastq ): 6601902.0
04/22/2026 10:07:24 PM - kneaddata.utilities - INFO: READ COUNT: trimmed orphan1 : Total reads after trimming ( /home/humann2/tfg_ckd/cleaned_data/ERR11868931_knead/ERR11868931_1_kneaddata.trimmed.single.1.fastq ): 83767.0
04/22/2026 10:07:24 PM - kneaddata.utilities - INFO: READ COUNT: trimmed orphan2 : Total reads after trimming ( /home/humann2/tfg_ckd/cleaned_data/ERR11868931_knead/ERR11868931_1_kneaddata.trimmed.single.2.fastq ): 101003.0
04/22/2026 10:09:34 PM - kneaddata.utilities - DEBUG: Checking input file to trf : /home/humann2/tfg_ckd/cleaned_data/ERR11868931_knead/ERR11868931_1_kneaddata.trimmed.1.fasta
04/22/2026 10:09:34 PM - kneaddata.utilities - INFO: Running trf ... 
04/22/2026 10:09:34 PM - kneaddata.utilities - INFO: Execute command: kneaddata_trf_parallel --input /home/humann2/tfg_ckd/cleaned_data/ERR11868931_knead/ERR11868931_1_kneaddata.trimmed.1.fasta --output /home/humann2/tfg_ckd/cleaned_data/ERR11868931_knead/ERR11868931_1_kneaddata.trimmed.1.fasta.trf.parameters.2.7.7.80.10.50.500.dat --trf-path /home/humann2/miniforge3/envs/env_perfect/bin/trf --trf-options '2 7 7 80 10 50 500 -h -ngs' --nproc 8
04/22/2026 10:11:38 PM - kneaddata.utilities - DEBUG: 0
04/22/2026 10:11:38 PM - kneaddata.utilities - DEBUG: Checking output file from trf : /home/humann2/tfg_ckd/cleaned_data/ERR11868931_knead/ERR11868931_1_kneaddata.trimmed.1.fasta.trf.parameters.2.7.7.80.10.50.500.dat
04/22/2026 10:11:38 PM - kneaddata.utilities - DEBUG: Checking input file to trf : /home/humann2/tfg_ckd/cleaned_data/ERR11868931_knead/ERR11868931_1_kneaddata.trimmed.2.fasta
04/22/2026 10:11:38 PM - kneaddata.utilities - INFO: Running trf ... 
04/22/2026 10:11:38 PM - kneaddata.utilities - INFO: Execute command: kneaddata_trf_parallel --input /home/humann2/tfg_ckd/cleaned_data/ERR11868931_knead/ERR11868931_1_kneaddata.trimmed.2.fasta --output /home/humann2/tfg_ckd/cleaned_data/ERR11868931_knead/ERR11868931_1_kneaddata.trimmed.2.fasta.trf.parameters.2.7.7.80.10.50.500.dat --trf-path /home/humann2/miniforge3/envs/env_perfect/bin/trf --trf-options '2 7 7 80 10 50 500 -h -ngs' --nproc 8
04/22/2026 10:13:36 PM - kneaddata.utilities - DEBUG: 0
04/22/2026 10:13:36 PM - kneaddata.utilities - DEBUG: Checking output file from trf : /home/humann2/tfg_ckd/cleaned_data/ERR11868931_knead/ERR11868931_1_kneaddata.trimmed.2.fasta.trf.parameters.2.7.7.80.10.50.500.dat
04/22/2026 10:14:04 PM - kneaddata.run - INFO: Total number of sequences with repeats removed from file ( /home/humann2/tfg_ckd/cleaned_data/ERR11868931_knead/ERR11868931_1_kneaddata.trimmed.1.fastq ): 26741
04/22/2026 10:14:39 PM - kneaddata.run - INFO: Total number of sequences with repeats removed from file ( /home/humann2/tfg_ckd/cleaned_data/ERR11868931_knead/ERR11868931_1_kneaddata.trimmed.2.fastq ): 25962
04/22/2026 10:14:40 PM - kneaddata.utilities - DEBUG: Checking input file to trf : /home/humann2/tfg_ckd/cleaned_data/ERR11868931_knead/ERR11868931_1_kneaddata.trimmed.single.1.fasta
04/22/2026 10:14:40 PM - kneaddata.utilities - INFO: Running trf ... 
04/22/2026 10:14:40 PM - kneaddata.utilities - INFO: Execute command: kneaddata_trf_parallel --input /home/humann2/tfg_ckd/cleaned_data/ERR11868931_knead/ERR11868931_1_kneaddata.trimmed.single.1.fasta --output /home/humann2/tfg_ckd/cleaned_data/ERR11868931_knead/ERR11868931_1_kneaddata.trimmed.single.1.fasta.trf.parameters.2.7.7.80.10.50.500.dat --trf-path /home/humann2/miniforge3/envs/env_perfect/bin/trf --trf-options '2 7 7 80 10 50 500 -h -ngs' --nproc 8
04/22/2026 10:14:45 PM - kneaddata.utilities - DEBUG: 0
04/22/2026 10:14:45 PM - kneaddata.utilities - DEBUG: Checking output file from trf : /home/humann2/tfg_ckd/cleaned_data/ERR11868931_knead/ERR11868931_1_kneaddata.trimmed.single.1.fasta.trf.parameters.2.7.7.80.10.50.500.dat
04/22/2026 10:14:45 PM - kneaddata.run - INFO: Total number of sequences with repeats removed from file ( /home/humann2/tfg_ckd/cleaned_data/ERR11868931_knead/ERR11868931_1_kneaddata.trimmed.single.1.fastq ): 353
04/22/2026 10:14:46 PM - kneaddata.utilities - DEBUG: Checking input file to trf : /home/humann2/tfg_ckd/cleaned_data/ERR11868931_knead/ERR11868931_1_kneaddata.trimmed.single.2.fasta
04/22/2026 10:14:46 PM - kneaddata.utilities - INFO: Running trf ... 
04/22/2026 10:14:46 PM - kneaddata.utilities - INFO: Execute command: kneaddata_trf_parallel --input /home/humann2/tfg_ckd/cleaned_data/ERR11868931_knead/ERR11868931_1_kneaddata.trimmed.single.2.fasta --output /home/humann2/tfg_ckd/cleaned_data/ERR11868931_knead/ERR11868931_1_kneaddata.trimmed.single.2.fasta.trf.parameters.2.7.7.80.10.50.500.dat --trf-path /home/humann2/miniforge3/envs/env_perfect/bin/trf --trf-options '2 7 7 80 10 50 500 -h -ngs' --nproc 8
04/22/2026 10:14:48 PM - kneaddata.utilities - DEBUG: 0
04/22/2026 10:14:48 PM - kneaddata.utilities - DEBUG: Checking output file from trf : /home/humann2/tfg_ckd/cleaned_data/ERR11868931_knead/ERR11868931_1_kneaddata.trimmed.single.2.fasta.trf.parameters.2.7.7.80.10.50.500.dat
04/22/2026 10:14:48 PM - kneaddata.run - INFO: Total number of sequences with repeats removed from file ( /home/humann2/tfg_ckd/cleaned_data/ERR11868931_knead/ERR11868931_1_kneaddata.trimmed.single.2.fastq ): 473
04/22/2026 10:14:48 PM - kneaddata.run - INFO: Decontaminating ...
04/22/2026 10:14:48 PM - kneaddata.utilities - DEBUG: Checking input file to bowtie2 : /home/humann2/tfg_ckd/cleaned_data/ERR11868931_knead/ERR11868931_1_kneaddata.repeats.removed.1.fastq
04/22/2026 10:14:48 PM - kneaddata.utilities - DEBUG: Checking input file to bowtie2 : /home/humann2/tfg_ckd/cleaned_data/ERR11868931_knead/ERR11868931_1_kneaddata.repeats.removed.2.fastq
04/22/2026 10:14:48 PM - kneaddata.utilities - DEBUG: Checking input file to bowtie2 : /home/humann2/tfg_ckd/cleaned_data/ERR11868931_knead/ERR11868931_1_kneaddata.repeats.removed.unmatched.1.fastq
04/22/2026 10:14:48 PM - kneaddata.utilities - DEBUG: Checking input file to bowtie2 : /home/humann2/tfg_ckd/cleaned_data/ERR11868931_knead/ERR11868931_1_kneaddata.repeats.removed.unmatched.2.fastq
04/22/2026 10:14:48 PM - kneaddata.utilities - INFO: Running bowtie2 ... 
04/22/2026 10:14:48 PM - kneaddata.utilities - INFO: Execute command: kneaddata_bowtie2_discordant_pairs --bowtie2 /home/humann2/miniforge3/envs/env_perfect/bin/bowtie2 --threads 8 -x /home/humann2/db/kneaddata/hg_39 --mode strict --bowtie2-options "--very-sensitive-local --phred33" -1 /home/humann2/tfg_ckd/cleaned_data/ERR11868931_knead/ERR11868931_1_kneaddata.repeats.removed.1.fastq -2 /home/humann2/tfg_ckd/cleaned_data/ERR11868931_knead/ERR11868931_1_kneaddata.repeats.removed.2.fastq --un-pair /home/humann2/tfg_ckd/cleaned_data/ERR11868931_knead/ERR11868931_1_kneaddata_hg_39_bowtie2_paired_clean_%.fastq --al-pair /home/humann2/tfg_ckd/cleaned_data/ERR11868931_knead/ERR11868931_1_kneaddata_hg_39_bowtie2_paired_contam_%.fastq -U /home/humann2/tfg_ckd/cleaned_data/ERR11868931_knead/ERR11868931_1_kneaddata.repeats.removed.unmatched.1.fastq,/home/humann2/tfg_ckd/cleaned_data/ERR11868931_knead/ERR11868931_1_kneaddata.repeats.removed.unmatched.2.fastq --un-single /home/humann2/tfg_ckd/cleaned_data/ERR11868931_knead/ERR11868931_1_kneaddata_hg_39_bowtie2_unmatched_%_clean.fastq --al-single /home/humann2/tfg_ckd/cleaned_data/ERR11868931_knead/ERR11868931_1_kneaddata_hg_39_bowtie2_unmatched_%_contam.fastq -S /dev/null
04/22/2026 10:20:10 PM - kneaddata.utilities - DEBUG: b'13335045 reads; of these:\n  13335045 (100.00%) were unpaired; of these:\n    13268917 (99.50%) aligned 0 times\n    57479 (0.43%) aligned exactly 1 time\n    8649 (0.06%) aligned >1 times\n0.50% overall alignment rate\npair1_aligned : 61849\npair2_aligned : 61849\npair1_unaligned : 6489371\npair2_unaligned : 6489371\norphan1_aligned : 1146\norphan2_aligned : 1182\norphan1_unaligned : 106209\norphan2_unaligned : 124068\n'
04/22/2026 10:20:10 PM - kneaddata.utilities - DEBUG: Checking output file from bowtie2 : /home/humann2/tfg_ckd/cleaned_data/ERR11868931_knead/ERR11868931_1_kneaddata_hg_39_bowtie2_paired_clean_1.fastq
04/22/2026 10:20:10 PM - kneaddata.utilities - DEBUG: Checking output file from bowtie2 : /home/humann2/tfg_ckd/cleaned_data/ERR11868931_knead/ERR11868931_1_kneaddata_hg_39_bowtie2_paired_clean_2.fastq
04/22/2026 10:20:11 PM - kneaddata.run - INFO: Total contaminate sequences in file ( /home/humann2/tfg_ckd/cleaned_data/ERR11868931_knead/ERR11868931_1_kneaddata_hg_39_bowtie2_paired_contam_1.fastq ) : 61849.0
04/22/2026 10:20:11 PM - kneaddata.run - INFO: Total contaminate sequences in file ( /home/humann2/tfg_ckd/cleaned_data/ERR11868931_knead/ERR11868931_1_kneaddata_hg_39_bowtie2_paired_contam_2.fastq ) : 61849.0
04/22/2026 10:20:11 PM - kneaddata.run - INFO: Total contaminate sequences in file ( /home/humann2/tfg_ckd/cleaned_data/ERR11868931_knead/ERR11868931_1_kneaddata_hg_39_bowtie2_unmatched_1_contam.fastq ) : 1146.0
04/22/2026 10:20:11 PM - kneaddata.run - INFO: Total contaminate sequences in file ( /home/humann2/tfg_ckd/cleaned_data/ERR11868931_knead/ERR11868931_1_kneaddata_hg_39_bowtie2_unmatched_2_contam.fastq ) : 1182.0
04/22/2026 10:20:31 PM - kneaddata.utilities - INFO: READ COUNT: decontaminated hg_39 pair1 : Total reads after removing those found in reference database ( /home/humann2/tfg_ckd/cleaned_data/ERR11868931_knead/ERR11868931_1_kneaddata_hg_39_bowtie2_paired_clean_1.fastq ): 6489371.0
04/22/2026 10:20:50 PM - kneaddata.utilities - INFO: READ COUNT: decontaminated hg_39 pair2 : Total reads after removing those found in reference database ( /home/humann2/tfg_ckd/cleaned_data/ERR11868931_knead/ERR11868931_1_kneaddata_hg_39_bowtie2_paired_clean_2.fastq ): 6489371.0
04/22/2026 10:21:09 PM - kneaddata.utilities - INFO: READ COUNT: final pair1 : Total reads after merging results from multiple databases ( /home/humann2/tfg_ckd/cleaned_data/ERR11868931_knead/ERR11868931_1_kneaddata_paired_1.fastq ): 6489371.0
04/22/2026 10:21:28 PM - kneaddata.utilities - INFO: READ COUNT: final pair2 : Total reads after merging results from multiple databases ( /home/humann2/tfg_ckd/cleaned_data/ERR11868931_knead/ERR11868931_1_kneaddata_paired_2.fastq ): 6489371.0
04/22/2026 10:21:28 PM - kneaddata.utilities - WARNING: Unable to remove file: /home/humann2/tfg_ckd/cleaned_data/ERR11868931_knead/ERR11868931_1_kneaddata_hg_39_bowtie2_paired_clean_1.fastq
04/22/2026 10:21:28 PM - kneaddata.utilities - WARNING: Unable to remove file: /home/humann2/tfg_ckd/cleaned_data/ERR11868931_knead/ERR11868931_1_kneaddata_hg_39_bowtie2_paired_clean_2.fastq
04/22/2026 10:21:28 PM - kneaddata.utilities - INFO: READ COUNT: decontaminated hg_39 orphan1 : Total reads after removing those found in reference database ( /home/humann2/tfg_ckd/cleaned_data/ERR11868931_knead/ERR11868931_1_kneaddata_hg_39_bowtie2_unmatched_1_clean.fastq ): 106209.0
04/22/2026 10:21:28 PM - kneaddata.utilities - INFO: READ COUNT: final orphan1 : Total reads after merging results from multiple databases ( /home/humann2/tfg_ckd/cleaned_data/ERR11868931_knead/ERR11868931_1_kneaddata_unmatched_1.fastq ): 106209.0
04/22/2026 10:21:28 PM - kneaddata.utilities - WARNING: Unable to remove file: /home/humann2/tfg_ckd/cleaned_data/ERR11868931_knead/ERR11868931_1_kneaddata_hg_39_bowtie2_unmatched_1_clean.fastq
04/22/2026 10:21:29 PM - kneaddata.utilities - INFO: READ COUNT: decontaminated hg_39 orphan2 : Total reads after removing those found in reference database ( /home/humann2/tfg_ckd/cleaned_data/ERR11868931_knead/ERR11868931_1_kneaddata_hg_39_bowtie2_unmatched_2_clean.fastq ): 124068.0
04/22/2026 10:21:29 PM - kneaddata.utilities - INFO: READ COUNT: final orphan2 : Total reads after merging results from multiple databases ( /home/humann2/tfg_ckd/cleaned_data/ERR11868931_knead/ERR11868931_1_kneaddata_unmatched_2.fastq ): 124068.0
04/22/2026 10:21:29 PM - kneaddata.utilities - WARNING: Unable to remove file: /home/humann2/tfg_ckd/cleaned_data/ERR11868931_knead/ERR11868931_1_kneaddata_hg_39_bowtie2_unmatched_2_clean.fastq
04/22/2026 10:21:29 PM - kneaddata.knead_data - INFO: 
Final output files created: 
/home/humann2/tfg_ckd/cleaned_data/ERR11868931_knead/ERR11868931_1_kneaddata_paired_1.fastq
/home/humann2/tfg_ckd/cleaned_data/ERR11868931_knead/ERR11868931_1_kneaddata_paired_2.fastq
/home/humann2/tfg_ckd/cleaned_data/ERR11868931_knead/ERR11868931_1_kneaddata_unmatched_1.fastq
/home/humann2/tfg_ckd/cleaned_data/ERR11868931_knead/ERR11868931_1_kneaddata_unmatched_2.fastq

