05/11/2026 05:08:43 PM - kneaddata.knead_data - INFO: Running kneaddata v0.12.4
05/11/2026 05:08:43 PM - kneaddata.knead_data - INFO: Output files will be written to: /home/jgarrote730/tfg_ckd/cleaned_data/ERR11869182_knead
05/11/2026 05:08:43 PM - kneaddata.knead_data - DEBUG: Running with the following arguments: 
verbose = False
input1 = /home/jgarrote730/tfg_ckd/raw_data/ERR11869182_1.fastq.gz
input2 = /home/jgarrote730/tfg_ckd/raw_data/ERR11869182_2.fastq.gz
unpaired = None
output_dir = /home/jgarrote730/tfg_ckd/cleaned_data/ERR11869182_knead
scratch_dir = 
reference_db = /home/jgarrote730/db/kneaddata/hg_39
bypass_trim = False
output_prefix = ERR11869182_1_kneaddata
threads = 8
processes = 1
trimmomatic_quality_scores = -phred33
bmtagger = False
bypass_trf = False
run_trf = False
fastqc_start = False
fastqc_end = False
store_temp_output = False
remove_intermediate_output = True
cat_final_output = False
log_level = DEBUG
log = /home/jgarrote730/tfg_ckd/cleaned_data/ERR11869182_knead/ERR11869182_1_kneaddata.log
trimmomatic_path = /home/jgarrote730/miniforge3/envs/env_perfect/bin/trimmomatic
run_trim_repetitive = False
max_memory = 500m
trimmomatic_options = None
sequencer_source = NexteraPE
bowtie2_path = /home/jgarrote730/miniforge3/envs/env_perfect/bin/bowtie2
bowtie2_options = --very-sensitive-local --phred33
decontaminate_pairs = strict
reorder = False
serial = True
bmtagger_path = None
trf_path = /home/jgarrote730/miniforge3/envs/env_perfect/bin/trf
match = 2
mismatch = 7
delta = 7
pm = 80
pi = 10
minscore = 50
maxperiod = 500
fastqc_path = None
remove_temp_output = True
input = /home/jgarrote730/tfg_ckd/raw_data/ERR11869182_1.fastq.gz /home/jgarrote730/tfg_ckd/raw_data/ERR11869182_2.fastq.gz
discordant = True

05/11/2026 05:08:43 PM - kneaddata.utilities - INFO: Decompressing gzipped file ...
05/11/2026 05:09:01 PM - kneaddata.utilities - INFO: Decompressed file created: /home/jgarrote730/tfg_ckd/cleaned_data/ERR11869182_knead/decompressed_o1cyp_0z_ERR11869182_1.fastq
05/11/2026 05:09:01 PM - kneaddata.utilities - INFO: Decompressing gzipped file ...
05/11/2026 05:09:20 PM - kneaddata.utilities - INFO: Decompressed file created: /home/jgarrote730/tfg_ckd/cleaned_data/ERR11869182_knead/decompressed_2h7uzfll_ERR11869182_2.fastq
05/11/2026 05:09:20 PM - kneaddata.utilities - INFO: Reformatting file sequence identifiers ...
05/11/2026 05:09:42 PM - kneaddata.utilities - INFO: Reformatting file sequence identifiers ...
05/11/2026 05:10:13 PM - kneaddata.utilities - INFO: READ COUNT: raw pair1 : Initial number of reads ( /home/jgarrote730/tfg_ckd/cleaned_data/ERR11869182_knead/reformatted_identifiersdjoh9ag7_decompressed_o1cyp_0z_ERR11869182_1.fastq ): 6914832.0
05/11/2026 05:10:15 PM - kneaddata.utilities - INFO: READ COUNT: raw pair2 : Initial number of reads ( /home/jgarrote730/tfg_ckd/cleaned_data/ERR11869182_knead/reformatted_identifierspxb2kf2t_decompressed_2h7uzfll_ERR11869182_2.fastq ): 6914832.0
05/11/2026 05:10:15 PM - kneaddata.utilities - DEBUG: Checking input file to Trimmomatic : /home/jgarrote730/tfg_ckd/cleaned_data/ERR11869182_knead/reformatted_identifiersdjoh9ag7_decompressed_o1cyp_0z_ERR11869182_1.fastq
05/11/2026 05:10:15 PM - kneaddata.utilities - DEBUG: Checking input file to Trimmomatic : /home/jgarrote730/tfg_ckd/cleaned_data/ERR11869182_knead/reformatted_identifierspxb2kf2t_decompressed_2h7uzfll_ERR11869182_2.fastq
05/11/2026 05:10:15 PM - kneaddata.utilities - INFO: Running Trimmomatic ... 
05/11/2026 05:10:15 PM - kneaddata.utilities - INFO: Execute command: /home/jgarrote730/miniforge3/envs/env_perfect/bin/trimmomatic PE -threads 8 -phred33 /home/jgarrote730/tfg_ckd/cleaned_data/ERR11869182_knead/reformatted_identifiersdjoh9ag7_decompressed_o1cyp_0z_ERR11869182_1.fastq /home/jgarrote730/tfg_ckd/cleaned_data/ERR11869182_knead/reformatted_identifierspxb2kf2t_decompressed_2h7uzfll_ERR11869182_2.fastq /home/jgarrote730/tfg_ckd/cleaned_data/ERR11869182_knead/ERR11869182_1_kneaddata.trimmed.1.fastq /home/jgarrote730/tfg_ckd/cleaned_data/ERR11869182_knead/ERR11869182_1_kneaddata.trimmed.single.1.fastq /home/jgarrote730/tfg_ckd/cleaned_data/ERR11869182_knead/ERR11869182_1_kneaddata.trimmed.2.fastq /home/jgarrote730/tfg_ckd/cleaned_data/ERR11869182_knead/ERR11869182_1_kneaddata.trimmed.single.2.fastq MINLEN:60 ILLUMINACLIP:/home/jgarrote730/miniforge3/envs/env_perfect/lib/python3.9/site-packages/kneaddata/adapters/NexteraPE-PE.fa:2:30:10:8:TRUE SLIDINGWINDOW:4:20 MINLEN:75
05/11/2026 05:10:42 PM - kneaddata.utilities - DEBUG: b"TrimmomaticPE: Started with arguments:\n -threads 8 -phred33 /home/jgarrote730/tfg_ckd/cleaned_data/ERR11869182_knead/reformatted_identifiersdjoh9ag7_decompressed_o1cyp_0z_ERR11869182_1.fastq /home/jgarrote730/tfg_ckd/cleaned_data/ERR11869182_knead/reformatted_identifierspxb2kf2t_decompressed_2h7uzfll_ERR11869182_2.fastq /home/jgarrote730/tfg_ckd/cleaned_data/ERR11869182_knead/ERR11869182_1_kneaddata.trimmed.1.fastq /home/jgarrote730/tfg_ckd/cleaned_data/ERR11869182_knead/ERR11869182_1_kneaddata.trimmed.single.1.fastq /home/jgarrote730/tfg_ckd/cleaned_data/ERR11869182_knead/ERR11869182_1_kneaddata.trimmed.2.fastq /home/jgarrote730/tfg_ckd/cleaned_data/ERR11869182_knead/ERR11869182_1_kneaddata.trimmed.single.2.fastq MINLEN:60 ILLUMINACLIP:/home/jgarrote730/miniforge3/envs/env_perfect/lib/python3.9/site-packages/kneaddata/adapters/NexteraPE-PE.fa:2:30:10:8:TRUE SLIDINGWINDOW:4:20 MINLEN:75\nILLUMINACLIP: Using adapter file from user-specified absolute path: /home/jgarrote730/miniforge3/envs/env_perfect/lib/python3.9/site-packages/kneaddata/adapters/NexteraPE-PE.fa\nUsing PrefixPair: 'AGATGTGTATAAGAGACAG' and 'AGATGTGTATAAGAGACAG'\nUsing Long Clipping Sequence: 'GTCTCGTGGGCTCGGAGATGTGTATAAGAGACAG'\nUsing Long Clipping Sequence: 'TCGTCGGCAGCGTCAGATGTGTATAAGAGACAG'\nUsing Long Clipping Sequence: 'CTGTCTCTTATACACATCTCCGAGCCCACGAGAC'\nUsing Long Clipping Sequence: 'CTGTCTCTTATACACATCTGACGCTGCCGACGA'\nILLUMINACLIP: Using 1 prefix pairs, 4 forward/reverse sequences, 0 forward only sequences, 0 reverse only sequences\nInput Read Pairs: 6914832 Both Surviving: 6516983 (94.25%) Forward Only Surviving: 130835 (1.89%) Reverse Only Surviving: 166181 (2.40%) Dropped: 100833 (1.46%)\nTrimmomaticPE: Completed successfully\n"
05/11/2026 05:10:42 PM - kneaddata.utilities - DEBUG: Checking output file from Trimmomatic : /home/jgarrote730/tfg_ckd/cleaned_data/ERR11869182_knead/ERR11869182_1_kneaddata.trimmed.1.fastq
05/11/2026 05:10:42 PM - kneaddata.utilities - DEBUG: Checking output file from Trimmomatic : /home/jgarrote730/tfg_ckd/cleaned_data/ERR11869182_knead/ERR11869182_1_kneaddata.trimmed.single.1.fastq
05/11/2026 05:10:42 PM - kneaddata.utilities - DEBUG: Checking output file from Trimmomatic : /home/jgarrote730/tfg_ckd/cleaned_data/ERR11869182_knead/ERR11869182_1_kneaddata.trimmed.2.fastq
05/11/2026 05:10:42 PM - kneaddata.utilities - DEBUG: Checking output file from Trimmomatic : /home/jgarrote730/tfg_ckd/cleaned_data/ERR11869182_knead/ERR11869182_1_kneaddata.trimmed.single.2.fastq
05/11/2026 05:10:44 PM - kneaddata.utilities - INFO: READ COUNT: trimmed pair1 : Total reads after trimming ( /home/jgarrote730/tfg_ckd/cleaned_data/ERR11869182_knead/ERR11869182_1_kneaddata.trimmed.1.fastq ): 6516983.0
05/11/2026 05:10:47 PM - kneaddata.utilities - INFO: READ COUNT: trimmed pair2 : Total reads after trimming ( /home/jgarrote730/tfg_ckd/cleaned_data/ERR11869182_knead/ERR11869182_1_kneaddata.trimmed.2.fastq ): 6516983.0
05/11/2026 05:10:47 PM - kneaddata.utilities - INFO: READ COUNT: trimmed orphan1 : Total reads after trimming ( /home/jgarrote730/tfg_ckd/cleaned_data/ERR11869182_knead/ERR11869182_1_kneaddata.trimmed.single.1.fastq ): 130835.0
05/11/2026 05:10:47 PM - kneaddata.utilities - INFO: READ COUNT: trimmed orphan2 : Total reads after trimming ( /home/jgarrote730/tfg_ckd/cleaned_data/ERR11869182_knead/ERR11869182_1_kneaddata.trimmed.single.2.fastq ): 166181.0
05/11/2026 05:12:31 PM - kneaddata.utilities - DEBUG: Checking input file to trf : /home/jgarrote730/tfg_ckd/cleaned_data/ERR11869182_knead/ERR11869182_1_kneaddata.trimmed.1.fasta
05/11/2026 05:12:31 PM - kneaddata.utilities - INFO: Running trf ... 
05/11/2026 05:12:31 PM - kneaddata.utilities - INFO: Execute command: kneaddata_trf_parallel --input /home/jgarrote730/tfg_ckd/cleaned_data/ERR11869182_knead/ERR11869182_1_kneaddata.trimmed.1.fasta --output /home/jgarrote730/tfg_ckd/cleaned_data/ERR11869182_knead/ERR11869182_1_kneaddata.trimmed.1.fasta.trf.parameters.2.7.7.80.10.50.500.dat --trf-path /home/jgarrote730/miniforge3/envs/env_perfect/bin/trf --trf-options '2 7 7 80 10 50 500 -h -ngs' --nproc 8
05/11/2026 05:14:01 PM - kneaddata.utilities - DEBUG: 0
05/11/2026 05:14:01 PM - kneaddata.utilities - DEBUG: Checking output file from trf : /home/jgarrote730/tfg_ckd/cleaned_data/ERR11869182_knead/ERR11869182_1_kneaddata.trimmed.1.fasta.trf.parameters.2.7.7.80.10.50.500.dat
05/11/2026 05:14:01 PM - kneaddata.utilities - DEBUG: Checking input file to trf : /home/jgarrote730/tfg_ckd/cleaned_data/ERR11869182_knead/ERR11869182_1_kneaddata.trimmed.2.fasta
05/11/2026 05:14:01 PM - kneaddata.utilities - INFO: Running trf ... 
05/11/2026 05:14:01 PM - kneaddata.utilities - INFO: Execute command: kneaddata_trf_parallel --input /home/jgarrote730/tfg_ckd/cleaned_data/ERR11869182_knead/ERR11869182_1_kneaddata.trimmed.2.fasta --output /home/jgarrote730/tfg_ckd/cleaned_data/ERR11869182_knead/ERR11869182_1_kneaddata.trimmed.2.fasta.trf.parameters.2.7.7.80.10.50.500.dat --trf-path /home/jgarrote730/miniforge3/envs/env_perfect/bin/trf --trf-options '2 7 7 80 10 50 500 -h -ngs' --nproc 8
05/11/2026 05:15:30 PM - kneaddata.utilities - DEBUG: 0
05/11/2026 05:15:30 PM - kneaddata.utilities - DEBUG: Checking output file from trf : /home/jgarrote730/tfg_ckd/cleaned_data/ERR11869182_knead/ERR11869182_1_kneaddata.trimmed.2.fasta.trf.parameters.2.7.7.80.10.50.500.dat
05/11/2026 05:15:37 PM - kneaddata.run - INFO: Total number of sequences with repeats removed from file ( /home/jgarrote730/tfg_ckd/cleaned_data/ERR11869182_knead/ERR11869182_1_kneaddata.trimmed.1.fastq ): 24458
05/11/2026 05:15:45 PM - kneaddata.run - INFO: Total number of sequences with repeats removed from file ( /home/jgarrote730/tfg_ckd/cleaned_data/ERR11869182_knead/ERR11869182_1_kneaddata.trimmed.2.fastq ): 24235
05/11/2026 05:15:46 PM - kneaddata.utilities - DEBUG: Checking input file to trf : /home/jgarrote730/tfg_ckd/cleaned_data/ERR11869182_knead/ERR11869182_1_kneaddata.trimmed.single.1.fasta
05/11/2026 05:15:46 PM - kneaddata.utilities - INFO: Running trf ... 
05/11/2026 05:15:46 PM - kneaddata.utilities - INFO: Execute command: kneaddata_trf_parallel --input /home/jgarrote730/tfg_ckd/cleaned_data/ERR11869182_knead/ERR11869182_1_kneaddata.trimmed.single.1.fasta --output /home/jgarrote730/tfg_ckd/cleaned_data/ERR11869182_knead/ERR11869182_1_kneaddata.trimmed.single.1.fasta.trf.parameters.2.7.7.80.10.50.500.dat --trf-path /home/jgarrote730/miniforge3/envs/env_perfect/bin/trf --trf-options '2 7 7 80 10 50 500 -h -ngs' --nproc 8
05/11/2026 05:15:48 PM - kneaddata.utilities - DEBUG: 0
05/11/2026 05:15:48 PM - kneaddata.utilities - DEBUG: Checking output file from trf : /home/jgarrote730/tfg_ckd/cleaned_data/ERR11869182_knead/ERR11869182_1_kneaddata.trimmed.single.1.fasta.trf.parameters.2.7.7.80.10.50.500.dat
05/11/2026 05:15:48 PM - kneaddata.run - INFO: Total number of sequences with repeats removed from file ( /home/jgarrote730/tfg_ckd/cleaned_data/ERR11869182_knead/ERR11869182_1_kneaddata.trimmed.single.1.fastq ): 572
05/11/2026 05:15:49 PM - kneaddata.utilities - DEBUG: Checking input file to trf : /home/jgarrote730/tfg_ckd/cleaned_data/ERR11869182_knead/ERR11869182_1_kneaddata.trimmed.single.2.fasta
05/11/2026 05:15:49 PM - kneaddata.utilities - INFO: Running trf ... 
05/11/2026 05:15:49 PM - kneaddata.utilities - INFO: Execute command: kneaddata_trf_parallel --input /home/jgarrote730/tfg_ckd/cleaned_data/ERR11869182_knead/ERR11869182_1_kneaddata.trimmed.single.2.fasta --output /home/jgarrote730/tfg_ckd/cleaned_data/ERR11869182_knead/ERR11869182_1_kneaddata.trimmed.single.2.fasta.trf.parameters.2.7.7.80.10.50.500.dat --trf-path /home/jgarrote730/miniforge3/envs/env_perfect/bin/trf --trf-options '2 7 7 80 10 50 500 -h -ngs' --nproc 8
05/11/2026 05:15:52 PM - kneaddata.utilities - DEBUG: 0
05/11/2026 05:15:52 PM - kneaddata.utilities - DEBUG: Checking output file from trf : /home/jgarrote730/tfg_ckd/cleaned_data/ERR11869182_knead/ERR11869182_1_kneaddata.trimmed.single.2.fasta.trf.parameters.2.7.7.80.10.50.500.dat
05/11/2026 05:15:52 PM - kneaddata.run - INFO: Total number of sequences with repeats removed from file ( /home/jgarrote730/tfg_ckd/cleaned_data/ERR11869182_knead/ERR11869182_1_kneaddata.trimmed.single.2.fastq ): 683
05/11/2026 05:15:52 PM - kneaddata.run - INFO: Decontaminating ...
05/11/2026 05:15:52 PM - kneaddata.utilities - DEBUG: Checking input file to bowtie2 : /home/jgarrote730/tfg_ckd/cleaned_data/ERR11869182_knead/ERR11869182_1_kneaddata.repeats.removed.1.fastq
05/11/2026 05:15:52 PM - kneaddata.utilities - DEBUG: Checking input file to bowtie2 : /home/jgarrote730/tfg_ckd/cleaned_data/ERR11869182_knead/ERR11869182_1_kneaddata.repeats.removed.2.fastq
05/11/2026 05:15:52 PM - kneaddata.utilities - DEBUG: Checking input file to bowtie2 : /home/jgarrote730/tfg_ckd/cleaned_data/ERR11869182_knead/ERR11869182_1_kneaddata.repeats.removed.unmatched.1.fastq
05/11/2026 05:15:52 PM - kneaddata.utilities - DEBUG: Checking input file to bowtie2 : /home/jgarrote730/tfg_ckd/cleaned_data/ERR11869182_knead/ERR11869182_1_kneaddata.repeats.removed.unmatched.2.fastq
05/11/2026 05:15:52 PM - kneaddata.utilities - INFO: Running bowtie2 ... 
05/11/2026 05:15:52 PM - kneaddata.utilities - INFO: Execute command: kneaddata_bowtie2_discordant_pairs --bowtie2 /home/jgarrote730/miniforge3/envs/env_perfect/bin/bowtie2 --threads 8 -x /home/jgarrote730/db/kneaddata/hg_39 --mode strict --bowtie2-options "--very-sensitive-local --phred33" -1 /home/jgarrote730/tfg_ckd/cleaned_data/ERR11869182_knead/ERR11869182_1_kneaddata.repeats.removed.1.fastq -2 /home/jgarrote730/tfg_ckd/cleaned_data/ERR11869182_knead/ERR11869182_1_kneaddata.repeats.removed.2.fastq --un-pair /home/jgarrote730/tfg_ckd/cleaned_data/ERR11869182_knead/ERR11869182_1_kneaddata_hg_39_bowtie2_paired_clean_%.fastq --al-pair /home/jgarrote730/tfg_ckd/cleaned_data/ERR11869182_knead/ERR11869182_1_kneaddata_hg_39_bowtie2_paired_contam_%.fastq -U /home/jgarrote730/tfg_ckd/cleaned_data/ERR11869182_knead/ERR11869182_1_kneaddata.repeats.removed.unmatched.1.fastq,/home/jgarrote730/tfg_ckd/cleaned_data/ERR11869182_knead/ERR11869182_1_kneaddata.repeats.removed.unmatched.2.fastq --un-single /home/jgarrote730/tfg_ckd/cleaned_data/ERR11869182_knead/ERR11869182_1_kneaddata_hg_39_bowtie2_unmatched_%_clean.fastq --al-single /home/jgarrote730/tfg_ckd/cleaned_data/ERR11869182_knead/ERR11869182_1_kneaddata_hg_39_bowtie2_unmatched_%_contam.fastq -S /dev/null
05/11/2026 05:20:41 PM - kneaddata.utilities - DEBUG: b'[WARNING] Failed to launch x86-64-v3 version, staying with default\n[WARNING] Failed to launch x86-64-v3 version, staying with default\n13281034 reads; of these:\n  13281034 (100.00%) were unpaired; of these:\n    13242322 (99.71%) aligned 0 times\n    20507 (0.15%) aligned exactly 1 time\n    18205 (0.14%) aligned >1 times\n0.29% overall alignment rate\npair1_aligned : 18856\npair2_aligned : 18856\npair1_unaligned : 6451787\npair2_unaligned : 6451787\norphan1_aligned : 1119\norphan2_aligned : 1017\norphan1_unaligned : 151026\norphan2_unaligned : 186586\n'
05/11/2026 05:20:41 PM - kneaddata.utilities - DEBUG: Checking output file from bowtie2 : /home/jgarrote730/tfg_ckd/cleaned_data/ERR11869182_knead/ERR11869182_1_kneaddata_hg_39_bowtie2_paired_clean_1.fastq
05/11/2026 05:20:41 PM - kneaddata.utilities - DEBUG: Checking output file from bowtie2 : /home/jgarrote730/tfg_ckd/cleaned_data/ERR11869182_knead/ERR11869182_1_kneaddata_hg_39_bowtie2_paired_clean_2.fastq
05/11/2026 05:20:41 PM - kneaddata.run - INFO: Total contaminate sequences in file ( /home/jgarrote730/tfg_ckd/cleaned_data/ERR11869182_knead/ERR11869182_1_kneaddata_hg_39_bowtie2_paired_contam_1.fastq ) : 18856.0
05/11/2026 05:20:41 PM - kneaddata.run - INFO: Total contaminate sequences in file ( /home/jgarrote730/tfg_ckd/cleaned_data/ERR11869182_knead/ERR11869182_1_kneaddata_hg_39_bowtie2_paired_contam_2.fastq ) : 18856.0
05/11/2026 05:20:41 PM - kneaddata.run - INFO: Total contaminate sequences in file ( /home/jgarrote730/tfg_ckd/cleaned_data/ERR11869182_knead/ERR11869182_1_kneaddata_hg_39_bowtie2_unmatched_1_contam.fastq ) : 1119.0
05/11/2026 05:20:41 PM - kneaddata.run - INFO: Total contaminate sequences in file ( /home/jgarrote730/tfg_ckd/cleaned_data/ERR11869182_knead/ERR11869182_1_kneaddata_hg_39_bowtie2_unmatched_2_contam.fastq ) : 1017.0
05/11/2026 05:20:44 PM - kneaddata.utilities - INFO: READ COUNT: decontaminated hg_39 pair1 : Total reads after removing those found in reference database ( /home/jgarrote730/tfg_ckd/cleaned_data/ERR11869182_knead/ERR11869182_1_kneaddata_hg_39_bowtie2_paired_clean_1.fastq ): 6451787.0
05/11/2026 05:20:46 PM - kneaddata.utilities - INFO: READ COUNT: decontaminated hg_39 pair2 : Total reads after removing those found in reference database ( /home/jgarrote730/tfg_ckd/cleaned_data/ERR11869182_knead/ERR11869182_1_kneaddata_hg_39_bowtie2_paired_clean_2.fastq ): 6451787.0
05/11/2026 05:20:48 PM - kneaddata.utilities - INFO: READ COUNT: final pair1 : Total reads after merging results from multiple databases ( /home/jgarrote730/tfg_ckd/cleaned_data/ERR11869182_knead/ERR11869182_1_kneaddata_paired_1.fastq ): 6451787.0
05/11/2026 05:20:51 PM - kneaddata.utilities - INFO: READ COUNT: final pair2 : Total reads after merging results from multiple databases ( /home/jgarrote730/tfg_ckd/cleaned_data/ERR11869182_knead/ERR11869182_1_kneaddata_paired_2.fastq ): 6451787.0
05/11/2026 05:20:51 PM - kneaddata.utilities - WARNING: Unable to remove file: /home/jgarrote730/tfg_ckd/cleaned_data/ERR11869182_knead/ERR11869182_1_kneaddata_hg_39_bowtie2_paired_clean_1.fastq
05/11/2026 05:20:51 PM - kneaddata.utilities - WARNING: Unable to remove file: /home/jgarrote730/tfg_ckd/cleaned_data/ERR11869182_knead/ERR11869182_1_kneaddata_hg_39_bowtie2_paired_clean_2.fastq
05/11/2026 05:20:51 PM - kneaddata.utilities - INFO: READ COUNT: decontaminated hg_39 orphan1 : Total reads after removing those found in reference database ( /home/jgarrote730/tfg_ckd/cleaned_data/ERR11869182_knead/ERR11869182_1_kneaddata_hg_39_bowtie2_unmatched_1_clean.fastq ): 151026.0
05/11/2026 05:20:51 PM - kneaddata.utilities - INFO: READ COUNT: final orphan1 : Total reads after merging results from multiple databases ( /home/jgarrote730/tfg_ckd/cleaned_data/ERR11869182_knead/ERR11869182_1_kneaddata_unmatched_1.fastq ): 151026.0
05/11/2026 05:20:51 PM - kneaddata.utilities - WARNING: Unable to remove file: /home/jgarrote730/tfg_ckd/cleaned_data/ERR11869182_knead/ERR11869182_1_kneaddata_hg_39_bowtie2_unmatched_1_clean.fastq
05/11/2026 05:20:51 PM - kneaddata.utilities - INFO: READ COUNT: decontaminated hg_39 orphan2 : Total reads after removing those found in reference database ( /home/jgarrote730/tfg_ckd/cleaned_data/ERR11869182_knead/ERR11869182_1_kneaddata_hg_39_bowtie2_unmatched_2_clean.fastq ): 186586.0
05/11/2026 05:20:51 PM - kneaddata.utilities - INFO: READ COUNT: final orphan2 : Total reads after merging results from multiple databases ( /home/jgarrote730/tfg_ckd/cleaned_data/ERR11869182_knead/ERR11869182_1_kneaddata_unmatched_2.fastq ): 186586.0
05/11/2026 05:20:51 PM - kneaddata.utilities - WARNING: Unable to remove file: /home/jgarrote730/tfg_ckd/cleaned_data/ERR11869182_knead/ERR11869182_1_kneaddata_hg_39_bowtie2_unmatched_2_clean.fastq
05/11/2026 05:20:53 PM - kneaddata.knead_data - INFO: 
Final output files created: 
/home/jgarrote730/tfg_ckd/cleaned_data/ERR11869182_knead/ERR11869182_1_kneaddata_paired_1.fastq
/home/jgarrote730/tfg_ckd/cleaned_data/ERR11869182_knead/ERR11869182_1_kneaddata_paired_2.fastq
/home/jgarrote730/tfg_ckd/cleaned_data/ERR11869182_knead/ERR11869182_1_kneaddata_unmatched_1.fastq
/home/jgarrote730/tfg_ckd/cleaned_data/ERR11869182_knead/ERR11869182_1_kneaddata_unmatched_2.fastq

