05/01/2026 01:28:41 PM - kneaddata.knead_data - INFO: Running kneaddata v0.12.4
05/01/2026 01:28:41 PM - kneaddata.knead_data - INFO: Output files will be written to: /home/humann2/tfg_ckd/cleaned_data/ERR11868998_knead
05/01/2026 01:28:41 PM - kneaddata.knead_data - DEBUG: Running with the following arguments: 
verbose = False
input1 = /home/humann2/tfg_ckd/raw_data/ERR11868998_1.fastq.gz
input2 = /home/humann2/tfg_ckd/raw_data/ERR11868998_2.fastq.gz
unpaired = None
output_dir = /home/humann2/tfg_ckd/cleaned_data/ERR11868998_knead
scratch_dir = 
reference_db = /home/humann2/db/kneaddata/hg_39
bypass_trim = False
output_prefix = ERR11868998_1_kneaddata
threads = 8
processes = 1
trimmomatic_quality_scores = -phred33
bmtagger = False
bypass_trf = False
run_trf = False
fastqc_start = False
fastqc_end = False
store_temp_output = False
remove_intermediate_output = True
cat_final_output = False
log_level = DEBUG
log = /home/humann2/tfg_ckd/cleaned_data/ERR11868998_knead/ERR11868998_1_kneaddata.log
trimmomatic_path = /home/humann2/miniforge3/envs/env_perfect/bin/trimmomatic
run_trim_repetitive = False
max_memory = 500m
trimmomatic_options = None
sequencer_source = NexteraPE
bowtie2_path = /home/humann2/miniforge3/envs/env_perfect/bin/bowtie2
bowtie2_options = --very-sensitive-local --phred33
decontaminate_pairs = strict
reorder = False
serial = True
bmtagger_path = None
trf_path = /home/humann2/miniforge3/envs/env_perfect/bin/trf
match = 2
mismatch = 7
delta = 7
pm = 80
pi = 10
minscore = 50
maxperiod = 500
fastqc_path = None
remove_temp_output = True
input = /home/humann2/tfg_ckd/raw_data/ERR11868998_1.fastq.gz /home/humann2/tfg_ckd/raw_data/ERR11868998_2.fastq.gz
discordant = True

05/01/2026 01:28:41 PM - kneaddata.utilities - INFO: Decompressing gzipped file ...
05/01/2026 01:29:29 PM - kneaddata.utilities - INFO: Decompressed file created: /home/humann2/tfg_ckd/cleaned_data/ERR11868998_knead/decompressed_e5yvq2sx_ERR11868998_1.fastq
05/01/2026 01:29:29 PM - kneaddata.utilities - INFO: Decompressing gzipped file ...
05/01/2026 01:30:17 PM - kneaddata.utilities - INFO: Decompressed file created: /home/humann2/tfg_ckd/cleaned_data/ERR11868998_knead/decompressed_n_q8xn12_ERR11868998_2.fastq
05/01/2026 01:30:17 PM - kneaddata.utilities - INFO: Reformatting file sequence identifiers ...
05/01/2026 01:31:14 PM - kneaddata.utilities - INFO: Reformatting file sequence identifiers ...
05/01/2026 01:32:14 PM - kneaddata.utilities - INFO: READ COUNT: raw pair1 : Initial number of reads ( /home/humann2/tfg_ckd/cleaned_data/ERR11868998_knead/reformatted_identifierscnv1xjf9_decompressed_e5yvq2sx_ERR11868998_1.fastq ): 8658292.0
05/01/2026 01:32:19 PM - kneaddata.utilities - INFO: READ COUNT: raw pair2 : Initial number of reads ( /home/humann2/tfg_ckd/cleaned_data/ERR11868998_knead/reformatted_identifiersy5gxohku_decompressed_n_q8xn12_ERR11868998_2.fastq ): 8658292.0
05/01/2026 01:32:19 PM - kneaddata.utilities - DEBUG: Checking input file to Trimmomatic : /home/humann2/tfg_ckd/cleaned_data/ERR11868998_knead/reformatted_identifierscnv1xjf9_decompressed_e5yvq2sx_ERR11868998_1.fastq
05/01/2026 01:32:19 PM - kneaddata.utilities - DEBUG: Checking input file to Trimmomatic : /home/humann2/tfg_ckd/cleaned_data/ERR11868998_knead/reformatted_identifiersy5gxohku_decompressed_n_q8xn12_ERR11868998_2.fastq
05/01/2026 01:32:19 PM - kneaddata.utilities - INFO: Running Trimmomatic ... 
05/01/2026 01:32:19 PM - kneaddata.utilities - INFO: Execute command: /home/humann2/miniforge3/envs/env_perfect/bin/trimmomatic PE -threads 8 -phred33 /home/humann2/tfg_ckd/cleaned_data/ERR11868998_knead/reformatted_identifierscnv1xjf9_decompressed_e5yvq2sx_ERR11868998_1.fastq /home/humann2/tfg_ckd/cleaned_data/ERR11868998_knead/reformatted_identifiersy5gxohku_decompressed_n_q8xn12_ERR11868998_2.fastq /home/humann2/tfg_ckd/cleaned_data/ERR11868998_knead/ERR11868998_1_kneaddata.trimmed.1.fastq /home/humann2/tfg_ckd/cleaned_data/ERR11868998_knead/ERR11868998_1_kneaddata.trimmed.single.1.fastq /home/humann2/tfg_ckd/cleaned_data/ERR11868998_knead/ERR11868998_1_kneaddata.trimmed.2.fastq /home/humann2/tfg_ckd/cleaned_data/ERR11868998_knead/ERR11868998_1_kneaddata.trimmed.single.2.fastq MINLEN:60 ILLUMINACLIP:/home/humann2/miniforge3/envs/env_perfect/lib/python3.9/site-packages/kneaddata/adapters/NexteraPE-PE.fa:2:30:10:8:TRUE SLIDINGWINDOW:4:20 MINLEN:75
05/01/2026 01:33:08 PM - kneaddata.utilities - DEBUG: b"TrimmomaticPE: Started with arguments:\n -threads 8 -phred33 /home/humann2/tfg_ckd/cleaned_data/ERR11868998_knead/reformatted_identifierscnv1xjf9_decompressed_e5yvq2sx_ERR11868998_1.fastq /home/humann2/tfg_ckd/cleaned_data/ERR11868998_knead/reformatted_identifiersy5gxohku_decompressed_n_q8xn12_ERR11868998_2.fastq /home/humann2/tfg_ckd/cleaned_data/ERR11868998_knead/ERR11868998_1_kneaddata.trimmed.1.fastq /home/humann2/tfg_ckd/cleaned_data/ERR11868998_knead/ERR11868998_1_kneaddata.trimmed.single.1.fastq /home/humann2/tfg_ckd/cleaned_data/ERR11868998_knead/ERR11868998_1_kneaddata.trimmed.2.fastq /home/humann2/tfg_ckd/cleaned_data/ERR11868998_knead/ERR11868998_1_kneaddata.trimmed.single.2.fastq MINLEN:60 ILLUMINACLIP:/home/humann2/miniforge3/envs/env_perfect/lib/python3.9/site-packages/kneaddata/adapters/NexteraPE-PE.fa:2:30:10:8:TRUE SLIDINGWINDOW:4:20 MINLEN:75\nILLUMINACLIP: Using adapter file from user-specified absolute path: /home/humann2/miniforge3/envs/env_perfect/lib/python3.9/site-packages/kneaddata/adapters/NexteraPE-PE.fa\nUsing PrefixPair: 'AGATGTGTATAAGAGACAG' and 'AGATGTGTATAAGAGACAG'\nUsing Long Clipping Sequence: 'GTCTCGTGGGCTCGGAGATGTGTATAAGAGACAG'\nUsing Long Clipping Sequence: 'TCGTCGGCAGCGTCAGATGTGTATAAGAGACAG'\nUsing Long Clipping Sequence: 'CTGTCTCTTATACACATCTCCGAGCCCACGAGAC'\nUsing Long Clipping Sequence: 'CTGTCTCTTATACACATCTGACGCTGCCGACGA'\nILLUMINACLIP: Using 1 prefix pairs, 4 forward/reverse sequences, 0 forward only sequences, 0 reverse only sequences\nInput Read Pairs: 8658292 Both Surviving: 8311707 (96.00%) Forward Only Surviving: 144056 (1.66%) Reverse Only Surviving: 113417 (1.31%) Dropped: 89112 (1.03%)\nTrimmomaticPE: Completed successfully\n"
05/01/2026 01:33:08 PM - kneaddata.utilities - DEBUG: Checking output file from Trimmomatic : /home/humann2/tfg_ckd/cleaned_data/ERR11868998_knead/ERR11868998_1_kneaddata.trimmed.1.fastq
05/01/2026 01:33:08 PM - kneaddata.utilities - DEBUG: Checking output file from Trimmomatic : /home/humann2/tfg_ckd/cleaned_data/ERR11868998_knead/ERR11868998_1_kneaddata.trimmed.single.1.fastq
05/01/2026 01:33:08 PM - kneaddata.utilities - DEBUG: Checking output file from Trimmomatic : /home/humann2/tfg_ckd/cleaned_data/ERR11868998_knead/ERR11868998_1_kneaddata.trimmed.2.fastq
05/01/2026 01:33:08 PM - kneaddata.utilities - DEBUG: Checking output file from Trimmomatic : /home/humann2/tfg_ckd/cleaned_data/ERR11868998_knead/ERR11868998_1_kneaddata.trimmed.single.2.fastq
05/01/2026 01:33:14 PM - kneaddata.utilities - INFO: READ COUNT: trimmed pair1 : Total reads after trimming ( /home/humann2/tfg_ckd/cleaned_data/ERR11868998_knead/ERR11868998_1_kneaddata.trimmed.1.fastq ): 8311707.0
05/01/2026 01:33:19 PM - kneaddata.utilities - INFO: READ COUNT: trimmed pair2 : Total reads after trimming ( /home/humann2/tfg_ckd/cleaned_data/ERR11868998_knead/ERR11868998_1_kneaddata.trimmed.2.fastq ): 8311707.0
05/01/2026 01:33:19 PM - kneaddata.utilities - INFO: READ COUNT: trimmed orphan1 : Total reads after trimming ( /home/humann2/tfg_ckd/cleaned_data/ERR11868998_knead/ERR11868998_1_kneaddata.trimmed.single.1.fastq ): 144056.0
05/01/2026 01:33:19 PM - kneaddata.utilities - INFO: READ COUNT: trimmed orphan2 : Total reads after trimming ( /home/humann2/tfg_ckd/cleaned_data/ERR11868998_knead/ERR11868998_1_kneaddata.trimmed.single.2.fastq ): 113417.0
05/01/2026 01:37:23 PM - kneaddata.utilities - DEBUG: Checking input file to trf : /home/humann2/tfg_ckd/cleaned_data/ERR11868998_knead/ERR11868998_1_kneaddata.trimmed.1.fasta
05/01/2026 01:37:23 PM - kneaddata.utilities - INFO: Running trf ... 
05/01/2026 01:37:23 PM - kneaddata.utilities - INFO: Execute command: kneaddata_trf_parallel --input /home/humann2/tfg_ckd/cleaned_data/ERR11868998_knead/ERR11868998_1_kneaddata.trimmed.1.fasta --output /home/humann2/tfg_ckd/cleaned_data/ERR11868998_knead/ERR11868998_1_kneaddata.trimmed.1.fasta.trf.parameters.2.7.7.80.10.50.500.dat --trf-path /home/humann2/miniforge3/envs/env_perfect/bin/trf --trf-options '2 7 7 80 10 50 500 -h -ngs' --nproc 8
05/01/2026 01:40:20 PM - kneaddata.utilities - DEBUG: 0
05/01/2026 01:40:20 PM - kneaddata.utilities - DEBUG: Checking output file from trf : /home/humann2/tfg_ckd/cleaned_data/ERR11868998_knead/ERR11868998_1_kneaddata.trimmed.1.fasta.trf.parameters.2.7.7.80.10.50.500.dat
05/01/2026 01:40:20 PM - kneaddata.utilities - DEBUG: Checking input file to trf : /home/humann2/tfg_ckd/cleaned_data/ERR11868998_knead/ERR11868998_1_kneaddata.trimmed.2.fasta
05/01/2026 01:40:20 PM - kneaddata.utilities - INFO: Running trf ... 
05/01/2026 01:40:20 PM - kneaddata.utilities - INFO: Execute command: kneaddata_trf_parallel --input /home/humann2/tfg_ckd/cleaned_data/ERR11868998_knead/ERR11868998_1_kneaddata.trimmed.2.fasta --output /home/humann2/tfg_ckd/cleaned_data/ERR11868998_knead/ERR11868998_1_kneaddata.trimmed.2.fasta.trf.parameters.2.7.7.80.10.50.500.dat --trf-path /home/humann2/miniforge3/envs/env_perfect/bin/trf --trf-options '2 7 7 80 10 50 500 -h -ngs' --nproc 8
05/01/2026 01:43:10 PM - kneaddata.utilities - DEBUG: 0
05/01/2026 01:43:10 PM - kneaddata.utilities - DEBUG: Checking output file from trf : /home/humann2/tfg_ckd/cleaned_data/ERR11868998_knead/ERR11868998_1_kneaddata.trimmed.2.fasta.trf.parameters.2.7.7.80.10.50.500.dat
05/01/2026 01:43:29 PM - kneaddata.run - INFO: Total number of sequences with repeats removed from file ( /home/humann2/tfg_ckd/cleaned_data/ERR11868998_knead/ERR11868998_1_kneaddata.trimmed.1.fastq ): 30257
05/01/2026 01:43:47 PM - kneaddata.run - INFO: Total number of sequences with repeats removed from file ( /home/humann2/tfg_ckd/cleaned_data/ERR11868998_knead/ERR11868998_1_kneaddata.trimmed.2.fastq ): 29795
05/01/2026 01:43:49 PM - kneaddata.utilities - DEBUG: Checking input file to trf : /home/humann2/tfg_ckd/cleaned_data/ERR11868998_knead/ERR11868998_1_kneaddata.trimmed.single.1.fasta
05/01/2026 01:43:49 PM - kneaddata.utilities - INFO: Running trf ... 
05/01/2026 01:43:49 PM - kneaddata.utilities - INFO: Execute command: kneaddata_trf_parallel --input /home/humann2/tfg_ckd/cleaned_data/ERR11868998_knead/ERR11868998_1_kneaddata.trimmed.single.1.fasta --output /home/humann2/tfg_ckd/cleaned_data/ERR11868998_knead/ERR11868998_1_kneaddata.trimmed.single.1.fasta.trf.parameters.2.7.7.80.10.50.500.dat --trf-path /home/humann2/miniforge3/envs/env_perfect/bin/trf --trf-options '2 7 7 80 10 50 500 -h -ngs' --nproc 8
05/01/2026 01:43:55 PM - kneaddata.utilities - DEBUG: 0
05/01/2026 01:43:55 PM - kneaddata.utilities - DEBUG: Checking output file from trf : /home/humann2/tfg_ckd/cleaned_data/ERR11868998_knead/ERR11868998_1_kneaddata.trimmed.single.1.fasta.trf.parameters.2.7.7.80.10.50.500.dat
05/01/2026 01:43:56 PM - kneaddata.run - INFO: Total number of sequences with repeats removed from file ( /home/humann2/tfg_ckd/cleaned_data/ERR11868998_knead/ERR11868998_1_kneaddata.trimmed.single.1.fastq ): 538
05/01/2026 01:43:58 PM - kneaddata.utilities - DEBUG: Checking input file to trf : /home/humann2/tfg_ckd/cleaned_data/ERR11868998_knead/ERR11868998_1_kneaddata.trimmed.single.2.fasta
05/01/2026 01:43:58 PM - kneaddata.utilities - INFO: Running trf ... 
05/01/2026 01:43:58 PM - kneaddata.utilities - INFO: Execute command: kneaddata_trf_parallel --input /home/humann2/tfg_ckd/cleaned_data/ERR11868998_knead/ERR11868998_1_kneaddata.trimmed.single.2.fasta --output /home/humann2/tfg_ckd/cleaned_data/ERR11868998_knead/ERR11868998_1_kneaddata.trimmed.single.2.fasta.trf.parameters.2.7.7.80.10.50.500.dat --trf-path /home/humann2/miniforge3/envs/env_perfect/bin/trf --trf-options '2 7 7 80 10 50 500 -h -ngs' --nproc 8
05/01/2026 01:44:03 PM - kneaddata.utilities - DEBUG: 0
05/01/2026 01:44:03 PM - kneaddata.utilities - DEBUG: Checking output file from trf : /home/humann2/tfg_ckd/cleaned_data/ERR11868998_knead/ERR11868998_1_kneaddata.trimmed.single.2.fasta.trf.parameters.2.7.7.80.10.50.500.dat
05/01/2026 01:44:04 PM - kneaddata.run - INFO: Total number of sequences with repeats removed from file ( /home/humann2/tfg_ckd/cleaned_data/ERR11868998_knead/ERR11868998_1_kneaddata.trimmed.single.2.fastq ): 439
05/01/2026 01:44:04 PM - kneaddata.run - INFO: Decontaminating ...
05/01/2026 01:44:04 PM - kneaddata.utilities - DEBUG: Checking input file to bowtie2 : /home/humann2/tfg_ckd/cleaned_data/ERR11868998_knead/ERR11868998_1_kneaddata.repeats.removed.1.fastq
05/01/2026 01:44:04 PM - kneaddata.utilities - DEBUG: Checking input file to bowtie2 : /home/humann2/tfg_ckd/cleaned_data/ERR11868998_knead/ERR11868998_1_kneaddata.repeats.removed.2.fastq
05/01/2026 01:44:04 PM - kneaddata.utilities - DEBUG: Checking input file to bowtie2 : /home/humann2/tfg_ckd/cleaned_data/ERR11868998_knead/ERR11868998_1_kneaddata.repeats.removed.unmatched.1.fastq
05/01/2026 01:44:04 PM - kneaddata.utilities - DEBUG: Checking input file to bowtie2 : /home/humann2/tfg_ckd/cleaned_data/ERR11868998_knead/ERR11868998_1_kneaddata.repeats.removed.unmatched.2.fastq
05/01/2026 01:44:04 PM - kneaddata.utilities - INFO: Running bowtie2 ... 
05/01/2026 01:44:04 PM - kneaddata.utilities - INFO: Execute command: kneaddata_bowtie2_discordant_pairs --bowtie2 /home/humann2/miniforge3/envs/env_perfect/bin/bowtie2 --threads 8 -x /home/humann2/db/kneaddata/hg_39 --mode strict --bowtie2-options "--very-sensitive-local --phred33" -1 /home/humann2/tfg_ckd/cleaned_data/ERR11868998_knead/ERR11868998_1_kneaddata.repeats.removed.1.fastq -2 /home/humann2/tfg_ckd/cleaned_data/ERR11868998_knead/ERR11868998_1_kneaddata.repeats.removed.2.fastq --un-pair /home/humann2/tfg_ckd/cleaned_data/ERR11868998_knead/ERR11868998_1_kneaddata_hg_39_bowtie2_paired_clean_%.fastq --al-pair /home/humann2/tfg_ckd/cleaned_data/ERR11868998_knead/ERR11868998_1_kneaddata_hg_39_bowtie2_paired_contam_%.fastq -U /home/humann2/tfg_ckd/cleaned_data/ERR11868998_knead/ERR11868998_1_kneaddata.repeats.removed.unmatched.1.fastq,/home/humann2/tfg_ckd/cleaned_data/ERR11868998_knead/ERR11868998_1_kneaddata.repeats.removed.unmatched.2.fastq --un-single /home/humann2/tfg_ckd/cleaned_data/ERR11868998_knead/ERR11868998_1_kneaddata_hg_39_bowtie2_unmatched_%_clean.fastq --al-single /home/humann2/tfg_ckd/cleaned_data/ERR11868998_knead/ERR11868998_1_kneaddata_hg_39_bowtie2_unmatched_%_contam.fastq -S /dev/null
05/01/2026 01:51:17 PM - kneaddata.utilities - DEBUG: b'16819858 reads; of these:\n  16819858 (100.00%) were unpaired; of these:\n    16766396 (99.68%) aligned 0 times\n    45554 (0.27%) aligned exactly 1 time\n    7908 (0.05%) aligned >1 times\n0.32% overall alignment rate\npair1_aligned : 49012\npair2_aligned : 49012\npair1_unaligned : 8204787\npair2_unaligned : 8204787\norphan1_aligned : 1098\norphan2_aligned : 971\norphan1_unaligned : 170071\norphan2_unaligned : 140120\n'
05/01/2026 01:51:17 PM - kneaddata.utilities - DEBUG: Checking output file from bowtie2 : /home/humann2/tfg_ckd/cleaned_data/ERR11868998_knead/ERR11868998_1_kneaddata_hg_39_bowtie2_paired_clean_1.fastq
05/01/2026 01:51:17 PM - kneaddata.utilities - DEBUG: Checking output file from bowtie2 : /home/humann2/tfg_ckd/cleaned_data/ERR11868998_knead/ERR11868998_1_kneaddata_hg_39_bowtie2_paired_clean_2.fastq
05/01/2026 01:51:17 PM - kneaddata.run - INFO: Total contaminate sequences in file ( /home/humann2/tfg_ckd/cleaned_data/ERR11868998_knead/ERR11868998_1_kneaddata_hg_39_bowtie2_paired_contam_1.fastq ) : 49012.0
05/01/2026 01:51:17 PM - kneaddata.run - INFO: Total contaminate sequences in file ( /home/humann2/tfg_ckd/cleaned_data/ERR11868998_knead/ERR11868998_1_kneaddata_hg_39_bowtie2_paired_contam_2.fastq ) : 49012.0
05/01/2026 01:51:17 PM - kneaddata.run - INFO: Total contaminate sequences in file ( /home/humann2/tfg_ckd/cleaned_data/ERR11868998_knead/ERR11868998_1_kneaddata_hg_39_bowtie2_unmatched_1_contam.fastq ) : 1098.0
05/01/2026 01:51:17 PM - kneaddata.run - INFO: Total contaminate sequences in file ( /home/humann2/tfg_ckd/cleaned_data/ERR11868998_knead/ERR11868998_1_kneaddata_hg_39_bowtie2_unmatched_2_contam.fastq ) : 971.0
05/01/2026 01:51:23 PM - kneaddata.utilities - INFO: READ COUNT: decontaminated hg_39 pair1 : Total reads after removing those found in reference database ( /home/humann2/tfg_ckd/cleaned_data/ERR11868998_knead/ERR11868998_1_kneaddata_hg_39_bowtie2_paired_clean_1.fastq ): 8204787.0
05/01/2026 01:51:28 PM - kneaddata.utilities - INFO: READ COUNT: decontaminated hg_39 pair2 : Total reads after removing those found in reference database ( /home/humann2/tfg_ckd/cleaned_data/ERR11868998_knead/ERR11868998_1_kneaddata_hg_39_bowtie2_paired_clean_2.fastq ): 8204787.0
05/01/2026 01:51:33 PM - kneaddata.utilities - INFO: READ COUNT: final pair1 : Total reads after merging results from multiple databases ( /home/humann2/tfg_ckd/cleaned_data/ERR11868998_knead/ERR11868998_1_kneaddata_paired_1.fastq ): 8204787.0
05/01/2026 01:51:38 PM - kneaddata.utilities - INFO: READ COUNT: final pair2 : Total reads after merging results from multiple databases ( /home/humann2/tfg_ckd/cleaned_data/ERR11868998_knead/ERR11868998_1_kneaddata_paired_2.fastq ): 8204787.0
05/01/2026 01:51:38 PM - kneaddata.utilities - WARNING: Unable to remove file: /home/humann2/tfg_ckd/cleaned_data/ERR11868998_knead/ERR11868998_1_kneaddata_hg_39_bowtie2_paired_clean_1.fastq
05/01/2026 01:51:38 PM - kneaddata.utilities - WARNING: Unable to remove file: /home/humann2/tfg_ckd/cleaned_data/ERR11868998_knead/ERR11868998_1_kneaddata_hg_39_bowtie2_paired_clean_2.fastq
05/01/2026 01:51:38 PM - kneaddata.utilities - INFO: READ COUNT: decontaminated hg_39 orphan1 : Total reads after removing those found in reference database ( /home/humann2/tfg_ckd/cleaned_data/ERR11868998_knead/ERR11868998_1_kneaddata_hg_39_bowtie2_unmatched_1_clean.fastq ): 170071.0
05/01/2026 01:51:38 PM - kneaddata.utilities - INFO: READ COUNT: final orphan1 : Total reads after merging results from multiple databases ( /home/humann2/tfg_ckd/cleaned_data/ERR11868998_knead/ERR11868998_1_kneaddata_unmatched_1.fastq ): 170071.0
05/01/2026 01:51:38 PM - kneaddata.utilities - WARNING: Unable to remove file: /home/humann2/tfg_ckd/cleaned_data/ERR11868998_knead/ERR11868998_1_kneaddata_hg_39_bowtie2_unmatched_1_clean.fastq
05/01/2026 01:51:38 PM - kneaddata.utilities - INFO: READ COUNT: decontaminated hg_39 orphan2 : Total reads after removing those found in reference database ( /home/humann2/tfg_ckd/cleaned_data/ERR11868998_knead/ERR11868998_1_kneaddata_hg_39_bowtie2_unmatched_2_clean.fastq ): 140120.0
05/01/2026 01:51:39 PM - kneaddata.utilities - INFO: READ COUNT: final orphan2 : Total reads after merging results from multiple databases ( /home/humann2/tfg_ckd/cleaned_data/ERR11868998_knead/ERR11868998_1_kneaddata_unmatched_2.fastq ): 140120.0
05/01/2026 01:51:39 PM - kneaddata.utilities - WARNING: Unable to remove file: /home/humann2/tfg_ckd/cleaned_data/ERR11868998_knead/ERR11868998_1_kneaddata_hg_39_bowtie2_unmatched_2_clean.fastq
05/01/2026 01:51:41 PM - kneaddata.knead_data - INFO: 
Final output files created: 
/home/humann2/tfg_ckd/cleaned_data/ERR11868998_knead/ERR11868998_1_kneaddata_paired_1.fastq
/home/humann2/tfg_ckd/cleaned_data/ERR11868998_knead/ERR11868998_1_kneaddata_paired_2.fastq
/home/humann2/tfg_ckd/cleaned_data/ERR11868998_knead/ERR11868998_1_kneaddata_unmatched_1.fastq
/home/humann2/tfg_ckd/cleaned_data/ERR11868998_knead/ERR11868998_1_kneaddata_unmatched_2.fastq

