05/01/2026 03:20:24 AM - kneaddata.knead_data - INFO: Running kneaddata v0.12.4
05/01/2026 03:20:24 AM - kneaddata.knead_data - INFO: Output files will be written to: /home/jgarrote730/tfg_ckd/cleaned_data/ERR11869029_knead
05/01/2026 03:20:24 AM - kneaddata.knead_data - DEBUG: Running with the following arguments: 
verbose = False
input1 = /home/jgarrote730/tfg_ckd/raw_data/ERR11869029_1.fastq.gz
input2 = /home/jgarrote730/tfg_ckd/raw_data/ERR11869029_2.fastq.gz
unpaired = None
output_dir = /home/jgarrote730/tfg_ckd/cleaned_data/ERR11869029_knead
scratch_dir = 
reference_db = /home/jgarrote730/db/kneaddata/hg_39
bypass_trim = False
output_prefix = ERR11869029_1_kneaddata
threads = 8
processes = 1
trimmomatic_quality_scores = -phred33
bmtagger = False
bypass_trf = False
run_trf = False
fastqc_start = False
fastqc_end = False
store_temp_output = False
remove_intermediate_output = True
cat_final_output = False
log_level = DEBUG
log = /home/jgarrote730/tfg_ckd/cleaned_data/ERR11869029_knead/ERR11869029_1_kneaddata.log
trimmomatic_path = /home/jgarrote730/miniforge3/envs/env_perfect/bin/trimmomatic
run_trim_repetitive = False
max_memory = 500m
trimmomatic_options = None
sequencer_source = NexteraPE
bowtie2_path = /home/jgarrote730/miniforge3/envs/env_perfect/bin/bowtie2
bowtie2_options = --very-sensitive-local --phred33
decontaminate_pairs = strict
reorder = False
serial = True
bmtagger_path = None
trf_path = /home/jgarrote730/miniforge3/envs/env_perfect/bin/trf
match = 2
mismatch = 7
delta = 7
pm = 80
pi = 10
minscore = 50
maxperiod = 500
fastqc_path = None
remove_temp_output = True
input = /home/jgarrote730/tfg_ckd/raw_data/ERR11869029_1.fastq.gz /home/jgarrote730/tfg_ckd/raw_data/ERR11869029_2.fastq.gz
discordant = True

05/01/2026 03:20:24 AM - kneaddata.utilities - INFO: Decompressing gzipped file ...
05/01/2026 03:20:47 AM - kneaddata.utilities - INFO: Decompressed file created: /home/jgarrote730/tfg_ckd/cleaned_data/ERR11869029_knead/decompressed_137oi12h_ERR11869029_1.fastq
05/01/2026 03:20:47 AM - kneaddata.utilities - INFO: Decompressing gzipped file ...
05/01/2026 03:21:14 AM - kneaddata.utilities - INFO: Decompressed file created: /home/jgarrote730/tfg_ckd/cleaned_data/ERR11869029_knead/decompressed_a48yratp_ERR11869029_2.fastq
05/01/2026 03:21:14 AM - kneaddata.utilities - INFO: Reformatting file sequence identifiers ...
05/01/2026 03:21:39 AM - kneaddata.utilities - INFO: Reformatting file sequence identifiers ...
05/01/2026 03:22:17 AM - kneaddata.utilities - INFO: READ COUNT: raw pair1 : Initial number of reads ( /home/jgarrote730/tfg_ckd/cleaned_data/ERR11869029_knead/reformatted_identifierszax2h74b_decompressed_137oi12h_ERR11869029_1.fastq ): 7717374.0
05/01/2026 03:22:20 AM - kneaddata.utilities - INFO: READ COUNT: raw pair2 : Initial number of reads ( /home/jgarrote730/tfg_ckd/cleaned_data/ERR11869029_knead/reformatted_identifiersspz1fjbp_decompressed_a48yratp_ERR11869029_2.fastq ): 7717374.0
05/01/2026 03:22:20 AM - kneaddata.utilities - DEBUG: Checking input file to Trimmomatic : /home/jgarrote730/tfg_ckd/cleaned_data/ERR11869029_knead/reformatted_identifierszax2h74b_decompressed_137oi12h_ERR11869029_1.fastq
05/01/2026 03:22:20 AM - kneaddata.utilities - DEBUG: Checking input file to Trimmomatic : /home/jgarrote730/tfg_ckd/cleaned_data/ERR11869029_knead/reformatted_identifiersspz1fjbp_decompressed_a48yratp_ERR11869029_2.fastq
05/01/2026 03:22:20 AM - kneaddata.utilities - INFO: Running Trimmomatic ... 
05/01/2026 03:22:20 AM - kneaddata.utilities - INFO: Execute command: /home/jgarrote730/miniforge3/envs/env_perfect/bin/trimmomatic PE -threads 8 -phred33 /home/jgarrote730/tfg_ckd/cleaned_data/ERR11869029_knead/reformatted_identifierszax2h74b_decompressed_137oi12h_ERR11869029_1.fastq /home/jgarrote730/tfg_ckd/cleaned_data/ERR11869029_knead/reformatted_identifiersspz1fjbp_decompressed_a48yratp_ERR11869029_2.fastq /home/jgarrote730/tfg_ckd/cleaned_data/ERR11869029_knead/ERR11869029_1_kneaddata.trimmed.1.fastq /home/jgarrote730/tfg_ckd/cleaned_data/ERR11869029_knead/ERR11869029_1_kneaddata.trimmed.single.1.fastq /home/jgarrote730/tfg_ckd/cleaned_data/ERR11869029_knead/ERR11869029_1_kneaddata.trimmed.2.fastq /home/jgarrote730/tfg_ckd/cleaned_data/ERR11869029_knead/ERR11869029_1_kneaddata.trimmed.single.2.fastq MINLEN:60 ILLUMINACLIP:/home/jgarrote730/miniforge3/envs/env_perfect/lib/python3.9/site-packages/kneaddata/adapters/NexteraPE-PE.fa:2:30:10:8:TRUE SLIDINGWINDOW:4:20 MINLEN:75
05/01/2026 03:22:54 AM - kneaddata.utilities - DEBUG: b"TrimmomaticPE: Started with arguments:\n -threads 8 -phred33 /home/jgarrote730/tfg_ckd/cleaned_data/ERR11869029_knead/reformatted_identifierszax2h74b_decompressed_137oi12h_ERR11869029_1.fastq /home/jgarrote730/tfg_ckd/cleaned_data/ERR11869029_knead/reformatted_identifiersspz1fjbp_decompressed_a48yratp_ERR11869029_2.fastq /home/jgarrote730/tfg_ckd/cleaned_data/ERR11869029_knead/ERR11869029_1_kneaddata.trimmed.1.fastq /home/jgarrote730/tfg_ckd/cleaned_data/ERR11869029_knead/ERR11869029_1_kneaddata.trimmed.single.1.fastq /home/jgarrote730/tfg_ckd/cleaned_data/ERR11869029_knead/ERR11869029_1_kneaddata.trimmed.2.fastq /home/jgarrote730/tfg_ckd/cleaned_data/ERR11869029_knead/ERR11869029_1_kneaddata.trimmed.single.2.fastq MINLEN:60 ILLUMINACLIP:/home/jgarrote730/miniforge3/envs/env_perfect/lib/python3.9/site-packages/kneaddata/adapters/NexteraPE-PE.fa:2:30:10:8:TRUE SLIDINGWINDOW:4:20 MINLEN:75\nILLUMINACLIP: Using adapter file from user-specified absolute path: /home/jgarrote730/miniforge3/envs/env_perfect/lib/python3.9/site-packages/kneaddata/adapters/NexteraPE-PE.fa\nUsing PrefixPair: 'AGATGTGTATAAGAGACAG' and 'AGATGTGTATAAGAGACAG'\nUsing Long Clipping Sequence: 'GTCTCGTGGGCTCGGAGATGTGTATAAGAGACAG'\nUsing Long Clipping Sequence: 'TCGTCGGCAGCGTCAGATGTGTATAAGAGACAG'\nUsing Long Clipping Sequence: 'CTGTCTCTTATACACATCTCCGAGCCCACGAGAC'\nUsing Long Clipping Sequence: 'CTGTCTCTTATACACATCTGACGCTGCCGACGA'\nILLUMINACLIP: Using 1 prefix pairs, 4 forward/reverse sequences, 0 forward only sequences, 0 reverse only sequences\nInput Read Pairs: 7717374 Both Surviving: 7281511 (94.35%) Forward Only Surviving: 168833 (2.19%) Reverse Only Surviving: 151984 (1.97%) Dropped: 115046 (1.49%)\nTrimmomaticPE: Completed successfully\n"
05/01/2026 03:22:54 AM - kneaddata.utilities - DEBUG: Checking output file from Trimmomatic : /home/jgarrote730/tfg_ckd/cleaned_data/ERR11869029_knead/ERR11869029_1_kneaddata.trimmed.1.fastq
05/01/2026 03:22:54 AM - kneaddata.utilities - DEBUG: Checking output file from Trimmomatic : /home/jgarrote730/tfg_ckd/cleaned_data/ERR11869029_knead/ERR11869029_1_kneaddata.trimmed.single.1.fastq
05/01/2026 03:22:54 AM - kneaddata.utilities - DEBUG: Checking output file from Trimmomatic : /home/jgarrote730/tfg_ckd/cleaned_data/ERR11869029_knead/ERR11869029_1_kneaddata.trimmed.2.fastq
05/01/2026 03:22:54 AM - kneaddata.utilities - DEBUG: Checking output file from Trimmomatic : /home/jgarrote730/tfg_ckd/cleaned_data/ERR11869029_knead/ERR11869029_1_kneaddata.trimmed.single.2.fastq
05/01/2026 03:22:56 AM - kneaddata.utilities - INFO: READ COUNT: trimmed pair1 : Total reads after trimming ( /home/jgarrote730/tfg_ckd/cleaned_data/ERR11869029_knead/ERR11869029_1_kneaddata.trimmed.1.fastq ): 7281511.0
05/01/2026 03:22:59 AM - kneaddata.utilities - INFO: READ COUNT: trimmed pair2 : Total reads after trimming ( /home/jgarrote730/tfg_ckd/cleaned_data/ERR11869029_knead/ERR11869029_1_kneaddata.trimmed.2.fastq ): 7281511.0
05/01/2026 03:22:59 AM - kneaddata.utilities - INFO: READ COUNT: trimmed orphan1 : Total reads after trimming ( /home/jgarrote730/tfg_ckd/cleaned_data/ERR11869029_knead/ERR11869029_1_kneaddata.trimmed.single.1.fastq ): 168833.0
05/01/2026 03:22:59 AM - kneaddata.utilities - INFO: READ COUNT: trimmed orphan2 : Total reads after trimming ( /home/jgarrote730/tfg_ckd/cleaned_data/ERR11869029_knead/ERR11869029_1_kneaddata.trimmed.single.2.fastq ): 151984.0
05/01/2026 03:24:58 AM - kneaddata.utilities - DEBUG: Checking input file to trf : /home/jgarrote730/tfg_ckd/cleaned_data/ERR11869029_knead/ERR11869029_1_kneaddata.trimmed.1.fasta
05/01/2026 03:24:58 AM - kneaddata.utilities - INFO: Running trf ... 
05/01/2026 03:24:58 AM - kneaddata.utilities - INFO: Execute command: kneaddata_trf_parallel --input /home/jgarrote730/tfg_ckd/cleaned_data/ERR11869029_knead/ERR11869029_1_kneaddata.trimmed.1.fasta --output /home/jgarrote730/tfg_ckd/cleaned_data/ERR11869029_knead/ERR11869029_1_kneaddata.trimmed.1.fasta.trf.parameters.2.7.7.80.10.50.500.dat --trf-path /home/jgarrote730/miniforge3/envs/env_perfect/bin/trf --trf-options '2 7 7 80 10 50 500 -h -ngs' --nproc 8
05/01/2026 03:26:40 AM - kneaddata.utilities - DEBUG: 0
05/01/2026 03:26:40 AM - kneaddata.utilities - DEBUG: Checking output file from trf : /home/jgarrote730/tfg_ckd/cleaned_data/ERR11869029_knead/ERR11869029_1_kneaddata.trimmed.1.fasta.trf.parameters.2.7.7.80.10.50.500.dat
05/01/2026 03:26:40 AM - kneaddata.utilities - DEBUG: Checking input file to trf : /home/jgarrote730/tfg_ckd/cleaned_data/ERR11869029_knead/ERR11869029_1_kneaddata.trimmed.2.fasta
05/01/2026 03:26:40 AM - kneaddata.utilities - INFO: Running trf ... 
05/01/2026 03:26:40 AM - kneaddata.utilities - INFO: Execute command: kneaddata_trf_parallel --input /home/jgarrote730/tfg_ckd/cleaned_data/ERR11869029_knead/ERR11869029_1_kneaddata.trimmed.2.fasta --output /home/jgarrote730/tfg_ckd/cleaned_data/ERR11869029_knead/ERR11869029_1_kneaddata.trimmed.2.fasta.trf.parameters.2.7.7.80.10.50.500.dat --trf-path /home/jgarrote730/miniforge3/envs/env_perfect/bin/trf --trf-options '2 7 7 80 10 50 500 -h -ngs' --nproc 8
05/01/2026 03:28:42 AM - kneaddata.utilities - DEBUG: 0
05/01/2026 03:28:42 AM - kneaddata.utilities - DEBUG: Checking output file from trf : /home/jgarrote730/tfg_ckd/cleaned_data/ERR11869029_knead/ERR11869029_1_kneaddata.trimmed.2.fasta.trf.parameters.2.7.7.80.10.50.500.dat
05/01/2026 03:29:07 AM - kneaddata.run - INFO: Total number of sequences with repeats removed from file ( /home/jgarrote730/tfg_ckd/cleaned_data/ERR11869029_knead/ERR11869029_1_kneaddata.trimmed.1.fastq ): 28100
05/01/2026 03:29:32 AM - kneaddata.run - INFO: Total number of sequences with repeats removed from file ( /home/jgarrote730/tfg_ckd/cleaned_data/ERR11869029_knead/ERR11869029_1_kneaddata.trimmed.2.fastq ): 28250
05/01/2026 03:29:35 AM - kneaddata.utilities - DEBUG: Checking input file to trf : /home/jgarrote730/tfg_ckd/cleaned_data/ERR11869029_knead/ERR11869029_1_kneaddata.trimmed.single.1.fasta
05/01/2026 03:29:35 AM - kneaddata.utilities - INFO: Running trf ... 
05/01/2026 03:29:35 AM - kneaddata.utilities - INFO: Execute command: kneaddata_trf_parallel --input /home/jgarrote730/tfg_ckd/cleaned_data/ERR11869029_knead/ERR11869029_1_kneaddata.trimmed.single.1.fasta --output /home/jgarrote730/tfg_ckd/cleaned_data/ERR11869029_knead/ERR11869029_1_kneaddata.trimmed.single.1.fasta.trf.parameters.2.7.7.80.10.50.500.dat --trf-path /home/jgarrote730/miniforge3/envs/env_perfect/bin/trf --trf-options '2 7 7 80 10 50 500 -h -ngs' --nproc 8
05/01/2026 03:29:38 AM - kneaddata.utilities - DEBUG: 0
05/01/2026 03:29:38 AM - kneaddata.utilities - DEBUG: Checking output file from trf : /home/jgarrote730/tfg_ckd/cleaned_data/ERR11869029_knead/ERR11869029_1_kneaddata.trimmed.single.1.fasta.trf.parameters.2.7.7.80.10.50.500.dat
05/01/2026 03:29:39 AM - kneaddata.run - INFO: Total number of sequences with repeats removed from file ( /home/jgarrote730/tfg_ckd/cleaned_data/ERR11869029_knead/ERR11869029_1_kneaddata.trimmed.single.1.fastq ): 772
05/01/2026 03:29:41 AM - kneaddata.utilities - DEBUG: Checking input file to trf : /home/jgarrote730/tfg_ckd/cleaned_data/ERR11869029_knead/ERR11869029_1_kneaddata.trimmed.single.2.fasta
05/01/2026 03:29:41 AM - kneaddata.utilities - INFO: Running trf ... 
05/01/2026 03:29:41 AM - kneaddata.utilities - INFO: Execute command: kneaddata_trf_parallel --input /home/jgarrote730/tfg_ckd/cleaned_data/ERR11869029_knead/ERR11869029_1_kneaddata.trimmed.single.2.fasta --output /home/jgarrote730/tfg_ckd/cleaned_data/ERR11869029_knead/ERR11869029_1_kneaddata.trimmed.single.2.fasta.trf.parameters.2.7.7.80.10.50.500.dat --trf-path /home/jgarrote730/miniforge3/envs/env_perfect/bin/trf --trf-options '2 7 7 80 10 50 500 -h -ngs' --nproc 8
05/01/2026 03:29:45 AM - kneaddata.utilities - DEBUG: 0
05/01/2026 03:29:45 AM - kneaddata.utilities - DEBUG: Checking output file from trf : /home/jgarrote730/tfg_ckd/cleaned_data/ERR11869029_knead/ERR11869029_1_kneaddata.trimmed.single.2.fasta.trf.parameters.2.7.7.80.10.50.500.dat
05/01/2026 03:29:45 AM - kneaddata.run - INFO: Total number of sequences with repeats removed from file ( /home/jgarrote730/tfg_ckd/cleaned_data/ERR11869029_knead/ERR11869029_1_kneaddata.trimmed.single.2.fastq ): 662
05/01/2026 03:29:45 AM - kneaddata.run - INFO: Decontaminating ...
05/01/2026 03:29:45 AM - kneaddata.utilities - DEBUG: Checking input file to bowtie2 : /home/jgarrote730/tfg_ckd/cleaned_data/ERR11869029_knead/ERR11869029_1_kneaddata.repeats.removed.1.fastq
05/01/2026 03:29:45 AM - kneaddata.utilities - DEBUG: Checking input file to bowtie2 : /home/jgarrote730/tfg_ckd/cleaned_data/ERR11869029_knead/ERR11869029_1_kneaddata.repeats.removed.2.fastq
05/01/2026 03:29:45 AM - kneaddata.utilities - DEBUG: Checking input file to bowtie2 : /home/jgarrote730/tfg_ckd/cleaned_data/ERR11869029_knead/ERR11869029_1_kneaddata.repeats.removed.unmatched.1.fastq
05/01/2026 03:29:45 AM - kneaddata.utilities - DEBUG: Checking input file to bowtie2 : /home/jgarrote730/tfg_ckd/cleaned_data/ERR11869029_knead/ERR11869029_1_kneaddata.repeats.removed.unmatched.2.fastq
05/01/2026 03:29:45 AM - kneaddata.utilities - INFO: Running bowtie2 ... 
05/01/2026 03:29:45 AM - kneaddata.utilities - INFO: Execute command: kneaddata_bowtie2_discordant_pairs --bowtie2 /home/jgarrote730/miniforge3/envs/env_perfect/bin/bowtie2 --threads 8 -x /home/jgarrote730/db/kneaddata/hg_39 --mode strict --bowtie2-options "--very-sensitive-local --phred33" -1 /home/jgarrote730/tfg_ckd/cleaned_data/ERR11869029_knead/ERR11869029_1_kneaddata.repeats.removed.1.fastq -2 /home/jgarrote730/tfg_ckd/cleaned_data/ERR11869029_knead/ERR11869029_1_kneaddata.repeats.removed.2.fastq --un-pair /home/jgarrote730/tfg_ckd/cleaned_data/ERR11869029_knead/ERR11869029_1_kneaddata_hg_39_bowtie2_paired_clean_%.fastq --al-pair /home/jgarrote730/tfg_ckd/cleaned_data/ERR11869029_knead/ERR11869029_1_kneaddata_hg_39_bowtie2_paired_contam_%.fastq -U /home/jgarrote730/tfg_ckd/cleaned_data/ERR11869029_knead/ERR11869029_1_kneaddata.repeats.removed.unmatched.1.fastq,/home/jgarrote730/tfg_ckd/cleaned_data/ERR11869029_knead/ERR11869029_1_kneaddata.repeats.removed.unmatched.2.fastq --un-single /home/jgarrote730/tfg_ckd/cleaned_data/ERR11869029_knead/ERR11869029_1_kneaddata_hg_39_bowtie2_unmatched_%_clean.fastq --al-single /home/jgarrote730/tfg_ckd/cleaned_data/ERR11869029_knead/ERR11869029_1_kneaddata_hg_39_bowtie2_unmatched_%_contam.fastq -S /dev/null
05/01/2026 03:34:23 AM - kneaddata.utilities - DEBUG: b'[WARNING] Failed to launch x86-64-v3 version, staying with default\n[WARNING] Failed to launch x86-64-v3 version, staying with default\n14826055 reads; of these:\n  14826055 (100.00%) were unpaired; of these:\n    14820042 (99.96%) aligned 0 times\n    2974 (0.02%) aligned exactly 1 time\n    3039 (0.02%) aligned >1 times\n0.04% overall alignment rate\npair1_aligned : 3438\npair2_aligned : 3438\npair1_unaligned : 7224853\npair2_unaligned : 7224853\norphan1_aligned : 146\norphan2_aligned : 148\norphan1_unaligned : 193035\norphan2_unaligned : 176144\n'
05/01/2026 03:34:23 AM - kneaddata.utilities - DEBUG: Checking output file from bowtie2 : /home/jgarrote730/tfg_ckd/cleaned_data/ERR11869029_knead/ERR11869029_1_kneaddata_hg_39_bowtie2_paired_clean_1.fastq
05/01/2026 03:34:23 AM - kneaddata.utilities - DEBUG: Checking output file from bowtie2 : /home/jgarrote730/tfg_ckd/cleaned_data/ERR11869029_knead/ERR11869029_1_kneaddata_hg_39_bowtie2_paired_clean_2.fastq
05/01/2026 03:34:23 AM - kneaddata.run - INFO: Total contaminate sequences in file ( /home/jgarrote730/tfg_ckd/cleaned_data/ERR11869029_knead/ERR11869029_1_kneaddata_hg_39_bowtie2_paired_contam_1.fastq ) : 3438.0
05/01/2026 03:34:23 AM - kneaddata.run - INFO: Total contaminate sequences in file ( /home/jgarrote730/tfg_ckd/cleaned_data/ERR11869029_knead/ERR11869029_1_kneaddata_hg_39_bowtie2_paired_contam_2.fastq ) : 3438.0
05/01/2026 03:34:23 AM - kneaddata.run - INFO: Total contaminate sequences in file ( /home/jgarrote730/tfg_ckd/cleaned_data/ERR11869029_knead/ERR11869029_1_kneaddata_hg_39_bowtie2_unmatched_1_contam.fastq ) : 146.0
05/01/2026 03:34:23 AM - kneaddata.run - INFO: Total contaminate sequences in file ( /home/jgarrote730/tfg_ckd/cleaned_data/ERR11869029_knead/ERR11869029_1_kneaddata_hg_39_bowtie2_unmatched_2_contam.fastq ) : 148.0
05/01/2026 03:34:25 AM - kneaddata.utilities - INFO: READ COUNT: decontaminated hg_39 pair1 : Total reads after removing those found in reference database ( /home/jgarrote730/tfg_ckd/cleaned_data/ERR11869029_knead/ERR11869029_1_kneaddata_hg_39_bowtie2_paired_clean_1.fastq ): 7224853.0
05/01/2026 03:34:28 AM - kneaddata.utilities - INFO: READ COUNT: decontaminated hg_39 pair2 : Total reads after removing those found in reference database ( /home/jgarrote730/tfg_ckd/cleaned_data/ERR11869029_knead/ERR11869029_1_kneaddata_hg_39_bowtie2_paired_clean_2.fastq ): 7224853.0
05/01/2026 03:34:31 AM - kneaddata.utilities - INFO: READ COUNT: final pair1 : Total reads after merging results from multiple databases ( /home/jgarrote730/tfg_ckd/cleaned_data/ERR11869029_knead/ERR11869029_1_kneaddata_paired_1.fastq ): 7224853.0
05/01/2026 03:34:34 AM - kneaddata.utilities - INFO: READ COUNT: final pair2 : Total reads after merging results from multiple databases ( /home/jgarrote730/tfg_ckd/cleaned_data/ERR11869029_knead/ERR11869029_1_kneaddata_paired_2.fastq ): 7224853.0
05/01/2026 03:34:34 AM - kneaddata.utilities - WARNING: Unable to remove file: /home/jgarrote730/tfg_ckd/cleaned_data/ERR11869029_knead/ERR11869029_1_kneaddata_hg_39_bowtie2_paired_clean_1.fastq
05/01/2026 03:34:34 AM - kneaddata.utilities - WARNING: Unable to remove file: /home/jgarrote730/tfg_ckd/cleaned_data/ERR11869029_knead/ERR11869029_1_kneaddata_hg_39_bowtie2_paired_clean_2.fastq
05/01/2026 03:34:34 AM - kneaddata.utilities - INFO: READ COUNT: decontaminated hg_39 orphan1 : Total reads after removing those found in reference database ( /home/jgarrote730/tfg_ckd/cleaned_data/ERR11869029_knead/ERR11869029_1_kneaddata_hg_39_bowtie2_unmatched_1_clean.fastq ): 193035.0
05/01/2026 03:34:34 AM - kneaddata.utilities - INFO: READ COUNT: final orphan1 : Total reads after merging results from multiple databases ( /home/jgarrote730/tfg_ckd/cleaned_data/ERR11869029_knead/ERR11869029_1_kneaddata_unmatched_1.fastq ): 193035.0
05/01/2026 03:34:34 AM - kneaddata.utilities - WARNING: Unable to remove file: /home/jgarrote730/tfg_ckd/cleaned_data/ERR11869029_knead/ERR11869029_1_kneaddata_hg_39_bowtie2_unmatched_1_clean.fastq
05/01/2026 03:34:34 AM - kneaddata.utilities - INFO: READ COUNT: decontaminated hg_39 orphan2 : Total reads after removing those found in reference database ( /home/jgarrote730/tfg_ckd/cleaned_data/ERR11869029_knead/ERR11869029_1_kneaddata_hg_39_bowtie2_unmatched_2_clean.fastq ): 176144.0
05/01/2026 03:34:34 AM - kneaddata.utilities - INFO: READ COUNT: final orphan2 : Total reads after merging results from multiple databases ( /home/jgarrote730/tfg_ckd/cleaned_data/ERR11869029_knead/ERR11869029_1_kneaddata_unmatched_2.fastq ): 176144.0
05/01/2026 03:34:34 AM - kneaddata.utilities - WARNING: Unable to remove file: /home/jgarrote730/tfg_ckd/cleaned_data/ERR11869029_knead/ERR11869029_1_kneaddata_hg_39_bowtie2_unmatched_2_clean.fastq
05/01/2026 03:34:35 AM - kneaddata.knead_data - INFO: 
Final output files created: 
/home/jgarrote730/tfg_ckd/cleaned_data/ERR11869029_knead/ERR11869029_1_kneaddata_paired_1.fastq
/home/jgarrote730/tfg_ckd/cleaned_data/ERR11869029_knead/ERR11869029_1_kneaddata_paired_2.fastq
/home/jgarrote730/tfg_ckd/cleaned_data/ERR11869029_knead/ERR11869029_1_kneaddata_unmatched_1.fastq
/home/jgarrote730/tfg_ckd/cleaned_data/ERR11869029_knead/ERR11869029_1_kneaddata_unmatched_2.fastq

