05/02/2026 04:53:31 PM - kneaddata.knead_data - INFO: Running kneaddata v0.12.4
05/02/2026 04:53:31 PM - kneaddata.knead_data - INFO: Output files will be written to: /home/humann2/tfg_ckd/cleaned_data/ERR11869415_knead
05/02/2026 04:53:31 PM - kneaddata.knead_data - DEBUG: Running with the following arguments: 
verbose = False
input1 = /home/humann2/tfg_ckd/raw_data/ERR11869415_1.fastq.gz
input2 = /home/humann2/tfg_ckd/raw_data/ERR11869415_2.fastq.gz
unpaired = None
output_dir = /home/humann2/tfg_ckd/cleaned_data/ERR11869415_knead
scratch_dir = 
reference_db = /home/humann2/db/kneaddata/hg_39
bypass_trim = False
output_prefix = ERR11869415_1_kneaddata
threads = 8
processes = 1
trimmomatic_quality_scores = -phred33
bmtagger = False
bypass_trf = False
run_trf = False
fastqc_start = False
fastqc_end = False
store_temp_output = False
remove_intermediate_output = True
cat_final_output = False
log_level = DEBUG
log = /home/humann2/tfg_ckd/cleaned_data/ERR11869415_knead/ERR11869415_1_kneaddata.log
trimmomatic_path = /home/humann2/miniforge3/envs/env_perfect/bin/trimmomatic
run_trim_repetitive = False
max_memory = 500m
trimmomatic_options = None
sequencer_source = NexteraPE
bowtie2_path = /home/humann2/miniforge3/envs/env_perfect/bin/bowtie2
bowtie2_options = --very-sensitive-local --phred33
decontaminate_pairs = strict
reorder = False
serial = True
bmtagger_path = None
trf_path = /home/humann2/miniforge3/envs/env_perfect/bin/trf
match = 2
mismatch = 7
delta = 7
pm = 80
pi = 10
minscore = 50
maxperiod = 500
fastqc_path = None
remove_temp_output = True
input = /home/humann2/tfg_ckd/raw_data/ERR11869415_1.fastq.gz /home/humann2/tfg_ckd/raw_data/ERR11869415_2.fastq.gz
discordant = True

05/02/2026 04:53:31 PM - kneaddata.utilities - INFO: Decompressing gzipped file ...
05/02/2026 04:54:26 PM - kneaddata.utilities - INFO: Decompressed file created: /home/humann2/tfg_ckd/cleaned_data/ERR11869415_knead/decompressed_nuo1y4gx_ERR11869415_1.fastq
05/02/2026 04:54:26 PM - kneaddata.utilities - INFO: Decompressing gzipped file ...
05/02/2026 04:55:21 PM - kneaddata.utilities - INFO: Decompressed file created: /home/humann2/tfg_ckd/cleaned_data/ERR11869415_knead/decompressed_wtjsdrom_ERR11869415_2.fastq
05/02/2026 04:55:21 PM - kneaddata.utilities - INFO: Reformatting file sequence identifiers ...
05/02/2026 04:56:22 PM - kneaddata.utilities - INFO: Reformatting file sequence identifiers ...
05/02/2026 04:57:29 PM - kneaddata.utilities - INFO: READ COUNT: raw pair1 : Initial number of reads ( /home/humann2/tfg_ckd/cleaned_data/ERR11869415_knead/reformatted_identifiers4qhts3hz_decompressed_nuo1y4gx_ERR11869415_1.fastq ): 10050047.0
05/02/2026 04:57:35 PM - kneaddata.utilities - INFO: READ COUNT: raw pair2 : Initial number of reads ( /home/humann2/tfg_ckd/cleaned_data/ERR11869415_knead/reformatted_identifierslhqe7i_2_decompressed_wtjsdrom_ERR11869415_2.fastq ): 10050047.0
05/02/2026 04:57:35 PM - kneaddata.utilities - DEBUG: Checking input file to Trimmomatic : /home/humann2/tfg_ckd/cleaned_data/ERR11869415_knead/reformatted_identifiers4qhts3hz_decompressed_nuo1y4gx_ERR11869415_1.fastq
05/02/2026 04:57:35 PM - kneaddata.utilities - DEBUG: Checking input file to Trimmomatic : /home/humann2/tfg_ckd/cleaned_data/ERR11869415_knead/reformatted_identifierslhqe7i_2_decompressed_wtjsdrom_ERR11869415_2.fastq
05/02/2026 04:57:35 PM - kneaddata.utilities - INFO: Running Trimmomatic ... 
05/02/2026 04:57:35 PM - kneaddata.utilities - INFO: Execute command: /home/humann2/miniforge3/envs/env_perfect/bin/trimmomatic PE -threads 8 -phred33 /home/humann2/tfg_ckd/cleaned_data/ERR11869415_knead/reformatted_identifiers4qhts3hz_decompressed_nuo1y4gx_ERR11869415_1.fastq /home/humann2/tfg_ckd/cleaned_data/ERR11869415_knead/reformatted_identifierslhqe7i_2_decompressed_wtjsdrom_ERR11869415_2.fastq /home/humann2/tfg_ckd/cleaned_data/ERR11869415_knead/ERR11869415_1_kneaddata.trimmed.1.fastq /home/humann2/tfg_ckd/cleaned_data/ERR11869415_knead/ERR11869415_1_kneaddata.trimmed.single.1.fastq /home/humann2/tfg_ckd/cleaned_data/ERR11869415_knead/ERR11869415_1_kneaddata.trimmed.2.fastq /home/humann2/tfg_ckd/cleaned_data/ERR11869415_knead/ERR11869415_1_kneaddata.trimmed.single.2.fastq MINLEN:60 ILLUMINACLIP:/home/humann2/miniforge3/envs/env_perfect/lib/python3.9/site-packages/kneaddata/adapters/NexteraPE-PE.fa:2:30:10:8:TRUE SLIDINGWINDOW:4:20 MINLEN:75
05/02/2026 04:58:36 PM - kneaddata.utilities - DEBUG: b"TrimmomaticPE: Started with arguments:\n -threads 8 -phred33 /home/humann2/tfg_ckd/cleaned_data/ERR11869415_knead/reformatted_identifiers4qhts3hz_decompressed_nuo1y4gx_ERR11869415_1.fastq /home/humann2/tfg_ckd/cleaned_data/ERR11869415_knead/reformatted_identifierslhqe7i_2_decompressed_wtjsdrom_ERR11869415_2.fastq /home/humann2/tfg_ckd/cleaned_data/ERR11869415_knead/ERR11869415_1_kneaddata.trimmed.1.fastq /home/humann2/tfg_ckd/cleaned_data/ERR11869415_knead/ERR11869415_1_kneaddata.trimmed.single.1.fastq /home/humann2/tfg_ckd/cleaned_data/ERR11869415_knead/ERR11869415_1_kneaddata.trimmed.2.fastq /home/humann2/tfg_ckd/cleaned_data/ERR11869415_knead/ERR11869415_1_kneaddata.trimmed.single.2.fastq MINLEN:60 ILLUMINACLIP:/home/humann2/miniforge3/envs/env_perfect/lib/python3.9/site-packages/kneaddata/adapters/NexteraPE-PE.fa:2:30:10:8:TRUE SLIDINGWINDOW:4:20 MINLEN:75\nILLUMINACLIP: Using adapter file from user-specified absolute path: /home/humann2/miniforge3/envs/env_perfect/lib/python3.9/site-packages/kneaddata/adapters/NexteraPE-PE.fa\nUsing PrefixPair: 'AGATGTGTATAAGAGACAG' and 'AGATGTGTATAAGAGACAG'\nUsing Long Clipping Sequence: 'GTCTCGTGGGCTCGGAGATGTGTATAAGAGACAG'\nUsing Long Clipping Sequence: 'TCGTCGGCAGCGTCAGATGTGTATAAGAGACAG'\nUsing Long Clipping Sequence: 'CTGTCTCTTATACACATCTCCGAGCCCACGAGAC'\nUsing Long Clipping Sequence: 'CTGTCTCTTATACACATCTGACGCTGCCGACGA'\nILLUMINACLIP: Using 1 prefix pairs, 4 forward/reverse sequences, 0 forward only sequences, 0 reverse only sequences\nInput Read Pairs: 10050047 Both Surviving: 9688916 (96.41%) Forward Only Surviving: 139916 (1.39%) Reverse Only Surviving: 144432 (1.44%) Dropped: 76783 (0.76%)\nTrimmomaticPE: Completed successfully\n"
05/02/2026 04:58:36 PM - kneaddata.utilities - DEBUG: Checking output file from Trimmomatic : /home/humann2/tfg_ckd/cleaned_data/ERR11869415_knead/ERR11869415_1_kneaddata.trimmed.1.fastq
05/02/2026 04:58:36 PM - kneaddata.utilities - DEBUG: Checking output file from Trimmomatic : /home/humann2/tfg_ckd/cleaned_data/ERR11869415_knead/ERR11869415_1_kneaddata.trimmed.single.1.fastq
05/02/2026 04:58:36 PM - kneaddata.utilities - DEBUG: Checking output file from Trimmomatic : /home/humann2/tfg_ckd/cleaned_data/ERR11869415_knead/ERR11869415_1_kneaddata.trimmed.2.fastq
05/02/2026 04:58:36 PM - kneaddata.utilities - DEBUG: Checking output file from Trimmomatic : /home/humann2/tfg_ckd/cleaned_data/ERR11869415_knead/ERR11869415_1_kneaddata.trimmed.single.2.fastq
05/02/2026 04:58:42 PM - kneaddata.utilities - INFO: READ COUNT: trimmed pair1 : Total reads after trimming ( /home/humann2/tfg_ckd/cleaned_data/ERR11869415_knead/ERR11869415_1_kneaddata.trimmed.1.fastq ): 9688916.0
05/02/2026 04:58:48 PM - kneaddata.utilities - INFO: READ COUNT: trimmed pair2 : Total reads after trimming ( /home/humann2/tfg_ckd/cleaned_data/ERR11869415_knead/ERR11869415_1_kneaddata.trimmed.2.fastq ): 9688916.0
05/02/2026 04:58:48 PM - kneaddata.utilities - INFO: READ COUNT: trimmed orphan1 : Total reads after trimming ( /home/humann2/tfg_ckd/cleaned_data/ERR11869415_knead/ERR11869415_1_kneaddata.trimmed.single.1.fastq ): 139916.0
05/02/2026 04:58:48 PM - kneaddata.utilities - INFO: READ COUNT: trimmed orphan2 : Total reads after trimming ( /home/humann2/tfg_ckd/cleaned_data/ERR11869415_knead/ERR11869415_1_kneaddata.trimmed.single.2.fastq ): 144432.0
05/02/2026 05:03:22 PM - kneaddata.utilities - DEBUG: Checking input file to trf : /home/humann2/tfg_ckd/cleaned_data/ERR11869415_knead/ERR11869415_1_kneaddata.trimmed.1.fasta
05/02/2026 05:03:22 PM - kneaddata.utilities - INFO: Running trf ... 
05/02/2026 05:03:22 PM - kneaddata.utilities - INFO: Execute command: kneaddata_trf_parallel --input /home/humann2/tfg_ckd/cleaned_data/ERR11869415_knead/ERR11869415_1_kneaddata.trimmed.1.fasta --output /home/humann2/tfg_ckd/cleaned_data/ERR11869415_knead/ERR11869415_1_kneaddata.trimmed.1.fasta.trf.parameters.2.7.7.80.10.50.500.dat --trf-path /home/humann2/miniforge3/envs/env_perfect/bin/trf --trf-options '2 7 7 80 10 50 500 -h -ngs' --nproc 8
05/02/2026 05:06:56 PM - kneaddata.utilities - DEBUG: 0
05/02/2026 05:06:56 PM - kneaddata.utilities - DEBUG: Checking output file from trf : /home/humann2/tfg_ckd/cleaned_data/ERR11869415_knead/ERR11869415_1_kneaddata.trimmed.1.fasta.trf.parameters.2.7.7.80.10.50.500.dat
05/02/2026 05:06:56 PM - kneaddata.utilities - DEBUG: Checking input file to trf : /home/humann2/tfg_ckd/cleaned_data/ERR11869415_knead/ERR11869415_1_kneaddata.trimmed.2.fasta
05/02/2026 05:06:56 PM - kneaddata.utilities - INFO: Running trf ... 
05/02/2026 05:06:56 PM - kneaddata.utilities - INFO: Execute command: kneaddata_trf_parallel --input /home/humann2/tfg_ckd/cleaned_data/ERR11869415_knead/ERR11869415_1_kneaddata.trimmed.2.fasta --output /home/humann2/tfg_ckd/cleaned_data/ERR11869415_knead/ERR11869415_1_kneaddata.trimmed.2.fasta.trf.parameters.2.7.7.80.10.50.500.dat --trf-path /home/humann2/miniforge3/envs/env_perfect/bin/trf --trf-options '2 7 7 80 10 50 500 -h -ngs' --nproc 8
05/02/2026 05:10:32 PM - kneaddata.utilities - DEBUG: 0
05/02/2026 05:10:32 PM - kneaddata.utilities - DEBUG: Checking output file from trf : /home/humann2/tfg_ckd/cleaned_data/ERR11869415_knead/ERR11869415_1_kneaddata.trimmed.2.fasta.trf.parameters.2.7.7.80.10.50.500.dat
05/02/2026 05:10:52 PM - kneaddata.run - INFO: Total number of sequences with repeats removed from file ( /home/humann2/tfg_ckd/cleaned_data/ERR11869415_knead/ERR11869415_1_kneaddata.trimmed.1.fastq ): 43846
05/02/2026 05:11:10 PM - kneaddata.run - INFO: Total number of sequences with repeats removed from file ( /home/humann2/tfg_ckd/cleaned_data/ERR11869415_knead/ERR11869415_1_kneaddata.trimmed.2.fastq ): 44105
05/02/2026 05:11:12 PM - kneaddata.utilities - DEBUG: Checking input file to trf : /home/humann2/tfg_ckd/cleaned_data/ERR11869415_knead/ERR11869415_1_kneaddata.trimmed.single.1.fasta
05/02/2026 05:11:12 PM - kneaddata.utilities - INFO: Running trf ... 
05/02/2026 05:11:12 PM - kneaddata.utilities - INFO: Execute command: kneaddata_trf_parallel --input /home/humann2/tfg_ckd/cleaned_data/ERR11869415_knead/ERR11869415_1_kneaddata.trimmed.single.1.fasta --output /home/humann2/tfg_ckd/cleaned_data/ERR11869415_knead/ERR11869415_1_kneaddata.trimmed.single.1.fasta.trf.parameters.2.7.7.80.10.50.500.dat --trf-path /home/humann2/miniforge3/envs/env_perfect/bin/trf --trf-options '2 7 7 80 10 50 500 -h -ngs' --nproc 8
05/02/2026 05:11:18 PM - kneaddata.utilities - DEBUG: 0
05/02/2026 05:11:18 PM - kneaddata.utilities - DEBUG: Checking output file from trf : /home/humann2/tfg_ckd/cleaned_data/ERR11869415_knead/ERR11869415_1_kneaddata.trimmed.single.1.fasta.trf.parameters.2.7.7.80.10.50.500.dat
05/02/2026 05:11:18 PM - kneaddata.run - INFO: Total number of sequences with repeats removed from file ( /home/humann2/tfg_ckd/cleaned_data/ERR11869415_knead/ERR11869415_1_kneaddata.trimmed.single.1.fastq ): 696
05/02/2026 05:11:20 PM - kneaddata.utilities - DEBUG: Checking input file to trf : /home/humann2/tfg_ckd/cleaned_data/ERR11869415_knead/ERR11869415_1_kneaddata.trimmed.single.2.fasta
05/02/2026 05:11:20 PM - kneaddata.utilities - INFO: Running trf ... 
05/02/2026 05:11:20 PM - kneaddata.utilities - INFO: Execute command: kneaddata_trf_parallel --input /home/humann2/tfg_ckd/cleaned_data/ERR11869415_knead/ERR11869415_1_kneaddata.trimmed.single.2.fasta --output /home/humann2/tfg_ckd/cleaned_data/ERR11869415_knead/ERR11869415_1_kneaddata.trimmed.single.2.fasta.trf.parameters.2.7.7.80.10.50.500.dat --trf-path /home/humann2/miniforge3/envs/env_perfect/bin/trf --trf-options '2 7 7 80 10 50 500 -h -ngs' --nproc 8
05/02/2026 05:11:28 PM - kneaddata.utilities - DEBUG: 0
05/02/2026 05:11:28 PM - kneaddata.utilities - DEBUG: Checking output file from trf : /home/humann2/tfg_ckd/cleaned_data/ERR11869415_knead/ERR11869415_1_kneaddata.trimmed.single.2.fasta.trf.parameters.2.7.7.80.10.50.500.dat
05/02/2026 05:11:29 PM - kneaddata.run - INFO: Total number of sequences with repeats removed from file ( /home/humann2/tfg_ckd/cleaned_data/ERR11869415_knead/ERR11869415_1_kneaddata.trimmed.single.2.fastq ): 792
05/02/2026 05:11:29 PM - kneaddata.run - INFO: Decontaminating ...
05/02/2026 05:11:29 PM - kneaddata.utilities - DEBUG: Checking input file to bowtie2 : /home/humann2/tfg_ckd/cleaned_data/ERR11869415_knead/ERR11869415_1_kneaddata.repeats.removed.1.fastq
05/02/2026 05:11:29 PM - kneaddata.utilities - DEBUG: Checking input file to bowtie2 : /home/humann2/tfg_ckd/cleaned_data/ERR11869415_knead/ERR11869415_1_kneaddata.repeats.removed.2.fastq
05/02/2026 05:11:29 PM - kneaddata.utilities - DEBUG: Checking input file to bowtie2 : /home/humann2/tfg_ckd/cleaned_data/ERR11869415_knead/ERR11869415_1_kneaddata.repeats.removed.unmatched.1.fastq
05/02/2026 05:11:29 PM - kneaddata.utilities - DEBUG: Checking input file to bowtie2 : /home/humann2/tfg_ckd/cleaned_data/ERR11869415_knead/ERR11869415_1_kneaddata.repeats.removed.unmatched.2.fastq
05/02/2026 05:11:29 PM - kneaddata.utilities - INFO: Running bowtie2 ... 
05/02/2026 05:11:29 PM - kneaddata.utilities - INFO: Execute command: kneaddata_bowtie2_discordant_pairs --bowtie2 /home/humann2/miniforge3/envs/env_perfect/bin/bowtie2 --threads 8 -x /home/humann2/db/kneaddata/hg_39 --mode strict --bowtie2-options "--very-sensitive-local --phred33" -1 /home/humann2/tfg_ckd/cleaned_data/ERR11869415_knead/ERR11869415_1_kneaddata.repeats.removed.1.fastq -2 /home/humann2/tfg_ckd/cleaned_data/ERR11869415_knead/ERR11869415_1_kneaddata.repeats.removed.2.fastq --un-pair /home/humann2/tfg_ckd/cleaned_data/ERR11869415_knead/ERR11869415_1_kneaddata_hg_39_bowtie2_paired_clean_%.fastq --al-pair /home/humann2/tfg_ckd/cleaned_data/ERR11869415_knead/ERR11869415_1_kneaddata_hg_39_bowtie2_paired_contam_%.fastq -U /home/humann2/tfg_ckd/cleaned_data/ERR11869415_knead/ERR11869415_1_kneaddata.repeats.removed.unmatched.1.fastq,/home/humann2/tfg_ckd/cleaned_data/ERR11869415_knead/ERR11869415_1_kneaddata.repeats.removed.unmatched.2.fastq --un-single /home/humann2/tfg_ckd/cleaned_data/ERR11869415_knead/ERR11869415_1_kneaddata_hg_39_bowtie2_unmatched_%_clean.fastq --al-single /home/humann2/tfg_ckd/cleaned_data/ERR11869415_knead/ERR11869415_1_kneaddata_hg_39_bowtie2_unmatched_%_contam.fastq -S /dev/null
05/02/2026 05:20:11 PM - kneaddata.utilities - DEBUG: b'19572741 reads; of these:\n  19572741 (100.00%) were unpaired; of these:\n    19499153 (99.62%) aligned 0 times\n    63272 (0.32%) aligned exactly 1 time\n    10316 (0.05%) aligned >1 times\n0.38% overall alignment rate\npair1_aligned : 69415\npair2_aligned : 69415\npair1_unaligned : 9535904\npair2_unaligned : 9535904\norphan1_aligned : 1425\norphan2_aligned : 1289\norphan1_unaligned : 177546\norphan2_unaligned : 181843\n'
05/02/2026 05:20:11 PM - kneaddata.utilities - DEBUG: Checking output file from bowtie2 : /home/humann2/tfg_ckd/cleaned_data/ERR11869415_knead/ERR11869415_1_kneaddata_hg_39_bowtie2_paired_clean_1.fastq
05/02/2026 05:20:11 PM - kneaddata.utilities - DEBUG: Checking output file from bowtie2 : /home/humann2/tfg_ckd/cleaned_data/ERR11869415_knead/ERR11869415_1_kneaddata_hg_39_bowtie2_paired_clean_2.fastq
05/02/2026 05:20:11 PM - kneaddata.run - INFO: Total contaminate sequences in file ( /home/humann2/tfg_ckd/cleaned_data/ERR11869415_knead/ERR11869415_1_kneaddata_hg_39_bowtie2_paired_contam_1.fastq ) : 69415.0
05/02/2026 05:20:11 PM - kneaddata.run - INFO: Total contaminate sequences in file ( /home/humann2/tfg_ckd/cleaned_data/ERR11869415_knead/ERR11869415_1_kneaddata_hg_39_bowtie2_paired_contam_2.fastq ) : 69415.0
05/02/2026 05:20:11 PM - kneaddata.run - INFO: Total contaminate sequences in file ( /home/humann2/tfg_ckd/cleaned_data/ERR11869415_knead/ERR11869415_1_kneaddata_hg_39_bowtie2_unmatched_1_contam.fastq ) : 1425.0
05/02/2026 05:20:11 PM - kneaddata.run - INFO: Total contaminate sequences in file ( /home/humann2/tfg_ckd/cleaned_data/ERR11869415_knead/ERR11869415_1_kneaddata_hg_39_bowtie2_unmatched_2_contam.fastq ) : 1289.0
05/02/2026 05:20:17 PM - kneaddata.utilities - INFO: READ COUNT: decontaminated hg_39 pair1 : Total reads after removing those found in reference database ( /home/humann2/tfg_ckd/cleaned_data/ERR11869415_knead/ERR11869415_1_kneaddata_hg_39_bowtie2_paired_clean_1.fastq ): 9535904.0
05/02/2026 05:20:22 PM - kneaddata.utilities - INFO: READ COUNT: decontaminated hg_39 pair2 : Total reads after removing those found in reference database ( /home/humann2/tfg_ckd/cleaned_data/ERR11869415_knead/ERR11869415_1_kneaddata_hg_39_bowtie2_paired_clean_2.fastq ): 9535904.0
05/02/2026 05:20:28 PM - kneaddata.utilities - INFO: READ COUNT: final pair1 : Total reads after merging results from multiple databases ( /home/humann2/tfg_ckd/cleaned_data/ERR11869415_knead/ERR11869415_1_kneaddata_paired_1.fastq ): 9535904.0
05/02/2026 05:20:34 PM - kneaddata.utilities - INFO: READ COUNT: final pair2 : Total reads after merging results from multiple databases ( /home/humann2/tfg_ckd/cleaned_data/ERR11869415_knead/ERR11869415_1_kneaddata_paired_2.fastq ): 9535904.0
05/02/2026 05:20:34 PM - kneaddata.utilities - WARNING: Unable to remove file: /home/humann2/tfg_ckd/cleaned_data/ERR11869415_knead/ERR11869415_1_kneaddata_hg_39_bowtie2_paired_clean_1.fastq
05/02/2026 05:20:34 PM - kneaddata.utilities - WARNING: Unable to remove file: /home/humann2/tfg_ckd/cleaned_data/ERR11869415_knead/ERR11869415_1_kneaddata_hg_39_bowtie2_paired_clean_2.fastq
05/02/2026 05:20:34 PM - kneaddata.utilities - INFO: READ COUNT: decontaminated hg_39 orphan1 : Total reads after removing those found in reference database ( /home/humann2/tfg_ckd/cleaned_data/ERR11869415_knead/ERR11869415_1_kneaddata_hg_39_bowtie2_unmatched_1_clean.fastq ): 177546.0
05/02/2026 05:20:34 PM - kneaddata.utilities - INFO: READ COUNT: final orphan1 : Total reads after merging results from multiple databases ( /home/humann2/tfg_ckd/cleaned_data/ERR11869415_knead/ERR11869415_1_kneaddata_unmatched_1.fastq ): 177546.0
05/02/2026 05:20:34 PM - kneaddata.utilities - WARNING: Unable to remove file: /home/humann2/tfg_ckd/cleaned_data/ERR11869415_knead/ERR11869415_1_kneaddata_hg_39_bowtie2_unmatched_1_clean.fastq
05/02/2026 05:20:34 PM - kneaddata.utilities - INFO: READ COUNT: decontaminated hg_39 orphan2 : Total reads after removing those found in reference database ( /home/humann2/tfg_ckd/cleaned_data/ERR11869415_knead/ERR11869415_1_kneaddata_hg_39_bowtie2_unmatched_2_clean.fastq ): 181843.0
05/02/2026 05:20:34 PM - kneaddata.utilities - INFO: READ COUNT: final orphan2 : Total reads after merging results from multiple databases ( /home/humann2/tfg_ckd/cleaned_data/ERR11869415_knead/ERR11869415_1_kneaddata_unmatched_2.fastq ): 181843.0
05/02/2026 05:20:34 PM - kneaddata.utilities - WARNING: Unable to remove file: /home/humann2/tfg_ckd/cleaned_data/ERR11869415_knead/ERR11869415_1_kneaddata_hg_39_bowtie2_unmatched_2_clean.fastq
05/02/2026 05:20:37 PM - kneaddata.knead_data - INFO: 
Final output files created: 
/home/humann2/tfg_ckd/cleaned_data/ERR11869415_knead/ERR11869415_1_kneaddata_paired_1.fastq
/home/humann2/tfg_ckd/cleaned_data/ERR11869415_knead/ERR11869415_1_kneaddata_paired_2.fastq
/home/humann2/tfg_ckd/cleaned_data/ERR11869415_knead/ERR11869415_1_kneaddata_unmatched_1.fastq
/home/humann2/tfg_ckd/cleaned_data/ERR11869415_knead/ERR11869415_1_kneaddata_unmatched_2.fastq

