05/07/2026 04:22:20 PM - kneaddata.knead_data - INFO: Running kneaddata v0.12.4
05/07/2026 04:22:20 PM - kneaddata.knead_data - INFO: Output files will be written to: /home/humann2/tfg_ckd/cleaned_data/ERR11869439_knead
05/07/2026 04:22:20 PM - kneaddata.knead_data - DEBUG: Running with the following arguments: 
verbose = False
input1 = /home/humann2/tfg_ckd/raw_data/ERR11869439_1.fastq.gz
input2 = /home/humann2/tfg_ckd/raw_data/ERR11869439_2.fastq.gz
unpaired = None
output_dir = /home/humann2/tfg_ckd/cleaned_data/ERR11869439_knead
scratch_dir = 
reference_db = /home/humann2/db/kneaddata/hg_39
bypass_trim = False
output_prefix = ERR11869439_1_kneaddata
threads = 8
processes = 1
trimmomatic_quality_scores = -phred33
bmtagger = False
bypass_trf = False
run_trf = False
fastqc_start = False
fastqc_end = False
store_temp_output = False
remove_intermediate_output = True
cat_final_output = False
log_level = DEBUG
log = /home/humann2/tfg_ckd/cleaned_data/ERR11869439_knead/ERR11869439_1_kneaddata.log
trimmomatic_path = /home/humann2/miniforge3/envs/env_perfect/bin/trimmomatic
run_trim_repetitive = False
max_memory = 500m
trimmomatic_options = None
sequencer_source = NexteraPE
bowtie2_path = /home/humann2/miniforge3/envs/env_perfect/bin/bowtie2
bowtie2_options = --very-sensitive-local --phred33
decontaminate_pairs = strict
reorder = False
serial = True
bmtagger_path = None
trf_path = /home/humann2/miniforge3/envs/env_perfect/bin/trf
match = 2
mismatch = 7
delta = 7
pm = 80
pi = 10
minscore = 50
maxperiod = 500
fastqc_path = None
remove_temp_output = True
input = /home/humann2/tfg_ckd/raw_data/ERR11869439_1.fastq.gz /home/humann2/tfg_ckd/raw_data/ERR11869439_2.fastq.gz
discordant = True

05/07/2026 04:22:20 PM - kneaddata.utilities - INFO: Decompressing gzipped file ...
05/07/2026 04:23:17 PM - kneaddata.utilities - INFO: Decompressed file created: /home/humann2/tfg_ckd/cleaned_data/ERR11869439_knead/decompressed_dkv965f6_ERR11869439_1.fastq
05/07/2026 04:23:17 PM - kneaddata.utilities - INFO: Decompressing gzipped file ...
05/07/2026 04:24:13 PM - kneaddata.utilities - INFO: Decompressed file created: /home/humann2/tfg_ckd/cleaned_data/ERR11869439_knead/decompressed_buteet5o_ERR11869439_2.fastq
05/07/2026 04:24:13 PM - kneaddata.utilities - INFO: Reformatting file sequence identifiers ...
05/07/2026 04:25:17 PM - kneaddata.utilities - INFO: Reformatting file sequence identifiers ...
05/07/2026 04:26:29 PM - kneaddata.utilities - INFO: READ COUNT: raw pair1 : Initial number of reads ( /home/humann2/tfg_ckd/cleaned_data/ERR11869439_knead/reformatted_identifierswhntng27_decompressed_dkv965f6_ERR11869439_1.fastq ): 10671598.0
05/07/2026 04:26:35 PM - kneaddata.utilities - INFO: READ COUNT: raw pair2 : Initial number of reads ( /home/humann2/tfg_ckd/cleaned_data/ERR11869439_knead/reformatted_identifiersdw1gb62e_decompressed_buteet5o_ERR11869439_2.fastq ): 10671598.0
05/07/2026 04:26:35 PM - kneaddata.utilities - DEBUG: Checking input file to Trimmomatic : /home/humann2/tfg_ckd/cleaned_data/ERR11869439_knead/reformatted_identifierswhntng27_decompressed_dkv965f6_ERR11869439_1.fastq
05/07/2026 04:26:35 PM - kneaddata.utilities - DEBUG: Checking input file to Trimmomatic : /home/humann2/tfg_ckd/cleaned_data/ERR11869439_knead/reformatted_identifiersdw1gb62e_decompressed_buteet5o_ERR11869439_2.fastq
05/07/2026 04:26:35 PM - kneaddata.utilities - INFO: Running Trimmomatic ... 
05/07/2026 04:26:35 PM - kneaddata.utilities - INFO: Execute command: /home/humann2/miniforge3/envs/env_perfect/bin/trimmomatic PE -threads 8 -phred33 /home/humann2/tfg_ckd/cleaned_data/ERR11869439_knead/reformatted_identifierswhntng27_decompressed_dkv965f6_ERR11869439_1.fastq /home/humann2/tfg_ckd/cleaned_data/ERR11869439_knead/reformatted_identifiersdw1gb62e_decompressed_buteet5o_ERR11869439_2.fastq /home/humann2/tfg_ckd/cleaned_data/ERR11869439_knead/ERR11869439_1_kneaddata.trimmed.1.fastq /home/humann2/tfg_ckd/cleaned_data/ERR11869439_knead/ERR11869439_1_kneaddata.trimmed.single.1.fastq /home/humann2/tfg_ckd/cleaned_data/ERR11869439_knead/ERR11869439_1_kneaddata.trimmed.2.fastq /home/humann2/tfg_ckd/cleaned_data/ERR11869439_knead/ERR11869439_1_kneaddata.trimmed.single.2.fastq MINLEN:60 ILLUMINACLIP:/home/humann2/miniforge3/envs/env_perfect/lib/python3.9/site-packages/kneaddata/adapters/NexteraPE-PE.fa:2:30:10:8:TRUE SLIDINGWINDOW:4:20 MINLEN:75
05/07/2026 04:27:39 PM - kneaddata.utilities - DEBUG: b"TrimmomaticPE: Started with arguments:\n -threads 8 -phred33 /home/humann2/tfg_ckd/cleaned_data/ERR11869439_knead/reformatted_identifierswhntng27_decompressed_dkv965f6_ERR11869439_1.fastq /home/humann2/tfg_ckd/cleaned_data/ERR11869439_knead/reformatted_identifiersdw1gb62e_decompressed_buteet5o_ERR11869439_2.fastq /home/humann2/tfg_ckd/cleaned_data/ERR11869439_knead/ERR11869439_1_kneaddata.trimmed.1.fastq /home/humann2/tfg_ckd/cleaned_data/ERR11869439_knead/ERR11869439_1_kneaddata.trimmed.single.1.fastq /home/humann2/tfg_ckd/cleaned_data/ERR11869439_knead/ERR11869439_1_kneaddata.trimmed.2.fastq /home/humann2/tfg_ckd/cleaned_data/ERR11869439_knead/ERR11869439_1_kneaddata.trimmed.single.2.fastq MINLEN:60 ILLUMINACLIP:/home/humann2/miniforge3/envs/env_perfect/lib/python3.9/site-packages/kneaddata/adapters/NexteraPE-PE.fa:2:30:10:8:TRUE SLIDINGWINDOW:4:20 MINLEN:75\nILLUMINACLIP: Using adapter file from user-specified absolute path: /home/humann2/miniforge3/envs/env_perfect/lib/python3.9/site-packages/kneaddata/adapters/NexteraPE-PE.fa\nUsing PrefixPair: 'AGATGTGTATAAGAGACAG' and 'AGATGTGTATAAGAGACAG'\nUsing Long Clipping Sequence: 'GTCTCGTGGGCTCGGAGATGTGTATAAGAGACAG'\nUsing Long Clipping Sequence: 'TCGTCGGCAGCGTCAGATGTGTATAAGAGACAG'\nUsing Long Clipping Sequence: 'CTGTCTCTTATACACATCTCCGAGCCCACGAGAC'\nUsing Long Clipping Sequence: 'CTGTCTCTTATACACATCTGACGCTGCCGACGA'\nILLUMINACLIP: Using 1 prefix pairs, 4 forward/reverse sequences, 0 forward only sequences, 0 reverse only sequences\nInput Read Pairs: 10671598 Both Surviving: 10194852 (95.53%) Forward Only Surviving: 182048 (1.71%) Reverse Only Surviving: 190360 (1.78%) Dropped: 104338 (0.98%)\nTrimmomaticPE: Completed successfully\n"
05/07/2026 04:27:39 PM - kneaddata.utilities - DEBUG: Checking output file from Trimmomatic : /home/humann2/tfg_ckd/cleaned_data/ERR11869439_knead/ERR11869439_1_kneaddata.trimmed.1.fastq
05/07/2026 04:27:39 PM - kneaddata.utilities - DEBUG: Checking output file from Trimmomatic : /home/humann2/tfg_ckd/cleaned_data/ERR11869439_knead/ERR11869439_1_kneaddata.trimmed.single.1.fastq
05/07/2026 04:27:39 PM - kneaddata.utilities - DEBUG: Checking output file from Trimmomatic : /home/humann2/tfg_ckd/cleaned_data/ERR11869439_knead/ERR11869439_1_kneaddata.trimmed.2.fastq
05/07/2026 04:27:39 PM - kneaddata.utilities - DEBUG: Checking output file from Trimmomatic : /home/humann2/tfg_ckd/cleaned_data/ERR11869439_knead/ERR11869439_1_kneaddata.trimmed.single.2.fastq
05/07/2026 04:27:46 PM - kneaddata.utilities - INFO: READ COUNT: trimmed pair1 : Total reads after trimming ( /home/humann2/tfg_ckd/cleaned_data/ERR11869439_knead/ERR11869439_1_kneaddata.trimmed.1.fastq ): 10194852.0
05/07/2026 04:27:52 PM - kneaddata.utilities - INFO: READ COUNT: trimmed pair2 : Total reads after trimming ( /home/humann2/tfg_ckd/cleaned_data/ERR11869439_knead/ERR11869439_1_kneaddata.trimmed.2.fastq ): 10194852.0
05/07/2026 04:27:52 PM - kneaddata.utilities - INFO: READ COUNT: trimmed orphan1 : Total reads after trimming ( /home/humann2/tfg_ckd/cleaned_data/ERR11869439_knead/ERR11869439_1_kneaddata.trimmed.single.1.fastq ): 182048.0
05/07/2026 04:27:52 PM - kneaddata.utilities - INFO: READ COUNT: trimmed orphan2 : Total reads after trimming ( /home/humann2/tfg_ckd/cleaned_data/ERR11869439_knead/ERR11869439_1_kneaddata.trimmed.single.2.fastq ): 190360.0
05/07/2026 04:32:43 PM - kneaddata.utilities - DEBUG: Checking input file to trf : /home/humann2/tfg_ckd/cleaned_data/ERR11869439_knead/ERR11869439_1_kneaddata.trimmed.1.fasta
05/07/2026 04:32:43 PM - kneaddata.utilities - INFO: Running trf ... 
05/07/2026 04:32:43 PM - kneaddata.utilities - INFO: Execute command: kneaddata_trf_parallel --input /home/humann2/tfg_ckd/cleaned_data/ERR11869439_knead/ERR11869439_1_kneaddata.trimmed.1.fasta --output /home/humann2/tfg_ckd/cleaned_data/ERR11869439_knead/ERR11869439_1_kneaddata.trimmed.1.fasta.trf.parameters.2.7.7.80.10.50.500.dat --trf-path /home/humann2/miniforge3/envs/env_perfect/bin/trf --trf-options '2 7 7 80 10 50 500 -h -ngs' --nproc 8
05/07/2026 04:36:25 PM - kneaddata.utilities - DEBUG: 0
05/07/2026 04:36:25 PM - kneaddata.utilities - DEBUG: Checking output file from trf : /home/humann2/tfg_ckd/cleaned_data/ERR11869439_knead/ERR11869439_1_kneaddata.trimmed.1.fasta.trf.parameters.2.7.7.80.10.50.500.dat
05/07/2026 04:36:25 PM - kneaddata.utilities - DEBUG: Checking input file to trf : /home/humann2/tfg_ckd/cleaned_data/ERR11869439_knead/ERR11869439_1_kneaddata.trimmed.2.fasta
05/07/2026 04:36:25 PM - kneaddata.utilities - INFO: Running trf ... 
05/07/2026 04:36:25 PM - kneaddata.utilities - INFO: Execute command: kneaddata_trf_parallel --input /home/humann2/tfg_ckd/cleaned_data/ERR11869439_knead/ERR11869439_1_kneaddata.trimmed.2.fasta --output /home/humann2/tfg_ckd/cleaned_data/ERR11869439_knead/ERR11869439_1_kneaddata.trimmed.2.fasta.trf.parameters.2.7.7.80.10.50.500.dat --trf-path /home/humann2/miniforge3/envs/env_perfect/bin/trf --trf-options '2 7 7 80 10 50 500 -h -ngs' --nproc 8
05/07/2026 04:40:09 PM - kneaddata.utilities - DEBUG: 0
05/07/2026 04:40:09 PM - kneaddata.utilities - DEBUG: Checking output file from trf : /home/humann2/tfg_ckd/cleaned_data/ERR11869439_knead/ERR11869439_1_kneaddata.trimmed.2.fasta.trf.parameters.2.7.7.80.10.50.500.dat
05/07/2026 04:40:31 PM - kneaddata.run - INFO: Total number of sequences with repeats removed from file ( /home/humann2/tfg_ckd/cleaned_data/ERR11869439_knead/ERR11869439_1_kneaddata.trimmed.1.fastq ): 44273
05/07/2026 04:40:52 PM - kneaddata.run - INFO: Total number of sequences with repeats removed from file ( /home/humann2/tfg_ckd/cleaned_data/ERR11869439_knead/ERR11869439_1_kneaddata.trimmed.2.fastq ): 44418
05/07/2026 04:40:56 PM - kneaddata.utilities - DEBUG: Checking input file to trf : /home/humann2/tfg_ckd/cleaned_data/ERR11869439_knead/ERR11869439_1_kneaddata.trimmed.single.1.fasta
05/07/2026 04:40:56 PM - kneaddata.utilities - INFO: Running trf ... 
05/07/2026 04:40:56 PM - kneaddata.utilities - INFO: Execute command: kneaddata_trf_parallel --input /home/humann2/tfg_ckd/cleaned_data/ERR11869439_knead/ERR11869439_1_kneaddata.trimmed.single.1.fasta --output /home/humann2/tfg_ckd/cleaned_data/ERR11869439_knead/ERR11869439_1_kneaddata.trimmed.single.1.fasta.trf.parameters.2.7.7.80.10.50.500.dat --trf-path /home/humann2/miniforge3/envs/env_perfect/bin/trf --trf-options '2 7 7 80 10 50 500 -h -ngs' --nproc 8
05/07/2026 04:41:03 PM - kneaddata.utilities - DEBUG: 0
05/07/2026 04:41:03 PM - kneaddata.utilities - DEBUG: Checking output file from trf : /home/humann2/tfg_ckd/cleaned_data/ERR11869439_knead/ERR11869439_1_kneaddata.trimmed.single.1.fasta.trf.parameters.2.7.7.80.10.50.500.dat
05/07/2026 04:41:03 PM - kneaddata.run - INFO: Total number of sequences with repeats removed from file ( /home/humann2/tfg_ckd/cleaned_data/ERR11869439_knead/ERR11869439_1_kneaddata.trimmed.single.1.fastq ): 869
05/07/2026 04:41:06 PM - kneaddata.utilities - DEBUG: Checking input file to trf : /home/humann2/tfg_ckd/cleaned_data/ERR11869439_knead/ERR11869439_1_kneaddata.trimmed.single.2.fasta
05/07/2026 04:41:06 PM - kneaddata.utilities - INFO: Running trf ... 
05/07/2026 04:41:06 PM - kneaddata.utilities - INFO: Execute command: kneaddata_trf_parallel --input /home/humann2/tfg_ckd/cleaned_data/ERR11869439_knead/ERR11869439_1_kneaddata.trimmed.single.2.fasta --output /home/humann2/tfg_ckd/cleaned_data/ERR11869439_knead/ERR11869439_1_kneaddata.trimmed.single.2.fasta.trf.parameters.2.7.7.80.10.50.500.dat --trf-path /home/humann2/miniforge3/envs/env_perfect/bin/trf --trf-options '2 7 7 80 10 50 500 -h -ngs' --nproc 8
05/07/2026 04:41:10 PM - kneaddata.utilities - DEBUG: 0
05/07/2026 04:41:10 PM - kneaddata.utilities - DEBUG: Checking output file from trf : /home/humann2/tfg_ckd/cleaned_data/ERR11869439_knead/ERR11869439_1_kneaddata.trimmed.single.2.fasta.trf.parameters.2.7.7.80.10.50.500.dat
05/07/2026 04:41:11 PM - kneaddata.run - INFO: Total number of sequences with repeats removed from file ( /home/humann2/tfg_ckd/cleaned_data/ERR11869439_knead/ERR11869439_1_kneaddata.trimmed.single.2.fastq ): 852
05/07/2026 04:41:11 PM - kneaddata.run - INFO: Decontaminating ...
05/07/2026 04:41:11 PM - kneaddata.utilities - DEBUG: Checking input file to bowtie2 : /home/humann2/tfg_ckd/cleaned_data/ERR11869439_knead/ERR11869439_1_kneaddata.repeats.removed.1.fastq
05/07/2026 04:41:11 PM - kneaddata.utilities - DEBUG: Checking input file to bowtie2 : /home/humann2/tfg_ckd/cleaned_data/ERR11869439_knead/ERR11869439_1_kneaddata.repeats.removed.2.fastq
05/07/2026 04:41:11 PM - kneaddata.utilities - DEBUG: Checking input file to bowtie2 : /home/humann2/tfg_ckd/cleaned_data/ERR11869439_knead/ERR11869439_1_kneaddata.repeats.removed.unmatched.1.fastq
05/07/2026 04:41:11 PM - kneaddata.utilities - DEBUG: Checking input file to bowtie2 : /home/humann2/tfg_ckd/cleaned_data/ERR11869439_knead/ERR11869439_1_kneaddata.repeats.removed.unmatched.2.fastq
05/07/2026 04:41:11 PM - kneaddata.utilities - INFO: Running bowtie2 ... 
05/07/2026 04:41:11 PM - kneaddata.utilities - INFO: Execute command: kneaddata_bowtie2_discordant_pairs --bowtie2 /home/humann2/miniforge3/envs/env_perfect/bin/bowtie2 --threads 8 -x /home/humann2/db/kneaddata/hg_39 --mode strict --bowtie2-options "--very-sensitive-local --phred33" -1 /home/humann2/tfg_ckd/cleaned_data/ERR11869439_knead/ERR11869439_1_kneaddata.repeats.removed.1.fastq -2 /home/humann2/tfg_ckd/cleaned_data/ERR11869439_knead/ERR11869439_1_kneaddata.repeats.removed.2.fastq --un-pair /home/humann2/tfg_ckd/cleaned_data/ERR11869439_knead/ERR11869439_1_kneaddata_hg_39_bowtie2_paired_clean_%.fastq --al-pair /home/humann2/tfg_ckd/cleaned_data/ERR11869439_knead/ERR11869439_1_kneaddata_hg_39_bowtie2_paired_contam_%.fastq -U /home/humann2/tfg_ckd/cleaned_data/ERR11869439_knead/ERR11869439_1_kneaddata.repeats.removed.unmatched.1.fastq,/home/humann2/tfg_ckd/cleaned_data/ERR11869439_knead/ERR11869439_1_kneaddata.repeats.removed.unmatched.2.fastq --un-single /home/humann2/tfg_ckd/cleaned_data/ERR11869439_knead/ERR11869439_1_kneaddata_hg_39_bowtie2_unmatched_%_clean.fastq --al-single /home/humann2/tfg_ckd/cleaned_data/ERR11869439_knead/ERR11869439_1_kneaddata_hg_39_bowtie2_unmatched_%_contam.fastq -S /dev/null
05/07/2026 04:50:44 PM - kneaddata.utilities - DEBUG: b'20671700 reads; of these:\n  20671700 (100.00%) were unpaired; of these:\n    20518976 (99.26%) aligned 0 times\n    111049 (0.54%) aligned exactly 1 time\n    41675 (0.20%) aligned >1 times\n0.74% overall alignment rate\npair1_aligned : 113431\npair2_aligned : 113431\npair1_unaligned : 9998898\npair2_unaligned : 9998898\norphan1_aligned : 3111\norphan2_aligned : 3424\norphan1_unaligned : 216318\norphan2_unaligned : 224189\n'
05/07/2026 04:50:44 PM - kneaddata.utilities - DEBUG: Checking output file from bowtie2 : /home/humann2/tfg_ckd/cleaned_data/ERR11869439_knead/ERR11869439_1_kneaddata_hg_39_bowtie2_paired_clean_1.fastq
05/07/2026 04:50:44 PM - kneaddata.utilities - DEBUG: Checking output file from bowtie2 : /home/humann2/tfg_ckd/cleaned_data/ERR11869439_knead/ERR11869439_1_kneaddata_hg_39_bowtie2_paired_clean_2.fastq
05/07/2026 04:50:44 PM - kneaddata.run - INFO: Total contaminate sequences in file ( /home/humann2/tfg_ckd/cleaned_data/ERR11869439_knead/ERR11869439_1_kneaddata_hg_39_bowtie2_paired_contam_1.fastq ) : 113431.0
05/07/2026 04:50:45 PM - kneaddata.run - INFO: Total contaminate sequences in file ( /home/humann2/tfg_ckd/cleaned_data/ERR11869439_knead/ERR11869439_1_kneaddata_hg_39_bowtie2_paired_contam_2.fastq ) : 113431.0
05/07/2026 04:50:45 PM - kneaddata.run - INFO: Total contaminate sequences in file ( /home/humann2/tfg_ckd/cleaned_data/ERR11869439_knead/ERR11869439_1_kneaddata_hg_39_bowtie2_unmatched_1_contam.fastq ) : 3111.0
05/07/2026 04:50:45 PM - kneaddata.run - INFO: Total contaminate sequences in file ( /home/humann2/tfg_ckd/cleaned_data/ERR11869439_knead/ERR11869439_1_kneaddata_hg_39_bowtie2_unmatched_2_contam.fastq ) : 3424.0
05/07/2026 04:50:51 PM - kneaddata.utilities - INFO: READ COUNT: decontaminated hg_39 pair1 : Total reads after removing those found in reference database ( /home/humann2/tfg_ckd/cleaned_data/ERR11869439_knead/ERR11869439_1_kneaddata_hg_39_bowtie2_paired_clean_1.fastq ): 9998898.0
05/07/2026 04:50:57 PM - kneaddata.utilities - INFO: READ COUNT: decontaminated hg_39 pair2 : Total reads after removing those found in reference database ( /home/humann2/tfg_ckd/cleaned_data/ERR11869439_knead/ERR11869439_1_kneaddata_hg_39_bowtie2_paired_clean_2.fastq ): 9998898.0
05/07/2026 04:51:04 PM - kneaddata.utilities - INFO: READ COUNT: final pair1 : Total reads after merging results from multiple databases ( /home/humann2/tfg_ckd/cleaned_data/ERR11869439_knead/ERR11869439_1_kneaddata_paired_1.fastq ): 9998898.0
05/07/2026 04:51:10 PM - kneaddata.utilities - INFO: READ COUNT: final pair2 : Total reads after merging results from multiple databases ( /home/humann2/tfg_ckd/cleaned_data/ERR11869439_knead/ERR11869439_1_kneaddata_paired_2.fastq ): 9998898.0
05/07/2026 04:51:10 PM - kneaddata.utilities - WARNING: Unable to remove file: /home/humann2/tfg_ckd/cleaned_data/ERR11869439_knead/ERR11869439_1_kneaddata_hg_39_bowtie2_paired_clean_1.fastq
05/07/2026 04:51:10 PM - kneaddata.utilities - WARNING: Unable to remove file: /home/humann2/tfg_ckd/cleaned_data/ERR11869439_knead/ERR11869439_1_kneaddata_hg_39_bowtie2_paired_clean_2.fastq
05/07/2026 04:51:10 PM - kneaddata.utilities - INFO: READ COUNT: decontaminated hg_39 orphan1 : Total reads after removing those found in reference database ( /home/humann2/tfg_ckd/cleaned_data/ERR11869439_knead/ERR11869439_1_kneaddata_hg_39_bowtie2_unmatched_1_clean.fastq ): 216318.0
05/07/2026 04:51:10 PM - kneaddata.utilities - INFO: READ COUNT: final orphan1 : Total reads after merging results from multiple databases ( /home/humann2/tfg_ckd/cleaned_data/ERR11869439_knead/ERR11869439_1_kneaddata_unmatched_1.fastq ): 216318.0
05/07/2026 04:51:10 PM - kneaddata.utilities - WARNING: Unable to remove file: /home/humann2/tfg_ckd/cleaned_data/ERR11869439_knead/ERR11869439_1_kneaddata_hg_39_bowtie2_unmatched_1_clean.fastq
05/07/2026 04:51:10 PM - kneaddata.utilities - INFO: READ COUNT: decontaminated hg_39 orphan2 : Total reads after removing those found in reference database ( /home/humann2/tfg_ckd/cleaned_data/ERR11869439_knead/ERR11869439_1_kneaddata_hg_39_bowtie2_unmatched_2_clean.fastq ): 224189.0
05/07/2026 04:51:11 PM - kneaddata.utilities - INFO: READ COUNT: final orphan2 : Total reads after merging results from multiple databases ( /home/humann2/tfg_ckd/cleaned_data/ERR11869439_knead/ERR11869439_1_kneaddata_unmatched_2.fastq ): 224189.0
05/07/2026 04:51:11 PM - kneaddata.utilities - WARNING: Unable to remove file: /home/humann2/tfg_ckd/cleaned_data/ERR11869439_knead/ERR11869439_1_kneaddata_hg_39_bowtie2_unmatched_2_clean.fastq
05/07/2026 04:51:13 PM - kneaddata.knead_data - INFO: 
Final output files created: 
/home/humann2/tfg_ckd/cleaned_data/ERR11869439_knead/ERR11869439_1_kneaddata_paired_1.fastq
/home/humann2/tfg_ckd/cleaned_data/ERR11869439_knead/ERR11869439_1_kneaddata_paired_2.fastq
/home/humann2/tfg_ckd/cleaned_data/ERR11869439_knead/ERR11869439_1_kneaddata_unmatched_1.fastq
/home/humann2/tfg_ckd/cleaned_data/ERR11869439_knead/ERR11869439_1_kneaddata_unmatched_2.fastq

