05/04/2026 08:03:43 PM - kneaddata.knead_data - INFO: Running kneaddata v0.12.4
05/04/2026 08:03:43 PM - kneaddata.knead_data - INFO: Output files will be written to: /home/humann2/tfg_ckd/cleaned_data/ERR11869435_knead
05/04/2026 08:03:43 PM - kneaddata.knead_data - DEBUG: Running with the following arguments: 
verbose = False
input1 = /home/humann2/tfg_ckd/raw_data/ERR11869435_1.fastq.gz
input2 = /home/humann2/tfg_ckd/raw_data/ERR11869435_2.fastq.gz
unpaired = None
output_dir = /home/humann2/tfg_ckd/cleaned_data/ERR11869435_knead
scratch_dir = 
reference_db = /home/humann2/db/kneaddata/hg_39
bypass_trim = False
output_prefix = ERR11869435_1_kneaddata
threads = 8
processes = 1
trimmomatic_quality_scores = -phred33
bmtagger = False
bypass_trf = False
run_trf = False
fastqc_start = False
fastqc_end = False
store_temp_output = False
remove_intermediate_output = True
cat_final_output = False
log_level = DEBUG
log = /home/humann2/tfg_ckd/cleaned_data/ERR11869435_knead/ERR11869435_1_kneaddata.log
trimmomatic_path = /home/humann2/miniforge3/envs/env_perfect/bin/trimmomatic
run_trim_repetitive = False
max_memory = 500m
trimmomatic_options = None
sequencer_source = NexteraPE
bowtie2_path = /home/humann2/miniforge3/envs/env_perfect/bin/bowtie2
bowtie2_options = --very-sensitive-local --phred33
decontaminate_pairs = strict
reorder = False
serial = True
bmtagger_path = None
trf_path = /home/humann2/miniforge3/envs/env_perfect/bin/trf
match = 2
mismatch = 7
delta = 7
pm = 80
pi = 10
minscore = 50
maxperiod = 500
fastqc_path = None
remove_temp_output = True
input = /home/humann2/tfg_ckd/raw_data/ERR11869435_1.fastq.gz /home/humann2/tfg_ckd/raw_data/ERR11869435_2.fastq.gz
discordant = True

05/04/2026 08:03:43 PM - kneaddata.utilities - INFO: Decompressing gzipped file ...
05/04/2026 08:04:23 PM - kneaddata.utilities - INFO: Decompressed file created: /home/humann2/tfg_ckd/cleaned_data/ERR11869435_knead/decompressed_cj4mm2_2_ERR11869435_1.fastq
05/04/2026 08:04:23 PM - kneaddata.utilities - INFO: Decompressing gzipped file ...
05/04/2026 08:05:05 PM - kneaddata.utilities - INFO: Decompressed file created: /home/humann2/tfg_ckd/cleaned_data/ERR11869435_knead/decompressed_ghbw2oz__ERR11869435_2.fastq
05/04/2026 08:05:05 PM - kneaddata.utilities - INFO: Reformatting file sequence identifiers ...
05/04/2026 08:05:51 PM - kneaddata.utilities - INFO: Reformatting file sequence identifiers ...
05/04/2026 08:06:43 PM - kneaddata.utilities - INFO: READ COUNT: raw pair1 : Initial number of reads ( /home/humann2/tfg_ckd/cleaned_data/ERR11869435_knead/reformatted_identifierszr2ybgdz_decompressed_cj4mm2_2_ERR11869435_1.fastq ): 7310252.0
05/04/2026 08:06:47 PM - kneaddata.utilities - INFO: READ COUNT: raw pair2 : Initial number of reads ( /home/humann2/tfg_ckd/cleaned_data/ERR11869435_knead/reformatted_identifiersja0oo8h6_decompressed_ghbw2oz__ERR11869435_2.fastq ): 7310252.0
05/04/2026 08:06:47 PM - kneaddata.utilities - DEBUG: Checking input file to Trimmomatic : /home/humann2/tfg_ckd/cleaned_data/ERR11869435_knead/reformatted_identifierszr2ybgdz_decompressed_cj4mm2_2_ERR11869435_1.fastq
05/04/2026 08:06:47 PM - kneaddata.utilities - DEBUG: Checking input file to Trimmomatic : /home/humann2/tfg_ckd/cleaned_data/ERR11869435_knead/reformatted_identifiersja0oo8h6_decompressed_ghbw2oz__ERR11869435_2.fastq
05/04/2026 08:06:47 PM - kneaddata.utilities - INFO: Running Trimmomatic ... 
05/04/2026 08:06:47 PM - kneaddata.utilities - INFO: Execute command: /home/humann2/miniforge3/envs/env_perfect/bin/trimmomatic PE -threads 8 -phred33 /home/humann2/tfg_ckd/cleaned_data/ERR11869435_knead/reformatted_identifierszr2ybgdz_decompressed_cj4mm2_2_ERR11869435_1.fastq /home/humann2/tfg_ckd/cleaned_data/ERR11869435_knead/reformatted_identifiersja0oo8h6_decompressed_ghbw2oz__ERR11869435_2.fastq /home/humann2/tfg_ckd/cleaned_data/ERR11869435_knead/ERR11869435_1_kneaddata.trimmed.1.fastq /home/humann2/tfg_ckd/cleaned_data/ERR11869435_knead/ERR11869435_1_kneaddata.trimmed.single.1.fastq /home/humann2/tfg_ckd/cleaned_data/ERR11869435_knead/ERR11869435_1_kneaddata.trimmed.2.fastq /home/humann2/tfg_ckd/cleaned_data/ERR11869435_knead/ERR11869435_1_kneaddata.trimmed.single.2.fastq MINLEN:60 ILLUMINACLIP:/home/humann2/miniforge3/envs/env_perfect/lib/python3.9/site-packages/kneaddata/adapters/NexteraPE-PE.fa:2:30:10:8:TRUE SLIDINGWINDOW:4:20 MINLEN:75
05/04/2026 08:07:30 PM - kneaddata.utilities - DEBUG: b"TrimmomaticPE: Started with arguments:\n -threads 8 -phred33 /home/humann2/tfg_ckd/cleaned_data/ERR11869435_knead/reformatted_identifierszr2ybgdz_decompressed_cj4mm2_2_ERR11869435_1.fastq /home/humann2/tfg_ckd/cleaned_data/ERR11869435_knead/reformatted_identifiersja0oo8h6_decompressed_ghbw2oz__ERR11869435_2.fastq /home/humann2/tfg_ckd/cleaned_data/ERR11869435_knead/ERR11869435_1_kneaddata.trimmed.1.fastq /home/humann2/tfg_ckd/cleaned_data/ERR11869435_knead/ERR11869435_1_kneaddata.trimmed.single.1.fastq /home/humann2/tfg_ckd/cleaned_data/ERR11869435_knead/ERR11869435_1_kneaddata.trimmed.2.fastq /home/humann2/tfg_ckd/cleaned_data/ERR11869435_knead/ERR11869435_1_kneaddata.trimmed.single.2.fastq MINLEN:60 ILLUMINACLIP:/home/humann2/miniforge3/envs/env_perfect/lib/python3.9/site-packages/kneaddata/adapters/NexteraPE-PE.fa:2:30:10:8:TRUE SLIDINGWINDOW:4:20 MINLEN:75\nILLUMINACLIP: Using adapter file from user-specified absolute path: /home/humann2/miniforge3/envs/env_perfect/lib/python3.9/site-packages/kneaddata/adapters/NexteraPE-PE.fa\nUsing PrefixPair: 'AGATGTGTATAAGAGACAG' and 'AGATGTGTATAAGAGACAG'\nUsing Long Clipping Sequence: 'GTCTCGTGGGCTCGGAGATGTGTATAAGAGACAG'\nUsing Long Clipping Sequence: 'TCGTCGGCAGCGTCAGATGTGTATAAGAGACAG'\nUsing Long Clipping Sequence: 'CTGTCTCTTATACACATCTCCGAGCCCACGAGAC'\nUsing Long Clipping Sequence: 'CTGTCTCTTATACACATCTGACGCTGCCGACGA'\nILLUMINACLIP: Using 1 prefix pairs, 4 forward/reverse sequences, 0 forward only sequences, 0 reverse only sequences\nInput Read Pairs: 7310252 Both Surviving: 7015019 (95.96%) Forward Only Surviving: 106513 (1.46%) Reverse Only Surviving: 129028 (1.77%) Dropped: 59692 (0.82%)\nTrimmomaticPE: Completed successfully\n"
05/04/2026 08:07:30 PM - kneaddata.utilities - DEBUG: Checking output file from Trimmomatic : /home/humann2/tfg_ckd/cleaned_data/ERR11869435_knead/ERR11869435_1_kneaddata.trimmed.1.fastq
05/04/2026 08:07:30 PM - kneaddata.utilities - DEBUG: Checking output file from Trimmomatic : /home/humann2/tfg_ckd/cleaned_data/ERR11869435_knead/ERR11869435_1_kneaddata.trimmed.single.1.fastq
05/04/2026 08:07:30 PM - kneaddata.utilities - DEBUG: Checking output file from Trimmomatic : /home/humann2/tfg_ckd/cleaned_data/ERR11869435_knead/ERR11869435_1_kneaddata.trimmed.2.fastq
05/04/2026 08:07:30 PM - kneaddata.utilities - DEBUG: Checking output file from Trimmomatic : /home/humann2/tfg_ckd/cleaned_data/ERR11869435_knead/ERR11869435_1_kneaddata.trimmed.single.2.fastq
05/04/2026 08:07:34 PM - kneaddata.utilities - INFO: READ COUNT: trimmed pair1 : Total reads after trimming ( /home/humann2/tfg_ckd/cleaned_data/ERR11869435_knead/ERR11869435_1_kneaddata.trimmed.1.fastq ): 7015019.0
05/04/2026 08:07:39 PM - kneaddata.utilities - INFO: READ COUNT: trimmed pair2 : Total reads after trimming ( /home/humann2/tfg_ckd/cleaned_data/ERR11869435_knead/ERR11869435_1_kneaddata.trimmed.2.fastq ): 7015019.0
05/04/2026 08:07:39 PM - kneaddata.utilities - INFO: READ COUNT: trimmed orphan1 : Total reads after trimming ( /home/humann2/tfg_ckd/cleaned_data/ERR11869435_knead/ERR11869435_1_kneaddata.trimmed.single.1.fastq ): 106513.0
05/04/2026 08:07:39 PM - kneaddata.utilities - INFO: READ COUNT: trimmed orphan2 : Total reads after trimming ( /home/humann2/tfg_ckd/cleaned_data/ERR11869435_knead/ERR11869435_1_kneaddata.trimmed.single.2.fastq ): 129028.0
05/04/2026 08:11:03 PM - kneaddata.utilities - DEBUG: Checking input file to trf : /home/humann2/tfg_ckd/cleaned_data/ERR11869435_knead/ERR11869435_1_kneaddata.trimmed.1.fasta
05/04/2026 08:11:03 PM - kneaddata.utilities - INFO: Running trf ... 
05/04/2026 08:11:03 PM - kneaddata.utilities - INFO: Execute command: kneaddata_trf_parallel --input /home/humann2/tfg_ckd/cleaned_data/ERR11869435_knead/ERR11869435_1_kneaddata.trimmed.1.fasta --output /home/humann2/tfg_ckd/cleaned_data/ERR11869435_knead/ERR11869435_1_kneaddata.trimmed.1.fasta.trf.parameters.2.7.7.80.10.50.500.dat --trf-path /home/humann2/miniforge3/envs/env_perfect/bin/trf --trf-options '2 7 7 80 10 50 500 -h -ngs' --nproc 8
05/04/2026 08:13:32 PM - kneaddata.utilities - DEBUG: 0
05/04/2026 08:13:32 PM - kneaddata.utilities - DEBUG: Checking output file from trf : /home/humann2/tfg_ckd/cleaned_data/ERR11869435_knead/ERR11869435_1_kneaddata.trimmed.1.fasta.trf.parameters.2.7.7.80.10.50.500.dat
05/04/2026 08:13:32 PM - kneaddata.utilities - DEBUG: Checking input file to trf : /home/humann2/tfg_ckd/cleaned_data/ERR11869435_knead/ERR11869435_1_kneaddata.trimmed.2.fasta
05/04/2026 08:13:32 PM - kneaddata.utilities - INFO: Running trf ... 
05/04/2026 08:13:32 PM - kneaddata.utilities - INFO: Execute command: kneaddata_trf_parallel --input /home/humann2/tfg_ckd/cleaned_data/ERR11869435_knead/ERR11869435_1_kneaddata.trimmed.2.fasta --output /home/humann2/tfg_ckd/cleaned_data/ERR11869435_knead/ERR11869435_1_kneaddata.trimmed.2.fasta.trf.parameters.2.7.7.80.10.50.500.dat --trf-path /home/humann2/miniforge3/envs/env_perfect/bin/trf --trf-options '2 7 7 80 10 50 500 -h -ngs' --nproc 8
05/04/2026 08:15:55 PM - kneaddata.utilities - DEBUG: 0
05/04/2026 08:15:55 PM - kneaddata.utilities - DEBUG: Checking output file from trf : /home/humann2/tfg_ckd/cleaned_data/ERR11869435_knead/ERR11869435_1_kneaddata.trimmed.2.fasta.trf.parameters.2.7.7.80.10.50.500.dat
05/04/2026 08:16:11 PM - kneaddata.run - INFO: Total number of sequences with repeats removed from file ( /home/humann2/tfg_ckd/cleaned_data/ERR11869435_knead/ERR11869435_1_kneaddata.trimmed.1.fastq ): 25516
05/04/2026 08:16:25 PM - kneaddata.run - INFO: Total number of sequences with repeats removed from file ( /home/humann2/tfg_ckd/cleaned_data/ERR11869435_knead/ERR11869435_1_kneaddata.trimmed.2.fastq ): 25420
05/04/2026 08:16:27 PM - kneaddata.utilities - DEBUG: Checking input file to trf : /home/humann2/tfg_ckd/cleaned_data/ERR11869435_knead/ERR11869435_1_kneaddata.trimmed.single.1.fasta
05/04/2026 08:16:27 PM - kneaddata.utilities - INFO: Running trf ... 
05/04/2026 08:16:27 PM - kneaddata.utilities - INFO: Execute command: kneaddata_trf_parallel --input /home/humann2/tfg_ckd/cleaned_data/ERR11869435_knead/ERR11869435_1_kneaddata.trimmed.single.1.fasta --output /home/humann2/tfg_ckd/cleaned_data/ERR11869435_knead/ERR11869435_1_kneaddata.trimmed.single.1.fasta.trf.parameters.2.7.7.80.10.50.500.dat --trf-path /home/humann2/miniforge3/envs/env_perfect/bin/trf --trf-options '2 7 7 80 10 50 500 -h -ngs' --nproc 8
05/04/2026 08:16:29 PM - kneaddata.utilities - DEBUG: 0
05/04/2026 08:16:29 PM - kneaddata.utilities - DEBUG: Checking output file from trf : /home/humann2/tfg_ckd/cleaned_data/ERR11869435_knead/ERR11869435_1_kneaddata.trimmed.single.1.fasta.trf.parameters.2.7.7.80.10.50.500.dat
05/04/2026 08:16:29 PM - kneaddata.run - INFO: Total number of sequences with repeats removed from file ( /home/humann2/tfg_ckd/cleaned_data/ERR11869435_knead/ERR11869435_1_kneaddata.trimmed.single.1.fastq ): 396
05/04/2026 08:16:31 PM - kneaddata.utilities - DEBUG: Checking input file to trf : /home/humann2/tfg_ckd/cleaned_data/ERR11869435_knead/ERR11869435_1_kneaddata.trimmed.single.2.fasta
05/04/2026 08:16:31 PM - kneaddata.utilities - INFO: Running trf ... 
05/04/2026 08:16:31 PM - kneaddata.utilities - INFO: Execute command: kneaddata_trf_parallel --input /home/humann2/tfg_ckd/cleaned_data/ERR11869435_knead/ERR11869435_1_kneaddata.trimmed.single.2.fasta --output /home/humann2/tfg_ckd/cleaned_data/ERR11869435_knead/ERR11869435_1_kneaddata.trimmed.single.2.fasta.trf.parameters.2.7.7.80.10.50.500.dat --trf-path /home/humann2/miniforge3/envs/env_perfect/bin/trf --trf-options '2 7 7 80 10 50 500 -h -ngs' --nproc 8
05/04/2026 08:16:37 PM - kneaddata.utilities - DEBUG: 0
05/04/2026 08:16:37 PM - kneaddata.utilities - DEBUG: Checking output file from trf : /home/humann2/tfg_ckd/cleaned_data/ERR11869435_knead/ERR11869435_1_kneaddata.trimmed.single.2.fasta.trf.parameters.2.7.7.80.10.50.500.dat
05/04/2026 08:16:37 PM - kneaddata.run - INFO: Total number of sequences with repeats removed from file ( /home/humann2/tfg_ckd/cleaned_data/ERR11869435_knead/ERR11869435_1_kneaddata.trimmed.single.2.fastq ): 518
05/04/2026 08:16:37 PM - kneaddata.run - INFO: Decontaminating ...
05/04/2026 08:16:37 PM - kneaddata.utilities - DEBUG: Checking input file to bowtie2 : /home/humann2/tfg_ckd/cleaned_data/ERR11869435_knead/ERR11869435_1_kneaddata.repeats.removed.1.fastq
05/04/2026 08:16:37 PM - kneaddata.utilities - DEBUG: Checking input file to bowtie2 : /home/humann2/tfg_ckd/cleaned_data/ERR11869435_knead/ERR11869435_1_kneaddata.repeats.removed.2.fastq
05/04/2026 08:16:37 PM - kneaddata.utilities - DEBUG: Checking input file to bowtie2 : /home/humann2/tfg_ckd/cleaned_data/ERR11869435_knead/ERR11869435_1_kneaddata.repeats.removed.unmatched.1.fastq
05/04/2026 08:16:37 PM - kneaddata.utilities - DEBUG: Checking input file to bowtie2 : /home/humann2/tfg_ckd/cleaned_data/ERR11869435_knead/ERR11869435_1_kneaddata.repeats.removed.unmatched.2.fastq
05/04/2026 08:16:37 PM - kneaddata.utilities - INFO: Running bowtie2 ... 
05/04/2026 08:16:37 PM - kneaddata.utilities - INFO: Execute command: kneaddata_bowtie2_discordant_pairs --bowtie2 /home/humann2/miniforge3/envs/env_perfect/bin/bowtie2 --threads 8 -x /home/humann2/db/kneaddata/hg_39 --mode strict --bowtie2-options "--very-sensitive-local --phred33" -1 /home/humann2/tfg_ckd/cleaned_data/ERR11869435_knead/ERR11869435_1_kneaddata.repeats.removed.1.fastq -2 /home/humann2/tfg_ckd/cleaned_data/ERR11869435_knead/ERR11869435_1_kneaddata.repeats.removed.2.fastq --un-pair /home/humann2/tfg_ckd/cleaned_data/ERR11869435_knead/ERR11869435_1_kneaddata_hg_39_bowtie2_paired_clean_%.fastq --al-pair /home/humann2/tfg_ckd/cleaned_data/ERR11869435_knead/ERR11869435_1_kneaddata_hg_39_bowtie2_paired_contam_%.fastq -U /home/humann2/tfg_ckd/cleaned_data/ERR11869435_knead/ERR11869435_1_kneaddata.repeats.removed.unmatched.1.fastq,/home/humann2/tfg_ckd/cleaned_data/ERR11869435_knead/ERR11869435_1_kneaddata.repeats.removed.unmatched.2.fastq --un-single /home/humann2/tfg_ckd/cleaned_data/ERR11869435_knead/ERR11869435_1_kneaddata_hg_39_bowtie2_unmatched_%_clean.fastq --al-single /home/humann2/tfg_ckd/cleaned_data/ERR11869435_knead/ERR11869435_1_kneaddata_hg_39_bowtie2_unmatched_%_contam.fastq -S /dev/null
05/04/2026 08:22:55 PM - kneaddata.utilities - DEBUG: b'14213729 reads; of these:\n  14213729 (100.00%) were unpaired; of these:\n    14163950 (99.65%) aligned 0 times\n    43485 (0.31%) aligned exactly 1 time\n    6294 (0.04%) aligned >1 times\n0.35% overall alignment rate\npair1_aligned : 45556\npair2_aligned : 45556\npair1_unaligned : 6921743\npair2_unaligned : 6921743\norphan1_aligned : 1023\norphan2_aligned : 1015\norphan1_unaligned : 127298\norphan2_unaligned : 149795\n'
05/04/2026 08:22:55 PM - kneaddata.utilities - DEBUG: Checking output file from bowtie2 : /home/humann2/tfg_ckd/cleaned_data/ERR11869435_knead/ERR11869435_1_kneaddata_hg_39_bowtie2_paired_clean_1.fastq
05/04/2026 08:22:55 PM - kneaddata.utilities - DEBUG: Checking output file from bowtie2 : /home/humann2/tfg_ckd/cleaned_data/ERR11869435_knead/ERR11869435_1_kneaddata_hg_39_bowtie2_paired_clean_2.fastq
05/04/2026 08:22:55 PM - kneaddata.run - INFO: Total contaminate sequences in file ( /home/humann2/tfg_ckd/cleaned_data/ERR11869435_knead/ERR11869435_1_kneaddata_hg_39_bowtie2_paired_contam_1.fastq ) : 45556.0
05/04/2026 08:22:55 PM - kneaddata.run - INFO: Total contaminate sequences in file ( /home/humann2/tfg_ckd/cleaned_data/ERR11869435_knead/ERR11869435_1_kneaddata_hg_39_bowtie2_paired_contam_2.fastq ) : 45556.0
05/04/2026 08:22:55 PM - kneaddata.run - INFO: Total contaminate sequences in file ( /home/humann2/tfg_ckd/cleaned_data/ERR11869435_knead/ERR11869435_1_kneaddata_hg_39_bowtie2_unmatched_1_contam.fastq ) : 1023.0
05/04/2026 08:22:55 PM - kneaddata.run - INFO: Total contaminate sequences in file ( /home/humann2/tfg_ckd/cleaned_data/ERR11869435_knead/ERR11869435_1_kneaddata_hg_39_bowtie2_unmatched_2_contam.fastq ) : 1015.0
05/04/2026 08:22:59 PM - kneaddata.utilities - INFO: READ COUNT: decontaminated hg_39 pair1 : Total reads after removing those found in reference database ( /home/humann2/tfg_ckd/cleaned_data/ERR11869435_knead/ERR11869435_1_kneaddata_hg_39_bowtie2_paired_clean_1.fastq ): 6921743.0
05/04/2026 08:23:03 PM - kneaddata.utilities - INFO: READ COUNT: decontaminated hg_39 pair2 : Total reads after removing those found in reference database ( /home/humann2/tfg_ckd/cleaned_data/ERR11869435_knead/ERR11869435_1_kneaddata_hg_39_bowtie2_paired_clean_2.fastq ): 6921743.0
05/04/2026 08:23:08 PM - kneaddata.utilities - INFO: READ COUNT: final pair1 : Total reads after merging results from multiple databases ( /home/humann2/tfg_ckd/cleaned_data/ERR11869435_knead/ERR11869435_1_kneaddata_paired_1.fastq ): 6921743.0
05/04/2026 08:23:12 PM - kneaddata.utilities - INFO: READ COUNT: final pair2 : Total reads after merging results from multiple databases ( /home/humann2/tfg_ckd/cleaned_data/ERR11869435_knead/ERR11869435_1_kneaddata_paired_2.fastq ): 6921743.0
05/04/2026 08:23:12 PM - kneaddata.utilities - WARNING: Unable to remove file: /home/humann2/tfg_ckd/cleaned_data/ERR11869435_knead/ERR11869435_1_kneaddata_hg_39_bowtie2_paired_clean_1.fastq
05/04/2026 08:23:12 PM - kneaddata.utilities - WARNING: Unable to remove file: /home/humann2/tfg_ckd/cleaned_data/ERR11869435_knead/ERR11869435_1_kneaddata_hg_39_bowtie2_paired_clean_2.fastq
05/04/2026 08:23:12 PM - kneaddata.utilities - INFO: READ COUNT: decontaminated hg_39 orphan1 : Total reads after removing those found in reference database ( /home/humann2/tfg_ckd/cleaned_data/ERR11869435_knead/ERR11869435_1_kneaddata_hg_39_bowtie2_unmatched_1_clean.fastq ): 127298.0
05/04/2026 08:23:12 PM - kneaddata.utilities - INFO: READ COUNT: final orphan1 : Total reads after merging results from multiple databases ( /home/humann2/tfg_ckd/cleaned_data/ERR11869435_knead/ERR11869435_1_kneaddata_unmatched_1.fastq ): 127298.0
05/04/2026 08:23:12 PM - kneaddata.utilities - WARNING: Unable to remove file: /home/humann2/tfg_ckd/cleaned_data/ERR11869435_knead/ERR11869435_1_kneaddata_hg_39_bowtie2_unmatched_1_clean.fastq
05/04/2026 08:23:12 PM - kneaddata.utilities - INFO: READ COUNT: decontaminated hg_39 orphan2 : Total reads after removing those found in reference database ( /home/humann2/tfg_ckd/cleaned_data/ERR11869435_knead/ERR11869435_1_kneaddata_hg_39_bowtie2_unmatched_2_clean.fastq ): 149795.0
05/04/2026 08:23:12 PM - kneaddata.utilities - INFO: READ COUNT: final orphan2 : Total reads after merging results from multiple databases ( /home/humann2/tfg_ckd/cleaned_data/ERR11869435_knead/ERR11869435_1_kneaddata_unmatched_2.fastq ): 149795.0
05/04/2026 08:23:12 PM - kneaddata.utilities - WARNING: Unable to remove file: /home/humann2/tfg_ckd/cleaned_data/ERR11869435_knead/ERR11869435_1_kneaddata_hg_39_bowtie2_unmatched_2_clean.fastq
05/04/2026 08:23:14 PM - kneaddata.knead_data - INFO: 
Final output files created: 
/home/humann2/tfg_ckd/cleaned_data/ERR11869435_knead/ERR11869435_1_kneaddata_paired_1.fastq
/home/humann2/tfg_ckd/cleaned_data/ERR11869435_knead/ERR11869435_1_kneaddata_paired_2.fastq
/home/humann2/tfg_ckd/cleaned_data/ERR11869435_knead/ERR11869435_1_kneaddata_unmatched_1.fastq
/home/humann2/tfg_ckd/cleaned_data/ERR11869435_knead/ERR11869435_1_kneaddata_unmatched_2.fastq

