04/30/2026 12:06:24 PM - kneaddata.knead_data - INFO: Running kneaddata v0.12.4
04/30/2026 12:06:24 PM - kneaddata.knead_data - INFO: Output files will be written to: /home/jgarrote730/tfg_ckd/cleaned_data/ERR11869023_knead
04/30/2026 12:06:24 PM - kneaddata.knead_data - DEBUG: Running with the following arguments: 
verbose = False
input1 = /home/jgarrote730/tfg_ckd/raw_data/ERR11869023_1.fastq.gz
input2 = /home/jgarrote730/tfg_ckd/raw_data/ERR11869023_2.fastq.gz
unpaired = None
output_dir = /home/jgarrote730/tfg_ckd/cleaned_data/ERR11869023_knead
scratch_dir = 
reference_db = /home/jgarrote730/db/kneaddata/hg_39
bypass_trim = False
output_prefix = ERR11869023_1_kneaddata
threads = 8
processes = 1
trimmomatic_quality_scores = -phred33
bmtagger = False
bypass_trf = False
run_trf = False
fastqc_start = False
fastqc_end = False
store_temp_output = False
remove_intermediate_output = True
cat_final_output = False
log_level = DEBUG
log = /home/jgarrote730/tfg_ckd/cleaned_data/ERR11869023_knead/ERR11869023_1_kneaddata.log
trimmomatic_path = /home/jgarrote730/miniforge3/envs/env_perfect/bin/trimmomatic
run_trim_repetitive = False
max_memory = 500m
trimmomatic_options = None
sequencer_source = NexteraPE
bowtie2_path = /home/jgarrote730/miniforge3/envs/env_perfect/bin/bowtie2
bowtie2_options = --very-sensitive-local --phred33
decontaminate_pairs = strict
reorder = False
serial = True
bmtagger_path = None
trf_path = /home/jgarrote730/miniforge3/envs/env_perfect/bin/trf
match = 2
mismatch = 7
delta = 7
pm = 80
pi = 10
minscore = 50
maxperiod = 500
fastqc_path = None
remove_temp_output = True
input = /home/jgarrote730/tfg_ckd/raw_data/ERR11869023_1.fastq.gz /home/jgarrote730/tfg_ckd/raw_data/ERR11869023_2.fastq.gz
discordant = True

04/30/2026 12:06:24 PM - kneaddata.utilities - INFO: Decompressing gzipped file ...
04/30/2026 12:06:45 PM - kneaddata.utilities - INFO: Decompressed file created: /home/jgarrote730/tfg_ckd/cleaned_data/ERR11869023_knead/decompressed_5gbjquml_ERR11869023_1.fastq
04/30/2026 12:06:45 PM - kneaddata.utilities - INFO: Decompressing gzipped file ...
04/30/2026 12:07:05 PM - kneaddata.utilities - INFO: Decompressed file created: /home/jgarrote730/tfg_ckd/cleaned_data/ERR11869023_knead/decompressed_p68c5_kj_ERR11869023_2.fastq
04/30/2026 12:07:05 PM - kneaddata.utilities - INFO: Reformatting file sequence identifiers ...
04/30/2026 12:07:25 PM - kneaddata.utilities - INFO: Reformatting file sequence identifiers ...
04/30/2026 12:07:48 PM - kneaddata.utilities - INFO: READ COUNT: raw pair1 : Initial number of reads ( /home/jgarrote730/tfg_ckd/cleaned_data/ERR11869023_knead/reformatted_identifiersx3g0p_no_decompressed_5gbjquml_ERR11869023_1.fastq ): 7430059.0
04/30/2026 12:07:51 PM - kneaddata.utilities - INFO: READ COUNT: raw pair2 : Initial number of reads ( /home/jgarrote730/tfg_ckd/cleaned_data/ERR11869023_knead/reformatted_identifiersfc2suzcx_decompressed_p68c5_kj_ERR11869023_2.fastq ): 7430059.0
04/30/2026 12:07:51 PM - kneaddata.utilities - DEBUG: Checking input file to Trimmomatic : /home/jgarrote730/tfg_ckd/cleaned_data/ERR11869023_knead/reformatted_identifiersx3g0p_no_decompressed_5gbjquml_ERR11869023_1.fastq
04/30/2026 12:07:51 PM - kneaddata.utilities - DEBUG: Checking input file to Trimmomatic : /home/jgarrote730/tfg_ckd/cleaned_data/ERR11869023_knead/reformatted_identifiersfc2suzcx_decompressed_p68c5_kj_ERR11869023_2.fastq
04/30/2026 12:07:51 PM - kneaddata.utilities - INFO: Running Trimmomatic ... 
04/30/2026 12:07:51 PM - kneaddata.utilities - INFO: Execute command: /home/jgarrote730/miniforge3/envs/env_perfect/bin/trimmomatic PE -threads 8 -phred33 /home/jgarrote730/tfg_ckd/cleaned_data/ERR11869023_knead/reformatted_identifiersx3g0p_no_decompressed_5gbjquml_ERR11869023_1.fastq /home/jgarrote730/tfg_ckd/cleaned_data/ERR11869023_knead/reformatted_identifiersfc2suzcx_decompressed_p68c5_kj_ERR11869023_2.fastq /home/jgarrote730/tfg_ckd/cleaned_data/ERR11869023_knead/ERR11869023_1_kneaddata.trimmed.1.fastq /home/jgarrote730/tfg_ckd/cleaned_data/ERR11869023_knead/ERR11869023_1_kneaddata.trimmed.single.1.fastq /home/jgarrote730/tfg_ckd/cleaned_data/ERR11869023_knead/ERR11869023_1_kneaddata.trimmed.2.fastq /home/jgarrote730/tfg_ckd/cleaned_data/ERR11869023_knead/ERR11869023_1_kneaddata.trimmed.single.2.fastq MINLEN:60 ILLUMINACLIP:/home/jgarrote730/miniforge3/envs/env_perfect/lib/python3.9/site-packages/kneaddata/adapters/NexteraPE-PE.fa:2:30:10:8:TRUE SLIDINGWINDOW:4:20 MINLEN:75
04/30/2026 12:08:24 PM - kneaddata.utilities - DEBUG: b"TrimmomaticPE: Started with arguments:\n -threads 8 -phred33 /home/jgarrote730/tfg_ckd/cleaned_data/ERR11869023_knead/reformatted_identifiersx3g0p_no_decompressed_5gbjquml_ERR11869023_1.fastq /home/jgarrote730/tfg_ckd/cleaned_data/ERR11869023_knead/reformatted_identifiersfc2suzcx_decompressed_p68c5_kj_ERR11869023_2.fastq /home/jgarrote730/tfg_ckd/cleaned_data/ERR11869023_knead/ERR11869023_1_kneaddata.trimmed.1.fastq /home/jgarrote730/tfg_ckd/cleaned_data/ERR11869023_knead/ERR11869023_1_kneaddata.trimmed.single.1.fastq /home/jgarrote730/tfg_ckd/cleaned_data/ERR11869023_knead/ERR11869023_1_kneaddata.trimmed.2.fastq /home/jgarrote730/tfg_ckd/cleaned_data/ERR11869023_knead/ERR11869023_1_kneaddata.trimmed.single.2.fastq MINLEN:60 ILLUMINACLIP:/home/jgarrote730/miniforge3/envs/env_perfect/lib/python3.9/site-packages/kneaddata/adapters/NexteraPE-PE.fa:2:30:10:8:TRUE SLIDINGWINDOW:4:20 MINLEN:75\nILLUMINACLIP: Using adapter file from user-specified absolute path: /home/jgarrote730/miniforge3/envs/env_perfect/lib/python3.9/site-packages/kneaddata/adapters/NexteraPE-PE.fa\nUsing PrefixPair: 'AGATGTGTATAAGAGACAG' and 'AGATGTGTATAAGAGACAG'\nUsing Long Clipping Sequence: 'GTCTCGTGGGCTCGGAGATGTGTATAAGAGACAG'\nUsing Long Clipping Sequence: 'TCGTCGGCAGCGTCAGATGTGTATAAGAGACAG'\nUsing Long Clipping Sequence: 'CTGTCTCTTATACACATCTCCGAGCCCACGAGAC'\nUsing Long Clipping Sequence: 'CTGTCTCTTATACACATCTGACGCTGCCGACGA'\nILLUMINACLIP: Using 1 prefix pairs, 4 forward/reverse sequences, 0 forward only sequences, 0 reverse only sequences\nInput Read Pairs: 7430059 Both Surviving: 7138987 (96.08%) Forward Only Surviving: 105697 (1.42%) Reverse Only Surviving: 110511 (1.49%) Dropped: 74864 (1.01%)\nTrimmomaticPE: Completed successfully\n"
04/30/2026 12:08:24 PM - kneaddata.utilities - DEBUG: Checking output file from Trimmomatic : /home/jgarrote730/tfg_ckd/cleaned_data/ERR11869023_knead/ERR11869023_1_kneaddata.trimmed.1.fastq
04/30/2026 12:08:24 PM - kneaddata.utilities - DEBUG: Checking output file from Trimmomatic : /home/jgarrote730/tfg_ckd/cleaned_data/ERR11869023_knead/ERR11869023_1_kneaddata.trimmed.single.1.fastq
04/30/2026 12:08:24 PM - kneaddata.utilities - DEBUG: Checking output file from Trimmomatic : /home/jgarrote730/tfg_ckd/cleaned_data/ERR11869023_knead/ERR11869023_1_kneaddata.trimmed.2.fastq
04/30/2026 12:08:24 PM - kneaddata.utilities - DEBUG: Checking output file from Trimmomatic : /home/jgarrote730/tfg_ckd/cleaned_data/ERR11869023_knead/ERR11869023_1_kneaddata.trimmed.single.2.fastq
04/30/2026 12:08:26 PM - kneaddata.utilities - INFO: READ COUNT: trimmed pair1 : Total reads after trimming ( /home/jgarrote730/tfg_ckd/cleaned_data/ERR11869023_knead/ERR11869023_1_kneaddata.trimmed.1.fastq ): 7138987.0
04/30/2026 12:08:29 PM - kneaddata.utilities - INFO: READ COUNT: trimmed pair2 : Total reads after trimming ( /home/jgarrote730/tfg_ckd/cleaned_data/ERR11869023_knead/ERR11869023_1_kneaddata.trimmed.2.fastq ): 7138987.0
04/30/2026 12:08:29 PM - kneaddata.utilities - INFO: READ COUNT: trimmed orphan1 : Total reads after trimming ( /home/jgarrote730/tfg_ckd/cleaned_data/ERR11869023_knead/ERR11869023_1_kneaddata.trimmed.single.1.fastq ): 105697.0
04/30/2026 12:08:29 PM - kneaddata.utilities - INFO: READ COUNT: trimmed orphan2 : Total reads after trimming ( /home/jgarrote730/tfg_ckd/cleaned_data/ERR11869023_knead/ERR11869023_1_kneaddata.trimmed.single.2.fastq ): 110511.0
04/30/2026 12:10:23 PM - kneaddata.utilities - DEBUG: Checking input file to trf : /home/jgarrote730/tfg_ckd/cleaned_data/ERR11869023_knead/ERR11869023_1_kneaddata.trimmed.1.fasta
04/30/2026 12:10:23 PM - kneaddata.utilities - INFO: Running trf ... 
04/30/2026 12:10:23 PM - kneaddata.utilities - INFO: Execute command: kneaddata_trf_parallel --input /home/jgarrote730/tfg_ckd/cleaned_data/ERR11869023_knead/ERR11869023_1_kneaddata.trimmed.1.fasta --output /home/jgarrote730/tfg_ckd/cleaned_data/ERR11869023_knead/ERR11869023_1_kneaddata.trimmed.1.fasta.trf.parameters.2.7.7.80.10.50.500.dat --trf-path /home/jgarrote730/miniforge3/envs/env_perfect/bin/trf --trf-options '2 7 7 80 10 50 500 -h -ngs' --nproc 8
04/30/2026 12:11:56 PM - kneaddata.utilities - DEBUG: 0
04/30/2026 12:11:56 PM - kneaddata.utilities - DEBUG: Checking output file from trf : /home/jgarrote730/tfg_ckd/cleaned_data/ERR11869023_knead/ERR11869023_1_kneaddata.trimmed.1.fasta.trf.parameters.2.7.7.80.10.50.500.dat
04/30/2026 12:11:56 PM - kneaddata.utilities - DEBUG: Checking input file to trf : /home/jgarrote730/tfg_ckd/cleaned_data/ERR11869023_knead/ERR11869023_1_kneaddata.trimmed.2.fasta
04/30/2026 12:11:56 PM - kneaddata.utilities - INFO: Running trf ... 
04/30/2026 12:11:56 PM - kneaddata.utilities - INFO: Execute command: kneaddata_trf_parallel --input /home/jgarrote730/tfg_ckd/cleaned_data/ERR11869023_knead/ERR11869023_1_kneaddata.trimmed.2.fasta --output /home/jgarrote730/tfg_ckd/cleaned_data/ERR11869023_knead/ERR11869023_1_kneaddata.trimmed.2.fasta.trf.parameters.2.7.7.80.10.50.500.dat --trf-path /home/jgarrote730/miniforge3/envs/env_perfect/bin/trf --trf-options '2 7 7 80 10 50 500 -h -ngs' --nproc 8
04/30/2026 12:13:30 PM - kneaddata.utilities - DEBUG: 0
04/30/2026 12:13:30 PM - kneaddata.utilities - DEBUG: Checking output file from trf : /home/jgarrote730/tfg_ckd/cleaned_data/ERR11869023_knead/ERR11869023_1_kneaddata.trimmed.2.fasta.trf.parameters.2.7.7.80.10.50.500.dat
04/30/2026 12:13:39 PM - kneaddata.run - INFO: Total number of sequences with repeats removed from file ( /home/jgarrote730/tfg_ckd/cleaned_data/ERR11869023_knead/ERR11869023_1_kneaddata.trimmed.1.fastq ): 26127
04/30/2026 12:13:48 PM - kneaddata.run - INFO: Total number of sequences with repeats removed from file ( /home/jgarrote730/tfg_ckd/cleaned_data/ERR11869023_knead/ERR11869023_1_kneaddata.trimmed.2.fastq ): 26188
04/30/2026 12:13:48 PM - kneaddata.utilities - DEBUG: Checking input file to trf : /home/jgarrote730/tfg_ckd/cleaned_data/ERR11869023_knead/ERR11869023_1_kneaddata.trimmed.single.1.fasta
04/30/2026 12:13:48 PM - kneaddata.utilities - INFO: Running trf ... 
04/30/2026 12:13:48 PM - kneaddata.utilities - INFO: Execute command: kneaddata_trf_parallel --input /home/jgarrote730/tfg_ckd/cleaned_data/ERR11869023_knead/ERR11869023_1_kneaddata.trimmed.single.1.fasta --output /home/jgarrote730/tfg_ckd/cleaned_data/ERR11869023_knead/ERR11869023_1_kneaddata.trimmed.single.1.fasta.trf.parameters.2.7.7.80.10.50.500.dat --trf-path /home/jgarrote730/miniforge3/envs/env_perfect/bin/trf --trf-options '2 7 7 80 10 50 500 -h -ngs' --nproc 8
04/30/2026 12:13:50 PM - kneaddata.utilities - DEBUG: 0
04/30/2026 12:13:50 PM - kneaddata.utilities - DEBUG: Checking output file from trf : /home/jgarrote730/tfg_ckd/cleaned_data/ERR11869023_knead/ERR11869023_1_kneaddata.trimmed.single.1.fasta.trf.parameters.2.7.7.80.10.50.500.dat
04/30/2026 12:13:50 PM - kneaddata.run - INFO: Total number of sequences with repeats removed from file ( /home/jgarrote730/tfg_ckd/cleaned_data/ERR11869023_knead/ERR11869023_1_kneaddata.trimmed.single.1.fastq ): 429
04/30/2026 12:13:51 PM - kneaddata.utilities - DEBUG: Checking input file to trf : /home/jgarrote730/tfg_ckd/cleaned_data/ERR11869023_knead/ERR11869023_1_kneaddata.trimmed.single.2.fasta
04/30/2026 12:13:51 PM - kneaddata.utilities - INFO: Running trf ... 
04/30/2026 12:13:51 PM - kneaddata.utilities - INFO: Execute command: kneaddata_trf_parallel --input /home/jgarrote730/tfg_ckd/cleaned_data/ERR11869023_knead/ERR11869023_1_kneaddata.trimmed.single.2.fasta --output /home/jgarrote730/tfg_ckd/cleaned_data/ERR11869023_knead/ERR11869023_1_kneaddata.trimmed.single.2.fasta.trf.parameters.2.7.7.80.10.50.500.dat --trf-path /home/jgarrote730/miniforge3/envs/env_perfect/bin/trf --trf-options '2 7 7 80 10 50 500 -h -ngs' --nproc 8
04/30/2026 12:13:52 PM - kneaddata.utilities - DEBUG: 0
04/30/2026 12:13:52 PM - kneaddata.utilities - DEBUG: Checking output file from trf : /home/jgarrote730/tfg_ckd/cleaned_data/ERR11869023_knead/ERR11869023_1_kneaddata.trimmed.single.2.fasta.trf.parameters.2.7.7.80.10.50.500.dat
04/30/2026 12:13:52 PM - kneaddata.run - INFO: Total number of sequences with repeats removed from file ( /home/jgarrote730/tfg_ckd/cleaned_data/ERR11869023_knead/ERR11869023_1_kneaddata.trimmed.single.2.fastq ): 420
04/30/2026 12:13:52 PM - kneaddata.run - INFO: Decontaminating ...
04/30/2026 12:13:52 PM - kneaddata.utilities - DEBUG: Checking input file to bowtie2 : /home/jgarrote730/tfg_ckd/cleaned_data/ERR11869023_knead/ERR11869023_1_kneaddata.repeats.removed.1.fastq
04/30/2026 12:13:52 PM - kneaddata.utilities - DEBUG: Checking input file to bowtie2 : /home/jgarrote730/tfg_ckd/cleaned_data/ERR11869023_knead/ERR11869023_1_kneaddata.repeats.removed.2.fastq
04/30/2026 12:13:52 PM - kneaddata.utilities - DEBUG: Checking input file to bowtie2 : /home/jgarrote730/tfg_ckd/cleaned_data/ERR11869023_knead/ERR11869023_1_kneaddata.repeats.removed.unmatched.1.fastq
04/30/2026 12:13:52 PM - kneaddata.utilities - DEBUG: Checking input file to bowtie2 : /home/jgarrote730/tfg_ckd/cleaned_data/ERR11869023_knead/ERR11869023_1_kneaddata.repeats.removed.unmatched.2.fastq
04/30/2026 12:13:52 PM - kneaddata.utilities - INFO: Running bowtie2 ... 
04/30/2026 12:13:52 PM - kneaddata.utilities - INFO: Execute command: kneaddata_bowtie2_discordant_pairs --bowtie2 /home/jgarrote730/miniforge3/envs/env_perfect/bin/bowtie2 --threads 8 -x /home/jgarrote730/db/kneaddata/hg_39 --mode strict --bowtie2-options "--very-sensitive-local --phred33" -1 /home/jgarrote730/tfg_ckd/cleaned_data/ERR11869023_knead/ERR11869023_1_kneaddata.repeats.removed.1.fastq -2 /home/jgarrote730/tfg_ckd/cleaned_data/ERR11869023_knead/ERR11869023_1_kneaddata.repeats.removed.2.fastq --un-pair /home/jgarrote730/tfg_ckd/cleaned_data/ERR11869023_knead/ERR11869023_1_kneaddata_hg_39_bowtie2_paired_clean_%.fastq --al-pair /home/jgarrote730/tfg_ckd/cleaned_data/ERR11869023_knead/ERR11869023_1_kneaddata_hg_39_bowtie2_paired_contam_%.fastq -U /home/jgarrote730/tfg_ckd/cleaned_data/ERR11869023_knead/ERR11869023_1_kneaddata.repeats.removed.unmatched.1.fastq,/home/jgarrote730/tfg_ckd/cleaned_data/ERR11869023_knead/ERR11869023_1_kneaddata.repeats.removed.unmatched.2.fastq --un-single /home/jgarrote730/tfg_ckd/cleaned_data/ERR11869023_knead/ERR11869023_1_kneaddata_hg_39_bowtie2_unmatched_%_clean.fastq --al-single /home/jgarrote730/tfg_ckd/cleaned_data/ERR11869023_knead/ERR11869023_1_kneaddata_hg_39_bowtie2_unmatched_%_contam.fastq -S /dev/null
04/30/2026 12:18:22 PM - kneaddata.utilities - DEBUG: b'[WARNING] Failed to launch x86-64-v3 version, staying with default\n[WARNING] Failed to launch x86-64-v3 version, staying with default\n14441018 reads; of these:\n  14441018 (100.00%) were unpaired; of these:\n    14425581 (99.89%) aligned 0 times\n    8417 (0.06%) aligned exactly 1 time\n    7020 (0.05%) aligned >1 times\n0.11% overall alignment rate\npair1_aligned : 7711\npair2_aligned : 7711\npair1_unaligned : 7080663\npair2_unaligned : 7080663\norphan1_aligned : 376\norphan2_aligned : 407\norphan1_unaligned : 129378\norphan2_unaligned : 134109\n'
04/30/2026 12:18:22 PM - kneaddata.utilities - DEBUG: Checking output file from bowtie2 : /home/jgarrote730/tfg_ckd/cleaned_data/ERR11869023_knead/ERR11869023_1_kneaddata_hg_39_bowtie2_paired_clean_1.fastq
04/30/2026 12:18:22 PM - kneaddata.utilities - DEBUG: Checking output file from bowtie2 : /home/jgarrote730/tfg_ckd/cleaned_data/ERR11869023_knead/ERR11869023_1_kneaddata_hg_39_bowtie2_paired_clean_2.fastq
04/30/2026 12:18:22 PM - kneaddata.run - INFO: Total contaminate sequences in file ( /home/jgarrote730/tfg_ckd/cleaned_data/ERR11869023_knead/ERR11869023_1_kneaddata_hg_39_bowtie2_paired_contam_1.fastq ) : 7711.0
04/30/2026 12:18:22 PM - kneaddata.run - INFO: Total contaminate sequences in file ( /home/jgarrote730/tfg_ckd/cleaned_data/ERR11869023_knead/ERR11869023_1_kneaddata_hg_39_bowtie2_paired_contam_2.fastq ) : 7711.0
04/30/2026 12:18:22 PM - kneaddata.run - INFO: Total contaminate sequences in file ( /home/jgarrote730/tfg_ckd/cleaned_data/ERR11869023_knead/ERR11869023_1_kneaddata_hg_39_bowtie2_unmatched_1_contam.fastq ) : 376.0
04/30/2026 12:18:22 PM - kneaddata.run - INFO: Total contaminate sequences in file ( /home/jgarrote730/tfg_ckd/cleaned_data/ERR11869023_knead/ERR11869023_1_kneaddata_hg_39_bowtie2_unmatched_2_contam.fastq ) : 407.0
04/30/2026 12:18:25 PM - kneaddata.utilities - INFO: READ COUNT: decontaminated hg_39 pair1 : Total reads after removing those found in reference database ( /home/jgarrote730/tfg_ckd/cleaned_data/ERR11869023_knead/ERR11869023_1_kneaddata_hg_39_bowtie2_paired_clean_1.fastq ): 7080663.0
04/30/2026 12:18:27 PM - kneaddata.utilities - INFO: READ COUNT: decontaminated hg_39 pair2 : Total reads after removing those found in reference database ( /home/jgarrote730/tfg_ckd/cleaned_data/ERR11869023_knead/ERR11869023_1_kneaddata_hg_39_bowtie2_paired_clean_2.fastq ): 7080663.0
04/30/2026 12:18:30 PM - kneaddata.utilities - INFO: READ COUNT: final pair1 : Total reads after merging results from multiple databases ( /home/jgarrote730/tfg_ckd/cleaned_data/ERR11869023_knead/ERR11869023_1_kneaddata_paired_1.fastq ): 7080663.0
04/30/2026 12:18:33 PM - kneaddata.utilities - INFO: READ COUNT: final pair2 : Total reads after merging results from multiple databases ( /home/jgarrote730/tfg_ckd/cleaned_data/ERR11869023_knead/ERR11869023_1_kneaddata_paired_2.fastq ): 7080663.0
04/30/2026 12:18:33 PM - kneaddata.utilities - WARNING: Unable to remove file: /home/jgarrote730/tfg_ckd/cleaned_data/ERR11869023_knead/ERR11869023_1_kneaddata_hg_39_bowtie2_paired_clean_1.fastq
04/30/2026 12:18:33 PM - kneaddata.utilities - WARNING: Unable to remove file: /home/jgarrote730/tfg_ckd/cleaned_data/ERR11869023_knead/ERR11869023_1_kneaddata_hg_39_bowtie2_paired_clean_2.fastq
04/30/2026 12:18:33 PM - kneaddata.utilities - INFO: READ COUNT: decontaminated hg_39 orphan1 : Total reads after removing those found in reference database ( /home/jgarrote730/tfg_ckd/cleaned_data/ERR11869023_knead/ERR11869023_1_kneaddata_hg_39_bowtie2_unmatched_1_clean.fastq ): 129378.0
04/30/2026 12:18:33 PM - kneaddata.utilities - INFO: READ COUNT: final orphan1 : Total reads after merging results from multiple databases ( /home/jgarrote730/tfg_ckd/cleaned_data/ERR11869023_knead/ERR11869023_1_kneaddata_unmatched_1.fastq ): 129378.0
04/30/2026 12:18:33 PM - kneaddata.utilities - WARNING: Unable to remove file: /home/jgarrote730/tfg_ckd/cleaned_data/ERR11869023_knead/ERR11869023_1_kneaddata_hg_39_bowtie2_unmatched_1_clean.fastq
04/30/2026 12:18:33 PM - kneaddata.utilities - INFO: READ COUNT: decontaminated hg_39 orphan2 : Total reads after removing those found in reference database ( /home/jgarrote730/tfg_ckd/cleaned_data/ERR11869023_knead/ERR11869023_1_kneaddata_hg_39_bowtie2_unmatched_2_clean.fastq ): 134109.0
04/30/2026 12:18:33 PM - kneaddata.utilities - INFO: READ COUNT: final orphan2 : Total reads after merging results from multiple databases ( /home/jgarrote730/tfg_ckd/cleaned_data/ERR11869023_knead/ERR11869023_1_kneaddata_unmatched_2.fastq ): 134109.0
04/30/2026 12:18:33 PM - kneaddata.utilities - WARNING: Unable to remove file: /home/jgarrote730/tfg_ckd/cleaned_data/ERR11869023_knead/ERR11869023_1_kneaddata_hg_39_bowtie2_unmatched_2_clean.fastq
04/30/2026 12:18:34 PM - kneaddata.knead_data - INFO: 
Final output files created: 
/home/jgarrote730/tfg_ckd/cleaned_data/ERR11869023_knead/ERR11869023_1_kneaddata_paired_1.fastq
/home/jgarrote730/tfg_ckd/cleaned_data/ERR11869023_knead/ERR11869023_1_kneaddata_paired_2.fastq
/home/jgarrote730/tfg_ckd/cleaned_data/ERR11869023_knead/ERR11869023_1_kneaddata_unmatched_1.fastq
/home/jgarrote730/tfg_ckd/cleaned_data/ERR11869023_knead/ERR11869023_1_kneaddata_unmatched_2.fastq

