05/08/2026 02:04:49 PM - kneaddata.knead_data - INFO: Running kneaddata v0.12.4
05/08/2026 02:04:49 PM - kneaddata.knead_data - INFO: Output files will be written to: /home/jgarrote730/tfg_ckd/cleaned_data/ERR11866252_knead
05/08/2026 02:04:49 PM - kneaddata.knead_data - DEBUG: Running with the following arguments: 
verbose = False
input1 = /home/jgarrote730/tfg_ckd/raw_data/ERR11866252_1.fastq.gz
input2 = /home/jgarrote730/tfg_ckd/raw_data/ERR11866252_2.fastq.gz
unpaired = None
output_dir = /home/jgarrote730/tfg_ckd/cleaned_data/ERR11866252_knead
scratch_dir = 
reference_db = /home/jgarrote730/db/kneaddata/hg_39
bypass_trim = False
output_prefix = ERR11866252_1_kneaddata
threads = 8
processes = 1
trimmomatic_quality_scores = -phred33
bmtagger = False
bypass_trf = False
run_trf = False
fastqc_start = False
fastqc_end = False
store_temp_output = False
remove_intermediate_output = True
cat_final_output = False
log_level = DEBUG
log = /home/jgarrote730/tfg_ckd/cleaned_data/ERR11866252_knead/ERR11866252_1_kneaddata.log
trimmomatic_path = /home/jgarrote730/miniforge3/envs/env_perfect/bin/trimmomatic
run_trim_repetitive = False
max_memory = 500m
trimmomatic_options = None
sequencer_source = NexteraPE
bowtie2_path = /home/jgarrote730/miniforge3/envs/env_perfect/bin/bowtie2
bowtie2_options = --very-sensitive-local --phred33
decontaminate_pairs = strict
reorder = False
serial = True
bmtagger_path = None
trf_path = /home/jgarrote730/miniforge3/envs/env_perfect/bin/trf
match = 2
mismatch = 7
delta = 7
pm = 80
pi = 10
minscore = 50
maxperiod = 500
fastqc_path = None
remove_temp_output = True
input = /home/jgarrote730/tfg_ckd/raw_data/ERR11866252_1.fastq.gz /home/jgarrote730/tfg_ckd/raw_data/ERR11866252_2.fastq.gz
discordant = True

05/08/2026 02:04:49 PM - kneaddata.utilities - INFO: Decompressing gzipped file ...
05/08/2026 02:06:30 PM - kneaddata.utilities - INFO: Decompressed file created: /home/jgarrote730/tfg_ckd/cleaned_data/ERR11866252_knead/decompressed_dwzd3p40_ERR11866252_1.fastq
05/08/2026 02:06:30 PM - kneaddata.utilities - INFO: Decompressing gzipped file ...
05/08/2026 02:08:13 PM - kneaddata.utilities - INFO: Decompressed file created: /home/jgarrote730/tfg_ckd/cleaned_data/ERR11866252_knead/decompressed_wfl8t18a_ERR11866252_2.fastq
05/08/2026 02:08:13 PM - kneaddata.utilities - INFO: Reformatting file sequence identifiers ...
05/08/2026 02:10:33 PM - kneaddata.utilities - INFO: Reformatting file sequence identifiers ...
05/08/2026 02:12:26 PM - kneaddata.utilities - INFO: READ COUNT: raw pair1 : Initial number of reads ( /home/jgarrote730/tfg_ckd/cleaned_data/ERR11866252_knead/reformatted_identifiers618jae25_decompressed_dwzd3p40_ERR11866252_1.fastq ): 45793489.0
05/08/2026 02:12:43 PM - kneaddata.utilities - INFO: READ COUNT: raw pair2 : Initial number of reads ( /home/jgarrote730/tfg_ckd/cleaned_data/ERR11866252_knead/reformatted_identifiersu9kb8wuf_decompressed_wfl8t18a_ERR11866252_2.fastq ): 45793489.0
05/08/2026 02:12:43 PM - kneaddata.utilities - DEBUG: Checking input file to Trimmomatic : /home/jgarrote730/tfg_ckd/cleaned_data/ERR11866252_knead/reformatted_identifiers618jae25_decompressed_dwzd3p40_ERR11866252_1.fastq
05/08/2026 02:12:43 PM - kneaddata.utilities - DEBUG: Checking input file to Trimmomatic : /home/jgarrote730/tfg_ckd/cleaned_data/ERR11866252_knead/reformatted_identifiersu9kb8wuf_decompressed_wfl8t18a_ERR11866252_2.fastq
05/08/2026 02:12:43 PM - kneaddata.utilities - INFO: Running Trimmomatic ... 
05/08/2026 02:12:43 PM - kneaddata.utilities - INFO: Execute command: /home/jgarrote730/miniforge3/envs/env_perfect/bin/trimmomatic PE -threads 8 -phred33 /home/jgarrote730/tfg_ckd/cleaned_data/ERR11866252_knead/reformatted_identifiers618jae25_decompressed_dwzd3p40_ERR11866252_1.fastq /home/jgarrote730/tfg_ckd/cleaned_data/ERR11866252_knead/reformatted_identifiersu9kb8wuf_decompressed_wfl8t18a_ERR11866252_2.fastq /home/jgarrote730/tfg_ckd/cleaned_data/ERR11866252_knead/ERR11866252_1_kneaddata.trimmed.1.fastq /home/jgarrote730/tfg_ckd/cleaned_data/ERR11866252_knead/ERR11866252_1_kneaddata.trimmed.single.1.fastq /home/jgarrote730/tfg_ckd/cleaned_data/ERR11866252_knead/ERR11866252_1_kneaddata.trimmed.2.fastq /home/jgarrote730/tfg_ckd/cleaned_data/ERR11866252_knead/ERR11866252_1_kneaddata.trimmed.single.2.fastq MINLEN:60 ILLUMINACLIP:/home/jgarrote730/miniforge3/envs/env_perfect/lib/python3.9/site-packages/kneaddata/adapters/NexteraPE-PE.fa:2:30:10:8:TRUE SLIDINGWINDOW:4:20 MINLEN:75
05/08/2026 02:15:47 PM - kneaddata.utilities - DEBUG: b"TrimmomaticPE: Started with arguments:\n -threads 8 -phred33 /home/jgarrote730/tfg_ckd/cleaned_data/ERR11866252_knead/reformatted_identifiers618jae25_decompressed_dwzd3p40_ERR11866252_1.fastq /home/jgarrote730/tfg_ckd/cleaned_data/ERR11866252_knead/reformatted_identifiersu9kb8wuf_decompressed_wfl8t18a_ERR11866252_2.fastq /home/jgarrote730/tfg_ckd/cleaned_data/ERR11866252_knead/ERR11866252_1_kneaddata.trimmed.1.fastq /home/jgarrote730/tfg_ckd/cleaned_data/ERR11866252_knead/ERR11866252_1_kneaddata.trimmed.single.1.fastq /home/jgarrote730/tfg_ckd/cleaned_data/ERR11866252_knead/ERR11866252_1_kneaddata.trimmed.2.fastq /home/jgarrote730/tfg_ckd/cleaned_data/ERR11866252_knead/ERR11866252_1_kneaddata.trimmed.single.2.fastq MINLEN:60 ILLUMINACLIP:/home/jgarrote730/miniforge3/envs/env_perfect/lib/python3.9/site-packages/kneaddata/adapters/NexteraPE-PE.fa:2:30:10:8:TRUE SLIDINGWINDOW:4:20 MINLEN:75\nILLUMINACLIP: Using adapter file from user-specified absolute path: /home/jgarrote730/miniforge3/envs/env_perfect/lib/python3.9/site-packages/kneaddata/adapters/NexteraPE-PE.fa\nUsing PrefixPair: 'AGATGTGTATAAGAGACAG' and 'AGATGTGTATAAGAGACAG'\nUsing Long Clipping Sequence: 'GTCTCGTGGGCTCGGAGATGTGTATAAGAGACAG'\nUsing Long Clipping Sequence: 'TCGTCGGCAGCGTCAGATGTGTATAAGAGACAG'\nUsing Long Clipping Sequence: 'CTGTCTCTTATACACATCTCCGAGCCCACGAGAC'\nUsing Long Clipping Sequence: 'CTGTCTCTTATACACATCTGACGCTGCCGACGA'\nILLUMINACLIP: Using 1 prefix pairs, 4 forward/reverse sequences, 0 forward only sequences, 0 reverse only sequences\nInput Read Pairs: 45793489 Both Surviving: 44377516 (96.91%) Forward Only Surviving: 446447 (0.97%) Reverse Only Surviving: 752570 (1.64%) Dropped: 216956 (0.47%)\nTrimmomaticPE: Completed successfully\n"
05/08/2026 02:15:47 PM - kneaddata.utilities - DEBUG: Checking output file from Trimmomatic : /home/jgarrote730/tfg_ckd/cleaned_data/ERR11866252_knead/ERR11866252_1_kneaddata.trimmed.1.fastq
05/08/2026 02:15:47 PM - kneaddata.utilities - DEBUG: Checking output file from Trimmomatic : /home/jgarrote730/tfg_ckd/cleaned_data/ERR11866252_knead/ERR11866252_1_kneaddata.trimmed.single.1.fastq
05/08/2026 02:15:47 PM - kneaddata.utilities - DEBUG: Checking output file from Trimmomatic : /home/jgarrote730/tfg_ckd/cleaned_data/ERR11866252_knead/ERR11866252_1_kneaddata.trimmed.2.fastq
05/08/2026 02:15:47 PM - kneaddata.utilities - DEBUG: Checking output file from Trimmomatic : /home/jgarrote730/tfg_ckd/cleaned_data/ERR11866252_knead/ERR11866252_1_kneaddata.trimmed.single.2.fastq
05/08/2026 02:16:18 PM - kneaddata.utilities - INFO: READ COUNT: trimmed pair1 : Total reads after trimming ( /home/jgarrote730/tfg_ckd/cleaned_data/ERR11866252_knead/ERR11866252_1_kneaddata.trimmed.1.fastq ): 44377516.0
05/08/2026 02:16:49 PM - kneaddata.utilities - INFO: READ COUNT: trimmed pair2 : Total reads after trimming ( /home/jgarrote730/tfg_ckd/cleaned_data/ERR11866252_knead/ERR11866252_1_kneaddata.trimmed.2.fastq ): 44377516.0
05/08/2026 02:16:49 PM - kneaddata.utilities - INFO: READ COUNT: trimmed orphan1 : Total reads after trimming ( /home/jgarrote730/tfg_ckd/cleaned_data/ERR11866252_knead/ERR11866252_1_kneaddata.trimmed.single.1.fastq ): 446447.0
05/08/2026 02:16:50 PM - kneaddata.utilities - INFO: READ COUNT: trimmed orphan2 : Total reads after trimming ( /home/jgarrote730/tfg_ckd/cleaned_data/ERR11866252_knead/ERR11866252_1_kneaddata.trimmed.single.2.fastq ): 752570.0
05/08/2026 02:31:38 PM - kneaddata.utilities - DEBUG: Checking input file to trf : /home/jgarrote730/tfg_ckd/cleaned_data/ERR11866252_knead/ERR11866252_1_kneaddata.trimmed.1.fasta
05/08/2026 02:31:38 PM - kneaddata.utilities - INFO: Running trf ... 
05/08/2026 02:31:38 PM - kneaddata.utilities - INFO: Execute command: kneaddata_trf_parallel --input /home/jgarrote730/tfg_ckd/cleaned_data/ERR11866252_knead/ERR11866252_1_kneaddata.trimmed.1.fasta --output /home/jgarrote730/tfg_ckd/cleaned_data/ERR11866252_knead/ERR11866252_1_kneaddata.trimmed.1.fasta.trf.parameters.2.7.7.80.10.50.500.dat --trf-path /home/jgarrote730/miniforge3/envs/env_perfect/bin/trf --trf-options '2 7 7 80 10 50 500 -h -ngs' --nproc 8
05/08/2026 02:43:13 PM - kneaddata.utilities - DEBUG: 0
05/08/2026 02:43:13 PM - kneaddata.utilities - DEBUG: Checking output file from trf : /home/jgarrote730/tfg_ckd/cleaned_data/ERR11866252_knead/ERR11866252_1_kneaddata.trimmed.1.fasta.trf.parameters.2.7.7.80.10.50.500.dat
05/08/2026 02:43:13 PM - kneaddata.utilities - DEBUG: Checking input file to trf : /home/jgarrote730/tfg_ckd/cleaned_data/ERR11866252_knead/ERR11866252_1_kneaddata.trimmed.2.fasta
05/08/2026 02:43:13 PM - kneaddata.utilities - INFO: Running trf ... 
05/08/2026 02:43:13 PM - kneaddata.utilities - INFO: Execute command: kneaddata_trf_parallel --input /home/jgarrote730/tfg_ckd/cleaned_data/ERR11866252_knead/ERR11866252_1_kneaddata.trimmed.2.fasta --output /home/jgarrote730/tfg_ckd/cleaned_data/ERR11866252_knead/ERR11866252_1_kneaddata.trimmed.2.fasta.trf.parameters.2.7.7.80.10.50.500.dat --trf-path /home/jgarrote730/miniforge3/envs/env_perfect/bin/trf --trf-options '2 7 7 80 10 50 500 -h -ngs' --nproc 8
05/08/2026 02:55:17 PM - kneaddata.utilities - DEBUG: 0
05/08/2026 02:55:17 PM - kneaddata.utilities - DEBUG: Checking output file from trf : /home/jgarrote730/tfg_ckd/cleaned_data/ERR11866252_knead/ERR11866252_1_kneaddata.trimmed.2.fasta.trf.parameters.2.7.7.80.10.50.500.dat
05/08/2026 02:57:14 PM - kneaddata.run - INFO: Total number of sequences with repeats removed from file ( /home/jgarrote730/tfg_ckd/cleaned_data/ERR11866252_knead/ERR11866252_1_kneaddata.trimmed.1.fastq ): 170937
05/08/2026 02:58:46 PM - kneaddata.run - INFO: Total number of sequences with repeats removed from file ( /home/jgarrote730/tfg_ckd/cleaned_data/ERR11866252_knead/ERR11866252_1_kneaddata.trimmed.2.fastq ): 174756
05/08/2026 02:58:59 PM - kneaddata.utilities - DEBUG: Checking input file to trf : /home/jgarrote730/tfg_ckd/cleaned_data/ERR11866252_knead/ERR11866252_1_kneaddata.trimmed.single.1.fasta
05/08/2026 02:58:59 PM - kneaddata.utilities - INFO: Running trf ... 
05/08/2026 02:58:59 PM - kneaddata.utilities - INFO: Execute command: kneaddata_trf_parallel --input /home/jgarrote730/tfg_ckd/cleaned_data/ERR11866252_knead/ERR11866252_1_kneaddata.trimmed.single.1.fasta --output /home/jgarrote730/tfg_ckd/cleaned_data/ERR11866252_knead/ERR11866252_1_kneaddata.trimmed.single.1.fasta.trf.parameters.2.7.7.80.10.50.500.dat --trf-path /home/jgarrote730/miniforge3/envs/env_perfect/bin/trf --trf-options '2 7 7 80 10 50 500 -h -ngs' --nproc 8
05/08/2026 02:59:07 PM - kneaddata.utilities - DEBUG: 0
05/08/2026 02:59:07 PM - kneaddata.utilities - DEBUG: Checking output file from trf : /home/jgarrote730/tfg_ckd/cleaned_data/ERR11866252_knead/ERR11866252_1_kneaddata.trimmed.single.1.fasta.trf.parameters.2.7.7.80.10.50.500.dat
05/08/2026 02:59:08 PM - kneaddata.run - INFO: Total number of sequences with repeats removed from file ( /home/jgarrote730/tfg_ckd/cleaned_data/ERR11866252_knead/ERR11866252_1_kneaddata.trimmed.single.1.fastq ): 1894
05/08/2026 02:59:14 PM - kneaddata.utilities - DEBUG: Checking input file to trf : /home/jgarrote730/tfg_ckd/cleaned_data/ERR11866252_knead/ERR11866252_1_kneaddata.trimmed.single.2.fasta
05/08/2026 02:59:14 PM - kneaddata.utilities - INFO: Running trf ... 
05/08/2026 02:59:14 PM - kneaddata.utilities - INFO: Execute command: kneaddata_trf_parallel --input /home/jgarrote730/tfg_ckd/cleaned_data/ERR11866252_knead/ERR11866252_1_kneaddata.trimmed.single.2.fasta --output /home/jgarrote730/tfg_ckd/cleaned_data/ERR11866252_knead/ERR11866252_1_kneaddata.trimmed.single.2.fasta.trf.parameters.2.7.7.80.10.50.500.dat --trf-path /home/jgarrote730/miniforge3/envs/env_perfect/bin/trf --trf-options '2 7 7 80 10 50 500 -h -ngs' --nproc 8
05/08/2026 02:59:25 PM - kneaddata.utilities - DEBUG: 0
05/08/2026 02:59:25 PM - kneaddata.utilities - DEBUG: Checking output file from trf : /home/jgarrote730/tfg_ckd/cleaned_data/ERR11866252_knead/ERR11866252_1_kneaddata.trimmed.single.2.fasta.trf.parameters.2.7.7.80.10.50.500.dat
05/08/2026 02:59:25 PM - kneaddata.run - INFO: Total number of sequences with repeats removed from file ( /home/jgarrote730/tfg_ckd/cleaned_data/ERR11866252_knead/ERR11866252_1_kneaddata.trimmed.single.2.fastq ): 3115
05/08/2026 02:59:25 PM - kneaddata.run - INFO: Decontaminating ...
05/08/2026 02:59:25 PM - kneaddata.utilities - DEBUG: Checking input file to bowtie2 : /home/jgarrote730/tfg_ckd/cleaned_data/ERR11866252_knead/ERR11866252_1_kneaddata.repeats.removed.1.fastq
05/08/2026 02:59:25 PM - kneaddata.utilities - DEBUG: Checking input file to bowtie2 : /home/jgarrote730/tfg_ckd/cleaned_data/ERR11866252_knead/ERR11866252_1_kneaddata.repeats.removed.2.fastq
05/08/2026 02:59:25 PM - kneaddata.utilities - DEBUG: Checking input file to bowtie2 : /home/jgarrote730/tfg_ckd/cleaned_data/ERR11866252_knead/ERR11866252_1_kneaddata.repeats.removed.unmatched.1.fastq
05/08/2026 02:59:25 PM - kneaddata.utilities - DEBUG: Checking input file to bowtie2 : /home/jgarrote730/tfg_ckd/cleaned_data/ERR11866252_knead/ERR11866252_1_kneaddata.repeats.removed.unmatched.2.fastq
05/08/2026 02:59:25 PM - kneaddata.utilities - INFO: Running bowtie2 ... 
05/08/2026 02:59:25 PM - kneaddata.utilities - INFO: Execute command: kneaddata_bowtie2_discordant_pairs --bowtie2 /home/jgarrote730/miniforge3/envs/env_perfect/bin/bowtie2 --threads 8 -x /home/jgarrote730/db/kneaddata/hg_39 --mode strict --bowtie2-options "--very-sensitive-local --phred33" -1 /home/jgarrote730/tfg_ckd/cleaned_data/ERR11866252_knead/ERR11866252_1_kneaddata.repeats.removed.1.fastq -2 /home/jgarrote730/tfg_ckd/cleaned_data/ERR11866252_knead/ERR11866252_1_kneaddata.repeats.removed.2.fastq --un-pair /home/jgarrote730/tfg_ckd/cleaned_data/ERR11866252_knead/ERR11866252_1_kneaddata_hg_39_bowtie2_paired_clean_%.fastq --al-pair /home/jgarrote730/tfg_ckd/cleaned_data/ERR11866252_knead/ERR11866252_1_kneaddata_hg_39_bowtie2_paired_contam_%.fastq -U /home/jgarrote730/tfg_ckd/cleaned_data/ERR11866252_knead/ERR11866252_1_kneaddata.repeats.removed.unmatched.1.fastq,/home/jgarrote730/tfg_ckd/cleaned_data/ERR11866252_knead/ERR11866252_1_kneaddata.repeats.removed.unmatched.2.fastq --un-single /home/jgarrote730/tfg_ckd/cleaned_data/ERR11866252_knead/ERR11866252_1_kneaddata_hg_39_bowtie2_unmatched_%_clean.fastq --al-single /home/jgarrote730/tfg_ckd/cleaned_data/ERR11866252_knead/ERR11866252_1_kneaddata_hg_39_bowtie2_unmatched_%_contam.fastq -S /dev/null
05/08/2026 03:24:38 PM - kneaddata.utilities - DEBUG: b'[WARNING] Failed to launch x86-64-v3 version, staying with default\n[WARNING] Failed to launch x86-64-v3 version, staying with default\n89603347 reads; of these:\n  89603347 (100.00%) were unpaired; of these:\n    89572361 (99.97%) aligned 0 times\n    15849 (0.02%) aligned exactly 1 time\n    15137 (0.02%) aligned >1 times\n0.03% overall alignment rate\npair1_aligned : 21656\npair2_aligned : 21656\npair1_unaligned : 44026756\npair2_unaligned : 44026756\norphan1_aligned : 414\norphan2_aligned : 513\norphan1_unaligned : 602306\norphan2_unaligned : 903290\n'
05/08/2026 03:24:38 PM - kneaddata.utilities - DEBUG: Checking output file from bowtie2 : /home/jgarrote730/tfg_ckd/cleaned_data/ERR11866252_knead/ERR11866252_1_kneaddata_hg_39_bowtie2_paired_clean_1.fastq
05/08/2026 03:24:38 PM - kneaddata.utilities - DEBUG: Checking output file from bowtie2 : /home/jgarrote730/tfg_ckd/cleaned_data/ERR11866252_knead/ERR11866252_1_kneaddata_hg_39_bowtie2_paired_clean_2.fastq
05/08/2026 03:24:38 PM - kneaddata.run - INFO: Total contaminate sequences in file ( /home/jgarrote730/tfg_ckd/cleaned_data/ERR11866252_knead/ERR11866252_1_kneaddata_hg_39_bowtie2_paired_contam_1.fastq ) : 21656.0
05/08/2026 03:24:38 PM - kneaddata.run - INFO: Total contaminate sequences in file ( /home/jgarrote730/tfg_ckd/cleaned_data/ERR11866252_knead/ERR11866252_1_kneaddata_hg_39_bowtie2_paired_contam_2.fastq ) : 21656.0
05/08/2026 03:24:38 PM - kneaddata.run - INFO: Total contaminate sequences in file ( /home/jgarrote730/tfg_ckd/cleaned_data/ERR11866252_knead/ERR11866252_1_kneaddata_hg_39_bowtie2_unmatched_1_contam.fastq ) : 414.0
05/08/2026 03:24:38 PM - kneaddata.run - INFO: Total contaminate sequences in file ( /home/jgarrote730/tfg_ckd/cleaned_data/ERR11866252_knead/ERR11866252_1_kneaddata_hg_39_bowtie2_unmatched_2_contam.fastq ) : 513.0
05/08/2026 03:25:09 PM - kneaddata.utilities - INFO: READ COUNT: decontaminated hg_39 pair1 : Total reads after removing those found in reference database ( /home/jgarrote730/tfg_ckd/cleaned_data/ERR11866252_knead/ERR11866252_1_kneaddata_hg_39_bowtie2_paired_clean_1.fastq ): 44026756.0
05/08/2026 03:25:25 PM - kneaddata.utilities - INFO: READ COUNT: decontaminated hg_39 pair2 : Total reads after removing those found in reference database ( /home/jgarrote730/tfg_ckd/cleaned_data/ERR11866252_knead/ERR11866252_1_kneaddata_hg_39_bowtie2_paired_clean_2.fastq ): 44026756.0
05/08/2026 03:25:41 PM - kneaddata.utilities - INFO: READ COUNT: final pair1 : Total reads after merging results from multiple databases ( /home/jgarrote730/tfg_ckd/cleaned_data/ERR11866252_knead/ERR11866252_1_kneaddata_paired_1.fastq ): 44026756.0
05/08/2026 03:25:57 PM - kneaddata.utilities - INFO: READ COUNT: final pair2 : Total reads after merging results from multiple databases ( /home/jgarrote730/tfg_ckd/cleaned_data/ERR11866252_knead/ERR11866252_1_kneaddata_paired_2.fastq ): 44026756.0
05/08/2026 03:25:57 PM - kneaddata.utilities - WARNING: Unable to remove file: /home/jgarrote730/tfg_ckd/cleaned_data/ERR11866252_knead/ERR11866252_1_kneaddata_hg_39_bowtie2_paired_clean_1.fastq
05/08/2026 03:25:57 PM - kneaddata.utilities - WARNING: Unable to remove file: /home/jgarrote730/tfg_ckd/cleaned_data/ERR11866252_knead/ERR11866252_1_kneaddata_hg_39_bowtie2_paired_clean_2.fastq
05/08/2026 03:25:57 PM - kneaddata.utilities - INFO: READ COUNT: decontaminated hg_39 orphan1 : Total reads after removing those found in reference database ( /home/jgarrote730/tfg_ckd/cleaned_data/ERR11866252_knead/ERR11866252_1_kneaddata_hg_39_bowtie2_unmatched_1_clean.fastq ): 602306.0
05/08/2026 03:25:57 PM - kneaddata.utilities - INFO: READ COUNT: final orphan1 : Total reads after merging results from multiple databases ( /home/jgarrote730/tfg_ckd/cleaned_data/ERR11866252_knead/ERR11866252_1_kneaddata_unmatched_1.fastq ): 602306.0
05/08/2026 03:25:57 PM - kneaddata.utilities - WARNING: Unable to remove file: /home/jgarrote730/tfg_ckd/cleaned_data/ERR11866252_knead/ERR11866252_1_kneaddata_hg_39_bowtie2_unmatched_1_clean.fastq
05/08/2026 03:25:57 PM - kneaddata.utilities - INFO: READ COUNT: decontaminated hg_39 orphan2 : Total reads after removing those found in reference database ( /home/jgarrote730/tfg_ckd/cleaned_data/ERR11866252_knead/ERR11866252_1_kneaddata_hg_39_bowtie2_unmatched_2_clean.fastq ): 903290.0
05/08/2026 03:25:58 PM - kneaddata.utilities - INFO: READ COUNT: final orphan2 : Total reads after merging results from multiple databases ( /home/jgarrote730/tfg_ckd/cleaned_data/ERR11866252_knead/ERR11866252_1_kneaddata_unmatched_2.fastq ): 903290.0
05/08/2026 03:25:58 PM - kneaddata.utilities - WARNING: Unable to remove file: /home/jgarrote730/tfg_ckd/cleaned_data/ERR11866252_knead/ERR11866252_1_kneaddata_hg_39_bowtie2_unmatched_2_clean.fastq
05/08/2026 03:26:00 PM - kneaddata.knead_data - INFO: 
Final output files created: 
/home/jgarrote730/tfg_ckd/cleaned_data/ERR11866252_knead/ERR11866252_1_kneaddata_paired_1.fastq
/home/jgarrote730/tfg_ckd/cleaned_data/ERR11866252_knead/ERR11866252_1_kneaddata_paired_2.fastq
/home/jgarrote730/tfg_ckd/cleaned_data/ERR11866252_knead/ERR11866252_1_kneaddata_unmatched_1.fastq
/home/jgarrote730/tfg_ckd/cleaned_data/ERR11866252_knead/ERR11866252_1_kneaddata_unmatched_2.fastq

