04/27/2026 08:05:14 PM - kneaddata.knead_data - INFO: Running kneaddata v0.12.4
04/27/2026 08:05:14 PM - kneaddata.knead_data - INFO: Output files will be written to: /home/jgarrote730/tfg_ckd/cleaned_data/ERR11869402_knead
04/27/2026 08:05:14 PM - kneaddata.knead_data - DEBUG: Running with the following arguments: 
verbose = False
input1 = /home/jgarrote730/tfg_ckd/raw_data/ERR11869402_1.fastq.gz
input2 = /home/jgarrote730/tfg_ckd/raw_data/ERR11869402_2.fastq.gz
unpaired = None
output_dir = /home/jgarrote730/tfg_ckd/cleaned_data/ERR11869402_knead
scratch_dir = 
reference_db = /home/jgarrote730/db/kneaddata/hg_39
bypass_trim = False
output_prefix = ERR11869402_1_kneaddata
threads = 8
processes = 1
trimmomatic_quality_scores = -phred33
bmtagger = False
bypass_trf = False
run_trf = False
fastqc_start = False
fastqc_end = False
store_temp_output = False
remove_intermediate_output = True
cat_final_output = False
log_level = DEBUG
log = /home/jgarrote730/tfg_ckd/cleaned_data/ERR11869402_knead/ERR11869402_1_kneaddata.log
trimmomatic_path = /home/jgarrote730/miniforge3/envs/env_perfect/bin/trimmomatic
run_trim_repetitive = False
max_memory = 500m
trimmomatic_options = None
sequencer_source = NexteraPE
bowtie2_path = /home/jgarrote730/miniforge3/envs/env_perfect/bin/bowtie2
bowtie2_options = --very-sensitive-local --phred33
decontaminate_pairs = strict
reorder = False
serial = True
bmtagger_path = None
trf_path = /home/jgarrote730/miniforge3/envs/env_perfect/bin/trf
match = 2
mismatch = 7
delta = 7
pm = 80
pi = 10
minscore = 50
maxperiod = 500
fastqc_path = None
remove_temp_output = True
input = /home/jgarrote730/tfg_ckd/raw_data/ERR11869402_1.fastq.gz /home/jgarrote730/tfg_ckd/raw_data/ERR11869402_2.fastq.gz
discordant = True

04/27/2026 08:05:14 PM - kneaddata.utilities - INFO: Decompressing gzipped file ...
04/27/2026 08:05:39 PM - kneaddata.utilities - INFO: Decompressed file created: /home/jgarrote730/tfg_ckd/cleaned_data/ERR11869402_knead/decompressed_c6nv8_go_ERR11869402_1.fastq
04/27/2026 08:05:39 PM - kneaddata.utilities - INFO: Decompressing gzipped file ...
04/27/2026 08:06:06 PM - kneaddata.utilities - INFO: Decompressed file created: /home/jgarrote730/tfg_ckd/cleaned_data/ERR11869402_knead/decompressed_w2p5kc9h_ERR11869402_2.fastq
04/27/2026 08:06:06 PM - kneaddata.utilities - INFO: Reformatting file sequence identifiers ...
04/27/2026 08:06:33 PM - kneaddata.utilities - INFO: Reformatting file sequence identifiers ...
04/27/2026 08:07:05 PM - kneaddata.utilities - INFO: READ COUNT: raw pair1 : Initial number of reads ( /home/jgarrote730/tfg_ckd/cleaned_data/ERR11869402_knead/reformatted_identifierse4txqq_v_decompressed_c6nv8_go_ERR11869402_1.fastq ): 9965186.0
04/27/2026 08:07:09 PM - kneaddata.utilities - INFO: READ COUNT: raw pair2 : Initial number of reads ( /home/jgarrote730/tfg_ckd/cleaned_data/ERR11869402_knead/reformatted_identifiers7wv50d6a_decompressed_w2p5kc9h_ERR11869402_2.fastq ): 9965186.0
04/27/2026 08:07:09 PM - kneaddata.utilities - DEBUG: Checking input file to Trimmomatic : /home/jgarrote730/tfg_ckd/cleaned_data/ERR11869402_knead/reformatted_identifierse4txqq_v_decompressed_c6nv8_go_ERR11869402_1.fastq
04/27/2026 08:07:09 PM - kneaddata.utilities - DEBUG: Checking input file to Trimmomatic : /home/jgarrote730/tfg_ckd/cleaned_data/ERR11869402_knead/reformatted_identifiers7wv50d6a_decompressed_w2p5kc9h_ERR11869402_2.fastq
04/27/2026 08:07:09 PM - kneaddata.utilities - INFO: Running Trimmomatic ... 
04/27/2026 08:07:09 PM - kneaddata.utilities - INFO: Execute command: /home/jgarrote730/miniforge3/envs/env_perfect/bin/trimmomatic PE -threads 8 -phred33 /home/jgarrote730/tfg_ckd/cleaned_data/ERR11869402_knead/reformatted_identifierse4txqq_v_decompressed_c6nv8_go_ERR11869402_1.fastq /home/jgarrote730/tfg_ckd/cleaned_data/ERR11869402_knead/reformatted_identifiers7wv50d6a_decompressed_w2p5kc9h_ERR11869402_2.fastq /home/jgarrote730/tfg_ckd/cleaned_data/ERR11869402_knead/ERR11869402_1_kneaddata.trimmed.1.fastq /home/jgarrote730/tfg_ckd/cleaned_data/ERR11869402_knead/ERR11869402_1_kneaddata.trimmed.single.1.fastq /home/jgarrote730/tfg_ckd/cleaned_data/ERR11869402_knead/ERR11869402_1_kneaddata.trimmed.2.fastq /home/jgarrote730/tfg_ckd/cleaned_data/ERR11869402_knead/ERR11869402_1_kneaddata.trimmed.single.2.fastq MINLEN:60 ILLUMINACLIP:/home/jgarrote730/miniforge3/envs/env_perfect/lib/python3.9/site-packages/kneaddata/adapters/NexteraPE-PE.fa:2:30:10:8:TRUE SLIDINGWINDOW:4:20 MINLEN:75
04/27/2026 08:08:01 PM - kneaddata.utilities - DEBUG: b"TrimmomaticPE: Started with arguments:\n -threads 8 -phred33 /home/jgarrote730/tfg_ckd/cleaned_data/ERR11869402_knead/reformatted_identifierse4txqq_v_decompressed_c6nv8_go_ERR11869402_1.fastq /home/jgarrote730/tfg_ckd/cleaned_data/ERR11869402_knead/reformatted_identifiers7wv50d6a_decompressed_w2p5kc9h_ERR11869402_2.fastq /home/jgarrote730/tfg_ckd/cleaned_data/ERR11869402_knead/ERR11869402_1_kneaddata.trimmed.1.fastq /home/jgarrote730/tfg_ckd/cleaned_data/ERR11869402_knead/ERR11869402_1_kneaddata.trimmed.single.1.fastq /home/jgarrote730/tfg_ckd/cleaned_data/ERR11869402_knead/ERR11869402_1_kneaddata.trimmed.2.fastq /home/jgarrote730/tfg_ckd/cleaned_data/ERR11869402_knead/ERR11869402_1_kneaddata.trimmed.single.2.fastq MINLEN:60 ILLUMINACLIP:/home/jgarrote730/miniforge3/envs/env_perfect/lib/python3.9/site-packages/kneaddata/adapters/NexteraPE-PE.fa:2:30:10:8:TRUE SLIDINGWINDOW:4:20 MINLEN:75\nILLUMINACLIP: Using adapter file from user-specified absolute path: /home/jgarrote730/miniforge3/envs/env_perfect/lib/python3.9/site-packages/kneaddata/adapters/NexteraPE-PE.fa\nUsing PrefixPair: 'AGATGTGTATAAGAGACAG' and 'AGATGTGTATAAGAGACAG'\nUsing Long Clipping Sequence: 'GTCTCGTGGGCTCGGAGATGTGTATAAGAGACAG'\nUsing Long Clipping Sequence: 'TCGTCGGCAGCGTCAGATGTGTATAAGAGACAG'\nUsing Long Clipping Sequence: 'CTGTCTCTTATACACATCTCCGAGCCCACGAGAC'\nUsing Long Clipping Sequence: 'CTGTCTCTTATACACATCTGACGCTGCCGACGA'\nILLUMINACLIP: Using 1 prefix pairs, 4 forward/reverse sequences, 0 forward only sequences, 0 reverse only sequences\nInput Read Pairs: 9965186 Both Surviving: 9621707 (96.55%) Forward Only Surviving: 144888 (1.45%) Reverse Only Surviving: 122711 (1.23%) Dropped: 75880 (0.76%)\nTrimmomaticPE: Completed successfully\n"
04/27/2026 08:08:01 PM - kneaddata.utilities - DEBUG: Checking output file from Trimmomatic : /home/jgarrote730/tfg_ckd/cleaned_data/ERR11869402_knead/ERR11869402_1_kneaddata.trimmed.1.fastq
04/27/2026 08:08:01 PM - kneaddata.utilities - DEBUG: Checking output file from Trimmomatic : /home/jgarrote730/tfg_ckd/cleaned_data/ERR11869402_knead/ERR11869402_1_kneaddata.trimmed.single.1.fastq
04/27/2026 08:08:01 PM - kneaddata.utilities - DEBUG: Checking output file from Trimmomatic : /home/jgarrote730/tfg_ckd/cleaned_data/ERR11869402_knead/ERR11869402_1_kneaddata.trimmed.2.fastq
04/27/2026 08:08:01 PM - kneaddata.utilities - DEBUG: Checking output file from Trimmomatic : /home/jgarrote730/tfg_ckd/cleaned_data/ERR11869402_knead/ERR11869402_1_kneaddata.trimmed.single.2.fastq
04/27/2026 08:08:05 PM - kneaddata.utilities - INFO: READ COUNT: trimmed pair1 : Total reads after trimming ( /home/jgarrote730/tfg_ckd/cleaned_data/ERR11869402_knead/ERR11869402_1_kneaddata.trimmed.1.fastq ): 9621707.0
04/27/2026 08:08:08 PM - kneaddata.utilities - INFO: READ COUNT: trimmed pair2 : Total reads after trimming ( /home/jgarrote730/tfg_ckd/cleaned_data/ERR11869402_knead/ERR11869402_1_kneaddata.trimmed.2.fastq ): 9621707.0
04/27/2026 08:08:08 PM - kneaddata.utilities - INFO: READ COUNT: trimmed orphan1 : Total reads after trimming ( /home/jgarrote730/tfg_ckd/cleaned_data/ERR11869402_knead/ERR11869402_1_kneaddata.trimmed.single.1.fastq ): 144888.0
04/27/2026 08:08:08 PM - kneaddata.utilities - INFO: READ COUNT: trimmed orphan2 : Total reads after trimming ( /home/jgarrote730/tfg_ckd/cleaned_data/ERR11869402_knead/ERR11869402_1_kneaddata.trimmed.single.2.fastq ): 122711.0
04/27/2026 08:10:42 PM - kneaddata.utilities - DEBUG: Checking input file to trf : /home/jgarrote730/tfg_ckd/cleaned_data/ERR11869402_knead/ERR11869402_1_kneaddata.trimmed.1.fasta
04/27/2026 08:10:42 PM - kneaddata.utilities - INFO: Running trf ... 
04/27/2026 08:10:42 PM - kneaddata.utilities - INFO: Execute command: kneaddata_trf_parallel --input /home/jgarrote730/tfg_ckd/cleaned_data/ERR11869402_knead/ERR11869402_1_kneaddata.trimmed.1.fasta --output /home/jgarrote730/tfg_ckd/cleaned_data/ERR11869402_knead/ERR11869402_1_kneaddata.trimmed.1.fasta.trf.parameters.2.7.7.80.10.50.500.dat --trf-path /home/jgarrote730/miniforge3/envs/env_perfect/bin/trf --trf-options '2 7 7 80 10 50 500 -h -ngs' --nproc 8
04/27/2026 08:13:56 PM - kneaddata.utilities - DEBUG: 0
04/27/2026 08:13:56 PM - kneaddata.utilities - DEBUG: Checking output file from trf : /home/jgarrote730/tfg_ckd/cleaned_data/ERR11869402_knead/ERR11869402_1_kneaddata.trimmed.1.fasta.trf.parameters.2.7.7.80.10.50.500.dat
04/27/2026 08:13:56 PM - kneaddata.utilities - DEBUG: Checking input file to trf : /home/jgarrote730/tfg_ckd/cleaned_data/ERR11869402_knead/ERR11869402_1_kneaddata.trimmed.2.fasta
04/27/2026 08:13:56 PM - kneaddata.utilities - INFO: Running trf ... 
04/27/2026 08:13:56 PM - kneaddata.utilities - INFO: Execute command: kneaddata_trf_parallel --input /home/jgarrote730/tfg_ckd/cleaned_data/ERR11869402_knead/ERR11869402_1_kneaddata.trimmed.2.fasta --output /home/jgarrote730/tfg_ckd/cleaned_data/ERR11869402_knead/ERR11869402_1_kneaddata.trimmed.2.fasta.trf.parameters.2.7.7.80.10.50.500.dat --trf-path /home/jgarrote730/miniforge3/envs/env_perfect/bin/trf --trf-options '2 7 7 80 10 50 500 -h -ngs' --nproc 8
04/27/2026 08:17:10 PM - kneaddata.utilities - DEBUG: 0
04/27/2026 08:17:10 PM - kneaddata.utilities - DEBUG: Checking output file from trf : /home/jgarrote730/tfg_ckd/cleaned_data/ERR11869402_knead/ERR11869402_1_kneaddata.trimmed.2.fasta.trf.parameters.2.7.7.80.10.50.500.dat
04/27/2026 08:17:22 PM - kneaddata.run - INFO: Total number of sequences with repeats removed from file ( /home/jgarrote730/tfg_ckd/cleaned_data/ERR11869402_knead/ERR11869402_1_kneaddata.trimmed.1.fastq ): 66840
04/27/2026 08:17:34 PM - kneaddata.run - INFO: Total number of sequences with repeats removed from file ( /home/jgarrote730/tfg_ckd/cleaned_data/ERR11869402_knead/ERR11869402_1_kneaddata.trimmed.2.fastq ): 66774
04/27/2026 08:17:35 PM - kneaddata.utilities - DEBUG: Checking input file to trf : /home/jgarrote730/tfg_ckd/cleaned_data/ERR11869402_knead/ERR11869402_1_kneaddata.trimmed.single.1.fasta
04/27/2026 08:17:35 PM - kneaddata.utilities - INFO: Running trf ... 
04/27/2026 08:17:35 PM - kneaddata.utilities - INFO: Execute command: kneaddata_trf_parallel --input /home/jgarrote730/tfg_ckd/cleaned_data/ERR11869402_knead/ERR11869402_1_kneaddata.trimmed.single.1.fasta --output /home/jgarrote730/tfg_ckd/cleaned_data/ERR11869402_knead/ERR11869402_1_kneaddata.trimmed.single.1.fasta.trf.parameters.2.7.7.80.10.50.500.dat --trf-path /home/jgarrote730/miniforge3/envs/env_perfect/bin/trf --trf-options '2 7 7 80 10 50 500 -h -ngs' --nproc 8
04/27/2026 08:17:38 PM - kneaddata.utilities - DEBUG: 0
04/27/2026 08:17:38 PM - kneaddata.utilities - DEBUG: Checking output file from trf : /home/jgarrote730/tfg_ckd/cleaned_data/ERR11869402_knead/ERR11869402_1_kneaddata.trimmed.single.1.fasta.trf.parameters.2.7.7.80.10.50.500.dat
04/27/2026 08:17:38 PM - kneaddata.run - INFO: Total number of sequences with repeats removed from file ( /home/jgarrote730/tfg_ckd/cleaned_data/ERR11869402_knead/ERR11869402_1_kneaddata.trimmed.single.1.fastq ): 970
04/27/2026 08:17:39 PM - kneaddata.utilities - DEBUG: Checking input file to trf : /home/jgarrote730/tfg_ckd/cleaned_data/ERR11869402_knead/ERR11869402_1_kneaddata.trimmed.single.2.fasta
04/27/2026 08:17:39 PM - kneaddata.utilities - INFO: Running trf ... 
04/27/2026 08:17:39 PM - kneaddata.utilities - INFO: Execute command: kneaddata_trf_parallel --input /home/jgarrote730/tfg_ckd/cleaned_data/ERR11869402_knead/ERR11869402_1_kneaddata.trimmed.single.2.fasta --output /home/jgarrote730/tfg_ckd/cleaned_data/ERR11869402_knead/ERR11869402_1_kneaddata.trimmed.single.2.fasta.trf.parameters.2.7.7.80.10.50.500.dat --trf-path /home/jgarrote730/miniforge3/envs/env_perfect/bin/trf --trf-options '2 7 7 80 10 50 500 -h -ngs' --nproc 8
04/27/2026 08:17:41 PM - kneaddata.utilities - DEBUG: 0
04/27/2026 08:17:41 PM - kneaddata.utilities - DEBUG: Checking output file from trf : /home/jgarrote730/tfg_ckd/cleaned_data/ERR11869402_knead/ERR11869402_1_kneaddata.trimmed.single.2.fasta.trf.parameters.2.7.7.80.10.50.500.dat
04/27/2026 08:17:42 PM - kneaddata.run - INFO: Total number of sequences with repeats removed from file ( /home/jgarrote730/tfg_ckd/cleaned_data/ERR11869402_knead/ERR11869402_1_kneaddata.trimmed.single.2.fastq ): 857
04/27/2026 08:17:42 PM - kneaddata.run - INFO: Decontaminating ...
04/27/2026 08:17:42 PM - kneaddata.utilities - DEBUG: Checking input file to bowtie2 : /home/jgarrote730/tfg_ckd/cleaned_data/ERR11869402_knead/ERR11869402_1_kneaddata.repeats.removed.1.fastq
04/27/2026 08:17:42 PM - kneaddata.utilities - DEBUG: Checking input file to bowtie2 : /home/jgarrote730/tfg_ckd/cleaned_data/ERR11869402_knead/ERR11869402_1_kneaddata.repeats.removed.2.fastq
04/27/2026 08:17:42 PM - kneaddata.utilities - DEBUG: Checking input file to bowtie2 : /home/jgarrote730/tfg_ckd/cleaned_data/ERR11869402_knead/ERR11869402_1_kneaddata.repeats.removed.unmatched.1.fastq
04/27/2026 08:17:42 PM - kneaddata.utilities - DEBUG: Checking input file to bowtie2 : /home/jgarrote730/tfg_ckd/cleaned_data/ERR11869402_knead/ERR11869402_1_kneaddata.repeats.removed.unmatched.2.fastq
04/27/2026 08:17:42 PM - kneaddata.utilities - INFO: Running bowtie2 ... 
04/27/2026 08:17:42 PM - kneaddata.utilities - INFO: Execute command: kneaddata_bowtie2_discordant_pairs --bowtie2 /home/jgarrote730/miniforge3/envs/env_perfect/bin/bowtie2 --threads 8 -x /home/jgarrote730/db/kneaddata/hg_39 --mode strict --bowtie2-options "--very-sensitive-local --phred33" -1 /home/jgarrote730/tfg_ckd/cleaned_data/ERR11869402_knead/ERR11869402_1_kneaddata.repeats.removed.1.fastq -2 /home/jgarrote730/tfg_ckd/cleaned_data/ERR11869402_knead/ERR11869402_1_kneaddata.repeats.removed.2.fastq --un-pair /home/jgarrote730/tfg_ckd/cleaned_data/ERR11869402_knead/ERR11869402_1_kneaddata_hg_39_bowtie2_paired_clean_%.fastq --al-pair /home/jgarrote730/tfg_ckd/cleaned_data/ERR11869402_knead/ERR11869402_1_kneaddata_hg_39_bowtie2_paired_contam_%.fastq -U /home/jgarrote730/tfg_ckd/cleaned_data/ERR11869402_knead/ERR11869402_1_kneaddata.repeats.removed.unmatched.1.fastq,/home/jgarrote730/tfg_ckd/cleaned_data/ERR11869402_knead/ERR11869402_1_kneaddata.repeats.removed.unmatched.2.fastq --un-single /home/jgarrote730/tfg_ckd/cleaned_data/ERR11869402_knead/ERR11869402_1_kneaddata_hg_39_bowtie2_unmatched_%_clean.fastq --al-single /home/jgarrote730/tfg_ckd/cleaned_data/ERR11869402_knead/ERR11869402_1_kneaddata_hg_39_bowtie2_unmatched_%_contam.fastq -S /dev/null
04/27/2026 08:25:12 PM - kneaddata.utilities - DEBUG: b'[WARNING] Failed to launch x86-64-v3 version, staying with default\n[WARNING] Failed to launch x86-64-v3 version, staying with default\n19375572 reads; of these:\n  19375572 (100.00%) were unpaired; of these:\n    19368787 (99.96%) aligned 0 times\n    4255 (0.02%) aligned exactly 1 time\n    2530 (0.01%) aligned >1 times\n0.04% overall alignment rate\npair1_aligned : 5069\npair2_aligned : 5069\npair1_unaligned : 9487003\npair2_unaligned : 9487003\norphan1_aligned : 138\norphan2_aligned : 124\norphan1_unaligned : 206575\norphan2_unaligned : 184591\n'
04/27/2026 08:25:12 PM - kneaddata.utilities - DEBUG: Checking output file from bowtie2 : /home/jgarrote730/tfg_ckd/cleaned_data/ERR11869402_knead/ERR11869402_1_kneaddata_hg_39_bowtie2_paired_clean_1.fastq
04/27/2026 08:25:12 PM - kneaddata.utilities - DEBUG: Checking output file from bowtie2 : /home/jgarrote730/tfg_ckd/cleaned_data/ERR11869402_knead/ERR11869402_1_kneaddata_hg_39_bowtie2_paired_clean_2.fastq
04/27/2026 08:25:12 PM - kneaddata.run - INFO: Total contaminate sequences in file ( /home/jgarrote730/tfg_ckd/cleaned_data/ERR11869402_knead/ERR11869402_1_kneaddata_hg_39_bowtie2_paired_contam_1.fastq ) : 5069.0
04/27/2026 08:25:12 PM - kneaddata.run - INFO: Total contaminate sequences in file ( /home/jgarrote730/tfg_ckd/cleaned_data/ERR11869402_knead/ERR11869402_1_kneaddata_hg_39_bowtie2_paired_contam_2.fastq ) : 5069.0
04/27/2026 08:25:12 PM - kneaddata.run - INFO: Total contaminate sequences in file ( /home/jgarrote730/tfg_ckd/cleaned_data/ERR11869402_knead/ERR11869402_1_kneaddata_hg_39_bowtie2_unmatched_1_contam.fastq ) : 138.0
04/27/2026 08:25:12 PM - kneaddata.run - INFO: Total contaminate sequences in file ( /home/jgarrote730/tfg_ckd/cleaned_data/ERR11869402_knead/ERR11869402_1_kneaddata_hg_39_bowtie2_unmatched_2_contam.fastq ) : 124.0
04/27/2026 08:25:16 PM - kneaddata.utilities - INFO: READ COUNT: decontaminated hg_39 pair1 : Total reads after removing those found in reference database ( /home/jgarrote730/tfg_ckd/cleaned_data/ERR11869402_knead/ERR11869402_1_kneaddata_hg_39_bowtie2_paired_clean_1.fastq ): 9487003.0
04/27/2026 08:25:19 PM - kneaddata.utilities - INFO: READ COUNT: decontaminated hg_39 pair2 : Total reads after removing those found in reference database ( /home/jgarrote730/tfg_ckd/cleaned_data/ERR11869402_knead/ERR11869402_1_kneaddata_hg_39_bowtie2_paired_clean_2.fastq ): 9487003.0
04/27/2026 08:25:23 PM - kneaddata.utilities - INFO: READ COUNT: final pair1 : Total reads after merging results from multiple databases ( /home/jgarrote730/tfg_ckd/cleaned_data/ERR11869402_knead/ERR11869402_1_kneaddata_paired_1.fastq ): 9487003.0
04/27/2026 08:25:26 PM - kneaddata.utilities - INFO: READ COUNT: final pair2 : Total reads after merging results from multiple databases ( /home/jgarrote730/tfg_ckd/cleaned_data/ERR11869402_knead/ERR11869402_1_kneaddata_paired_2.fastq ): 9487003.0
04/27/2026 08:25:26 PM - kneaddata.utilities - WARNING: Unable to remove file: /home/jgarrote730/tfg_ckd/cleaned_data/ERR11869402_knead/ERR11869402_1_kneaddata_hg_39_bowtie2_paired_clean_1.fastq
04/27/2026 08:25:26 PM - kneaddata.utilities - WARNING: Unable to remove file: /home/jgarrote730/tfg_ckd/cleaned_data/ERR11869402_knead/ERR11869402_1_kneaddata_hg_39_bowtie2_paired_clean_2.fastq
04/27/2026 08:25:26 PM - kneaddata.utilities - INFO: READ COUNT: decontaminated hg_39 orphan1 : Total reads after removing those found in reference database ( /home/jgarrote730/tfg_ckd/cleaned_data/ERR11869402_knead/ERR11869402_1_kneaddata_hg_39_bowtie2_unmatched_1_clean.fastq ): 206575.0
04/27/2026 08:25:26 PM - kneaddata.utilities - INFO: READ COUNT: final orphan1 : Total reads after merging results from multiple databases ( /home/jgarrote730/tfg_ckd/cleaned_data/ERR11869402_knead/ERR11869402_1_kneaddata_unmatched_1.fastq ): 206575.0
04/27/2026 08:25:26 PM - kneaddata.utilities - WARNING: Unable to remove file: /home/jgarrote730/tfg_ckd/cleaned_data/ERR11869402_knead/ERR11869402_1_kneaddata_hg_39_bowtie2_unmatched_1_clean.fastq
04/27/2026 08:25:26 PM - kneaddata.utilities - INFO: READ COUNT: decontaminated hg_39 orphan2 : Total reads after removing those found in reference database ( /home/jgarrote730/tfg_ckd/cleaned_data/ERR11869402_knead/ERR11869402_1_kneaddata_hg_39_bowtie2_unmatched_2_clean.fastq ): 184591.0
04/27/2026 08:25:26 PM - kneaddata.utilities - INFO: READ COUNT: final orphan2 : Total reads after merging results from multiple databases ( /home/jgarrote730/tfg_ckd/cleaned_data/ERR11869402_knead/ERR11869402_1_kneaddata_unmatched_2.fastq ): 184591.0
04/27/2026 08:25:26 PM - kneaddata.utilities - WARNING: Unable to remove file: /home/jgarrote730/tfg_ckd/cleaned_data/ERR11869402_knead/ERR11869402_1_kneaddata_hg_39_bowtie2_unmatched_2_clean.fastq
04/27/2026 08:25:28 PM - kneaddata.knead_data - INFO: 
Final output files created: 
/home/jgarrote730/tfg_ckd/cleaned_data/ERR11869402_knead/ERR11869402_1_kneaddata_paired_1.fastq
/home/jgarrote730/tfg_ckd/cleaned_data/ERR11869402_knead/ERR11869402_1_kneaddata_paired_2.fastq
/home/jgarrote730/tfg_ckd/cleaned_data/ERR11869402_knead/ERR11869402_1_kneaddata_unmatched_1.fastq
/home/jgarrote730/tfg_ckd/cleaned_data/ERR11869402_knead/ERR11869402_1_kneaddata_unmatched_2.fastq

