05/11/2026 11:24:03 PM - kneaddata.knead_data - INFO: Running kneaddata v0.12.4
05/11/2026 11:24:03 PM - kneaddata.knead_data - INFO: Output files will be written to: /home/jgarrote730/tfg_ckd/cleaned_data/ERR11869193_knead
05/11/2026 11:24:03 PM - kneaddata.knead_data - DEBUG: Running with the following arguments: 
verbose = False
input1 = /home/jgarrote730/tfg_ckd/raw_data/ERR11869193_1.fastq.gz
input2 = /home/jgarrote730/tfg_ckd/raw_data/ERR11869193_2.fastq.gz
unpaired = None
output_dir = /home/jgarrote730/tfg_ckd/cleaned_data/ERR11869193_knead
scratch_dir = 
reference_db = /home/jgarrote730/db/kneaddata/hg_39
bypass_trim = False
output_prefix = ERR11869193_1_kneaddata
threads = 8
processes = 1
trimmomatic_quality_scores = -phred33
bmtagger = False
bypass_trf = False
run_trf = False
fastqc_start = False
fastqc_end = False
store_temp_output = False
remove_intermediate_output = True
cat_final_output = False
log_level = DEBUG
log = /home/jgarrote730/tfg_ckd/cleaned_data/ERR11869193_knead/ERR11869193_1_kneaddata.log
trimmomatic_path = /home/jgarrote730/miniforge3/envs/env_perfect/bin/trimmomatic
run_trim_repetitive = False
max_memory = 500m
trimmomatic_options = None
sequencer_source = NexteraPE
bowtie2_path = /home/jgarrote730/miniforge3/envs/env_perfect/bin/bowtie2
bowtie2_options = --very-sensitive-local --phred33
decontaminate_pairs = strict
reorder = False
serial = True
bmtagger_path = None
trf_path = /home/jgarrote730/miniforge3/envs/env_perfect/bin/trf
match = 2
mismatch = 7
delta = 7
pm = 80
pi = 10
minscore = 50
maxperiod = 500
fastqc_path = None
remove_temp_output = True
input = /home/jgarrote730/tfg_ckd/raw_data/ERR11869193_1.fastq.gz /home/jgarrote730/tfg_ckd/raw_data/ERR11869193_2.fastq.gz
discordant = True

05/11/2026 11:24:03 PM - kneaddata.utilities - INFO: Decompressing gzipped file ...
05/11/2026 11:24:24 PM - kneaddata.utilities - INFO: Decompressed file created: /home/jgarrote730/tfg_ckd/cleaned_data/ERR11869193_knead/decompressed__6kqw1cl_ERR11869193_1.fastq
05/11/2026 11:24:24 PM - kneaddata.utilities - INFO: Decompressing gzipped file ...
05/11/2026 11:24:42 PM - kneaddata.utilities - INFO: Decompressed file created: /home/jgarrote730/tfg_ckd/cleaned_data/ERR11869193_knead/decompressed_q1w2lgw7_ERR11869193_2.fastq
05/11/2026 11:24:42 PM - kneaddata.utilities - INFO: Reformatting file sequence identifiers ...
05/11/2026 11:25:04 PM - kneaddata.utilities - INFO: Reformatting file sequence identifiers ...
05/11/2026 11:25:33 PM - kneaddata.utilities - INFO: READ COUNT: raw pair1 : Initial number of reads ( /home/jgarrote730/tfg_ckd/cleaned_data/ERR11869193_knead/reformatted_identifiersvoheo0nm_decompressed__6kqw1cl_ERR11869193_1.fastq ): 6724178.0
05/11/2026 11:25:35 PM - kneaddata.utilities - INFO: READ COUNT: raw pair2 : Initial number of reads ( /home/jgarrote730/tfg_ckd/cleaned_data/ERR11869193_knead/reformatted_identifiersjrxyaikk_decompressed_q1w2lgw7_ERR11869193_2.fastq ): 6724178.0
05/11/2026 11:25:35 PM - kneaddata.utilities - DEBUG: Checking input file to Trimmomatic : /home/jgarrote730/tfg_ckd/cleaned_data/ERR11869193_knead/reformatted_identifiersvoheo0nm_decompressed__6kqw1cl_ERR11869193_1.fastq
05/11/2026 11:25:35 PM - kneaddata.utilities - DEBUG: Checking input file to Trimmomatic : /home/jgarrote730/tfg_ckd/cleaned_data/ERR11869193_knead/reformatted_identifiersjrxyaikk_decompressed_q1w2lgw7_ERR11869193_2.fastq
05/11/2026 11:25:35 PM - kneaddata.utilities - INFO: Running Trimmomatic ... 
05/11/2026 11:25:35 PM - kneaddata.utilities - INFO: Execute command: /home/jgarrote730/miniforge3/envs/env_perfect/bin/trimmomatic PE -threads 8 -phred33 /home/jgarrote730/tfg_ckd/cleaned_data/ERR11869193_knead/reformatted_identifiersvoheo0nm_decompressed__6kqw1cl_ERR11869193_1.fastq /home/jgarrote730/tfg_ckd/cleaned_data/ERR11869193_knead/reformatted_identifiersjrxyaikk_decompressed_q1w2lgw7_ERR11869193_2.fastq /home/jgarrote730/tfg_ckd/cleaned_data/ERR11869193_knead/ERR11869193_1_kneaddata.trimmed.1.fastq /home/jgarrote730/tfg_ckd/cleaned_data/ERR11869193_knead/ERR11869193_1_kneaddata.trimmed.single.1.fastq /home/jgarrote730/tfg_ckd/cleaned_data/ERR11869193_knead/ERR11869193_1_kneaddata.trimmed.2.fastq /home/jgarrote730/tfg_ckd/cleaned_data/ERR11869193_knead/ERR11869193_1_kneaddata.trimmed.single.2.fastq MINLEN:60 ILLUMINACLIP:/home/jgarrote730/miniforge3/envs/env_perfect/lib/python3.9/site-packages/kneaddata/adapters/NexteraPE-PE.fa:2:30:10:8:TRUE SLIDINGWINDOW:4:20 MINLEN:75
05/11/2026 11:26:03 PM - kneaddata.utilities - DEBUG: b"TrimmomaticPE: Started with arguments:\n -threads 8 -phred33 /home/jgarrote730/tfg_ckd/cleaned_data/ERR11869193_knead/reformatted_identifiersvoheo0nm_decompressed__6kqw1cl_ERR11869193_1.fastq /home/jgarrote730/tfg_ckd/cleaned_data/ERR11869193_knead/reformatted_identifiersjrxyaikk_decompressed_q1w2lgw7_ERR11869193_2.fastq /home/jgarrote730/tfg_ckd/cleaned_data/ERR11869193_knead/ERR11869193_1_kneaddata.trimmed.1.fastq /home/jgarrote730/tfg_ckd/cleaned_data/ERR11869193_knead/ERR11869193_1_kneaddata.trimmed.single.1.fastq /home/jgarrote730/tfg_ckd/cleaned_data/ERR11869193_knead/ERR11869193_1_kneaddata.trimmed.2.fastq /home/jgarrote730/tfg_ckd/cleaned_data/ERR11869193_knead/ERR11869193_1_kneaddata.trimmed.single.2.fastq MINLEN:60 ILLUMINACLIP:/home/jgarrote730/miniforge3/envs/env_perfect/lib/python3.9/site-packages/kneaddata/adapters/NexteraPE-PE.fa:2:30:10:8:TRUE SLIDINGWINDOW:4:20 MINLEN:75\nILLUMINACLIP: Using adapter file from user-specified absolute path: /home/jgarrote730/miniforge3/envs/env_perfect/lib/python3.9/site-packages/kneaddata/adapters/NexteraPE-PE.fa\nUsing PrefixPair: 'AGATGTGTATAAGAGACAG' and 'AGATGTGTATAAGAGACAG'\nUsing Long Clipping Sequence: 'GTCTCGTGGGCTCGGAGATGTGTATAAGAGACAG'\nUsing Long Clipping Sequence: 'TCGTCGGCAGCGTCAGATGTGTATAAGAGACAG'\nUsing Long Clipping Sequence: 'CTGTCTCTTATACACATCTCCGAGCCCACGAGAC'\nUsing Long Clipping Sequence: 'CTGTCTCTTATACACATCTGACGCTGCCGACGA'\nILLUMINACLIP: Using 1 prefix pairs, 4 forward/reverse sequences, 0 forward only sequences, 0 reverse only sequences\nInput Read Pairs: 6724178 Both Surviving: 6463446 (96.12%) Forward Only Surviving: 111254 (1.65%) Reverse Only Surviving: 85588 (1.27%) Dropped: 63890 (0.95%)\nTrimmomaticPE: Completed successfully\n"
05/11/2026 11:26:03 PM - kneaddata.utilities - DEBUG: Checking output file from Trimmomatic : /home/jgarrote730/tfg_ckd/cleaned_data/ERR11869193_knead/ERR11869193_1_kneaddata.trimmed.1.fastq
05/11/2026 11:26:03 PM - kneaddata.utilities - DEBUG: Checking output file from Trimmomatic : /home/jgarrote730/tfg_ckd/cleaned_data/ERR11869193_knead/ERR11869193_1_kneaddata.trimmed.single.1.fastq
05/11/2026 11:26:03 PM - kneaddata.utilities - DEBUG: Checking output file from Trimmomatic : /home/jgarrote730/tfg_ckd/cleaned_data/ERR11869193_knead/ERR11869193_1_kneaddata.trimmed.2.fastq
05/11/2026 11:26:03 PM - kneaddata.utilities - DEBUG: Checking output file from Trimmomatic : /home/jgarrote730/tfg_ckd/cleaned_data/ERR11869193_knead/ERR11869193_1_kneaddata.trimmed.single.2.fastq
05/11/2026 11:26:05 PM - kneaddata.utilities - INFO: READ COUNT: trimmed pair1 : Total reads after trimming ( /home/jgarrote730/tfg_ckd/cleaned_data/ERR11869193_knead/ERR11869193_1_kneaddata.trimmed.1.fastq ): 6463446.0
05/11/2026 11:26:07 PM - kneaddata.utilities - INFO: READ COUNT: trimmed pair2 : Total reads after trimming ( /home/jgarrote730/tfg_ckd/cleaned_data/ERR11869193_knead/ERR11869193_1_kneaddata.trimmed.2.fastq ): 6463446.0
05/11/2026 11:26:07 PM - kneaddata.utilities - INFO: READ COUNT: trimmed orphan1 : Total reads after trimming ( /home/jgarrote730/tfg_ckd/cleaned_data/ERR11869193_knead/ERR11869193_1_kneaddata.trimmed.single.1.fastq ): 111254.0
05/11/2026 11:26:07 PM - kneaddata.utilities - INFO: READ COUNT: trimmed orphan2 : Total reads after trimming ( /home/jgarrote730/tfg_ckd/cleaned_data/ERR11869193_knead/ERR11869193_1_kneaddata.trimmed.single.2.fastq ): 85588.0
05/11/2026 11:27:51 PM - kneaddata.utilities - DEBUG: Checking input file to trf : /home/jgarrote730/tfg_ckd/cleaned_data/ERR11869193_knead/ERR11869193_1_kneaddata.trimmed.1.fasta
05/11/2026 11:27:51 PM - kneaddata.utilities - INFO: Running trf ... 
05/11/2026 11:27:51 PM - kneaddata.utilities - INFO: Execute command: kneaddata_trf_parallel --input /home/jgarrote730/tfg_ckd/cleaned_data/ERR11869193_knead/ERR11869193_1_kneaddata.trimmed.1.fasta --output /home/jgarrote730/tfg_ckd/cleaned_data/ERR11869193_knead/ERR11869193_1_kneaddata.trimmed.1.fasta.trf.parameters.2.7.7.80.10.50.500.dat --trf-path /home/jgarrote730/miniforge3/envs/env_perfect/bin/trf --trf-options '2 7 7 80 10 50 500 -h -ngs' --nproc 8
05/11/2026 11:29:29 PM - kneaddata.utilities - DEBUG: 0
05/11/2026 11:29:29 PM - kneaddata.utilities - DEBUG: Checking output file from trf : /home/jgarrote730/tfg_ckd/cleaned_data/ERR11869193_knead/ERR11869193_1_kneaddata.trimmed.1.fasta.trf.parameters.2.7.7.80.10.50.500.dat
05/11/2026 11:29:29 PM - kneaddata.utilities - DEBUG: Checking input file to trf : /home/jgarrote730/tfg_ckd/cleaned_data/ERR11869193_knead/ERR11869193_1_kneaddata.trimmed.2.fasta
05/11/2026 11:29:29 PM - kneaddata.utilities - INFO: Running trf ... 
05/11/2026 11:29:29 PM - kneaddata.utilities - INFO: Execute command: kneaddata_trf_parallel --input /home/jgarrote730/tfg_ckd/cleaned_data/ERR11869193_knead/ERR11869193_1_kneaddata.trimmed.2.fasta --output /home/jgarrote730/tfg_ckd/cleaned_data/ERR11869193_knead/ERR11869193_1_kneaddata.trimmed.2.fasta.trf.parameters.2.7.7.80.10.50.500.dat --trf-path /home/jgarrote730/miniforge3/envs/env_perfect/bin/trf --trf-options '2 7 7 80 10 50 500 -h -ngs' --nproc 8
05/11/2026 11:31:07 PM - kneaddata.utilities - DEBUG: 0
05/11/2026 11:31:07 PM - kneaddata.utilities - DEBUG: Checking output file from trf : /home/jgarrote730/tfg_ckd/cleaned_data/ERR11869193_knead/ERR11869193_1_kneaddata.trimmed.2.fasta.trf.parameters.2.7.7.80.10.50.500.dat
05/11/2026 11:31:14 PM - kneaddata.run - INFO: Total number of sequences with repeats removed from file ( /home/jgarrote730/tfg_ckd/cleaned_data/ERR11869193_knead/ERR11869193_1_kneaddata.trimmed.1.fastq ): 34611
05/11/2026 11:31:22 PM - kneaddata.run - INFO: Total number of sequences with repeats removed from file ( /home/jgarrote730/tfg_ckd/cleaned_data/ERR11869193_knead/ERR11869193_1_kneaddata.trimmed.2.fastq ): 34812
05/11/2026 11:31:22 PM - kneaddata.utilities - DEBUG: Checking input file to trf : /home/jgarrote730/tfg_ckd/cleaned_data/ERR11869193_knead/ERR11869193_1_kneaddata.trimmed.single.1.fasta
05/11/2026 11:31:22 PM - kneaddata.utilities - INFO: Running trf ... 
05/11/2026 11:31:22 PM - kneaddata.utilities - INFO: Execute command: kneaddata_trf_parallel --input /home/jgarrote730/tfg_ckd/cleaned_data/ERR11869193_knead/ERR11869193_1_kneaddata.trimmed.single.1.fasta --output /home/jgarrote730/tfg_ckd/cleaned_data/ERR11869193_knead/ERR11869193_1_kneaddata.trimmed.single.1.fasta.trf.parameters.2.7.7.80.10.50.500.dat --trf-path /home/jgarrote730/miniforge3/envs/env_perfect/bin/trf --trf-options '2 7 7 80 10 50 500 -h -ngs' --nproc 8
05/11/2026 11:31:24 PM - kneaddata.utilities - DEBUG: 0
05/11/2026 11:31:24 PM - kneaddata.utilities - DEBUG: Checking output file from trf : /home/jgarrote730/tfg_ckd/cleaned_data/ERR11869193_knead/ERR11869193_1_kneaddata.trimmed.single.1.fasta.trf.parameters.2.7.7.80.10.50.500.dat
05/11/2026 11:31:24 PM - kneaddata.run - INFO: Total number of sequences with repeats removed from file ( /home/jgarrote730/tfg_ckd/cleaned_data/ERR11869193_knead/ERR11869193_1_kneaddata.trimmed.single.1.fastq ): 694
05/11/2026 11:31:25 PM - kneaddata.utilities - DEBUG: Checking input file to trf : /home/jgarrote730/tfg_ckd/cleaned_data/ERR11869193_knead/ERR11869193_1_kneaddata.trimmed.single.2.fasta
05/11/2026 11:31:25 PM - kneaddata.utilities - INFO: Running trf ... 
05/11/2026 11:31:25 PM - kneaddata.utilities - INFO: Execute command: kneaddata_trf_parallel --input /home/jgarrote730/tfg_ckd/cleaned_data/ERR11869193_knead/ERR11869193_1_kneaddata.trimmed.single.2.fasta --output /home/jgarrote730/tfg_ckd/cleaned_data/ERR11869193_knead/ERR11869193_1_kneaddata.trimmed.single.2.fasta.trf.parameters.2.7.7.80.10.50.500.dat --trf-path /home/jgarrote730/miniforge3/envs/env_perfect/bin/trf --trf-options '2 7 7 80 10 50 500 -h -ngs' --nproc 8
05/11/2026 11:31:26 PM - kneaddata.utilities - DEBUG: 0
05/11/2026 11:31:26 PM - kneaddata.utilities - DEBUG: Checking output file from trf : /home/jgarrote730/tfg_ckd/cleaned_data/ERR11869193_knead/ERR11869193_1_kneaddata.trimmed.single.2.fasta.trf.parameters.2.7.7.80.10.50.500.dat
05/11/2026 11:31:26 PM - kneaddata.run - INFO: Total number of sequences with repeats removed from file ( /home/jgarrote730/tfg_ckd/cleaned_data/ERR11869193_knead/ERR11869193_1_kneaddata.trimmed.single.2.fastq ): 532
05/11/2026 11:31:26 PM - kneaddata.run - INFO: Decontaminating ...
05/11/2026 11:31:26 PM - kneaddata.utilities - DEBUG: Checking input file to bowtie2 : /home/jgarrote730/tfg_ckd/cleaned_data/ERR11869193_knead/ERR11869193_1_kneaddata.repeats.removed.1.fastq
05/11/2026 11:31:26 PM - kneaddata.utilities - DEBUG: Checking input file to bowtie2 : /home/jgarrote730/tfg_ckd/cleaned_data/ERR11869193_knead/ERR11869193_1_kneaddata.repeats.removed.2.fastq
05/11/2026 11:31:26 PM - kneaddata.utilities - DEBUG: Checking input file to bowtie2 : /home/jgarrote730/tfg_ckd/cleaned_data/ERR11869193_knead/ERR11869193_1_kneaddata.repeats.removed.unmatched.1.fastq
05/11/2026 11:31:26 PM - kneaddata.utilities - DEBUG: Checking input file to bowtie2 : /home/jgarrote730/tfg_ckd/cleaned_data/ERR11869193_knead/ERR11869193_1_kneaddata.repeats.removed.unmatched.2.fastq
05/11/2026 11:31:26 PM - kneaddata.utilities - INFO: Running bowtie2 ... 
05/11/2026 11:31:26 PM - kneaddata.utilities - INFO: Execute command: kneaddata_bowtie2_discordant_pairs --bowtie2 /home/jgarrote730/miniforge3/envs/env_perfect/bin/bowtie2 --threads 8 -x /home/jgarrote730/db/kneaddata/hg_39 --mode strict --bowtie2-options "--very-sensitive-local --phred33" -1 /home/jgarrote730/tfg_ckd/cleaned_data/ERR11869193_knead/ERR11869193_1_kneaddata.repeats.removed.1.fastq -2 /home/jgarrote730/tfg_ckd/cleaned_data/ERR11869193_knead/ERR11869193_1_kneaddata.repeats.removed.2.fastq --un-pair /home/jgarrote730/tfg_ckd/cleaned_data/ERR11869193_knead/ERR11869193_1_kneaddata_hg_39_bowtie2_paired_clean_%.fastq --al-pair /home/jgarrote730/tfg_ckd/cleaned_data/ERR11869193_knead/ERR11869193_1_kneaddata_hg_39_bowtie2_paired_contam_%.fastq -U /home/jgarrote730/tfg_ckd/cleaned_data/ERR11869193_knead/ERR11869193_1_kneaddata.repeats.removed.unmatched.1.fastq,/home/jgarrote730/tfg_ckd/cleaned_data/ERR11869193_knead/ERR11869193_1_kneaddata.repeats.removed.unmatched.2.fastq --un-single /home/jgarrote730/tfg_ckd/cleaned_data/ERR11869193_knead/ERR11869193_1_kneaddata_hg_39_bowtie2_unmatched_%_clean.fastq --al-single /home/jgarrote730/tfg_ckd/cleaned_data/ERR11869193_knead/ERR11869193_1_kneaddata_hg_39_bowtie2_unmatched_%_contam.fastq -S /dev/null
05/11/2026 11:36:30 PM - kneaddata.utilities - DEBUG: b'[WARNING] Failed to launch x86-64-v3 version, staying with default\n[WARNING] Failed to launch x86-64-v3 version, staying with default\n13053085 reads; of these:\n  13053085 (100.00%) were unpaired; of these:\n    12985828 (99.48%) aligned 0 times\n    39668 (0.30%) aligned exactly 1 time\n    27589 (0.21%) aligned >1 times\n0.52% overall alignment rate\npair1_aligned : 33046\npair2_aligned : 33046\npair1_unaligned : 6364006\npair2_unaligned : 6364006\norphan1_aligned : 1558\norphan2_aligned : 1590\norphan1_unaligned : 140785\norphan2_unaligned : 115048\n'
05/11/2026 11:36:30 PM - kneaddata.utilities - DEBUG: Checking output file from bowtie2 : /home/jgarrote730/tfg_ckd/cleaned_data/ERR11869193_knead/ERR11869193_1_kneaddata_hg_39_bowtie2_paired_clean_1.fastq
05/11/2026 11:36:30 PM - kneaddata.utilities - DEBUG: Checking output file from bowtie2 : /home/jgarrote730/tfg_ckd/cleaned_data/ERR11869193_knead/ERR11869193_1_kneaddata_hg_39_bowtie2_paired_clean_2.fastq
05/11/2026 11:36:30 PM - kneaddata.run - INFO: Total contaminate sequences in file ( /home/jgarrote730/tfg_ckd/cleaned_data/ERR11869193_knead/ERR11869193_1_kneaddata_hg_39_bowtie2_paired_contam_1.fastq ) : 33046.0
05/11/2026 11:36:30 PM - kneaddata.run - INFO: Total contaminate sequences in file ( /home/jgarrote730/tfg_ckd/cleaned_data/ERR11869193_knead/ERR11869193_1_kneaddata_hg_39_bowtie2_paired_contam_2.fastq ) : 33046.0
05/11/2026 11:36:30 PM - kneaddata.run - INFO: Total contaminate sequences in file ( /home/jgarrote730/tfg_ckd/cleaned_data/ERR11869193_knead/ERR11869193_1_kneaddata_hg_39_bowtie2_unmatched_1_contam.fastq ) : 1558.0
05/11/2026 11:36:30 PM - kneaddata.run - INFO: Total contaminate sequences in file ( /home/jgarrote730/tfg_ckd/cleaned_data/ERR11869193_knead/ERR11869193_1_kneaddata_hg_39_bowtie2_unmatched_2_contam.fastq ) : 1590.0
05/11/2026 11:36:32 PM - kneaddata.utilities - INFO: READ COUNT: decontaminated hg_39 pair1 : Total reads after removing those found in reference database ( /home/jgarrote730/tfg_ckd/cleaned_data/ERR11869193_knead/ERR11869193_1_kneaddata_hg_39_bowtie2_paired_clean_1.fastq ): 6364006.0
05/11/2026 11:36:34 PM - kneaddata.utilities - INFO: READ COUNT: decontaminated hg_39 pair2 : Total reads after removing those found in reference database ( /home/jgarrote730/tfg_ckd/cleaned_data/ERR11869193_knead/ERR11869193_1_kneaddata_hg_39_bowtie2_paired_clean_2.fastq ): 6364006.0
05/11/2026 11:36:37 PM - kneaddata.utilities - INFO: READ COUNT: final pair1 : Total reads after merging results from multiple databases ( /home/jgarrote730/tfg_ckd/cleaned_data/ERR11869193_knead/ERR11869193_1_kneaddata_paired_1.fastq ): 6364006.0
05/11/2026 11:36:39 PM - kneaddata.utilities - INFO: READ COUNT: final pair2 : Total reads after merging results from multiple databases ( /home/jgarrote730/tfg_ckd/cleaned_data/ERR11869193_knead/ERR11869193_1_kneaddata_paired_2.fastq ): 6364006.0
05/11/2026 11:36:39 PM - kneaddata.utilities - WARNING: Unable to remove file: /home/jgarrote730/tfg_ckd/cleaned_data/ERR11869193_knead/ERR11869193_1_kneaddata_hg_39_bowtie2_paired_clean_1.fastq
05/11/2026 11:36:39 PM - kneaddata.utilities - WARNING: Unable to remove file: /home/jgarrote730/tfg_ckd/cleaned_data/ERR11869193_knead/ERR11869193_1_kneaddata_hg_39_bowtie2_paired_clean_2.fastq
05/11/2026 11:36:39 PM - kneaddata.utilities - INFO: READ COUNT: decontaminated hg_39 orphan1 : Total reads after removing those found in reference database ( /home/jgarrote730/tfg_ckd/cleaned_data/ERR11869193_knead/ERR11869193_1_kneaddata_hg_39_bowtie2_unmatched_1_clean.fastq ): 140785.0
05/11/2026 11:36:39 PM - kneaddata.utilities - INFO: READ COUNT: final orphan1 : Total reads after merging results from multiple databases ( /home/jgarrote730/tfg_ckd/cleaned_data/ERR11869193_knead/ERR11869193_1_kneaddata_unmatched_1.fastq ): 140785.0
05/11/2026 11:36:39 PM - kneaddata.utilities - WARNING: Unable to remove file: /home/jgarrote730/tfg_ckd/cleaned_data/ERR11869193_knead/ERR11869193_1_kneaddata_hg_39_bowtie2_unmatched_1_clean.fastq
05/11/2026 11:36:39 PM - kneaddata.utilities - INFO: READ COUNT: decontaminated hg_39 orphan2 : Total reads after removing those found in reference database ( /home/jgarrote730/tfg_ckd/cleaned_data/ERR11869193_knead/ERR11869193_1_kneaddata_hg_39_bowtie2_unmatched_2_clean.fastq ): 115048.0
05/11/2026 11:36:39 PM - kneaddata.utilities - INFO: READ COUNT: final orphan2 : Total reads after merging results from multiple databases ( /home/jgarrote730/tfg_ckd/cleaned_data/ERR11869193_knead/ERR11869193_1_kneaddata_unmatched_2.fastq ): 115048.0
05/11/2026 11:36:39 PM - kneaddata.utilities - WARNING: Unable to remove file: /home/jgarrote730/tfg_ckd/cleaned_data/ERR11869193_knead/ERR11869193_1_kneaddata_hg_39_bowtie2_unmatched_2_clean.fastq
05/11/2026 11:36:41 PM - kneaddata.knead_data - INFO: 
Final output files created: 
/home/jgarrote730/tfg_ckd/cleaned_data/ERR11869193_knead/ERR11869193_1_kneaddata_paired_1.fastq
/home/jgarrote730/tfg_ckd/cleaned_data/ERR11869193_knead/ERR11869193_1_kneaddata_paired_2.fastq
/home/jgarrote730/tfg_ckd/cleaned_data/ERR11869193_knead/ERR11869193_1_kneaddata_unmatched_1.fastq
/home/jgarrote730/tfg_ckd/cleaned_data/ERR11869193_knead/ERR11869193_1_kneaddata_unmatched_2.fastq

