05/05/2026 10:23:49 AM - kneaddata.knead_data - INFO: Running kneaddata v0.12.4
05/05/2026 10:23:49 AM - kneaddata.knead_data - INFO: Output files will be written to: /home/jgarrote730/tfg_ckd/cleaned_data/ERR11866099_knead
05/05/2026 10:23:49 AM - kneaddata.knead_data - DEBUG: Running with the following arguments: 
verbose = False
input1 = /home/jgarrote730/tfg_ckd/raw_data/ERR11866099_1.fastq.gz
input2 = /home/jgarrote730/tfg_ckd/raw_data/ERR11866099_2.fastq.gz
unpaired = None
output_dir = /home/jgarrote730/tfg_ckd/cleaned_data/ERR11866099_knead
scratch_dir = 
reference_db = /home/jgarrote730/db/kneaddata/hg_39
bypass_trim = False
output_prefix = ERR11866099_1_kneaddata
threads = 8
processes = 1
trimmomatic_quality_scores = -phred33
bmtagger = False
bypass_trf = False
run_trf = False
fastqc_start = False
fastqc_end = False
store_temp_output = False
remove_intermediate_output = True
cat_final_output = False
log_level = DEBUG
log = /home/jgarrote730/tfg_ckd/cleaned_data/ERR11866099_knead/ERR11866099_1_kneaddata.log
trimmomatic_path = /home/jgarrote730/miniforge3/envs/env_perfect/bin/trimmomatic
run_trim_repetitive = False
max_memory = 500m
trimmomatic_options = None
sequencer_source = NexteraPE
bowtie2_path = /home/jgarrote730/miniforge3/envs/env_perfect/bin/bowtie2
bowtie2_options = --very-sensitive-local --phred33
decontaminate_pairs = strict
reorder = False
serial = True
bmtagger_path = None
trf_path = /home/jgarrote730/miniforge3/envs/env_perfect/bin/trf
match = 2
mismatch = 7
delta = 7
pm = 80
pi = 10
minscore = 50
maxperiod = 500
fastqc_path = None
remove_temp_output = True
input = /home/jgarrote730/tfg_ckd/raw_data/ERR11866099_1.fastq.gz /home/jgarrote730/tfg_ckd/raw_data/ERR11866099_2.fastq.gz
discordant = True

05/05/2026 10:23:49 AM - kneaddata.utilities - INFO: Decompressing gzipped file ...
05/05/2026 10:25:39 AM - kneaddata.utilities - INFO: Decompressed file created: /home/jgarrote730/tfg_ckd/cleaned_data/ERR11866099_knead/decompressed_yphic_j8_ERR11866099_1.fastq
05/05/2026 10:25:39 AM - kneaddata.utilities - INFO: Decompressing gzipped file ...
05/05/2026 10:27:51 AM - kneaddata.utilities - INFO: Decompressed file created: /home/jgarrote730/tfg_ckd/cleaned_data/ERR11866099_knead/decompressed_a_qcmb9b_ERR11866099_2.fastq
05/05/2026 10:27:51 AM - kneaddata.utilities - INFO: Reformatting file sequence identifiers ...
05/05/2026 10:29:42 AM - kneaddata.utilities - INFO: Reformatting file sequence identifiers ...
05/05/2026 10:31:53 AM - kneaddata.utilities - INFO: READ COUNT: raw pair1 : Initial number of reads ( /home/jgarrote730/tfg_ckd/cleaned_data/ERR11866099_knead/reformatted_identifiersqrod7xf8_decompressed_yphic_j8_ERR11866099_1.fastq ): 57558761.0
05/05/2026 10:32:14 AM - kneaddata.utilities - INFO: READ COUNT: raw pair2 : Initial number of reads ( /home/jgarrote730/tfg_ckd/cleaned_data/ERR11866099_knead/reformatted_identifiersjlsevaix_decompressed_a_qcmb9b_ERR11866099_2.fastq ): 57558761.0
05/05/2026 10:32:14 AM - kneaddata.utilities - DEBUG: Checking input file to Trimmomatic : /home/jgarrote730/tfg_ckd/cleaned_data/ERR11866099_knead/reformatted_identifiersqrod7xf8_decompressed_yphic_j8_ERR11866099_1.fastq
05/05/2026 10:32:14 AM - kneaddata.utilities - DEBUG: Checking input file to Trimmomatic : /home/jgarrote730/tfg_ckd/cleaned_data/ERR11866099_knead/reformatted_identifiersjlsevaix_decompressed_a_qcmb9b_ERR11866099_2.fastq
05/05/2026 10:32:14 AM - kneaddata.utilities - INFO: Running Trimmomatic ... 
05/05/2026 10:32:14 AM - kneaddata.utilities - INFO: Execute command: /home/jgarrote730/miniforge3/envs/env_perfect/bin/trimmomatic PE -threads 8 -phred33 /home/jgarrote730/tfg_ckd/cleaned_data/ERR11866099_knead/reformatted_identifiersqrod7xf8_decompressed_yphic_j8_ERR11866099_1.fastq /home/jgarrote730/tfg_ckd/cleaned_data/ERR11866099_knead/reformatted_identifiersjlsevaix_decompressed_a_qcmb9b_ERR11866099_2.fastq /home/jgarrote730/tfg_ckd/cleaned_data/ERR11866099_knead/ERR11866099_1_kneaddata.trimmed.1.fastq /home/jgarrote730/tfg_ckd/cleaned_data/ERR11866099_knead/ERR11866099_1_kneaddata.trimmed.single.1.fastq /home/jgarrote730/tfg_ckd/cleaned_data/ERR11866099_knead/ERR11866099_1_kneaddata.trimmed.2.fastq /home/jgarrote730/tfg_ckd/cleaned_data/ERR11866099_knead/ERR11866099_1_kneaddata.trimmed.single.2.fastq MINLEN:60 ILLUMINACLIP:/home/jgarrote730/miniforge3/envs/env_perfect/lib/python3.9/site-packages/kneaddata/adapters/NexteraPE-PE.fa:2:30:10:8:TRUE SLIDINGWINDOW:4:20 MINLEN:75
05/05/2026 10:35:52 AM - kneaddata.utilities - DEBUG: b"TrimmomaticPE: Started with arguments:\n -threads 8 -phred33 /home/jgarrote730/tfg_ckd/cleaned_data/ERR11866099_knead/reformatted_identifiersqrod7xf8_decompressed_yphic_j8_ERR11866099_1.fastq /home/jgarrote730/tfg_ckd/cleaned_data/ERR11866099_knead/reformatted_identifiersjlsevaix_decompressed_a_qcmb9b_ERR11866099_2.fastq /home/jgarrote730/tfg_ckd/cleaned_data/ERR11866099_knead/ERR11866099_1_kneaddata.trimmed.1.fastq /home/jgarrote730/tfg_ckd/cleaned_data/ERR11866099_knead/ERR11866099_1_kneaddata.trimmed.single.1.fastq /home/jgarrote730/tfg_ckd/cleaned_data/ERR11866099_knead/ERR11866099_1_kneaddata.trimmed.2.fastq /home/jgarrote730/tfg_ckd/cleaned_data/ERR11866099_knead/ERR11866099_1_kneaddata.trimmed.single.2.fastq MINLEN:60 ILLUMINACLIP:/home/jgarrote730/miniforge3/envs/env_perfect/lib/python3.9/site-packages/kneaddata/adapters/NexteraPE-PE.fa:2:30:10:8:TRUE SLIDINGWINDOW:4:20 MINLEN:75\nILLUMINACLIP: Using adapter file from user-specified absolute path: /home/jgarrote730/miniforge3/envs/env_perfect/lib/python3.9/site-packages/kneaddata/adapters/NexteraPE-PE.fa\nUsing PrefixPair: 'AGATGTGTATAAGAGACAG' and 'AGATGTGTATAAGAGACAG'\nUsing Long Clipping Sequence: 'GTCTCGTGGGCTCGGAGATGTGTATAAGAGACAG'\nUsing Long Clipping Sequence: 'TCGTCGGCAGCGTCAGATGTGTATAAGAGACAG'\nUsing Long Clipping Sequence: 'CTGTCTCTTATACACATCTCCGAGCCCACGAGAC'\nUsing Long Clipping Sequence: 'CTGTCTCTTATACACATCTGACGCTGCCGACGA'\nILLUMINACLIP: Using 1 prefix pairs, 4 forward/reverse sequences, 0 forward only sequences, 0 reverse only sequences\nInput Read Pairs: 57558761 Both Surviving: 55934057 (97.18%) Forward Only Surviving: 767194 (1.33%) Reverse Only Surviving: 581480 (1.01%) Dropped: 276030 (0.48%)\nTrimmomaticPE: Completed successfully\n"
05/05/2026 10:35:52 AM - kneaddata.utilities - DEBUG: Checking output file from Trimmomatic : /home/jgarrote730/tfg_ckd/cleaned_data/ERR11866099_knead/ERR11866099_1_kneaddata.trimmed.1.fastq
05/05/2026 10:35:52 AM - kneaddata.utilities - DEBUG: Checking output file from Trimmomatic : /home/jgarrote730/tfg_ckd/cleaned_data/ERR11866099_knead/ERR11866099_1_kneaddata.trimmed.single.1.fastq
05/05/2026 10:35:52 AM - kneaddata.utilities - DEBUG: Checking output file from Trimmomatic : /home/jgarrote730/tfg_ckd/cleaned_data/ERR11866099_knead/ERR11866099_1_kneaddata.trimmed.2.fastq
05/05/2026 10:35:52 AM - kneaddata.utilities - DEBUG: Checking output file from Trimmomatic : /home/jgarrote730/tfg_ckd/cleaned_data/ERR11866099_knead/ERR11866099_1_kneaddata.trimmed.single.2.fastq
05/05/2026 10:36:12 AM - kneaddata.utilities - INFO: READ COUNT: trimmed pair1 : Total reads after trimming ( /home/jgarrote730/tfg_ckd/cleaned_data/ERR11866099_knead/ERR11866099_1_kneaddata.trimmed.1.fastq ): 55934057.0
05/05/2026 10:36:33 AM - kneaddata.utilities - INFO: READ COUNT: trimmed pair2 : Total reads after trimming ( /home/jgarrote730/tfg_ckd/cleaned_data/ERR11866099_knead/ERR11866099_1_kneaddata.trimmed.2.fastq ): 55934057.0
05/05/2026 10:36:34 AM - kneaddata.utilities - INFO: READ COUNT: trimmed orphan1 : Total reads after trimming ( /home/jgarrote730/tfg_ckd/cleaned_data/ERR11866099_knead/ERR11866099_1_kneaddata.trimmed.single.1.fastq ): 767194.0
05/05/2026 10:36:34 AM - kneaddata.utilities - INFO: READ COUNT: trimmed orphan2 : Total reads after trimming ( /home/jgarrote730/tfg_ckd/cleaned_data/ERR11866099_knead/ERR11866099_1_kneaddata.trimmed.single.2.fastq ): 581480.0
05/05/2026 10:54:21 AM - kneaddata.utilities - DEBUG: Checking input file to trf : /home/jgarrote730/tfg_ckd/cleaned_data/ERR11866099_knead/ERR11866099_1_kneaddata.trimmed.1.fasta
05/05/2026 10:54:21 AM - kneaddata.utilities - INFO: Running trf ... 
05/05/2026 10:54:21 AM - kneaddata.utilities - INFO: Execute command: kneaddata_trf_parallel --input /home/jgarrote730/tfg_ckd/cleaned_data/ERR11866099_knead/ERR11866099_1_kneaddata.trimmed.1.fasta --output /home/jgarrote730/tfg_ckd/cleaned_data/ERR11866099_knead/ERR11866099_1_kneaddata.trimmed.1.fasta.trf.parameters.2.7.7.80.10.50.500.dat --trf-path /home/jgarrote730/miniforge3/envs/env_perfect/bin/trf --trf-options '2 7 7 80 10 50 500 -h -ngs' --nproc 8
05/05/2026 11:07:39 AM - kneaddata.utilities - DEBUG: 0
05/05/2026 11:07:39 AM - kneaddata.utilities - DEBUG: Checking output file from trf : /home/jgarrote730/tfg_ckd/cleaned_data/ERR11866099_knead/ERR11866099_1_kneaddata.trimmed.1.fasta.trf.parameters.2.7.7.80.10.50.500.dat
05/05/2026 11:07:39 AM - kneaddata.utilities - DEBUG: Checking input file to trf : /home/jgarrote730/tfg_ckd/cleaned_data/ERR11866099_knead/ERR11866099_1_kneaddata.trimmed.2.fasta
05/05/2026 11:07:39 AM - kneaddata.utilities - INFO: Running trf ... 
05/05/2026 11:07:39 AM - kneaddata.utilities - INFO: Execute command: kneaddata_trf_parallel --input /home/jgarrote730/tfg_ckd/cleaned_data/ERR11866099_knead/ERR11866099_1_kneaddata.trimmed.2.fasta --output /home/jgarrote730/tfg_ckd/cleaned_data/ERR11866099_knead/ERR11866099_1_kneaddata.trimmed.2.fasta.trf.parameters.2.7.7.80.10.50.500.dat --trf-path /home/jgarrote730/miniforge3/envs/env_perfect/bin/trf --trf-options '2 7 7 80 10 50 500 -h -ngs' --nproc 8
05/05/2026 11:21:09 AM - kneaddata.utilities - DEBUG: 0
05/05/2026 11:21:09 AM - kneaddata.utilities - DEBUG: Checking output file from trf : /home/jgarrote730/tfg_ckd/cleaned_data/ERR11866099_knead/ERR11866099_1_kneaddata.trimmed.2.fasta.trf.parameters.2.7.7.80.10.50.500.dat
05/05/2026 11:24:25 AM - kneaddata.run - INFO: Total number of sequences with repeats removed from file ( /home/jgarrote730/tfg_ckd/cleaned_data/ERR11866099_knead/ERR11866099_1_kneaddata.trimmed.1.fastq ): 241341
05/05/2026 11:27:19 AM - kneaddata.run - INFO: Total number of sequences with repeats removed from file ( /home/jgarrote730/tfg_ckd/cleaned_data/ERR11866099_knead/ERR11866099_1_kneaddata.trimmed.2.fastq ): 237742
05/05/2026 11:27:25 AM - kneaddata.utilities - DEBUG: Checking input file to trf : /home/jgarrote730/tfg_ckd/cleaned_data/ERR11866099_knead/ERR11866099_1_kneaddata.trimmed.single.1.fasta
05/05/2026 11:27:25 AM - kneaddata.utilities - INFO: Running trf ... 
05/05/2026 11:27:25 AM - kneaddata.utilities - INFO: Execute command: kneaddata_trf_parallel --input /home/jgarrote730/tfg_ckd/cleaned_data/ERR11866099_knead/ERR11866099_1_kneaddata.trimmed.single.1.fasta --output /home/jgarrote730/tfg_ckd/cleaned_data/ERR11866099_knead/ERR11866099_1_kneaddata.trimmed.single.1.fasta.trf.parameters.2.7.7.80.10.50.500.dat --trf-path /home/jgarrote730/miniforge3/envs/env_perfect/bin/trf --trf-options '2 7 7 80 10 50 500 -h -ngs' --nproc 8
05/05/2026 11:27:35 AM - kneaddata.utilities - DEBUG: 0
05/05/2026 11:27:35 AM - kneaddata.utilities - DEBUG: Checking output file from trf : /home/jgarrote730/tfg_ckd/cleaned_data/ERR11866099_knead/ERR11866099_1_kneaddata.trimmed.single.1.fasta.trf.parameters.2.7.7.80.10.50.500.dat
05/05/2026 11:27:36 AM - kneaddata.run - INFO: Total number of sequences with repeats removed from file ( /home/jgarrote730/tfg_ckd/cleaned_data/ERR11866099_knead/ERR11866099_1_kneaddata.trimmed.single.1.fastq ): 3341
05/05/2026 11:27:41 AM - kneaddata.utilities - DEBUG: Checking input file to trf : /home/jgarrote730/tfg_ckd/cleaned_data/ERR11866099_knead/ERR11866099_1_kneaddata.trimmed.single.2.fasta
05/05/2026 11:27:41 AM - kneaddata.utilities - INFO: Running trf ... 
05/05/2026 11:27:41 AM - kneaddata.utilities - INFO: Execute command: kneaddata_trf_parallel --input /home/jgarrote730/tfg_ckd/cleaned_data/ERR11866099_knead/ERR11866099_1_kneaddata.trimmed.single.2.fasta --output /home/jgarrote730/tfg_ckd/cleaned_data/ERR11866099_knead/ERR11866099_1_kneaddata.trimmed.single.2.fasta.trf.parameters.2.7.7.80.10.50.500.dat --trf-path /home/jgarrote730/miniforge3/envs/env_perfect/bin/trf --trf-options '2 7 7 80 10 50 500 -h -ngs' --nproc 8
05/05/2026 11:27:49 AM - kneaddata.utilities - DEBUG: 0
05/05/2026 11:27:49 AM - kneaddata.utilities - DEBUG: Checking output file from trf : /home/jgarrote730/tfg_ckd/cleaned_data/ERR11866099_knead/ERR11866099_1_kneaddata.trimmed.single.2.fasta.trf.parameters.2.7.7.80.10.50.500.dat
05/05/2026 11:27:49 AM - kneaddata.run - INFO: Total number of sequences with repeats removed from file ( /home/jgarrote730/tfg_ckd/cleaned_data/ERR11866099_knead/ERR11866099_1_kneaddata.trimmed.single.2.fastq ): 2806
05/05/2026 11:27:49 AM - kneaddata.run - INFO: Decontaminating ...
05/05/2026 11:27:49 AM - kneaddata.utilities - DEBUG: Checking input file to bowtie2 : /home/jgarrote730/tfg_ckd/cleaned_data/ERR11866099_knead/ERR11866099_1_kneaddata.repeats.removed.1.fastq
05/05/2026 11:27:49 AM - kneaddata.utilities - DEBUG: Checking input file to bowtie2 : /home/jgarrote730/tfg_ckd/cleaned_data/ERR11866099_knead/ERR11866099_1_kneaddata.repeats.removed.2.fastq
05/05/2026 11:27:49 AM - kneaddata.utilities - DEBUG: Checking input file to bowtie2 : /home/jgarrote730/tfg_ckd/cleaned_data/ERR11866099_knead/ERR11866099_1_kneaddata.repeats.removed.unmatched.1.fastq
05/05/2026 11:27:49 AM - kneaddata.utilities - DEBUG: Checking input file to bowtie2 : /home/jgarrote730/tfg_ckd/cleaned_data/ERR11866099_knead/ERR11866099_1_kneaddata.repeats.removed.unmatched.2.fastq
05/05/2026 11:27:49 AM - kneaddata.utilities - INFO: Running bowtie2 ... 
05/05/2026 11:27:49 AM - kneaddata.utilities - INFO: Execute command: kneaddata_bowtie2_discordant_pairs --bowtie2 /home/jgarrote730/miniforge3/envs/env_perfect/bin/bowtie2 --threads 8 -x /home/jgarrote730/db/kneaddata/hg_39 --mode strict --bowtie2-options "--very-sensitive-local --phred33" -1 /home/jgarrote730/tfg_ckd/cleaned_data/ERR11866099_knead/ERR11866099_1_kneaddata.repeats.removed.1.fastq -2 /home/jgarrote730/tfg_ckd/cleaned_data/ERR11866099_knead/ERR11866099_1_kneaddata.repeats.removed.2.fastq --un-pair /home/jgarrote730/tfg_ckd/cleaned_data/ERR11866099_knead/ERR11866099_1_kneaddata_hg_39_bowtie2_paired_clean_%.fastq --al-pair /home/jgarrote730/tfg_ckd/cleaned_data/ERR11866099_knead/ERR11866099_1_kneaddata_hg_39_bowtie2_paired_contam_%.fastq -U /home/jgarrote730/tfg_ckd/cleaned_data/ERR11866099_knead/ERR11866099_1_kneaddata.repeats.removed.unmatched.1.fastq,/home/jgarrote730/tfg_ckd/cleaned_data/ERR11866099_knead/ERR11866099_1_kneaddata.repeats.removed.unmatched.2.fastq --un-single /home/jgarrote730/tfg_ckd/cleaned_data/ERR11866099_knead/ERR11866099_1_kneaddata_hg_39_bowtie2_unmatched_%_clean.fastq --al-single /home/jgarrote730/tfg_ckd/cleaned_data/ERR11866099_knead/ERR11866099_1_kneaddata_hg_39_bowtie2_unmatched_%_contam.fastq -S /dev/null
05/05/2026 11:56:54 AM - kneaddata.utilities - DEBUG: b'[WARNING] Failed to launch x86-64-v3 version, staying with default\n[WARNING] Failed to launch x86-64-v3 version, staying with default\n112731558 reads; of these:\n  112731558 (100.00%) were unpaired; of these:\n    112655525 (99.93%) aligned 0 times\n    42669 (0.04%) aligned exactly 1 time\n    33364 (0.03%) aligned >1 times\n0.07% overall alignment rate\npair1_aligned : 41328\npair2_aligned : 41328\npair1_unaligned : 55435956\npair2_unaligned : 55435956\norphan1_aligned : 1325\norphan2_aligned : 1291\norphan1_unaligned : 977960\norphan2_unaligned : 796414\n'
05/05/2026 11:56:54 AM - kneaddata.utilities - DEBUG: Checking output file from bowtie2 : /home/jgarrote730/tfg_ckd/cleaned_data/ERR11866099_knead/ERR11866099_1_kneaddata_hg_39_bowtie2_paired_clean_1.fastq
05/05/2026 11:56:54 AM - kneaddata.utilities - DEBUG: Checking output file from bowtie2 : /home/jgarrote730/tfg_ckd/cleaned_data/ERR11866099_knead/ERR11866099_1_kneaddata_hg_39_bowtie2_paired_clean_2.fastq
05/05/2026 11:56:54 AM - kneaddata.run - INFO: Total contaminate sequences in file ( /home/jgarrote730/tfg_ckd/cleaned_data/ERR11866099_knead/ERR11866099_1_kneaddata_hg_39_bowtie2_paired_contam_1.fastq ) : 41328.0
05/05/2026 11:56:54 AM - kneaddata.run - INFO: Total contaminate sequences in file ( /home/jgarrote730/tfg_ckd/cleaned_data/ERR11866099_knead/ERR11866099_1_kneaddata_hg_39_bowtie2_paired_contam_2.fastq ) : 41328.0
05/05/2026 11:56:54 AM - kneaddata.run - INFO: Total contaminate sequences in file ( /home/jgarrote730/tfg_ckd/cleaned_data/ERR11866099_knead/ERR11866099_1_kneaddata_hg_39_bowtie2_unmatched_1_contam.fastq ) : 1325.0
05/05/2026 11:56:54 AM - kneaddata.run - INFO: Total contaminate sequences in file ( /home/jgarrote730/tfg_ckd/cleaned_data/ERR11866099_knead/ERR11866099_1_kneaddata_hg_39_bowtie2_unmatched_2_contam.fastq ) : 1291.0
05/05/2026 11:57:40 AM - kneaddata.utilities - INFO: READ COUNT: decontaminated hg_39 pair1 : Total reads after removing those found in reference database ( /home/jgarrote730/tfg_ckd/cleaned_data/ERR11866099_knead/ERR11866099_1_kneaddata_hg_39_bowtie2_paired_clean_1.fastq ): 55435956.0
05/05/2026 11:58:01 AM - kneaddata.utilities - INFO: READ COUNT: decontaminated hg_39 pair2 : Total reads after removing those found in reference database ( /home/jgarrote730/tfg_ckd/cleaned_data/ERR11866099_knead/ERR11866099_1_kneaddata_hg_39_bowtie2_paired_clean_2.fastq ): 55435956.0
05/05/2026 11:58:21 AM - kneaddata.utilities - INFO: READ COUNT: final pair1 : Total reads after merging results from multiple databases ( /home/jgarrote730/tfg_ckd/cleaned_data/ERR11866099_knead/ERR11866099_1_kneaddata_paired_1.fastq ): 55435956.0
05/05/2026 11:58:41 AM - kneaddata.utilities - INFO: READ COUNT: final pair2 : Total reads after merging results from multiple databases ( /home/jgarrote730/tfg_ckd/cleaned_data/ERR11866099_knead/ERR11866099_1_kneaddata_paired_2.fastq ): 55435956.0
05/05/2026 11:58:41 AM - kneaddata.utilities - WARNING: Unable to remove file: /home/jgarrote730/tfg_ckd/cleaned_data/ERR11866099_knead/ERR11866099_1_kneaddata_hg_39_bowtie2_paired_clean_1.fastq
05/05/2026 11:58:41 AM - kneaddata.utilities - WARNING: Unable to remove file: /home/jgarrote730/tfg_ckd/cleaned_data/ERR11866099_knead/ERR11866099_1_kneaddata_hg_39_bowtie2_paired_clean_2.fastq
05/05/2026 11:58:42 AM - kneaddata.utilities - INFO: READ COUNT: decontaminated hg_39 orphan1 : Total reads after removing those found in reference database ( /home/jgarrote730/tfg_ckd/cleaned_data/ERR11866099_knead/ERR11866099_1_kneaddata_hg_39_bowtie2_unmatched_1_clean.fastq ): 977960.0
05/05/2026 11:58:42 AM - kneaddata.utilities - INFO: READ COUNT: final orphan1 : Total reads after merging results from multiple databases ( /home/jgarrote730/tfg_ckd/cleaned_data/ERR11866099_knead/ERR11866099_1_kneaddata_unmatched_1.fastq ): 977960.0
05/05/2026 11:58:42 AM - kneaddata.utilities - WARNING: Unable to remove file: /home/jgarrote730/tfg_ckd/cleaned_data/ERR11866099_knead/ERR11866099_1_kneaddata_hg_39_bowtie2_unmatched_1_clean.fastq
05/05/2026 11:58:42 AM - kneaddata.utilities - INFO: READ COUNT: decontaminated hg_39 orphan2 : Total reads after removing those found in reference database ( /home/jgarrote730/tfg_ckd/cleaned_data/ERR11866099_knead/ERR11866099_1_kneaddata_hg_39_bowtie2_unmatched_2_clean.fastq ): 796414.0
05/05/2026 11:58:43 AM - kneaddata.utilities - INFO: READ COUNT: final orphan2 : Total reads after merging results from multiple databases ( /home/jgarrote730/tfg_ckd/cleaned_data/ERR11866099_knead/ERR11866099_1_kneaddata_unmatched_2.fastq ): 796414.0
05/05/2026 11:58:43 AM - kneaddata.utilities - WARNING: Unable to remove file: /home/jgarrote730/tfg_ckd/cleaned_data/ERR11866099_knead/ERR11866099_1_kneaddata_hg_39_bowtie2_unmatched_2_clean.fastq
05/05/2026 11:58:45 AM - kneaddata.knead_data - INFO: 
Final output files created: 
/home/jgarrote730/tfg_ckd/cleaned_data/ERR11866099_knead/ERR11866099_1_kneaddata_paired_1.fastq
/home/jgarrote730/tfg_ckd/cleaned_data/ERR11866099_knead/ERR11866099_1_kneaddata_paired_2.fastq
/home/jgarrote730/tfg_ckd/cleaned_data/ERR11866099_knead/ERR11866099_1_kneaddata_unmatched_1.fastq
/home/jgarrote730/tfg_ckd/cleaned_data/ERR11866099_knead/ERR11866099_1_kneaddata_unmatched_2.fastq

