05/07/2026 01:54:09 PM - kneaddata.knead_data - INFO: Running kneaddata v0.12.4
05/07/2026 01:54:09 PM - kneaddata.knead_data - INFO: Output files will be written to: /home/jgarrote730/tfg_ckd/cleaned_data/ERR11866203_knead
05/07/2026 01:54:09 PM - kneaddata.knead_data - DEBUG: Running with the following arguments: 
verbose = False
input1 = /home/jgarrote730/tfg_ckd/raw_data/ERR11866203_1.fastq.gz
input2 = /home/jgarrote730/tfg_ckd/raw_data/ERR11866203_2.fastq.gz
unpaired = None
output_dir = /home/jgarrote730/tfg_ckd/cleaned_data/ERR11866203_knead
scratch_dir = 
reference_db = /home/jgarrote730/db/kneaddata/hg_39
bypass_trim = False
output_prefix = ERR11866203_1_kneaddata
threads = 8
processes = 1
trimmomatic_quality_scores = -phred33
bmtagger = False
bypass_trf = False
run_trf = False
fastqc_start = False
fastqc_end = False
store_temp_output = False
remove_intermediate_output = True
cat_final_output = False
log_level = DEBUG
log = /home/jgarrote730/tfg_ckd/cleaned_data/ERR11866203_knead/ERR11866203_1_kneaddata.log
trimmomatic_path = /home/jgarrote730/miniforge3/envs/env_perfect/bin/trimmomatic
run_trim_repetitive = False
max_memory = 500m
trimmomatic_options = None
sequencer_source = NexteraPE
bowtie2_path = /home/jgarrote730/miniforge3/envs/env_perfect/bin/bowtie2
bowtie2_options = --very-sensitive-local --phred33
decontaminate_pairs = strict
reorder = False
serial = True
bmtagger_path = None
trf_path = /home/jgarrote730/miniforge3/envs/env_perfect/bin/trf
match = 2
mismatch = 7
delta = 7
pm = 80
pi = 10
minscore = 50
maxperiod = 500
fastqc_path = None
remove_temp_output = True
input = /home/jgarrote730/tfg_ckd/raw_data/ERR11866203_1.fastq.gz /home/jgarrote730/tfg_ckd/raw_data/ERR11866203_2.fastq.gz
discordant = True

05/07/2026 01:54:09 PM - kneaddata.utilities - INFO: Decompressing gzipped file ...
05/07/2026 01:55:34 PM - kneaddata.utilities - INFO: Decompressed file created: /home/jgarrote730/tfg_ckd/cleaned_data/ERR11866203_knead/decompressed_d0s_cdcd_ERR11866203_1.fastq
05/07/2026 01:55:34 PM - kneaddata.utilities - INFO: Decompressing gzipped file ...
05/07/2026 01:57:05 PM - kneaddata.utilities - INFO: Decompressed file created: /home/jgarrote730/tfg_ckd/cleaned_data/ERR11866203_knead/decompressed_f6fq0s8f_ERR11866203_2.fastq
05/07/2026 01:57:05 PM - kneaddata.utilities - INFO: Reformatting file sequence identifiers ...
05/07/2026 01:59:17 PM - kneaddata.utilities - INFO: Reformatting file sequence identifiers ...
05/07/2026 02:01:12 PM - kneaddata.utilities - INFO: READ COUNT: raw pair1 : Initial number of reads ( /home/jgarrote730/tfg_ckd/cleaned_data/ERR11866203_knead/reformatted_identifiers0m8zyre1_decompressed_d0s_cdcd_ERR11866203_1.fastq ): 46305178.0
05/07/2026 02:01:28 PM - kneaddata.utilities - INFO: READ COUNT: raw pair2 : Initial number of reads ( /home/jgarrote730/tfg_ckd/cleaned_data/ERR11866203_knead/reformatted_identifierscrnzcxna_decompressed_f6fq0s8f_ERR11866203_2.fastq ): 46305178.0
05/07/2026 02:01:28 PM - kneaddata.utilities - DEBUG: Checking input file to Trimmomatic : /home/jgarrote730/tfg_ckd/cleaned_data/ERR11866203_knead/reformatted_identifiers0m8zyre1_decompressed_d0s_cdcd_ERR11866203_1.fastq
05/07/2026 02:01:28 PM - kneaddata.utilities - DEBUG: Checking input file to Trimmomatic : /home/jgarrote730/tfg_ckd/cleaned_data/ERR11866203_knead/reformatted_identifierscrnzcxna_decompressed_f6fq0s8f_ERR11866203_2.fastq
05/07/2026 02:01:28 PM - kneaddata.utilities - INFO: Running Trimmomatic ... 
05/07/2026 02:01:28 PM - kneaddata.utilities - INFO: Execute command: /home/jgarrote730/miniforge3/envs/env_perfect/bin/trimmomatic PE -threads 8 -phred33 /home/jgarrote730/tfg_ckd/cleaned_data/ERR11866203_knead/reformatted_identifiers0m8zyre1_decompressed_d0s_cdcd_ERR11866203_1.fastq /home/jgarrote730/tfg_ckd/cleaned_data/ERR11866203_knead/reformatted_identifierscrnzcxna_decompressed_f6fq0s8f_ERR11866203_2.fastq /home/jgarrote730/tfg_ckd/cleaned_data/ERR11866203_knead/ERR11866203_1_kneaddata.trimmed.1.fastq /home/jgarrote730/tfg_ckd/cleaned_data/ERR11866203_knead/ERR11866203_1_kneaddata.trimmed.single.1.fastq /home/jgarrote730/tfg_ckd/cleaned_data/ERR11866203_knead/ERR11866203_1_kneaddata.trimmed.2.fastq /home/jgarrote730/tfg_ckd/cleaned_data/ERR11866203_knead/ERR11866203_1_kneaddata.trimmed.single.2.fastq MINLEN:60 ILLUMINACLIP:/home/jgarrote730/miniforge3/envs/env_perfect/lib/python3.9/site-packages/kneaddata/adapters/NexteraPE-PE.fa:2:30:10:8:TRUE SLIDINGWINDOW:4:20 MINLEN:75
05/07/2026 02:04:34 PM - kneaddata.utilities - DEBUG: b"TrimmomaticPE: Started with arguments:\n -threads 8 -phred33 /home/jgarrote730/tfg_ckd/cleaned_data/ERR11866203_knead/reformatted_identifiers0m8zyre1_decompressed_d0s_cdcd_ERR11866203_1.fastq /home/jgarrote730/tfg_ckd/cleaned_data/ERR11866203_knead/reformatted_identifierscrnzcxna_decompressed_f6fq0s8f_ERR11866203_2.fastq /home/jgarrote730/tfg_ckd/cleaned_data/ERR11866203_knead/ERR11866203_1_kneaddata.trimmed.1.fastq /home/jgarrote730/tfg_ckd/cleaned_data/ERR11866203_knead/ERR11866203_1_kneaddata.trimmed.single.1.fastq /home/jgarrote730/tfg_ckd/cleaned_data/ERR11866203_knead/ERR11866203_1_kneaddata.trimmed.2.fastq /home/jgarrote730/tfg_ckd/cleaned_data/ERR11866203_knead/ERR11866203_1_kneaddata.trimmed.single.2.fastq MINLEN:60 ILLUMINACLIP:/home/jgarrote730/miniforge3/envs/env_perfect/lib/python3.9/site-packages/kneaddata/adapters/NexteraPE-PE.fa:2:30:10:8:TRUE SLIDINGWINDOW:4:20 MINLEN:75\nILLUMINACLIP: Using adapter file from user-specified absolute path: /home/jgarrote730/miniforge3/envs/env_perfect/lib/python3.9/site-packages/kneaddata/adapters/NexteraPE-PE.fa\nUsing PrefixPair: 'AGATGTGTATAAGAGACAG' and 'AGATGTGTATAAGAGACAG'\nUsing Long Clipping Sequence: 'GTCTCGTGGGCTCGGAGATGTGTATAAGAGACAG'\nUsing Long Clipping Sequence: 'TCGTCGGCAGCGTCAGATGTGTATAAGAGACAG'\nUsing Long Clipping Sequence: 'CTGTCTCTTATACACATCTCCGAGCCCACGAGAC'\nUsing Long Clipping Sequence: 'CTGTCTCTTATACACATCTGACGCTGCCGACGA'\nILLUMINACLIP: Using 1 prefix pairs, 4 forward/reverse sequences, 0 forward only sequences, 0 reverse only sequences\nInput Read Pairs: 46305178 Both Surviving: 44917562 (97.00%) Forward Only Surviving: 752287 (1.62%) Reverse Only Surviving: 417439 (0.90%) Dropped: 217890 (0.47%)\nTrimmomaticPE: Completed successfully\n"
05/07/2026 02:04:34 PM - kneaddata.utilities - DEBUG: Checking output file from Trimmomatic : /home/jgarrote730/tfg_ckd/cleaned_data/ERR11866203_knead/ERR11866203_1_kneaddata.trimmed.1.fastq
05/07/2026 02:04:34 PM - kneaddata.utilities - DEBUG: Checking output file from Trimmomatic : /home/jgarrote730/tfg_ckd/cleaned_data/ERR11866203_knead/ERR11866203_1_kneaddata.trimmed.single.1.fastq
05/07/2026 02:04:34 PM - kneaddata.utilities - DEBUG: Checking output file from Trimmomatic : /home/jgarrote730/tfg_ckd/cleaned_data/ERR11866203_knead/ERR11866203_1_kneaddata.trimmed.2.fastq
05/07/2026 02:04:34 PM - kneaddata.utilities - DEBUG: Checking output file from Trimmomatic : /home/jgarrote730/tfg_ckd/cleaned_data/ERR11866203_knead/ERR11866203_1_kneaddata.trimmed.single.2.fastq
05/07/2026 02:04:57 PM - kneaddata.utilities - INFO: READ COUNT: trimmed pair1 : Total reads after trimming ( /home/jgarrote730/tfg_ckd/cleaned_data/ERR11866203_knead/ERR11866203_1_kneaddata.trimmed.1.fastq ): 44917562.0
05/07/2026 02:05:20 PM - kneaddata.utilities - INFO: READ COUNT: trimmed pair2 : Total reads after trimming ( /home/jgarrote730/tfg_ckd/cleaned_data/ERR11866203_knead/ERR11866203_1_kneaddata.trimmed.2.fastq ): 44917562.0
05/07/2026 02:05:21 PM - kneaddata.utilities - INFO: READ COUNT: trimmed orphan1 : Total reads after trimming ( /home/jgarrote730/tfg_ckd/cleaned_data/ERR11866203_knead/ERR11866203_1_kneaddata.trimmed.single.1.fastq ): 752287.0
05/07/2026 02:05:21 PM - kneaddata.utilities - INFO: READ COUNT: trimmed orphan2 : Total reads after trimming ( /home/jgarrote730/tfg_ckd/cleaned_data/ERR11866203_knead/ERR11866203_1_kneaddata.trimmed.single.2.fastq ): 417439.0
05/07/2026 02:19:30 PM - kneaddata.utilities - DEBUG: Checking input file to trf : /home/jgarrote730/tfg_ckd/cleaned_data/ERR11866203_knead/ERR11866203_1_kneaddata.trimmed.1.fasta
05/07/2026 02:19:30 PM - kneaddata.utilities - INFO: Running trf ... 
05/07/2026 02:19:30 PM - kneaddata.utilities - INFO: Execute command: kneaddata_trf_parallel --input /home/jgarrote730/tfg_ckd/cleaned_data/ERR11866203_knead/ERR11866203_1_kneaddata.trimmed.1.fasta --output /home/jgarrote730/tfg_ckd/cleaned_data/ERR11866203_knead/ERR11866203_1_kneaddata.trimmed.1.fasta.trf.parameters.2.7.7.80.10.50.500.dat --trf-path /home/jgarrote730/miniforge3/envs/env_perfect/bin/trf --trf-options '2 7 7 80 10 50 500 -h -ngs' --nproc 8
05/07/2026 02:29:46 PM - kneaddata.utilities - DEBUG: 0
05/07/2026 02:29:46 PM - kneaddata.utilities - DEBUG: Checking output file from trf : /home/jgarrote730/tfg_ckd/cleaned_data/ERR11866203_knead/ERR11866203_1_kneaddata.trimmed.1.fasta.trf.parameters.2.7.7.80.10.50.500.dat
05/07/2026 02:29:46 PM - kneaddata.utilities - DEBUG: Checking input file to trf : /home/jgarrote730/tfg_ckd/cleaned_data/ERR11866203_knead/ERR11866203_1_kneaddata.trimmed.2.fasta
05/07/2026 02:29:46 PM - kneaddata.utilities - INFO: Running trf ... 
05/07/2026 02:29:46 PM - kneaddata.utilities - INFO: Execute command: kneaddata_trf_parallel --input /home/jgarrote730/tfg_ckd/cleaned_data/ERR11866203_knead/ERR11866203_1_kneaddata.trimmed.2.fasta --output /home/jgarrote730/tfg_ckd/cleaned_data/ERR11866203_knead/ERR11866203_1_kneaddata.trimmed.2.fasta.trf.parameters.2.7.7.80.10.50.500.dat --trf-path /home/jgarrote730/miniforge3/envs/env_perfect/bin/trf --trf-options '2 7 7 80 10 50 500 -h -ngs' --nproc 8
05/07/2026 02:40:05 PM - kneaddata.utilities - DEBUG: 0
05/07/2026 02:40:05 PM - kneaddata.utilities - DEBUG: Checking output file from trf : /home/jgarrote730/tfg_ckd/cleaned_data/ERR11866203_knead/ERR11866203_1_kneaddata.trimmed.2.fasta.trf.parameters.2.7.7.80.10.50.500.dat
05/07/2026 02:42:21 PM - kneaddata.run - INFO: Total number of sequences with repeats removed from file ( /home/jgarrote730/tfg_ckd/cleaned_data/ERR11866203_knead/ERR11866203_1_kneaddata.trimmed.1.fastq ): 166749
05/07/2026 02:44:59 PM - kneaddata.run - INFO: Total number of sequences with repeats removed from file ( /home/jgarrote730/tfg_ckd/cleaned_data/ERR11866203_knead/ERR11866203_1_kneaddata.trimmed.2.fastq ): 162418
05/07/2026 02:45:06 PM - kneaddata.utilities - DEBUG: Checking input file to trf : /home/jgarrote730/tfg_ckd/cleaned_data/ERR11866203_knead/ERR11866203_1_kneaddata.trimmed.single.1.fasta
05/07/2026 02:45:06 PM - kneaddata.utilities - INFO: Running trf ... 
05/07/2026 02:45:06 PM - kneaddata.utilities - INFO: Execute command: kneaddata_trf_parallel --input /home/jgarrote730/tfg_ckd/cleaned_data/ERR11866203_knead/ERR11866203_1_kneaddata.trimmed.single.1.fasta --output /home/jgarrote730/tfg_ckd/cleaned_data/ERR11866203_knead/ERR11866203_1_kneaddata.trimmed.single.1.fasta.trf.parameters.2.7.7.80.10.50.500.dat --trf-path /home/jgarrote730/miniforge3/envs/env_perfect/bin/trf --trf-options '2 7 7 80 10 50 500 -h -ngs' --nproc 8
05/07/2026 02:45:16 PM - kneaddata.utilities - DEBUG: 0
05/07/2026 02:45:16 PM - kneaddata.utilities - DEBUG: Checking output file from trf : /home/jgarrote730/tfg_ckd/cleaned_data/ERR11866203_knead/ERR11866203_1_kneaddata.trimmed.single.1.fasta.trf.parameters.2.7.7.80.10.50.500.dat
05/07/2026 02:45:17 PM - kneaddata.run - INFO: Total number of sequences with repeats removed from file ( /home/jgarrote730/tfg_ckd/cleaned_data/ERR11866203_knead/ERR11866203_1_kneaddata.trimmed.single.1.fastq ): 2783
05/07/2026 02:45:21 PM - kneaddata.utilities - DEBUG: Checking input file to trf : /home/jgarrote730/tfg_ckd/cleaned_data/ERR11866203_knead/ERR11866203_1_kneaddata.trimmed.single.2.fasta
05/07/2026 02:45:21 PM - kneaddata.utilities - INFO: Running trf ... 
05/07/2026 02:45:21 PM - kneaddata.utilities - INFO: Execute command: kneaddata_trf_parallel --input /home/jgarrote730/tfg_ckd/cleaned_data/ERR11866203_knead/ERR11866203_1_kneaddata.trimmed.single.2.fasta --output /home/jgarrote730/tfg_ckd/cleaned_data/ERR11866203_knead/ERR11866203_1_kneaddata.trimmed.single.2.fasta.trf.parameters.2.7.7.80.10.50.500.dat --trf-path /home/jgarrote730/miniforge3/envs/env_perfect/bin/trf --trf-options '2 7 7 80 10 50 500 -h -ngs' --nproc 8
05/07/2026 02:45:27 PM - kneaddata.utilities - DEBUG: 0
05/07/2026 02:45:27 PM - kneaddata.utilities - DEBUG: Checking output file from trf : /home/jgarrote730/tfg_ckd/cleaned_data/ERR11866203_knead/ERR11866203_1_kneaddata.trimmed.single.2.fasta.trf.parameters.2.7.7.80.10.50.500.dat
05/07/2026 02:45:27 PM - kneaddata.run - INFO: Total number of sequences with repeats removed from file ( /home/jgarrote730/tfg_ckd/cleaned_data/ERR11866203_knead/ERR11866203_1_kneaddata.trimmed.single.2.fastq ): 1752
05/07/2026 02:45:27 PM - kneaddata.run - INFO: Decontaminating ...
05/07/2026 02:45:27 PM - kneaddata.utilities - DEBUG: Checking input file to bowtie2 : /home/jgarrote730/tfg_ckd/cleaned_data/ERR11866203_knead/ERR11866203_1_kneaddata.repeats.removed.1.fastq
05/07/2026 02:45:27 PM - kneaddata.utilities - DEBUG: Checking input file to bowtie2 : /home/jgarrote730/tfg_ckd/cleaned_data/ERR11866203_knead/ERR11866203_1_kneaddata.repeats.removed.2.fastq
05/07/2026 02:45:27 PM - kneaddata.utilities - DEBUG: Checking input file to bowtie2 : /home/jgarrote730/tfg_ckd/cleaned_data/ERR11866203_knead/ERR11866203_1_kneaddata.repeats.removed.unmatched.1.fastq
05/07/2026 02:45:27 PM - kneaddata.utilities - DEBUG: Checking input file to bowtie2 : /home/jgarrote730/tfg_ckd/cleaned_data/ERR11866203_knead/ERR11866203_1_kneaddata.repeats.removed.unmatched.2.fastq
05/07/2026 02:45:27 PM - kneaddata.utilities - INFO: Running bowtie2 ... 
05/07/2026 02:45:27 PM - kneaddata.utilities - INFO: Execute command: kneaddata_bowtie2_discordant_pairs --bowtie2 /home/jgarrote730/miniforge3/envs/env_perfect/bin/bowtie2 --threads 8 -x /home/jgarrote730/db/kneaddata/hg_39 --mode strict --bowtie2-options "--very-sensitive-local --phred33" -1 /home/jgarrote730/tfg_ckd/cleaned_data/ERR11866203_knead/ERR11866203_1_kneaddata.repeats.removed.1.fastq -2 /home/jgarrote730/tfg_ckd/cleaned_data/ERR11866203_knead/ERR11866203_1_kneaddata.repeats.removed.2.fastq --un-pair /home/jgarrote730/tfg_ckd/cleaned_data/ERR11866203_knead/ERR11866203_1_kneaddata_hg_39_bowtie2_paired_clean_%.fastq --al-pair /home/jgarrote730/tfg_ckd/cleaned_data/ERR11866203_knead/ERR11866203_1_kneaddata_hg_39_bowtie2_paired_contam_%.fastq -U /home/jgarrote730/tfg_ckd/cleaned_data/ERR11866203_knead/ERR11866203_1_kneaddata.repeats.removed.unmatched.1.fastq,/home/jgarrote730/tfg_ckd/cleaned_data/ERR11866203_knead/ERR11866203_1_kneaddata.repeats.removed.unmatched.2.fastq --un-single /home/jgarrote730/tfg_ckd/cleaned_data/ERR11866203_knead/ERR11866203_1_kneaddata_hg_39_bowtie2_unmatched_%_clean.fastq --al-single /home/jgarrote730/tfg_ckd/cleaned_data/ERR11866203_knead/ERR11866203_1_kneaddata_hg_39_bowtie2_unmatched_%_contam.fastq -S /dev/null
05/07/2026 03:09:21 PM - kneaddata.utilities - DEBUG: b'[WARNING] Failed to launch x86-64-v3 version, staying with default\n[WARNING] Failed to launch x86-64-v3 version, staying with default\n90671148 reads; of these:\n  90671148 (100.00%) were unpaired; of these:\n    90664701 (99.99%) aligned 0 times\n    4354 (0.00%) aligned exactly 1 time\n    2093 (0.00%) aligned >1 times\n0.01% overall alignment rate\npair1_aligned : 5541\npair2_aligned : 5541\npair1_unaligned : 44597185\npair2_unaligned : 44597185\norphan1_aligned : 144\norphan2_aligned : 93\norphan1_unaligned : 897447\norphan2_unaligned : 568012\n'
05/07/2026 03:09:21 PM - kneaddata.utilities - DEBUG: Checking output file from bowtie2 : /home/jgarrote730/tfg_ckd/cleaned_data/ERR11866203_knead/ERR11866203_1_kneaddata_hg_39_bowtie2_paired_clean_1.fastq
05/07/2026 03:09:21 PM - kneaddata.utilities - DEBUG: Checking output file from bowtie2 : /home/jgarrote730/tfg_ckd/cleaned_data/ERR11866203_knead/ERR11866203_1_kneaddata_hg_39_bowtie2_paired_clean_2.fastq
05/07/2026 03:09:21 PM - kneaddata.run - INFO: Total contaminate sequences in file ( /home/jgarrote730/tfg_ckd/cleaned_data/ERR11866203_knead/ERR11866203_1_kneaddata_hg_39_bowtie2_paired_contam_1.fastq ) : 5541.0
05/07/2026 03:09:21 PM - kneaddata.run - INFO: Total contaminate sequences in file ( /home/jgarrote730/tfg_ckd/cleaned_data/ERR11866203_knead/ERR11866203_1_kneaddata_hg_39_bowtie2_paired_contam_2.fastq ) : 5541.0
05/07/2026 03:09:21 PM - kneaddata.run - INFO: Total contaminate sequences in file ( /home/jgarrote730/tfg_ckd/cleaned_data/ERR11866203_knead/ERR11866203_1_kneaddata_hg_39_bowtie2_unmatched_1_contam.fastq ) : 144.0
05/07/2026 03:09:21 PM - kneaddata.run - INFO: Total contaminate sequences in file ( /home/jgarrote730/tfg_ckd/cleaned_data/ERR11866203_knead/ERR11866203_1_kneaddata_hg_39_bowtie2_unmatched_2_contam.fastq ) : 93.0
05/07/2026 03:09:38 PM - kneaddata.utilities - INFO: READ COUNT: decontaminated hg_39 pair1 : Total reads after removing those found in reference database ( /home/jgarrote730/tfg_ckd/cleaned_data/ERR11866203_knead/ERR11866203_1_kneaddata_hg_39_bowtie2_paired_clean_1.fastq ): 44597185.0
05/07/2026 03:09:55 PM - kneaddata.utilities - INFO: READ COUNT: decontaminated hg_39 pair2 : Total reads after removing those found in reference database ( /home/jgarrote730/tfg_ckd/cleaned_data/ERR11866203_knead/ERR11866203_1_kneaddata_hg_39_bowtie2_paired_clean_2.fastq ): 44597185.0
05/07/2026 03:10:11 PM - kneaddata.utilities - INFO: READ COUNT: final pair1 : Total reads after merging results from multiple databases ( /home/jgarrote730/tfg_ckd/cleaned_data/ERR11866203_knead/ERR11866203_1_kneaddata_paired_1.fastq ): 44597185.0
05/07/2026 03:10:27 PM - kneaddata.utilities - INFO: READ COUNT: final pair2 : Total reads after merging results from multiple databases ( /home/jgarrote730/tfg_ckd/cleaned_data/ERR11866203_knead/ERR11866203_1_kneaddata_paired_2.fastq ): 44597185.0
05/07/2026 03:10:27 PM - kneaddata.utilities - WARNING: Unable to remove file: /home/jgarrote730/tfg_ckd/cleaned_data/ERR11866203_knead/ERR11866203_1_kneaddata_hg_39_bowtie2_paired_clean_1.fastq
05/07/2026 03:10:27 PM - kneaddata.utilities - WARNING: Unable to remove file: /home/jgarrote730/tfg_ckd/cleaned_data/ERR11866203_knead/ERR11866203_1_kneaddata_hg_39_bowtie2_paired_clean_2.fastq
05/07/2026 03:10:28 PM - kneaddata.utilities - INFO: READ COUNT: decontaminated hg_39 orphan1 : Total reads after removing those found in reference database ( /home/jgarrote730/tfg_ckd/cleaned_data/ERR11866203_knead/ERR11866203_1_kneaddata_hg_39_bowtie2_unmatched_1_clean.fastq ): 897447.0
05/07/2026 03:10:28 PM - kneaddata.utilities - INFO: READ COUNT: final orphan1 : Total reads after merging results from multiple databases ( /home/jgarrote730/tfg_ckd/cleaned_data/ERR11866203_knead/ERR11866203_1_kneaddata_unmatched_1.fastq ): 897447.0
05/07/2026 03:10:28 PM - kneaddata.utilities - WARNING: Unable to remove file: /home/jgarrote730/tfg_ckd/cleaned_data/ERR11866203_knead/ERR11866203_1_kneaddata_hg_39_bowtie2_unmatched_1_clean.fastq
05/07/2026 03:10:28 PM - kneaddata.utilities - INFO: READ COUNT: decontaminated hg_39 orphan2 : Total reads after removing those found in reference database ( /home/jgarrote730/tfg_ckd/cleaned_data/ERR11866203_knead/ERR11866203_1_kneaddata_hg_39_bowtie2_unmatched_2_clean.fastq ): 568012.0
05/07/2026 03:10:28 PM - kneaddata.utilities - INFO: READ COUNT: final orphan2 : Total reads after merging results from multiple databases ( /home/jgarrote730/tfg_ckd/cleaned_data/ERR11866203_knead/ERR11866203_1_kneaddata_unmatched_2.fastq ): 568012.0
05/07/2026 03:10:28 PM - kneaddata.utilities - WARNING: Unable to remove file: /home/jgarrote730/tfg_ckd/cleaned_data/ERR11866203_knead/ERR11866203_1_kneaddata_hg_39_bowtie2_unmatched_2_clean.fastq
05/07/2026 03:10:30 PM - kneaddata.knead_data - INFO: 
Final output files created: 
/home/jgarrote730/tfg_ckd/cleaned_data/ERR11866203_knead/ERR11866203_1_kneaddata_paired_1.fastq
/home/jgarrote730/tfg_ckd/cleaned_data/ERR11866203_knead/ERR11866203_1_kneaddata_paired_2.fastq
/home/jgarrote730/tfg_ckd/cleaned_data/ERR11866203_knead/ERR11866203_1_kneaddata_unmatched_1.fastq
/home/jgarrote730/tfg_ckd/cleaned_data/ERR11866203_knead/ERR11866203_1_kneaddata_unmatched_2.fastq

