05/04/2026 10:50:53 PM - kneaddata.knead_data - INFO: Running kneaddata v0.12.4
05/04/2026 10:50:53 PM - kneaddata.knead_data - INFO: Output files will be written to: /home/jgarrote730/tfg_ckd/cleaned_data/ERR11866080_knead
05/04/2026 10:50:53 PM - kneaddata.knead_data - DEBUG: Running with the following arguments: 
verbose = False
input1 = /home/jgarrote730/tfg_ckd/raw_data/ERR11866080_1.fastq.gz
input2 = /home/jgarrote730/tfg_ckd/raw_data/ERR11866080_2.fastq.gz
unpaired = None
output_dir = /home/jgarrote730/tfg_ckd/cleaned_data/ERR11866080_knead
scratch_dir = 
reference_db = /home/jgarrote730/db/kneaddata/hg_39
bypass_trim = False
output_prefix = ERR11866080_1_kneaddata
threads = 8
processes = 1
trimmomatic_quality_scores = -phred33
bmtagger = False
bypass_trf = False
run_trf = False
fastqc_start = False
fastqc_end = False
store_temp_output = False
remove_intermediate_output = True
cat_final_output = False
log_level = DEBUG
log = /home/jgarrote730/tfg_ckd/cleaned_data/ERR11866080_knead/ERR11866080_1_kneaddata.log
trimmomatic_path = /home/jgarrote730/miniforge3/envs/env_perfect/bin/trimmomatic
run_trim_repetitive = False
max_memory = 500m
trimmomatic_options = None
sequencer_source = NexteraPE
bowtie2_path = /home/jgarrote730/miniforge3/envs/env_perfect/bin/bowtie2
bowtie2_options = --very-sensitive-local --phred33
decontaminate_pairs = strict
reorder = False
serial = True
bmtagger_path = None
trf_path = /home/jgarrote730/miniforge3/envs/env_perfect/bin/trf
match = 2
mismatch = 7
delta = 7
pm = 80
pi = 10
minscore = 50
maxperiod = 500
fastqc_path = None
remove_temp_output = True
input = /home/jgarrote730/tfg_ckd/raw_data/ERR11866080_1.fastq.gz /home/jgarrote730/tfg_ckd/raw_data/ERR11866080_2.fastq.gz
discordant = True

05/04/2026 10:50:53 PM - kneaddata.utilities - INFO: Decompressing gzipped file ...
05/04/2026 10:52:23 PM - kneaddata.utilities - INFO: Decompressed file created: /home/jgarrote730/tfg_ckd/cleaned_data/ERR11866080_knead/decompressed_3h79afp6_ERR11866080_1.fastq
05/04/2026 10:52:23 PM - kneaddata.utilities - INFO: Decompressing gzipped file ...
05/04/2026 10:54:05 PM - kneaddata.utilities - INFO: Decompressed file created: /home/jgarrote730/tfg_ckd/cleaned_data/ERR11866080_knead/decompressed__ihkha15_ERR11866080_2.fastq
05/04/2026 10:54:05 PM - kneaddata.utilities - INFO: Reformatting file sequence identifiers ...
05/04/2026 10:55:39 PM - kneaddata.utilities - INFO: Reformatting file sequence identifiers ...
05/04/2026 10:57:32 PM - kneaddata.utilities - INFO: READ COUNT: raw pair1 : Initial number of reads ( /home/jgarrote730/tfg_ckd/cleaned_data/ERR11866080_knead/reformatted_identifiers4__3y73a_decompressed_3h79afp6_ERR11866080_1.fastq ): 44869355.0
05/04/2026 10:57:48 PM - kneaddata.utilities - INFO: READ COUNT: raw pair2 : Initial number of reads ( /home/jgarrote730/tfg_ckd/cleaned_data/ERR11866080_knead/reformatted_identifiershxyakt05_decompressed__ihkha15_ERR11866080_2.fastq ): 44869355.0
05/04/2026 10:57:48 PM - kneaddata.utilities - DEBUG: Checking input file to Trimmomatic : /home/jgarrote730/tfg_ckd/cleaned_data/ERR11866080_knead/reformatted_identifiers4__3y73a_decompressed_3h79afp6_ERR11866080_1.fastq
05/04/2026 10:57:48 PM - kneaddata.utilities - DEBUG: Checking input file to Trimmomatic : /home/jgarrote730/tfg_ckd/cleaned_data/ERR11866080_knead/reformatted_identifiershxyakt05_decompressed__ihkha15_ERR11866080_2.fastq
05/04/2026 10:57:48 PM - kneaddata.utilities - INFO: Running Trimmomatic ... 
05/04/2026 10:57:48 PM - kneaddata.utilities - INFO: Execute command: /home/jgarrote730/miniforge3/envs/env_perfect/bin/trimmomatic PE -threads 8 -phred33 /home/jgarrote730/tfg_ckd/cleaned_data/ERR11866080_knead/reformatted_identifiers4__3y73a_decompressed_3h79afp6_ERR11866080_1.fastq /home/jgarrote730/tfg_ckd/cleaned_data/ERR11866080_knead/reformatted_identifiershxyakt05_decompressed__ihkha15_ERR11866080_2.fastq /home/jgarrote730/tfg_ckd/cleaned_data/ERR11866080_knead/ERR11866080_1_kneaddata.trimmed.1.fastq /home/jgarrote730/tfg_ckd/cleaned_data/ERR11866080_knead/ERR11866080_1_kneaddata.trimmed.single.1.fastq /home/jgarrote730/tfg_ckd/cleaned_data/ERR11866080_knead/ERR11866080_1_kneaddata.trimmed.2.fastq /home/jgarrote730/tfg_ckd/cleaned_data/ERR11866080_knead/ERR11866080_1_kneaddata.trimmed.single.2.fastq MINLEN:60 ILLUMINACLIP:/home/jgarrote730/miniforge3/envs/env_perfect/lib/python3.9/site-packages/kneaddata/adapters/NexteraPE-PE.fa:2:30:10:8:TRUE SLIDINGWINDOW:4:20 MINLEN:75
05/04/2026 11:00:45 PM - kneaddata.utilities - DEBUG: b"TrimmomaticPE: Started with arguments:\n -threads 8 -phred33 /home/jgarrote730/tfg_ckd/cleaned_data/ERR11866080_knead/reformatted_identifiers4__3y73a_decompressed_3h79afp6_ERR11866080_1.fastq /home/jgarrote730/tfg_ckd/cleaned_data/ERR11866080_knead/reformatted_identifiershxyakt05_decompressed__ihkha15_ERR11866080_2.fastq /home/jgarrote730/tfg_ckd/cleaned_data/ERR11866080_knead/ERR11866080_1_kneaddata.trimmed.1.fastq /home/jgarrote730/tfg_ckd/cleaned_data/ERR11866080_knead/ERR11866080_1_kneaddata.trimmed.single.1.fastq /home/jgarrote730/tfg_ckd/cleaned_data/ERR11866080_knead/ERR11866080_1_kneaddata.trimmed.2.fastq /home/jgarrote730/tfg_ckd/cleaned_data/ERR11866080_knead/ERR11866080_1_kneaddata.trimmed.single.2.fastq MINLEN:60 ILLUMINACLIP:/home/jgarrote730/miniforge3/envs/env_perfect/lib/python3.9/site-packages/kneaddata/adapters/NexteraPE-PE.fa:2:30:10:8:TRUE SLIDINGWINDOW:4:20 MINLEN:75\nILLUMINACLIP: Using adapter file from user-specified absolute path: /home/jgarrote730/miniforge3/envs/env_perfect/lib/python3.9/site-packages/kneaddata/adapters/NexteraPE-PE.fa\nUsing PrefixPair: 'AGATGTGTATAAGAGACAG' and 'AGATGTGTATAAGAGACAG'\nUsing Long Clipping Sequence: 'GTCTCGTGGGCTCGGAGATGTGTATAAGAGACAG'\nUsing Long Clipping Sequence: 'TCGTCGGCAGCGTCAGATGTGTATAAGAGACAG'\nUsing Long Clipping Sequence: 'CTGTCTCTTATACACATCTCCGAGCCCACGAGAC'\nUsing Long Clipping Sequence: 'CTGTCTCTTATACACATCTGACGCTGCCGACGA'\nILLUMINACLIP: Using 1 prefix pairs, 4 forward/reverse sequences, 0 forward only sequences, 0 reverse only sequences\nInput Read Pairs: 44869355 Both Surviving: 43479330 (96.90%) Forward Only Surviving: 767252 (1.71%) Reverse Only Surviving: 413411 (0.92%) Dropped: 209362 (0.47%)\nTrimmomaticPE: Completed successfully\n"
05/04/2026 11:00:45 PM - kneaddata.utilities - DEBUG: Checking output file from Trimmomatic : /home/jgarrote730/tfg_ckd/cleaned_data/ERR11866080_knead/ERR11866080_1_kneaddata.trimmed.1.fastq
05/04/2026 11:00:45 PM - kneaddata.utilities - DEBUG: Checking output file from Trimmomatic : /home/jgarrote730/tfg_ckd/cleaned_data/ERR11866080_knead/ERR11866080_1_kneaddata.trimmed.single.1.fastq
05/04/2026 11:00:45 PM - kneaddata.utilities - DEBUG: Checking output file from Trimmomatic : /home/jgarrote730/tfg_ckd/cleaned_data/ERR11866080_knead/ERR11866080_1_kneaddata.trimmed.2.fastq
05/04/2026 11:00:45 PM - kneaddata.utilities - DEBUG: Checking output file from Trimmomatic : /home/jgarrote730/tfg_ckd/cleaned_data/ERR11866080_knead/ERR11866080_1_kneaddata.trimmed.single.2.fastq
05/04/2026 11:01:01 PM - kneaddata.utilities - INFO: READ COUNT: trimmed pair1 : Total reads after trimming ( /home/jgarrote730/tfg_ckd/cleaned_data/ERR11866080_knead/ERR11866080_1_kneaddata.trimmed.1.fastq ): 43479330.0
05/04/2026 11:01:16 PM - kneaddata.utilities - INFO: READ COUNT: trimmed pair2 : Total reads after trimming ( /home/jgarrote730/tfg_ckd/cleaned_data/ERR11866080_knead/ERR11866080_1_kneaddata.trimmed.2.fastq ): 43479330.0
05/04/2026 11:01:17 PM - kneaddata.utilities - INFO: READ COUNT: trimmed orphan1 : Total reads after trimming ( /home/jgarrote730/tfg_ckd/cleaned_data/ERR11866080_knead/ERR11866080_1_kneaddata.trimmed.single.1.fastq ): 767252.0
05/04/2026 11:01:17 PM - kneaddata.utilities - INFO: READ COUNT: trimmed orphan2 : Total reads after trimming ( /home/jgarrote730/tfg_ckd/cleaned_data/ERR11866080_knead/ERR11866080_1_kneaddata.trimmed.single.2.fastq ): 413411.0
05/04/2026 11:15:34 PM - kneaddata.utilities - DEBUG: Checking input file to trf : /home/jgarrote730/tfg_ckd/cleaned_data/ERR11866080_knead/ERR11866080_1_kneaddata.trimmed.1.fasta
05/04/2026 11:15:34 PM - kneaddata.utilities - INFO: Running trf ... 
05/04/2026 11:15:34 PM - kneaddata.utilities - INFO: Execute command: kneaddata_trf_parallel --input /home/jgarrote730/tfg_ckd/cleaned_data/ERR11866080_knead/ERR11866080_1_kneaddata.trimmed.1.fasta --output /home/jgarrote730/tfg_ckd/cleaned_data/ERR11866080_knead/ERR11866080_1_kneaddata.trimmed.1.fasta.trf.parameters.2.7.7.80.10.50.500.dat --trf-path /home/jgarrote730/miniforge3/envs/env_perfect/bin/trf --trf-options '2 7 7 80 10 50 500 -h -ngs' --nproc 8
05/04/2026 11:26:22 PM - kneaddata.utilities - DEBUG: 0
05/04/2026 11:26:22 PM - kneaddata.utilities - DEBUG: Checking output file from trf : /home/jgarrote730/tfg_ckd/cleaned_data/ERR11866080_knead/ERR11866080_1_kneaddata.trimmed.1.fasta.trf.parameters.2.7.7.80.10.50.500.dat
05/04/2026 11:26:22 PM - kneaddata.utilities - DEBUG: Checking input file to trf : /home/jgarrote730/tfg_ckd/cleaned_data/ERR11866080_knead/ERR11866080_1_kneaddata.trimmed.2.fasta
05/04/2026 11:26:22 PM - kneaddata.utilities - INFO: Running trf ... 
05/04/2026 11:26:22 PM - kneaddata.utilities - INFO: Execute command: kneaddata_trf_parallel --input /home/jgarrote730/tfg_ckd/cleaned_data/ERR11866080_knead/ERR11866080_1_kneaddata.trimmed.2.fasta --output /home/jgarrote730/tfg_ckd/cleaned_data/ERR11866080_knead/ERR11866080_1_kneaddata.trimmed.2.fasta.trf.parameters.2.7.7.80.10.50.500.dat --trf-path /home/jgarrote730/miniforge3/envs/env_perfect/bin/trf --trf-options '2 7 7 80 10 50 500 -h -ngs' --nproc 8
05/04/2026 11:36:16 PM - kneaddata.utilities - DEBUG: 0
05/04/2026 11:36:16 PM - kneaddata.utilities - DEBUG: Checking output file from trf : /home/jgarrote730/tfg_ckd/cleaned_data/ERR11866080_knead/ERR11866080_1_kneaddata.trimmed.2.fasta.trf.parameters.2.7.7.80.10.50.500.dat
05/04/2026 11:38:34 PM - kneaddata.run - INFO: Total number of sequences with repeats removed from file ( /home/jgarrote730/tfg_ckd/cleaned_data/ERR11866080_knead/ERR11866080_1_kneaddata.trimmed.1.fastq ): 286316
05/04/2026 11:41:02 PM - kneaddata.run - INFO: Total number of sequences with repeats removed from file ( /home/jgarrote730/tfg_ckd/cleaned_data/ERR11866080_knead/ERR11866080_1_kneaddata.trimmed.2.fastq ): 308206
05/04/2026 11:41:08 PM - kneaddata.utilities - DEBUG: Checking input file to trf : /home/jgarrote730/tfg_ckd/cleaned_data/ERR11866080_knead/ERR11866080_1_kneaddata.trimmed.single.1.fasta
05/04/2026 11:41:08 PM - kneaddata.utilities - INFO: Running trf ... 
05/04/2026 11:41:08 PM - kneaddata.utilities - INFO: Execute command: kneaddata_trf_parallel --input /home/jgarrote730/tfg_ckd/cleaned_data/ERR11866080_knead/ERR11866080_1_kneaddata.trimmed.single.1.fasta --output /home/jgarrote730/tfg_ckd/cleaned_data/ERR11866080_knead/ERR11866080_1_kneaddata.trimmed.single.1.fasta.trf.parameters.2.7.7.80.10.50.500.dat --trf-path /home/jgarrote730/miniforge3/envs/env_perfect/bin/trf --trf-options '2 7 7 80 10 50 500 -h -ngs' --nproc 8
05/04/2026 11:41:19 PM - kneaddata.utilities - DEBUG: 0
05/04/2026 11:41:19 PM - kneaddata.utilities - DEBUG: Checking output file from trf : /home/jgarrote730/tfg_ckd/cleaned_data/ERR11866080_knead/ERR11866080_1_kneaddata.trimmed.single.1.fasta.trf.parameters.2.7.7.80.10.50.500.dat
05/04/2026 11:41:20 PM - kneaddata.run - INFO: Total number of sequences with repeats removed from file ( /home/jgarrote730/tfg_ckd/cleaned_data/ERR11866080_knead/ERR11866080_1_kneaddata.trimmed.single.1.fastq ): 7291
05/04/2026 11:41:23 PM - kneaddata.utilities - DEBUG: Checking input file to trf : /home/jgarrote730/tfg_ckd/cleaned_data/ERR11866080_knead/ERR11866080_1_kneaddata.trimmed.single.2.fasta
05/04/2026 11:41:23 PM - kneaddata.utilities - INFO: Running trf ... 
05/04/2026 11:41:23 PM - kneaddata.utilities - INFO: Execute command: kneaddata_trf_parallel --input /home/jgarrote730/tfg_ckd/cleaned_data/ERR11866080_knead/ERR11866080_1_kneaddata.trimmed.single.2.fasta --output /home/jgarrote730/tfg_ckd/cleaned_data/ERR11866080_knead/ERR11866080_1_kneaddata.trimmed.single.2.fasta.trf.parameters.2.7.7.80.10.50.500.dat --trf-path /home/jgarrote730/miniforge3/envs/env_perfect/bin/trf --trf-options '2 7 7 80 10 50 500 -h -ngs' --nproc 8
05/04/2026 11:41:29 PM - kneaddata.utilities - DEBUG: 0
05/04/2026 11:41:29 PM - kneaddata.utilities - DEBUG: Checking output file from trf : /home/jgarrote730/tfg_ckd/cleaned_data/ERR11866080_knead/ERR11866080_1_kneaddata.trimmed.single.2.fasta.trf.parameters.2.7.7.80.10.50.500.dat
05/04/2026 11:41:30 PM - kneaddata.run - INFO: Total number of sequences with repeats removed from file ( /home/jgarrote730/tfg_ckd/cleaned_data/ERR11866080_knead/ERR11866080_1_kneaddata.trimmed.single.2.fastq ): 4820
05/04/2026 11:41:30 PM - kneaddata.run - INFO: Decontaminating ...
05/04/2026 11:41:30 PM - kneaddata.utilities - DEBUG: Checking input file to bowtie2 : /home/jgarrote730/tfg_ckd/cleaned_data/ERR11866080_knead/ERR11866080_1_kneaddata.repeats.removed.1.fastq
05/04/2026 11:41:30 PM - kneaddata.utilities - DEBUG: Checking input file to bowtie2 : /home/jgarrote730/tfg_ckd/cleaned_data/ERR11866080_knead/ERR11866080_1_kneaddata.repeats.removed.2.fastq
05/04/2026 11:41:30 PM - kneaddata.utilities - DEBUG: Checking input file to bowtie2 : /home/jgarrote730/tfg_ckd/cleaned_data/ERR11866080_knead/ERR11866080_1_kneaddata.repeats.removed.unmatched.1.fastq
05/04/2026 11:41:30 PM - kneaddata.utilities - DEBUG: Checking input file to bowtie2 : /home/jgarrote730/tfg_ckd/cleaned_data/ERR11866080_knead/ERR11866080_1_kneaddata.repeats.removed.unmatched.2.fastq
05/04/2026 11:41:30 PM - kneaddata.utilities - INFO: Running bowtie2 ... 
05/04/2026 11:41:30 PM - kneaddata.utilities - INFO: Execute command: kneaddata_bowtie2_discordant_pairs --bowtie2 /home/jgarrote730/miniforge3/envs/env_perfect/bin/bowtie2 --threads 8 -x /home/jgarrote730/db/kneaddata/hg_39 --mode strict --bowtie2-options "--very-sensitive-local --phred33" -1 /home/jgarrote730/tfg_ckd/cleaned_data/ERR11866080_knead/ERR11866080_1_kneaddata.repeats.removed.1.fastq -2 /home/jgarrote730/tfg_ckd/cleaned_data/ERR11866080_knead/ERR11866080_1_kneaddata.repeats.removed.2.fastq --un-pair /home/jgarrote730/tfg_ckd/cleaned_data/ERR11866080_knead/ERR11866080_1_kneaddata_hg_39_bowtie2_paired_clean_%.fastq --al-pair /home/jgarrote730/tfg_ckd/cleaned_data/ERR11866080_knead/ERR11866080_1_kneaddata_hg_39_bowtie2_paired_contam_%.fastq -U /home/jgarrote730/tfg_ckd/cleaned_data/ERR11866080_knead/ERR11866080_1_kneaddata.repeats.removed.unmatched.1.fastq,/home/jgarrote730/tfg_ckd/cleaned_data/ERR11866080_knead/ERR11866080_1_kneaddata.repeats.removed.unmatched.2.fastq --un-single /home/jgarrote730/tfg_ckd/cleaned_data/ERR11866080_knead/ERR11866080_1_kneaddata_hg_39_bowtie2_unmatched_%_clean.fastq --al-single /home/jgarrote730/tfg_ckd/cleaned_data/ERR11866080_knead/ERR11866080_1_kneaddata_hg_39_bowtie2_unmatched_%_contam.fastq -S /dev/null
05/05/2026 12:04:05 AM - kneaddata.utilities - DEBUG: b'[WARNING] Failed to launch x86-64-v3 version, staying with default\n[WARNING] Failed to launch x86-64-v3 version, staying with default\n87532690 reads; of these:\n  87532690 (100.00%) were unpaired; of these:\n    87525339 (99.99%) aligned 0 times\n    3918 (0.00%) aligned exactly 1 time\n    3433 (0.00%) aligned >1 times\n0.01% overall alignment rate\npair1_aligned : 5091\npair2_aligned : 5091\npair1_unaligned : 42928317\npair2_unaligned : 42928317\norphan1_aligned : 121\norphan2_aligned : 91\norphan1_unaligned : 1019446\norphan2_unaligned : 646216\n'
05/05/2026 12:04:05 AM - kneaddata.utilities - DEBUG: Checking output file from bowtie2 : /home/jgarrote730/tfg_ckd/cleaned_data/ERR11866080_knead/ERR11866080_1_kneaddata_hg_39_bowtie2_paired_clean_1.fastq
05/05/2026 12:04:05 AM - kneaddata.utilities - DEBUG: Checking output file from bowtie2 : /home/jgarrote730/tfg_ckd/cleaned_data/ERR11866080_knead/ERR11866080_1_kneaddata_hg_39_bowtie2_paired_clean_2.fastq
05/05/2026 12:04:05 AM - kneaddata.run - INFO: Total contaminate sequences in file ( /home/jgarrote730/tfg_ckd/cleaned_data/ERR11866080_knead/ERR11866080_1_kneaddata_hg_39_bowtie2_paired_contam_1.fastq ) : 5091.0
05/05/2026 12:04:05 AM - kneaddata.run - INFO: Total contaminate sequences in file ( /home/jgarrote730/tfg_ckd/cleaned_data/ERR11866080_knead/ERR11866080_1_kneaddata_hg_39_bowtie2_paired_contam_2.fastq ) : 5091.0
05/05/2026 12:04:05 AM - kneaddata.run - INFO: Total contaminate sequences in file ( /home/jgarrote730/tfg_ckd/cleaned_data/ERR11866080_knead/ERR11866080_1_kneaddata_hg_39_bowtie2_unmatched_1_contam.fastq ) : 121.0
05/05/2026 12:04:05 AM - kneaddata.run - INFO: Total contaminate sequences in file ( /home/jgarrote730/tfg_ckd/cleaned_data/ERR11866080_knead/ERR11866080_1_kneaddata_hg_39_bowtie2_unmatched_2_contam.fastq ) : 91.0
05/05/2026 12:04:36 AM - kneaddata.utilities - INFO: READ COUNT: decontaminated hg_39 pair1 : Total reads after removing those found in reference database ( /home/jgarrote730/tfg_ckd/cleaned_data/ERR11866080_knead/ERR11866080_1_kneaddata_hg_39_bowtie2_paired_clean_1.fastq ): 42928317.0
05/05/2026 12:04:52 AM - kneaddata.utilities - INFO: READ COUNT: decontaminated hg_39 pair2 : Total reads after removing those found in reference database ( /home/jgarrote730/tfg_ckd/cleaned_data/ERR11866080_knead/ERR11866080_1_kneaddata_hg_39_bowtie2_paired_clean_2.fastq ): 42928317.0
05/05/2026 12:05:07 AM - kneaddata.utilities - INFO: READ COUNT: final pair1 : Total reads after merging results from multiple databases ( /home/jgarrote730/tfg_ckd/cleaned_data/ERR11866080_knead/ERR11866080_1_kneaddata_paired_1.fastq ): 42928317.0
05/05/2026 12:05:42 AM - kneaddata.utilities - INFO: READ COUNT: final pair2 : Total reads after merging results from multiple databases ( /home/jgarrote730/tfg_ckd/cleaned_data/ERR11866080_knead/ERR11866080_1_kneaddata_paired_2.fastq ): 42928317.0
05/05/2026 12:05:42 AM - kneaddata.utilities - WARNING: Unable to remove file: /home/jgarrote730/tfg_ckd/cleaned_data/ERR11866080_knead/ERR11866080_1_kneaddata_hg_39_bowtie2_paired_clean_1.fastq
05/05/2026 12:05:42 AM - kneaddata.utilities - WARNING: Unable to remove file: /home/jgarrote730/tfg_ckd/cleaned_data/ERR11866080_knead/ERR11866080_1_kneaddata_hg_39_bowtie2_paired_clean_2.fastq
05/05/2026 12:05:43 AM - kneaddata.utilities - INFO: READ COUNT: decontaminated hg_39 orphan1 : Total reads after removing those found in reference database ( /home/jgarrote730/tfg_ckd/cleaned_data/ERR11866080_knead/ERR11866080_1_kneaddata_hg_39_bowtie2_unmatched_1_clean.fastq ): 1019446.0
05/05/2026 12:05:43 AM - kneaddata.utilities - INFO: READ COUNT: final orphan1 : Total reads after merging results from multiple databases ( /home/jgarrote730/tfg_ckd/cleaned_data/ERR11866080_knead/ERR11866080_1_kneaddata_unmatched_1.fastq ): 1019446.0
05/05/2026 12:05:43 AM - kneaddata.utilities - WARNING: Unable to remove file: /home/jgarrote730/tfg_ckd/cleaned_data/ERR11866080_knead/ERR11866080_1_kneaddata_hg_39_bowtie2_unmatched_1_clean.fastq
05/05/2026 12:05:43 AM - kneaddata.utilities - INFO: READ COUNT: decontaminated hg_39 orphan2 : Total reads after removing those found in reference database ( /home/jgarrote730/tfg_ckd/cleaned_data/ERR11866080_knead/ERR11866080_1_kneaddata_hg_39_bowtie2_unmatched_2_clean.fastq ): 646216.0
05/05/2026 12:05:44 AM - kneaddata.utilities - INFO: READ COUNT: final orphan2 : Total reads after merging results from multiple databases ( /home/jgarrote730/tfg_ckd/cleaned_data/ERR11866080_knead/ERR11866080_1_kneaddata_unmatched_2.fastq ): 646216.0
05/05/2026 12:05:44 AM - kneaddata.utilities - WARNING: Unable to remove file: /home/jgarrote730/tfg_ckd/cleaned_data/ERR11866080_knead/ERR11866080_1_kneaddata_hg_39_bowtie2_unmatched_2_clean.fastq
05/05/2026 12:05:47 AM - kneaddata.knead_data - INFO: 
Final output files created: 
/home/jgarrote730/tfg_ckd/cleaned_data/ERR11866080_knead/ERR11866080_1_kneaddata_paired_1.fastq
/home/jgarrote730/tfg_ckd/cleaned_data/ERR11866080_knead/ERR11866080_1_kneaddata_paired_2.fastq
/home/jgarrote730/tfg_ckd/cleaned_data/ERR11866080_knead/ERR11866080_1_kneaddata_unmatched_1.fastq
/home/jgarrote730/tfg_ckd/cleaned_data/ERR11866080_knead/ERR11866080_1_kneaddata_unmatched_2.fastq

