04/30/2026 11:24:11 PM - kneaddata.knead_data - INFO: Running kneaddata v0.12.4
04/30/2026 11:24:11 PM - kneaddata.knead_data - INFO: Output files will be written to: /home/humann2/tfg_ckd/cleaned_data/ERR11869013_knead
04/30/2026 11:24:11 PM - kneaddata.knead_data - DEBUG: Running with the following arguments: 
verbose = False
input1 = /home/humann2/tfg_ckd/raw_data/ERR11869013_1.fastq.gz
input2 = /home/humann2/tfg_ckd/raw_data/ERR11869013_2.fastq.gz
unpaired = None
output_dir = /home/humann2/tfg_ckd/cleaned_data/ERR11869013_knead
scratch_dir = 
reference_db = /home/humann2/db/kneaddata/hg_39
bypass_trim = False
output_prefix = ERR11869013_1_kneaddata
threads = 8
processes = 1
trimmomatic_quality_scores = -phred33
bmtagger = False
bypass_trf = False
run_trf = False
fastqc_start = False
fastqc_end = False
store_temp_output = False
remove_intermediate_output = True
cat_final_output = False
log_level = DEBUG
log = /home/humann2/tfg_ckd/cleaned_data/ERR11869013_knead/ERR11869013_1_kneaddata.log
trimmomatic_path = /home/humann2/miniforge3/envs/env_perfect/bin/trimmomatic
run_trim_repetitive = False
max_memory = 500m
trimmomatic_options = None
sequencer_source = NexteraPE
bowtie2_path = /home/humann2/miniforge3/envs/env_perfect/bin/bowtie2
bowtie2_options = --very-sensitive-local --phred33
decontaminate_pairs = strict
reorder = False
serial = True
bmtagger_path = None
trf_path = /home/humann2/miniforge3/envs/env_perfect/bin/trf
match = 2
mismatch = 7
delta = 7
pm = 80
pi = 10
minscore = 50
maxperiod = 500
fastqc_path = None
remove_temp_output = True
input = /home/humann2/tfg_ckd/raw_data/ERR11869013_1.fastq.gz /home/humann2/tfg_ckd/raw_data/ERR11869013_2.fastq.gz
discordant = True

04/30/2026 11:24:11 PM - kneaddata.utilities - INFO: Decompressing gzipped file ...
04/30/2026 11:25:09 PM - kneaddata.utilities - INFO: Decompressed file created: /home/humann2/tfg_ckd/cleaned_data/ERR11869013_knead/decompressed_u9yiwb82_ERR11869013_1.fastq
04/30/2026 11:25:09 PM - kneaddata.utilities - INFO: Decompressing gzipped file ...
04/30/2026 11:26:09 PM - kneaddata.utilities - INFO: Decompressed file created: /home/humann2/tfg_ckd/cleaned_data/ERR11869013_knead/decompressed_49g9zoes_ERR11869013_2.fastq
04/30/2026 11:26:09 PM - kneaddata.utilities - INFO: Reformatting file sequence identifiers ...
04/30/2026 11:27:04 PM - kneaddata.utilities - INFO: Reformatting file sequence identifiers ...
04/30/2026 11:28:02 PM - kneaddata.utilities - INFO: READ COUNT: raw pair1 : Initial number of reads ( /home/humann2/tfg_ckd/cleaned_data/ERR11869013_knead/reformatted_identifiersrhoqq4ai_decompressed_u9yiwb82_ERR11869013_1.fastq ): 8577713.0
04/30/2026 11:28:07 PM - kneaddata.utilities - INFO: READ COUNT: raw pair2 : Initial number of reads ( /home/humann2/tfg_ckd/cleaned_data/ERR11869013_knead/reformatted_identifiersx7k_r0yk_decompressed_49g9zoes_ERR11869013_2.fastq ): 8577713.0
04/30/2026 11:28:07 PM - kneaddata.utilities - DEBUG: Checking input file to Trimmomatic : /home/humann2/tfg_ckd/cleaned_data/ERR11869013_knead/reformatted_identifiersrhoqq4ai_decompressed_u9yiwb82_ERR11869013_1.fastq
04/30/2026 11:28:07 PM - kneaddata.utilities - DEBUG: Checking input file to Trimmomatic : /home/humann2/tfg_ckd/cleaned_data/ERR11869013_knead/reformatted_identifiersx7k_r0yk_decompressed_49g9zoes_ERR11869013_2.fastq
04/30/2026 11:28:07 PM - kneaddata.utilities - INFO: Running Trimmomatic ... 
04/30/2026 11:28:07 PM - kneaddata.utilities - INFO: Execute command: /home/humann2/miniforge3/envs/env_perfect/bin/trimmomatic PE -threads 8 -phred33 /home/humann2/tfg_ckd/cleaned_data/ERR11869013_knead/reformatted_identifiersrhoqq4ai_decompressed_u9yiwb82_ERR11869013_1.fastq /home/humann2/tfg_ckd/cleaned_data/ERR11869013_knead/reformatted_identifiersx7k_r0yk_decompressed_49g9zoes_ERR11869013_2.fastq /home/humann2/tfg_ckd/cleaned_data/ERR11869013_knead/ERR11869013_1_kneaddata.trimmed.1.fastq /home/humann2/tfg_ckd/cleaned_data/ERR11869013_knead/ERR11869013_1_kneaddata.trimmed.single.1.fastq /home/humann2/tfg_ckd/cleaned_data/ERR11869013_knead/ERR11869013_1_kneaddata.trimmed.2.fastq /home/humann2/tfg_ckd/cleaned_data/ERR11869013_knead/ERR11869013_1_kneaddata.trimmed.single.2.fastq MINLEN:60 ILLUMINACLIP:/home/humann2/miniforge3/envs/env_perfect/lib/python3.9/site-packages/kneaddata/adapters/NexteraPE-PE.fa:2:30:10:8:TRUE SLIDINGWINDOW:4:20 MINLEN:75
04/30/2026 11:28:56 PM - kneaddata.utilities - DEBUG: b"TrimmomaticPE: Started with arguments:\n -threads 8 -phred33 /home/humann2/tfg_ckd/cleaned_data/ERR11869013_knead/reformatted_identifiersrhoqq4ai_decompressed_u9yiwb82_ERR11869013_1.fastq /home/humann2/tfg_ckd/cleaned_data/ERR11869013_knead/reformatted_identifiersx7k_r0yk_decompressed_49g9zoes_ERR11869013_2.fastq /home/humann2/tfg_ckd/cleaned_data/ERR11869013_knead/ERR11869013_1_kneaddata.trimmed.1.fastq /home/humann2/tfg_ckd/cleaned_data/ERR11869013_knead/ERR11869013_1_kneaddata.trimmed.single.1.fastq /home/humann2/tfg_ckd/cleaned_data/ERR11869013_knead/ERR11869013_1_kneaddata.trimmed.2.fastq /home/humann2/tfg_ckd/cleaned_data/ERR11869013_knead/ERR11869013_1_kneaddata.trimmed.single.2.fastq MINLEN:60 ILLUMINACLIP:/home/humann2/miniforge3/envs/env_perfect/lib/python3.9/site-packages/kneaddata/adapters/NexteraPE-PE.fa:2:30:10:8:TRUE SLIDINGWINDOW:4:20 MINLEN:75\nILLUMINACLIP: Using adapter file from user-specified absolute path: /home/humann2/miniforge3/envs/env_perfect/lib/python3.9/site-packages/kneaddata/adapters/NexteraPE-PE.fa\nUsing PrefixPair: 'AGATGTGTATAAGAGACAG' and 'AGATGTGTATAAGAGACAG'\nUsing Long Clipping Sequence: 'GTCTCGTGGGCTCGGAGATGTGTATAAGAGACAG'\nUsing Long Clipping Sequence: 'TCGTCGGCAGCGTCAGATGTGTATAAGAGACAG'\nUsing Long Clipping Sequence: 'CTGTCTCTTATACACATCTCCGAGCCCACGAGAC'\nUsing Long Clipping Sequence: 'CTGTCTCTTATACACATCTGACGCTGCCGACGA'\nILLUMINACLIP: Using 1 prefix pairs, 4 forward/reverse sequences, 0 forward only sequences, 0 reverse only sequences\nInput Read Pairs: 8577713 Both Surviving: 8216544 (95.79%) Forward Only Surviving: 131625 (1.53%) Reverse Only Surviving: 137426 (1.60%) Dropped: 92118 (1.07%)\nTrimmomaticPE: Completed successfully\n"
04/30/2026 11:28:56 PM - kneaddata.utilities - DEBUG: Checking output file from Trimmomatic : /home/humann2/tfg_ckd/cleaned_data/ERR11869013_knead/ERR11869013_1_kneaddata.trimmed.1.fastq
04/30/2026 11:28:56 PM - kneaddata.utilities - DEBUG: Checking output file from Trimmomatic : /home/humann2/tfg_ckd/cleaned_data/ERR11869013_knead/ERR11869013_1_kneaddata.trimmed.single.1.fastq
04/30/2026 11:28:56 PM - kneaddata.utilities - DEBUG: Checking output file from Trimmomatic : /home/humann2/tfg_ckd/cleaned_data/ERR11869013_knead/ERR11869013_1_kneaddata.trimmed.2.fastq
04/30/2026 11:28:56 PM - kneaddata.utilities - DEBUG: Checking output file from Trimmomatic : /home/humann2/tfg_ckd/cleaned_data/ERR11869013_knead/ERR11869013_1_kneaddata.trimmed.single.2.fastq
04/30/2026 11:29:02 PM - kneaddata.utilities - INFO: READ COUNT: trimmed pair1 : Total reads after trimming ( /home/humann2/tfg_ckd/cleaned_data/ERR11869013_knead/ERR11869013_1_kneaddata.trimmed.1.fastq ): 8216544.0
04/30/2026 11:29:07 PM - kneaddata.utilities - INFO: READ COUNT: trimmed pair2 : Total reads after trimming ( /home/humann2/tfg_ckd/cleaned_data/ERR11869013_knead/ERR11869013_1_kneaddata.trimmed.2.fastq ): 8216544.0
04/30/2026 11:29:07 PM - kneaddata.utilities - INFO: READ COUNT: trimmed orphan1 : Total reads after trimming ( /home/humann2/tfg_ckd/cleaned_data/ERR11869013_knead/ERR11869013_1_kneaddata.trimmed.single.1.fastq ): 131625.0
04/30/2026 11:29:07 PM - kneaddata.utilities - INFO: READ COUNT: trimmed orphan2 : Total reads after trimming ( /home/humann2/tfg_ckd/cleaned_data/ERR11869013_knead/ERR11869013_1_kneaddata.trimmed.single.2.fastq ): 137426.0
04/30/2026 11:32:48 PM - kneaddata.utilities - DEBUG: Checking input file to trf : /home/humann2/tfg_ckd/cleaned_data/ERR11869013_knead/ERR11869013_1_kneaddata.trimmed.1.fasta
04/30/2026 11:32:48 PM - kneaddata.utilities - INFO: Running trf ... 
04/30/2026 11:32:48 PM - kneaddata.utilities - INFO: Execute command: kneaddata_trf_parallel --input /home/humann2/tfg_ckd/cleaned_data/ERR11869013_knead/ERR11869013_1_kneaddata.trimmed.1.fasta --output /home/humann2/tfg_ckd/cleaned_data/ERR11869013_knead/ERR11869013_1_kneaddata.trimmed.1.fasta.trf.parameters.2.7.7.80.10.50.500.dat --trf-path /home/humann2/miniforge3/envs/env_perfect/bin/trf --trf-options '2 7 7 80 10 50 500 -h -ngs' --nproc 8
04/30/2026 11:35:48 PM - kneaddata.utilities - DEBUG: 0
04/30/2026 11:35:48 PM - kneaddata.utilities - DEBUG: Checking output file from trf : /home/humann2/tfg_ckd/cleaned_data/ERR11869013_knead/ERR11869013_1_kneaddata.trimmed.1.fasta.trf.parameters.2.7.7.80.10.50.500.dat
04/30/2026 11:35:48 PM - kneaddata.utilities - DEBUG: Checking input file to trf : /home/humann2/tfg_ckd/cleaned_data/ERR11869013_knead/ERR11869013_1_kneaddata.trimmed.2.fasta
04/30/2026 11:35:48 PM - kneaddata.utilities - INFO: Running trf ... 
04/30/2026 11:35:48 PM - kneaddata.utilities - INFO: Execute command: kneaddata_trf_parallel --input /home/humann2/tfg_ckd/cleaned_data/ERR11869013_knead/ERR11869013_1_kneaddata.trimmed.2.fasta --output /home/humann2/tfg_ckd/cleaned_data/ERR11869013_knead/ERR11869013_1_kneaddata.trimmed.2.fasta.trf.parameters.2.7.7.80.10.50.500.dat --trf-path /home/humann2/miniforge3/envs/env_perfect/bin/trf --trf-options '2 7 7 80 10 50 500 -h -ngs' --nproc 8
04/30/2026 11:38:51 PM - kneaddata.utilities - DEBUG: 0
04/30/2026 11:38:51 PM - kneaddata.utilities - DEBUG: Checking output file from trf : /home/humann2/tfg_ckd/cleaned_data/ERR11869013_knead/ERR11869013_1_kneaddata.trimmed.2.fasta.trf.parameters.2.7.7.80.10.50.500.dat
04/30/2026 11:39:07 PM - kneaddata.run - INFO: Total number of sequences with repeats removed from file ( /home/humann2/tfg_ckd/cleaned_data/ERR11869013_knead/ERR11869013_1_kneaddata.trimmed.1.fastq ): 73236
04/30/2026 11:39:23 PM - kneaddata.run - INFO: Total number of sequences with repeats removed from file ( /home/humann2/tfg_ckd/cleaned_data/ERR11869013_knead/ERR11869013_1_kneaddata.trimmed.2.fastq ): 72875
04/30/2026 11:39:24 PM - kneaddata.utilities - DEBUG: Checking input file to trf : /home/humann2/tfg_ckd/cleaned_data/ERR11869013_knead/ERR11869013_1_kneaddata.trimmed.single.1.fasta
04/30/2026 11:39:24 PM - kneaddata.utilities - INFO: Running trf ... 
04/30/2026 11:39:24 PM - kneaddata.utilities - INFO: Execute command: kneaddata_trf_parallel --input /home/humann2/tfg_ckd/cleaned_data/ERR11869013_knead/ERR11869013_1_kneaddata.trimmed.single.1.fasta --output /home/humann2/tfg_ckd/cleaned_data/ERR11869013_knead/ERR11869013_1_kneaddata.trimmed.single.1.fasta.trf.parameters.2.7.7.80.10.50.500.dat --trf-path /home/humann2/miniforge3/envs/env_perfect/bin/trf --trf-options '2 7 7 80 10 50 500 -h -ngs' --nproc 8
04/30/2026 11:39:27 PM - kneaddata.utilities - DEBUG: 0
04/30/2026 11:39:27 PM - kneaddata.utilities - DEBUG: Checking output file from trf : /home/humann2/tfg_ckd/cleaned_data/ERR11869013_knead/ERR11869013_1_kneaddata.trimmed.single.1.fasta.trf.parameters.2.7.7.80.10.50.500.dat
04/30/2026 11:39:28 PM - kneaddata.run - INFO: Total number of sequences with repeats removed from file ( /home/humann2/tfg_ckd/cleaned_data/ERR11869013_knead/ERR11869013_1_kneaddata.trimmed.single.1.fastq ): 1449
04/30/2026 11:39:30 PM - kneaddata.utilities - DEBUG: Checking input file to trf : /home/humann2/tfg_ckd/cleaned_data/ERR11869013_knead/ERR11869013_1_kneaddata.trimmed.single.2.fasta
04/30/2026 11:39:30 PM - kneaddata.utilities - INFO: Running trf ... 
04/30/2026 11:39:30 PM - kneaddata.utilities - INFO: Execute command: kneaddata_trf_parallel --input /home/humann2/tfg_ckd/cleaned_data/ERR11869013_knead/ERR11869013_1_kneaddata.trimmed.single.2.fasta --output /home/humann2/tfg_ckd/cleaned_data/ERR11869013_knead/ERR11869013_1_kneaddata.trimmed.single.2.fasta.trf.parameters.2.7.7.80.10.50.500.dat --trf-path /home/humann2/miniforge3/envs/env_perfect/bin/trf --trf-options '2 7 7 80 10 50 500 -h -ngs' --nproc 8
04/30/2026 11:39:33 PM - kneaddata.utilities - DEBUG: 0
04/30/2026 11:39:33 PM - kneaddata.utilities - DEBUG: Checking output file from trf : /home/humann2/tfg_ckd/cleaned_data/ERR11869013_knead/ERR11869013_1_kneaddata.trimmed.single.2.fasta.trf.parameters.2.7.7.80.10.50.500.dat
04/30/2026 11:39:34 PM - kneaddata.run - INFO: Total number of sequences with repeats removed from file ( /home/humann2/tfg_ckd/cleaned_data/ERR11869013_knead/ERR11869013_1_kneaddata.trimmed.single.2.fastq ): 1266
04/30/2026 11:39:34 PM - kneaddata.run - INFO: Decontaminating ...
04/30/2026 11:39:34 PM - kneaddata.utilities - DEBUG: Checking input file to bowtie2 : /home/humann2/tfg_ckd/cleaned_data/ERR11869013_knead/ERR11869013_1_kneaddata.repeats.removed.1.fastq
04/30/2026 11:39:34 PM - kneaddata.utilities - DEBUG: Checking input file to bowtie2 : /home/humann2/tfg_ckd/cleaned_data/ERR11869013_knead/ERR11869013_1_kneaddata.repeats.removed.2.fastq
04/30/2026 11:39:34 PM - kneaddata.utilities - DEBUG: Checking input file to bowtie2 : /home/humann2/tfg_ckd/cleaned_data/ERR11869013_knead/ERR11869013_1_kneaddata.repeats.removed.unmatched.1.fastq
04/30/2026 11:39:34 PM - kneaddata.utilities - DEBUG: Checking input file to bowtie2 : /home/humann2/tfg_ckd/cleaned_data/ERR11869013_knead/ERR11869013_1_kneaddata.repeats.removed.unmatched.2.fastq
04/30/2026 11:39:34 PM - kneaddata.utilities - INFO: Running bowtie2 ... 
04/30/2026 11:39:34 PM - kneaddata.utilities - INFO: Execute command: kneaddata_bowtie2_discordant_pairs --bowtie2 /home/humann2/miniforge3/envs/env_perfect/bin/bowtie2 --threads 8 -x /home/humann2/db/kneaddata/hg_39 --mode strict --bowtie2-options "--very-sensitive-local --phred33" -1 /home/humann2/tfg_ckd/cleaned_data/ERR11869013_knead/ERR11869013_1_kneaddata.repeats.removed.1.fastq -2 /home/humann2/tfg_ckd/cleaned_data/ERR11869013_knead/ERR11869013_1_kneaddata.repeats.removed.2.fastq --un-pair /home/humann2/tfg_ckd/cleaned_data/ERR11869013_knead/ERR11869013_1_kneaddata_hg_39_bowtie2_paired_clean_%.fastq --al-pair /home/humann2/tfg_ckd/cleaned_data/ERR11869013_knead/ERR11869013_1_kneaddata_hg_39_bowtie2_paired_contam_%.fastq -U /home/humann2/tfg_ckd/cleaned_data/ERR11869013_knead/ERR11869013_1_kneaddata.repeats.removed.unmatched.1.fastq,/home/humann2/tfg_ckd/cleaned_data/ERR11869013_knead/ERR11869013_1_kneaddata.repeats.removed.unmatched.2.fastq --un-single /home/humann2/tfg_ckd/cleaned_data/ERR11869013_knead/ERR11869013_1_kneaddata_hg_39_bowtie2_unmatched_%_clean.fastq --al-single /home/humann2/tfg_ckd/cleaned_data/ERR11869013_knead/ERR11869013_1_kneaddata_hg_39_bowtie2_unmatched_%_contam.fastq -S /dev/null
04/30/2026 11:47:53 PM - kneaddata.utilities - DEBUG: b'16553313 reads; of these:\n  16553313 (100.00%) were unpaired; of these:\n    16470769 (99.50%) aligned 0 times\n    68948 (0.42%) aligned exactly 1 time\n    13596 (0.08%) aligned >1 times\n0.50% overall alignment rate\npair1_aligned : 75678\npair2_aligned : 75678\npair1_unaligned : 8006186\npair2_unaligned : 8006186\norphan1_aligned : 1575\norphan2_aligned : 1731\norphan1_unaligned : 190045\norphan2_unaligned : 196234\n'
04/30/2026 11:47:53 PM - kneaddata.utilities - DEBUG: Checking output file from bowtie2 : /home/humann2/tfg_ckd/cleaned_data/ERR11869013_knead/ERR11869013_1_kneaddata_hg_39_bowtie2_paired_clean_1.fastq
04/30/2026 11:47:53 PM - kneaddata.utilities - DEBUG: Checking output file from bowtie2 : /home/humann2/tfg_ckd/cleaned_data/ERR11869013_knead/ERR11869013_1_kneaddata_hg_39_bowtie2_paired_clean_2.fastq
04/30/2026 11:47:53 PM - kneaddata.run - INFO: Total contaminate sequences in file ( /home/humann2/tfg_ckd/cleaned_data/ERR11869013_knead/ERR11869013_1_kneaddata_hg_39_bowtie2_paired_contam_1.fastq ) : 75678.0
04/30/2026 11:47:53 PM - kneaddata.run - INFO: Total contaminate sequences in file ( /home/humann2/tfg_ckd/cleaned_data/ERR11869013_knead/ERR11869013_1_kneaddata_hg_39_bowtie2_paired_contam_2.fastq ) : 75678.0
04/30/2026 11:47:53 PM - kneaddata.run - INFO: Total contaminate sequences in file ( /home/humann2/tfg_ckd/cleaned_data/ERR11869013_knead/ERR11869013_1_kneaddata_hg_39_bowtie2_unmatched_1_contam.fastq ) : 1575.0
04/30/2026 11:47:53 PM - kneaddata.run - INFO: Total contaminate sequences in file ( /home/humann2/tfg_ckd/cleaned_data/ERR11869013_knead/ERR11869013_1_kneaddata_hg_39_bowtie2_unmatched_2_contam.fastq ) : 1731.0
04/30/2026 11:47:59 PM - kneaddata.utilities - INFO: READ COUNT: decontaminated hg_39 pair1 : Total reads after removing those found in reference database ( /home/humann2/tfg_ckd/cleaned_data/ERR11869013_knead/ERR11869013_1_kneaddata_hg_39_bowtie2_paired_clean_1.fastq ): 8006186.0
04/30/2026 11:48:03 PM - kneaddata.utilities - INFO: READ COUNT: decontaminated hg_39 pair2 : Total reads after removing those found in reference database ( /home/humann2/tfg_ckd/cleaned_data/ERR11869013_knead/ERR11869013_1_kneaddata_hg_39_bowtie2_paired_clean_2.fastq ): 8006186.0
04/30/2026 11:48:08 PM - kneaddata.utilities - INFO: READ COUNT: final pair1 : Total reads after merging results from multiple databases ( /home/humann2/tfg_ckd/cleaned_data/ERR11869013_knead/ERR11869013_1_kneaddata_paired_1.fastq ): 8006186.0
04/30/2026 11:48:13 PM - kneaddata.utilities - INFO: READ COUNT: final pair2 : Total reads after merging results from multiple databases ( /home/humann2/tfg_ckd/cleaned_data/ERR11869013_knead/ERR11869013_1_kneaddata_paired_2.fastq ): 8006186.0
04/30/2026 11:48:13 PM - kneaddata.utilities - WARNING: Unable to remove file: /home/humann2/tfg_ckd/cleaned_data/ERR11869013_knead/ERR11869013_1_kneaddata_hg_39_bowtie2_paired_clean_1.fastq
04/30/2026 11:48:13 PM - kneaddata.utilities - WARNING: Unable to remove file: /home/humann2/tfg_ckd/cleaned_data/ERR11869013_knead/ERR11869013_1_kneaddata_hg_39_bowtie2_paired_clean_2.fastq
04/30/2026 11:48:13 PM - kneaddata.utilities - INFO: READ COUNT: decontaminated hg_39 orphan1 : Total reads after removing those found in reference database ( /home/humann2/tfg_ckd/cleaned_data/ERR11869013_knead/ERR11869013_1_kneaddata_hg_39_bowtie2_unmatched_1_clean.fastq ): 190045.0
04/30/2026 11:48:13 PM - kneaddata.utilities - INFO: READ COUNT: final orphan1 : Total reads after merging results from multiple databases ( /home/humann2/tfg_ckd/cleaned_data/ERR11869013_knead/ERR11869013_1_kneaddata_unmatched_1.fastq ): 190045.0
04/30/2026 11:48:13 PM - kneaddata.utilities - WARNING: Unable to remove file: /home/humann2/tfg_ckd/cleaned_data/ERR11869013_knead/ERR11869013_1_kneaddata_hg_39_bowtie2_unmatched_1_clean.fastq
04/30/2026 11:48:13 PM - kneaddata.utilities - INFO: READ COUNT: decontaminated hg_39 orphan2 : Total reads after removing those found in reference database ( /home/humann2/tfg_ckd/cleaned_data/ERR11869013_knead/ERR11869013_1_kneaddata_hg_39_bowtie2_unmatched_2_clean.fastq ): 196234.0
04/30/2026 11:48:13 PM - kneaddata.utilities - INFO: READ COUNT: final orphan2 : Total reads after merging results from multiple databases ( /home/humann2/tfg_ckd/cleaned_data/ERR11869013_knead/ERR11869013_1_kneaddata_unmatched_2.fastq ): 196234.0
04/30/2026 11:48:13 PM - kneaddata.utilities - WARNING: Unable to remove file: /home/humann2/tfg_ckd/cleaned_data/ERR11869013_knead/ERR11869013_1_kneaddata_hg_39_bowtie2_unmatched_2_clean.fastq
04/30/2026 11:48:15 PM - kneaddata.knead_data - INFO: 
Final output files created: 
/home/humann2/tfg_ckd/cleaned_data/ERR11869013_knead/ERR11869013_1_kneaddata_paired_1.fastq
/home/humann2/tfg_ckd/cleaned_data/ERR11869013_knead/ERR11869013_1_kneaddata_paired_2.fastq
/home/humann2/tfg_ckd/cleaned_data/ERR11869013_knead/ERR11869013_1_kneaddata_unmatched_1.fastq
/home/humann2/tfg_ckd/cleaned_data/ERR11869013_knead/ERR11869013_1_kneaddata_unmatched_2.fastq

