05/10/2026 06:36:37 PM - kneaddata.knead_data - INFO: Running kneaddata v0.12.4
05/10/2026 06:36:37 PM - kneaddata.knead_data - INFO: Output files will be written to: /home/humann2/tfg_ckd/cleaned_data/ERR11866330_knead
05/10/2026 06:36:37 PM - kneaddata.knead_data - DEBUG: Running with the following arguments: 
verbose = False
input1 = /home/humann2/tfg_ckd/raw_data/ERR11866330_1.fastq.gz
input2 = /home/humann2/tfg_ckd/raw_data/ERR11866330_2.fastq.gz
unpaired = None
output_dir = /home/humann2/tfg_ckd/cleaned_data/ERR11866330_knead
scratch_dir = 
reference_db = /home/humann2/db/kneaddata/hg_39
bypass_trim = False
output_prefix = ERR11866330_1_kneaddata
threads = 8
processes = 1
trimmomatic_quality_scores = -phred33
bmtagger = False
bypass_trf = False
run_trf = False
fastqc_start = False
fastqc_end = False
store_temp_output = False
remove_intermediate_output = True
cat_final_output = False
log_level = DEBUG
log = /home/humann2/tfg_ckd/cleaned_data/ERR11866330_knead/ERR11866330_1_kneaddata.log
trimmomatic_path = /home/humann2/miniforge3/envs/env_perfect/bin/trimmomatic
run_trim_repetitive = False
max_memory = 500m
trimmomatic_options = None
sequencer_source = NexteraPE
bowtie2_path = /home/humann2/miniforge3/envs/env_perfect/bin/bowtie2
bowtie2_options = --very-sensitive-local --phred33
decontaminate_pairs = strict
reorder = False
serial = True
bmtagger_path = None
trf_path = /home/humann2/miniforge3/envs/env_perfect/bin/trf
match = 2
mismatch = 7
delta = 7
pm = 80
pi = 10
minscore = 50
maxperiod = 500
fastqc_path = None
remove_temp_output = True
input = /home/humann2/tfg_ckd/raw_data/ERR11866330_1.fastq.gz /home/humann2/tfg_ckd/raw_data/ERR11866330_2.fastq.gz
discordant = True

05/10/2026 06:36:37 PM - kneaddata.utilities - INFO: Decompressing gzipped file ...
05/10/2026 06:39:05 PM - kneaddata.utilities - INFO: Decompressed file created: /home/humann2/tfg_ckd/cleaned_data/ERR11866330_knead/decompressed_v_35gry6_ERR11866330_1.fastq
05/10/2026 06:39:05 PM - kneaddata.utilities - INFO: Decompressing gzipped file ...
05/10/2026 06:41:33 PM - kneaddata.utilities - INFO: Decompressed file created: /home/humann2/tfg_ckd/cleaned_data/ERR11866330_knead/decompressed_oakysywe_ERR11866330_2.fastq
05/10/2026 06:41:33 PM - kneaddata.utilities - INFO: Reformatting file sequence identifiers ...
05/10/2026 06:43:59 PM - kneaddata.utilities - INFO: Reformatting file sequence identifiers ...
05/10/2026 06:46:59 PM - kneaddata.utilities - INFO: READ COUNT: raw pair1 : Initial number of reads ( /home/humann2/tfg_ckd/cleaned_data/ERR11866330_knead/reformatted_identifiersalwlh49w_decompressed_v_35gry6_ERR11866330_1.fastq ): 33704549.0
05/10/2026 06:47:19 PM - kneaddata.utilities - INFO: READ COUNT: raw pair2 : Initial number of reads ( /home/humann2/tfg_ckd/cleaned_data/ERR11866330_knead/reformatted_identifierspszplb_5_decompressed_oakysywe_ERR11866330_2.fastq ): 33704549.0
05/10/2026 06:47:19 PM - kneaddata.utilities - DEBUG: Checking input file to Trimmomatic : /home/humann2/tfg_ckd/cleaned_data/ERR11866330_knead/reformatted_identifiersalwlh49w_decompressed_v_35gry6_ERR11866330_1.fastq
05/10/2026 06:47:19 PM - kneaddata.utilities - DEBUG: Checking input file to Trimmomatic : /home/humann2/tfg_ckd/cleaned_data/ERR11866330_knead/reformatted_identifierspszplb_5_decompressed_oakysywe_ERR11866330_2.fastq
05/10/2026 06:47:19 PM - kneaddata.utilities - INFO: Running Trimmomatic ... 
05/10/2026 06:47:19 PM - kneaddata.utilities - INFO: Execute command: /home/humann2/miniforge3/envs/env_perfect/bin/trimmomatic PE -threads 8 -phred33 /home/humann2/tfg_ckd/cleaned_data/ERR11866330_knead/reformatted_identifiersalwlh49w_decompressed_v_35gry6_ERR11866330_1.fastq /home/humann2/tfg_ckd/cleaned_data/ERR11866330_knead/reformatted_identifierspszplb_5_decompressed_oakysywe_ERR11866330_2.fastq /home/humann2/tfg_ckd/cleaned_data/ERR11866330_knead/ERR11866330_1_kneaddata.trimmed.1.fastq /home/humann2/tfg_ckd/cleaned_data/ERR11866330_knead/ERR11866330_1_kneaddata.trimmed.single.1.fastq /home/humann2/tfg_ckd/cleaned_data/ERR11866330_knead/ERR11866330_1_kneaddata.trimmed.2.fastq /home/humann2/tfg_ckd/cleaned_data/ERR11866330_knead/ERR11866330_1_kneaddata.trimmed.single.2.fastq MINLEN:60 ILLUMINACLIP:/home/humann2/miniforge3/envs/env_perfect/lib/python3.9/site-packages/kneaddata/adapters/NexteraPE-PE.fa:2:30:10:8:TRUE SLIDINGWINDOW:4:20 MINLEN:75
05/10/2026 06:50:47 PM - kneaddata.utilities - DEBUG: b"TrimmomaticPE: Started with arguments:\n -threads 8 -phred33 /home/humann2/tfg_ckd/cleaned_data/ERR11866330_knead/reformatted_identifiersalwlh49w_decompressed_v_35gry6_ERR11866330_1.fastq /home/humann2/tfg_ckd/cleaned_data/ERR11866330_knead/reformatted_identifierspszplb_5_decompressed_oakysywe_ERR11866330_2.fastq /home/humann2/tfg_ckd/cleaned_data/ERR11866330_knead/ERR11866330_1_kneaddata.trimmed.1.fastq /home/humann2/tfg_ckd/cleaned_data/ERR11866330_knead/ERR11866330_1_kneaddata.trimmed.single.1.fastq /home/humann2/tfg_ckd/cleaned_data/ERR11866330_knead/ERR11866330_1_kneaddata.trimmed.2.fastq /home/humann2/tfg_ckd/cleaned_data/ERR11866330_knead/ERR11866330_1_kneaddata.trimmed.single.2.fastq MINLEN:60 ILLUMINACLIP:/home/humann2/miniforge3/envs/env_perfect/lib/python3.9/site-packages/kneaddata/adapters/NexteraPE-PE.fa:2:30:10:8:TRUE SLIDINGWINDOW:4:20 MINLEN:75\nILLUMINACLIP: Using adapter file from user-specified absolute path: /home/humann2/miniforge3/envs/env_perfect/lib/python3.9/site-packages/kneaddata/adapters/NexteraPE-PE.fa\nUsing PrefixPair: 'AGATGTGTATAAGAGACAG' and 'AGATGTGTATAAGAGACAG'\nUsing Long Clipping Sequence: 'GTCTCGTGGGCTCGGAGATGTGTATAAGAGACAG'\nUsing Long Clipping Sequence: 'TCGTCGGCAGCGTCAGATGTGTATAAGAGACAG'\nUsing Long Clipping Sequence: 'CTGTCTCTTATACACATCTCCGAGCCCACGAGAC'\nUsing Long Clipping Sequence: 'CTGTCTCTTATACACATCTGACGCTGCCGACGA'\nILLUMINACLIP: Using 1 prefix pairs, 4 forward/reverse sequences, 0 forward only sequences, 0 reverse only sequences\nInput Read Pairs: 33704549 Both Surviving: 32582747 (96.67%) Forward Only Surviving: 560774 (1.66%) Reverse Only Surviving: 382503 (1.13%) Dropped: 178525 (0.53%)\nTrimmomaticPE: Completed successfully\n"
05/10/2026 06:50:47 PM - kneaddata.utilities - DEBUG: Checking output file from Trimmomatic : /home/humann2/tfg_ckd/cleaned_data/ERR11866330_knead/ERR11866330_1_kneaddata.trimmed.1.fastq
05/10/2026 06:50:47 PM - kneaddata.utilities - DEBUG: Checking output file from Trimmomatic : /home/humann2/tfg_ckd/cleaned_data/ERR11866330_knead/ERR11866330_1_kneaddata.trimmed.single.1.fastq
05/10/2026 06:50:47 PM - kneaddata.utilities - DEBUG: Checking output file from Trimmomatic : /home/humann2/tfg_ckd/cleaned_data/ERR11866330_knead/ERR11866330_1_kneaddata.trimmed.2.fastq
05/10/2026 06:50:47 PM - kneaddata.utilities - DEBUG: Checking output file from Trimmomatic : /home/humann2/tfg_ckd/cleaned_data/ERR11866330_knead/ERR11866330_1_kneaddata.trimmed.single.2.fastq
05/10/2026 06:51:08 PM - kneaddata.utilities - INFO: READ COUNT: trimmed pair1 : Total reads after trimming ( /home/humann2/tfg_ckd/cleaned_data/ERR11866330_knead/ERR11866330_1_kneaddata.trimmed.1.fastq ): 32582747.0
05/10/2026 06:51:27 PM - kneaddata.utilities - INFO: READ COUNT: trimmed pair2 : Total reads after trimming ( /home/humann2/tfg_ckd/cleaned_data/ERR11866330_knead/ERR11866330_1_kneaddata.trimmed.2.fastq ): 32582747.0
05/10/2026 06:51:28 PM - kneaddata.utilities - INFO: READ COUNT: trimmed orphan1 : Total reads after trimming ( /home/humann2/tfg_ckd/cleaned_data/ERR11866330_knead/ERR11866330_1_kneaddata.trimmed.single.1.fastq ): 560774.0
05/10/2026 06:51:28 PM - kneaddata.utilities - INFO: READ COUNT: trimmed orphan2 : Total reads after trimming ( /home/humann2/tfg_ckd/cleaned_data/ERR11866330_knead/ERR11866330_1_kneaddata.trimmed.single.2.fastq ): 382503.0
05/10/2026 07:06:29 PM - kneaddata.utilities - DEBUG: Checking input file to trf : /home/humann2/tfg_ckd/cleaned_data/ERR11866330_knead/ERR11866330_1_kneaddata.trimmed.1.fasta
05/10/2026 07:06:29 PM - kneaddata.utilities - INFO: Running trf ... 
05/10/2026 07:06:29 PM - kneaddata.utilities - INFO: Execute command: kneaddata_trf_parallel --input /home/humann2/tfg_ckd/cleaned_data/ERR11866330_knead/ERR11866330_1_kneaddata.trimmed.1.fasta --output /home/humann2/tfg_ckd/cleaned_data/ERR11866330_knead/ERR11866330_1_kneaddata.trimmed.1.fasta.trf.parameters.2.7.7.80.10.50.500.dat --trf-path /home/humann2/miniforge3/envs/env_perfect/bin/trf --trf-options '2 7 7 80 10 50 500 -h -ngs' --nproc 8
05/10/2026 07:18:53 PM - kneaddata.utilities - DEBUG: 0
05/10/2026 07:18:53 PM - kneaddata.utilities - DEBUG: Checking output file from trf : /home/humann2/tfg_ckd/cleaned_data/ERR11866330_knead/ERR11866330_1_kneaddata.trimmed.1.fasta.trf.parameters.2.7.7.80.10.50.500.dat
05/10/2026 07:18:53 PM - kneaddata.utilities - DEBUG: Checking input file to trf : /home/humann2/tfg_ckd/cleaned_data/ERR11866330_knead/ERR11866330_1_kneaddata.trimmed.2.fasta
05/10/2026 07:18:53 PM - kneaddata.utilities - INFO: Running trf ... 
05/10/2026 07:18:53 PM - kneaddata.utilities - INFO: Execute command: kneaddata_trf_parallel --input /home/humann2/tfg_ckd/cleaned_data/ERR11866330_knead/ERR11866330_1_kneaddata.trimmed.2.fasta --output /home/humann2/tfg_ckd/cleaned_data/ERR11866330_knead/ERR11866330_1_kneaddata.trimmed.2.fasta.trf.parameters.2.7.7.80.10.50.500.dat --trf-path /home/humann2/miniforge3/envs/env_perfect/bin/trf --trf-options '2 7 7 80 10 50 500 -h -ngs' --nproc 8
05/10/2026 07:31:16 PM - kneaddata.utilities - DEBUG: 0
05/10/2026 07:31:16 PM - kneaddata.utilities - DEBUG: Checking output file from trf : /home/humann2/tfg_ckd/cleaned_data/ERR11866330_knead/ERR11866330_1_kneaddata.trimmed.2.fasta.trf.parameters.2.7.7.80.10.50.500.dat
05/10/2026 07:32:28 PM - kneaddata.run - INFO: Total number of sequences with repeats removed from file ( /home/humann2/tfg_ckd/cleaned_data/ERR11866330_knead/ERR11866330_1_kneaddata.trimmed.1.fastq ): 130382
05/10/2026 07:33:36 PM - kneaddata.run - INFO: Total number of sequences with repeats removed from file ( /home/humann2/tfg_ckd/cleaned_data/ERR11866330_knead/ERR11866330_1_kneaddata.trimmed.2.fastq ): 129351
05/10/2026 07:33:44 PM - kneaddata.utilities - DEBUG: Checking input file to trf : /home/humann2/tfg_ckd/cleaned_data/ERR11866330_knead/ERR11866330_1_kneaddata.trimmed.single.1.fasta
05/10/2026 07:33:44 PM - kneaddata.utilities - INFO: Running trf ... 
05/10/2026 07:33:44 PM - kneaddata.utilities - INFO: Execute command: kneaddata_trf_parallel --input /home/humann2/tfg_ckd/cleaned_data/ERR11866330_knead/ERR11866330_1_kneaddata.trimmed.single.1.fasta --output /home/humann2/tfg_ckd/cleaned_data/ERR11866330_knead/ERR11866330_1_kneaddata.trimmed.single.1.fasta.trf.parameters.2.7.7.80.10.50.500.dat --trf-path /home/humann2/miniforge3/envs/env_perfect/bin/trf --trf-options '2 7 7 80 10 50 500 -h -ngs' --nproc 8
05/10/2026 07:34:05 PM - kneaddata.utilities - DEBUG: 0
05/10/2026 07:34:05 PM - kneaddata.utilities - DEBUG: Checking output file from trf : /home/humann2/tfg_ckd/cleaned_data/ERR11866330_knead/ERR11866330_1_kneaddata.trimmed.single.1.fasta.trf.parameters.2.7.7.80.10.50.500.dat
05/10/2026 07:34:07 PM - kneaddata.run - INFO: Total number of sequences with repeats removed from file ( /home/humann2/tfg_ckd/cleaned_data/ERR11866330_knead/ERR11866330_1_kneaddata.trimmed.single.1.fastq ): 2341
05/10/2026 07:34:13 PM - kneaddata.utilities - DEBUG: Checking input file to trf : /home/humann2/tfg_ckd/cleaned_data/ERR11866330_knead/ERR11866330_1_kneaddata.trimmed.single.2.fasta
05/10/2026 07:34:13 PM - kneaddata.utilities - INFO: Running trf ... 
05/10/2026 07:34:13 PM - kneaddata.utilities - INFO: Execute command: kneaddata_trf_parallel --input /home/humann2/tfg_ckd/cleaned_data/ERR11866330_knead/ERR11866330_1_kneaddata.trimmed.single.2.fasta --output /home/humann2/tfg_ckd/cleaned_data/ERR11866330_knead/ERR11866330_1_kneaddata.trimmed.single.2.fasta.trf.parameters.2.7.7.80.10.50.500.dat --trf-path /home/humann2/miniforge3/envs/env_perfect/bin/trf --trf-options '2 7 7 80 10 50 500 -h -ngs' --nproc 8
05/10/2026 07:34:25 PM - kneaddata.utilities - DEBUG: 0
05/10/2026 07:34:25 PM - kneaddata.utilities - DEBUG: Checking output file from trf : /home/humann2/tfg_ckd/cleaned_data/ERR11866330_knead/ERR11866330_1_kneaddata.trimmed.single.2.fasta.trf.parameters.2.7.7.80.10.50.500.dat
05/10/2026 07:34:26 PM - kneaddata.run - INFO: Total number of sequences with repeats removed from file ( /home/humann2/tfg_ckd/cleaned_data/ERR11866330_knead/ERR11866330_1_kneaddata.trimmed.single.2.fastq ): 1709
05/10/2026 07:34:26 PM - kneaddata.run - INFO: Decontaminating ...
05/10/2026 07:34:26 PM - kneaddata.utilities - DEBUG: Checking input file to bowtie2 : /home/humann2/tfg_ckd/cleaned_data/ERR11866330_knead/ERR11866330_1_kneaddata.repeats.removed.1.fastq
05/10/2026 07:34:26 PM - kneaddata.utilities - DEBUG: Checking input file to bowtie2 : /home/humann2/tfg_ckd/cleaned_data/ERR11866330_knead/ERR11866330_1_kneaddata.repeats.removed.2.fastq
05/10/2026 07:34:26 PM - kneaddata.utilities - DEBUG: Checking input file to bowtie2 : /home/humann2/tfg_ckd/cleaned_data/ERR11866330_knead/ERR11866330_1_kneaddata.repeats.removed.unmatched.1.fastq
05/10/2026 07:34:26 PM - kneaddata.utilities - DEBUG: Checking input file to bowtie2 : /home/humann2/tfg_ckd/cleaned_data/ERR11866330_knead/ERR11866330_1_kneaddata.repeats.removed.unmatched.2.fastq
05/10/2026 07:34:26 PM - kneaddata.utilities - INFO: Running bowtie2 ... 
05/10/2026 07:34:26 PM - kneaddata.utilities - INFO: Execute command: kneaddata_bowtie2_discordant_pairs --bowtie2 /home/humann2/miniforge3/envs/env_perfect/bin/bowtie2 --threads 8 -x /home/humann2/db/kneaddata/hg_39 --mode strict --bowtie2-options "--very-sensitive-local --phred33" -1 /home/humann2/tfg_ckd/cleaned_data/ERR11866330_knead/ERR11866330_1_kneaddata.repeats.removed.1.fastq -2 /home/humann2/tfg_ckd/cleaned_data/ERR11866330_knead/ERR11866330_1_kneaddata.repeats.removed.2.fastq --un-pair /home/humann2/tfg_ckd/cleaned_data/ERR11866330_knead/ERR11866330_1_kneaddata_hg_39_bowtie2_paired_clean_%.fastq --al-pair /home/humann2/tfg_ckd/cleaned_data/ERR11866330_knead/ERR11866330_1_kneaddata_hg_39_bowtie2_paired_contam_%.fastq -U /home/humann2/tfg_ckd/cleaned_data/ERR11866330_knead/ERR11866330_1_kneaddata.repeats.removed.unmatched.1.fastq,/home/humann2/tfg_ckd/cleaned_data/ERR11866330_knead/ERR11866330_1_kneaddata.repeats.removed.unmatched.2.fastq --un-single /home/humann2/tfg_ckd/cleaned_data/ERR11866330_knead/ERR11866330_1_kneaddata_hg_39_bowtie2_unmatched_%_clean.fastq --al-single /home/humann2/tfg_ckd/cleaned_data/ERR11866330_knead/ERR11866330_1_kneaddata_hg_39_bowtie2_unmatched_%_contam.fastq -S /dev/null
05/10/2026 08:04:25 PM - kneaddata.utilities - DEBUG: b'65844988 reads; of these:\n  65844988 (100.00%) were unpaired; of these:\n    65440690 (99.39%) aligned 0 times\n    345938 (0.53%) aligned exactly 1 time\n    58360 (0.09%) aligned >1 times\n0.61% overall alignment rate\npair1_aligned : 365754\npair2_aligned : 365754\npair1_unaligned : 31975237\npair2_unaligned : 31975237\norphan1_aligned : 6897\norphan2_aligned : 5955\norphan1_unaligned : 662910\norphan2_unaligned : 487244\n'
05/10/2026 08:04:25 PM - kneaddata.utilities - DEBUG: Checking output file from bowtie2 : /home/humann2/tfg_ckd/cleaned_data/ERR11866330_knead/ERR11866330_1_kneaddata_hg_39_bowtie2_paired_clean_1.fastq
05/10/2026 08:04:25 PM - kneaddata.utilities - DEBUG: Checking output file from bowtie2 : /home/humann2/tfg_ckd/cleaned_data/ERR11866330_knead/ERR11866330_1_kneaddata_hg_39_bowtie2_paired_clean_2.fastq
05/10/2026 08:04:25 PM - kneaddata.run - INFO: Total contaminate sequences in file ( /home/humann2/tfg_ckd/cleaned_data/ERR11866330_knead/ERR11866330_1_kneaddata_hg_39_bowtie2_paired_contam_1.fastq ) : 365754.0
05/10/2026 08:04:26 PM - kneaddata.run - INFO: Total contaminate sequences in file ( /home/humann2/tfg_ckd/cleaned_data/ERR11866330_knead/ERR11866330_1_kneaddata_hg_39_bowtie2_paired_contam_2.fastq ) : 365754.0
05/10/2026 08:04:26 PM - kneaddata.run - INFO: Total contaminate sequences in file ( /home/humann2/tfg_ckd/cleaned_data/ERR11866330_knead/ERR11866330_1_kneaddata_hg_39_bowtie2_unmatched_1_contam.fastq ) : 6897.0
05/10/2026 08:04:26 PM - kneaddata.run - INFO: Total contaminate sequences in file ( /home/humann2/tfg_ckd/cleaned_data/ERR11866330_knead/ERR11866330_1_kneaddata_hg_39_bowtie2_unmatched_2_contam.fastq ) : 5955.0
05/10/2026 08:04:45 PM - kneaddata.utilities - INFO: READ COUNT: decontaminated hg_39 pair1 : Total reads after removing those found in reference database ( /home/humann2/tfg_ckd/cleaned_data/ERR11866330_knead/ERR11866330_1_kneaddata_hg_39_bowtie2_paired_clean_1.fastq ): 31975237.0
05/10/2026 08:05:05 PM - kneaddata.utilities - INFO: READ COUNT: decontaminated hg_39 pair2 : Total reads after removing those found in reference database ( /home/humann2/tfg_ckd/cleaned_data/ERR11866330_knead/ERR11866330_1_kneaddata_hg_39_bowtie2_paired_clean_2.fastq ): 31975237.0
05/10/2026 08:05:24 PM - kneaddata.utilities - INFO: READ COUNT: final pair1 : Total reads after merging results from multiple databases ( /home/humann2/tfg_ckd/cleaned_data/ERR11866330_knead/ERR11866330_1_kneaddata_paired_1.fastq ): 31975237.0
05/10/2026 08:05:44 PM - kneaddata.utilities - INFO: READ COUNT: final pair2 : Total reads after merging results from multiple databases ( /home/humann2/tfg_ckd/cleaned_data/ERR11866330_knead/ERR11866330_1_kneaddata_paired_2.fastq ): 31975237.0
05/10/2026 08:05:44 PM - kneaddata.utilities - WARNING: Unable to remove file: /home/humann2/tfg_ckd/cleaned_data/ERR11866330_knead/ERR11866330_1_kneaddata_hg_39_bowtie2_paired_clean_1.fastq
05/10/2026 08:05:44 PM - kneaddata.utilities - WARNING: Unable to remove file: /home/humann2/tfg_ckd/cleaned_data/ERR11866330_knead/ERR11866330_1_kneaddata_hg_39_bowtie2_paired_clean_2.fastq
05/10/2026 08:05:44 PM - kneaddata.utilities - INFO: READ COUNT: decontaminated hg_39 orphan1 : Total reads after removing those found in reference database ( /home/humann2/tfg_ckd/cleaned_data/ERR11866330_knead/ERR11866330_1_kneaddata_hg_39_bowtie2_unmatched_1_clean.fastq ): 662910.0
05/10/2026 08:05:45 PM - kneaddata.utilities - INFO: READ COUNT: final orphan1 : Total reads after merging results from multiple databases ( /home/humann2/tfg_ckd/cleaned_data/ERR11866330_knead/ERR11866330_1_kneaddata_unmatched_1.fastq ): 662910.0
05/10/2026 08:05:45 PM - kneaddata.utilities - WARNING: Unable to remove file: /home/humann2/tfg_ckd/cleaned_data/ERR11866330_knead/ERR11866330_1_kneaddata_hg_39_bowtie2_unmatched_1_clean.fastq
05/10/2026 08:05:45 PM - kneaddata.utilities - INFO: READ COUNT: decontaminated hg_39 orphan2 : Total reads after removing those found in reference database ( /home/humann2/tfg_ckd/cleaned_data/ERR11866330_knead/ERR11866330_1_kneaddata_hg_39_bowtie2_unmatched_2_clean.fastq ): 487244.0
05/10/2026 08:05:45 PM - kneaddata.utilities - INFO: READ COUNT: final orphan2 : Total reads after merging results from multiple databases ( /home/humann2/tfg_ckd/cleaned_data/ERR11866330_knead/ERR11866330_1_kneaddata_unmatched_2.fastq ): 487244.0
05/10/2026 08:05:45 PM - kneaddata.utilities - WARNING: Unable to remove file: /home/humann2/tfg_ckd/cleaned_data/ERR11866330_knead/ERR11866330_1_kneaddata_hg_39_bowtie2_unmatched_2_clean.fastq
05/10/2026 08:05:48 PM - kneaddata.knead_data - INFO: 
Final output files created: 
/home/humann2/tfg_ckd/cleaned_data/ERR11866330_knead/ERR11866330_1_kneaddata_paired_1.fastq
/home/humann2/tfg_ckd/cleaned_data/ERR11866330_knead/ERR11866330_1_kneaddata_paired_2.fastq
/home/humann2/tfg_ckd/cleaned_data/ERR11866330_knead/ERR11866330_1_kneaddata_unmatched_1.fastq
/home/humann2/tfg_ckd/cleaned_data/ERR11866330_knead/ERR11866330_1_kneaddata_unmatched_2.fastq

