04/29/2026 01:58:43 AM - kneaddata.knead_data - INFO: Running kneaddata v0.12.4
04/29/2026 01:58:43 AM - kneaddata.knead_data - INFO: Output files will be written to: /home/jgarrote730/tfg_ckd/cleaned_data/ERR11868996_knead
04/29/2026 01:58:43 AM - kneaddata.knead_data - DEBUG: Running with the following arguments: 
verbose = False
input1 = /home/jgarrote730/tfg_ckd/raw_data/ERR11868996_1.fastq.gz
input2 = /home/jgarrote730/tfg_ckd/raw_data/ERR11868996_2.fastq.gz
unpaired = None
output_dir = /home/jgarrote730/tfg_ckd/cleaned_data/ERR11868996_knead
scratch_dir = 
reference_db = /home/jgarrote730/db/kneaddata/hg_39
bypass_trim = False
output_prefix = ERR11868996_1_kneaddata
threads = 8
processes = 1
trimmomatic_quality_scores = -phred33
bmtagger = False
bypass_trf = False
run_trf = False
fastqc_start = False
fastqc_end = False
store_temp_output = False
remove_intermediate_output = True
cat_final_output = False
log_level = DEBUG
log = /home/jgarrote730/tfg_ckd/cleaned_data/ERR11868996_knead/ERR11868996_1_kneaddata.log
trimmomatic_path = /home/jgarrote730/miniforge3/envs/env_perfect/bin/trimmomatic
run_trim_repetitive = False
max_memory = 500m
trimmomatic_options = None
sequencer_source = NexteraPE
bowtie2_path = /home/jgarrote730/miniforge3/envs/env_perfect/bin/bowtie2
bowtie2_options = --very-sensitive-local --phred33
decontaminate_pairs = strict
reorder = False
serial = True
bmtagger_path = None
trf_path = /home/jgarrote730/miniforge3/envs/env_perfect/bin/trf
match = 2
mismatch = 7
delta = 7
pm = 80
pi = 10
minscore = 50
maxperiod = 500
fastqc_path = None
remove_temp_output = True
input = /home/jgarrote730/tfg_ckd/raw_data/ERR11868996_1.fastq.gz /home/jgarrote730/tfg_ckd/raw_data/ERR11868996_2.fastq.gz
discordant = True

04/29/2026 01:58:43 AM - kneaddata.utilities - INFO: Decompressing gzipped file ...
04/29/2026 01:59:03 AM - kneaddata.utilities - INFO: Decompressed file created: /home/jgarrote730/tfg_ckd/cleaned_data/ERR11868996_knead/decompressed_ftjwzokg_ERR11868996_1.fastq
04/29/2026 01:59:03 AM - kneaddata.utilities - INFO: Decompressing gzipped file ...
04/29/2026 01:59:24 AM - kneaddata.utilities - INFO: Decompressed file created: /home/jgarrote730/tfg_ckd/cleaned_data/ERR11868996_knead/decompressed_4_09boc2_ERR11868996_2.fastq
04/29/2026 01:59:24 AM - kneaddata.utilities - INFO: Reformatting file sequence identifiers ...
04/29/2026 01:59:48 AM - kneaddata.utilities - INFO: Reformatting file sequence identifiers ...
04/29/2026 02:00:25 AM - kneaddata.utilities - INFO: READ COUNT: raw pair1 : Initial number of reads ( /home/jgarrote730/tfg_ckd/cleaned_data/ERR11868996_knead/reformatted_identifierssdcafhpe_decompressed_ftjwzokg_ERR11868996_1.fastq ): 7346362.0
04/29/2026 02:00:28 AM - kneaddata.utilities - INFO: READ COUNT: raw pair2 : Initial number of reads ( /home/jgarrote730/tfg_ckd/cleaned_data/ERR11868996_knead/reformatted_identifiersx9stnssa_decompressed_4_09boc2_ERR11868996_2.fastq ): 7346362.0
04/29/2026 02:00:28 AM - kneaddata.utilities - DEBUG: Checking input file to Trimmomatic : /home/jgarrote730/tfg_ckd/cleaned_data/ERR11868996_knead/reformatted_identifierssdcafhpe_decompressed_ftjwzokg_ERR11868996_1.fastq
04/29/2026 02:00:28 AM - kneaddata.utilities - DEBUG: Checking input file to Trimmomatic : /home/jgarrote730/tfg_ckd/cleaned_data/ERR11868996_knead/reformatted_identifiersx9stnssa_decompressed_4_09boc2_ERR11868996_2.fastq
04/29/2026 02:00:28 AM - kneaddata.utilities - INFO: Running Trimmomatic ... 
04/29/2026 02:00:28 AM - kneaddata.utilities - INFO: Execute command: /home/jgarrote730/miniforge3/envs/env_perfect/bin/trimmomatic PE -threads 8 -phred33 /home/jgarrote730/tfg_ckd/cleaned_data/ERR11868996_knead/reformatted_identifierssdcafhpe_decompressed_ftjwzokg_ERR11868996_1.fastq /home/jgarrote730/tfg_ckd/cleaned_data/ERR11868996_knead/reformatted_identifiersx9stnssa_decompressed_4_09boc2_ERR11868996_2.fastq /home/jgarrote730/tfg_ckd/cleaned_data/ERR11868996_knead/ERR11868996_1_kneaddata.trimmed.1.fastq /home/jgarrote730/tfg_ckd/cleaned_data/ERR11868996_knead/ERR11868996_1_kneaddata.trimmed.single.1.fastq /home/jgarrote730/tfg_ckd/cleaned_data/ERR11868996_knead/ERR11868996_1_kneaddata.trimmed.2.fastq /home/jgarrote730/tfg_ckd/cleaned_data/ERR11868996_knead/ERR11868996_1_kneaddata.trimmed.single.2.fastq MINLEN:60 ILLUMINACLIP:/home/jgarrote730/miniforge3/envs/env_perfect/lib/python3.9/site-packages/kneaddata/adapters/NexteraPE-PE.fa:2:30:10:8:TRUE SLIDINGWINDOW:4:20 MINLEN:75
04/29/2026 02:01:02 AM - kneaddata.utilities - DEBUG: b"TrimmomaticPE: Started with arguments:\n -threads 8 -phred33 /home/jgarrote730/tfg_ckd/cleaned_data/ERR11868996_knead/reformatted_identifierssdcafhpe_decompressed_ftjwzokg_ERR11868996_1.fastq /home/jgarrote730/tfg_ckd/cleaned_data/ERR11868996_knead/reformatted_identifiersx9stnssa_decompressed_4_09boc2_ERR11868996_2.fastq /home/jgarrote730/tfg_ckd/cleaned_data/ERR11868996_knead/ERR11868996_1_kneaddata.trimmed.1.fastq /home/jgarrote730/tfg_ckd/cleaned_data/ERR11868996_knead/ERR11868996_1_kneaddata.trimmed.single.1.fastq /home/jgarrote730/tfg_ckd/cleaned_data/ERR11868996_knead/ERR11868996_1_kneaddata.trimmed.2.fastq /home/jgarrote730/tfg_ckd/cleaned_data/ERR11868996_knead/ERR11868996_1_kneaddata.trimmed.single.2.fastq MINLEN:60 ILLUMINACLIP:/home/jgarrote730/miniforge3/envs/env_perfect/lib/python3.9/site-packages/kneaddata/adapters/NexteraPE-PE.fa:2:30:10:8:TRUE SLIDINGWINDOW:4:20 MINLEN:75\nILLUMINACLIP: Using adapter file from user-specified absolute path: /home/jgarrote730/miniforge3/envs/env_perfect/lib/python3.9/site-packages/kneaddata/adapters/NexteraPE-PE.fa\nUsing PrefixPair: 'AGATGTGTATAAGAGACAG' and 'AGATGTGTATAAGAGACAG'\nUsing Long Clipping Sequence: 'GTCTCGTGGGCTCGGAGATGTGTATAAGAGACAG'\nUsing Long Clipping Sequence: 'TCGTCGGCAGCGTCAGATGTGTATAAGAGACAG'\nUsing Long Clipping Sequence: 'CTGTCTCTTATACACATCTCCGAGCCCACGAGAC'\nUsing Long Clipping Sequence: 'CTGTCTCTTATACACATCTGACGCTGCCGACGA'\nILLUMINACLIP: Using 1 prefix pairs, 4 forward/reverse sequences, 0 forward only sequences, 0 reverse only sequences\nInput Read Pairs: 7346362 Both Surviving: 7068443 (96.22%) Forward Only Surviving: 88526 (1.21%) Reverse Only Surviving: 119763 (1.63%) Dropped: 69630 (0.95%)\nTrimmomaticPE: Completed successfully\n"
04/29/2026 02:01:02 AM - kneaddata.utilities - DEBUG: Checking output file from Trimmomatic : /home/jgarrote730/tfg_ckd/cleaned_data/ERR11868996_knead/ERR11868996_1_kneaddata.trimmed.1.fastq
04/29/2026 02:01:02 AM - kneaddata.utilities - DEBUG: Checking output file from Trimmomatic : /home/jgarrote730/tfg_ckd/cleaned_data/ERR11868996_knead/ERR11868996_1_kneaddata.trimmed.single.1.fastq
04/29/2026 02:01:02 AM - kneaddata.utilities - DEBUG: Checking output file from Trimmomatic : /home/jgarrote730/tfg_ckd/cleaned_data/ERR11868996_knead/ERR11868996_1_kneaddata.trimmed.2.fastq
04/29/2026 02:01:02 AM - kneaddata.utilities - DEBUG: Checking output file from Trimmomatic : /home/jgarrote730/tfg_ckd/cleaned_data/ERR11868996_knead/ERR11868996_1_kneaddata.trimmed.single.2.fastq
04/29/2026 02:01:04 AM - kneaddata.utilities - INFO: READ COUNT: trimmed pair1 : Total reads after trimming ( /home/jgarrote730/tfg_ckd/cleaned_data/ERR11868996_knead/ERR11868996_1_kneaddata.trimmed.1.fastq ): 7068443.0
04/29/2026 02:01:07 AM - kneaddata.utilities - INFO: READ COUNT: trimmed pair2 : Total reads after trimming ( /home/jgarrote730/tfg_ckd/cleaned_data/ERR11868996_knead/ERR11868996_1_kneaddata.trimmed.2.fastq ): 7068443.0
04/29/2026 02:01:07 AM - kneaddata.utilities - INFO: READ COUNT: trimmed orphan1 : Total reads after trimming ( /home/jgarrote730/tfg_ckd/cleaned_data/ERR11868996_knead/ERR11868996_1_kneaddata.trimmed.single.1.fastq ): 88526.0
04/29/2026 02:01:07 AM - kneaddata.utilities - INFO: READ COUNT: trimmed orphan2 : Total reads after trimming ( /home/jgarrote730/tfg_ckd/cleaned_data/ERR11868996_knead/ERR11868996_1_kneaddata.trimmed.single.2.fastq ): 119763.0
04/29/2026 02:03:00 AM - kneaddata.utilities - DEBUG: Checking input file to trf : /home/jgarrote730/tfg_ckd/cleaned_data/ERR11868996_knead/ERR11868996_1_kneaddata.trimmed.1.fasta
04/29/2026 02:03:00 AM - kneaddata.utilities - INFO: Running trf ... 
04/29/2026 02:03:00 AM - kneaddata.utilities - INFO: Execute command: kneaddata_trf_parallel --input /home/jgarrote730/tfg_ckd/cleaned_data/ERR11868996_knead/ERR11868996_1_kneaddata.trimmed.1.fasta --output /home/jgarrote730/tfg_ckd/cleaned_data/ERR11868996_knead/ERR11868996_1_kneaddata.trimmed.1.fasta.trf.parameters.2.7.7.80.10.50.500.dat --trf-path /home/jgarrote730/miniforge3/envs/env_perfect/bin/trf --trf-options '2 7 7 80 10 50 500 -h -ngs' --nproc 8
04/29/2026 02:04:49 AM - kneaddata.utilities - DEBUG: 0
04/29/2026 02:04:49 AM - kneaddata.utilities - DEBUG: Checking output file from trf : /home/jgarrote730/tfg_ckd/cleaned_data/ERR11868996_knead/ERR11868996_1_kneaddata.trimmed.1.fasta.trf.parameters.2.7.7.80.10.50.500.dat
04/29/2026 02:04:49 AM - kneaddata.utilities - DEBUG: Checking input file to trf : /home/jgarrote730/tfg_ckd/cleaned_data/ERR11868996_knead/ERR11868996_1_kneaddata.trimmed.2.fasta
04/29/2026 02:04:49 AM - kneaddata.utilities - INFO: Running trf ... 
04/29/2026 02:04:49 AM - kneaddata.utilities - INFO: Execute command: kneaddata_trf_parallel --input /home/jgarrote730/tfg_ckd/cleaned_data/ERR11868996_knead/ERR11868996_1_kneaddata.trimmed.2.fasta --output /home/jgarrote730/tfg_ckd/cleaned_data/ERR11868996_knead/ERR11868996_1_kneaddata.trimmed.2.fasta.trf.parameters.2.7.7.80.10.50.500.dat --trf-path /home/jgarrote730/miniforge3/envs/env_perfect/bin/trf --trf-options '2 7 7 80 10 50 500 -h -ngs' --nproc 8
04/29/2026 02:07:32 AM - kneaddata.utilities - DEBUG: 0
04/29/2026 02:07:32 AM - kneaddata.utilities - DEBUG: Checking output file from trf : /home/jgarrote730/tfg_ckd/cleaned_data/ERR11868996_knead/ERR11868996_1_kneaddata.trimmed.2.fasta.trf.parameters.2.7.7.80.10.50.500.dat
04/29/2026 02:07:54 AM - kneaddata.run - INFO: Total number of sequences with repeats removed from file ( /home/jgarrote730/tfg_ckd/cleaned_data/ERR11868996_knead/ERR11868996_1_kneaddata.trimmed.1.fastq ): 24130
04/29/2026 02:08:15 AM - kneaddata.run - INFO: Total number of sequences with repeats removed from file ( /home/jgarrote730/tfg_ckd/cleaned_data/ERR11868996_knead/ERR11868996_1_kneaddata.trimmed.2.fastq ): 24448
04/29/2026 02:08:15 AM - kneaddata.utilities - DEBUG: Checking input file to trf : /home/jgarrote730/tfg_ckd/cleaned_data/ERR11868996_knead/ERR11868996_1_kneaddata.trimmed.single.1.fasta
04/29/2026 02:08:15 AM - kneaddata.utilities - INFO: Running trf ... 
04/29/2026 02:08:15 AM - kneaddata.utilities - INFO: Execute command: kneaddata_trf_parallel --input /home/jgarrote730/tfg_ckd/cleaned_data/ERR11868996_knead/ERR11868996_1_kneaddata.trimmed.single.1.fasta --output /home/jgarrote730/tfg_ckd/cleaned_data/ERR11868996_knead/ERR11868996_1_kneaddata.trimmed.single.1.fasta.trf.parameters.2.7.7.80.10.50.500.dat --trf-path /home/jgarrote730/miniforge3/envs/env_perfect/bin/trf --trf-options '2 7 7 80 10 50 500 -h -ngs' --nproc 8
04/29/2026 02:08:17 AM - kneaddata.utilities - DEBUG: 0
04/29/2026 02:08:17 AM - kneaddata.utilities - DEBUG: Checking output file from trf : /home/jgarrote730/tfg_ckd/cleaned_data/ERR11868996_knead/ERR11868996_1_kneaddata.trimmed.single.1.fasta.trf.parameters.2.7.7.80.10.50.500.dat
04/29/2026 02:08:17 AM - kneaddata.run - INFO: Total number of sequences with repeats removed from file ( /home/jgarrote730/tfg_ckd/cleaned_data/ERR11868996_knead/ERR11868996_1_kneaddata.trimmed.single.1.fastq ): 394
04/29/2026 02:08:18 AM - kneaddata.utilities - DEBUG: Checking input file to trf : /home/jgarrote730/tfg_ckd/cleaned_data/ERR11868996_knead/ERR11868996_1_kneaddata.trimmed.single.2.fasta
04/29/2026 02:08:18 AM - kneaddata.utilities - INFO: Running trf ... 
04/29/2026 02:08:18 AM - kneaddata.utilities - INFO: Execute command: kneaddata_trf_parallel --input /home/jgarrote730/tfg_ckd/cleaned_data/ERR11868996_knead/ERR11868996_1_kneaddata.trimmed.single.2.fasta --output /home/jgarrote730/tfg_ckd/cleaned_data/ERR11868996_knead/ERR11868996_1_kneaddata.trimmed.single.2.fasta.trf.parameters.2.7.7.80.10.50.500.dat --trf-path /home/jgarrote730/miniforge3/envs/env_perfect/bin/trf --trf-options '2 7 7 80 10 50 500 -h -ngs' --nproc 8
04/29/2026 02:08:20 AM - kneaddata.utilities - DEBUG: 0
04/29/2026 02:08:20 AM - kneaddata.utilities - DEBUG: Checking output file from trf : /home/jgarrote730/tfg_ckd/cleaned_data/ERR11868996_knead/ERR11868996_1_kneaddata.trimmed.single.2.fasta.trf.parameters.2.7.7.80.10.50.500.dat
04/29/2026 02:08:20 AM - kneaddata.run - INFO: Total number of sequences with repeats removed from file ( /home/jgarrote730/tfg_ckd/cleaned_data/ERR11868996_knead/ERR11868996_1_kneaddata.trimmed.single.2.fastq ): 479
04/29/2026 02:08:20 AM - kneaddata.run - INFO: Decontaminating ...
04/29/2026 02:08:20 AM - kneaddata.utilities - DEBUG: Checking input file to bowtie2 : /home/jgarrote730/tfg_ckd/cleaned_data/ERR11868996_knead/ERR11868996_1_kneaddata.repeats.removed.1.fastq
04/29/2026 02:08:20 AM - kneaddata.utilities - DEBUG: Checking input file to bowtie2 : /home/jgarrote730/tfg_ckd/cleaned_data/ERR11868996_knead/ERR11868996_1_kneaddata.repeats.removed.2.fastq
04/29/2026 02:08:20 AM - kneaddata.utilities - DEBUG: Checking input file to bowtie2 : /home/jgarrote730/tfg_ckd/cleaned_data/ERR11868996_knead/ERR11868996_1_kneaddata.repeats.removed.unmatched.1.fastq
04/29/2026 02:08:20 AM - kneaddata.utilities - DEBUG: Checking input file to bowtie2 : /home/jgarrote730/tfg_ckd/cleaned_data/ERR11868996_knead/ERR11868996_1_kneaddata.repeats.removed.unmatched.2.fastq
04/29/2026 02:08:20 AM - kneaddata.utilities - INFO: Running bowtie2 ... 
04/29/2026 02:08:20 AM - kneaddata.utilities - INFO: Execute command: kneaddata_bowtie2_discordant_pairs --bowtie2 /home/jgarrote730/miniforge3/envs/env_perfect/bin/bowtie2 --threads 8 -x /home/jgarrote730/db/kneaddata/hg_39 --mode strict --bowtie2-options "--very-sensitive-local --phred33" -1 /home/jgarrote730/tfg_ckd/cleaned_data/ERR11868996_knead/ERR11868996_1_kneaddata.repeats.removed.1.fastq -2 /home/jgarrote730/tfg_ckd/cleaned_data/ERR11868996_knead/ERR11868996_1_kneaddata.repeats.removed.2.fastq --un-pair /home/jgarrote730/tfg_ckd/cleaned_data/ERR11868996_knead/ERR11868996_1_kneaddata_hg_39_bowtie2_paired_clean_%.fastq --al-pair /home/jgarrote730/tfg_ckd/cleaned_data/ERR11868996_knead/ERR11868996_1_kneaddata_hg_39_bowtie2_paired_contam_%.fastq -U /home/jgarrote730/tfg_ckd/cleaned_data/ERR11868996_knead/ERR11868996_1_kneaddata.repeats.removed.unmatched.1.fastq,/home/jgarrote730/tfg_ckd/cleaned_data/ERR11868996_knead/ERR11868996_1_kneaddata.repeats.removed.unmatched.2.fastq --un-single /home/jgarrote730/tfg_ckd/cleaned_data/ERR11868996_knead/ERR11868996_1_kneaddata_hg_39_bowtie2_unmatched_%_clean.fastq --al-single /home/jgarrote730/tfg_ckd/cleaned_data/ERR11868996_knead/ERR11868996_1_kneaddata_hg_39_bowtie2_unmatched_%_contam.fastq -S /dev/null
04/29/2026 02:13:18 AM - kneaddata.utilities - DEBUG: b'[WARNING] Failed to launch x86-64-v3 version, staying with default\n[WARNING] Failed to launch x86-64-v3 version, staying with default\n14295724 reads; of these:\n  14295724 (100.00%) were unpaired; of these:\n    14292857 (99.98%) aligned 0 times\n    1264 (0.01%) aligned exactly 1 time\n    1603 (0.01%) aligned >1 times\n0.02% overall alignment rate\npair1_aligned : 2253\npair2_aligned : 2253\npair1_unaligned : 7019777\npair2_unaligned : 7019777\norphan1_aligned : 36\norphan2_aligned : 54\norphan1_unaligned : 110379\norphan2_unaligned : 141195\n'
04/29/2026 02:13:18 AM - kneaddata.utilities - DEBUG: Checking output file from bowtie2 : /home/jgarrote730/tfg_ckd/cleaned_data/ERR11868996_knead/ERR11868996_1_kneaddata_hg_39_bowtie2_paired_clean_1.fastq
04/29/2026 02:13:18 AM - kneaddata.utilities - DEBUG: Checking output file from bowtie2 : /home/jgarrote730/tfg_ckd/cleaned_data/ERR11868996_knead/ERR11868996_1_kneaddata_hg_39_bowtie2_paired_clean_2.fastq
04/29/2026 02:13:18 AM - kneaddata.run - INFO: Total contaminate sequences in file ( /home/jgarrote730/tfg_ckd/cleaned_data/ERR11868996_knead/ERR11868996_1_kneaddata_hg_39_bowtie2_paired_contam_1.fastq ) : 2253.0
04/29/2026 02:13:18 AM - kneaddata.run - INFO: Total contaminate sequences in file ( /home/jgarrote730/tfg_ckd/cleaned_data/ERR11868996_knead/ERR11868996_1_kneaddata_hg_39_bowtie2_paired_contam_2.fastq ) : 2253.0
04/29/2026 02:13:18 AM - kneaddata.run - INFO: Total contaminate sequences in file ( /home/jgarrote730/tfg_ckd/cleaned_data/ERR11868996_knead/ERR11868996_1_kneaddata_hg_39_bowtie2_unmatched_1_contam.fastq ) : 36.0
04/29/2026 02:13:18 AM - kneaddata.run - INFO: Total contaminate sequences in file ( /home/jgarrote730/tfg_ckd/cleaned_data/ERR11868996_knead/ERR11868996_1_kneaddata_hg_39_bowtie2_unmatched_2_contam.fastq ) : 54.0
04/29/2026 02:13:20 AM - kneaddata.utilities - INFO: READ COUNT: decontaminated hg_39 pair1 : Total reads after removing those found in reference database ( /home/jgarrote730/tfg_ckd/cleaned_data/ERR11868996_knead/ERR11868996_1_kneaddata_hg_39_bowtie2_paired_clean_1.fastq ): 7019777.0
04/29/2026 02:13:23 AM - kneaddata.utilities - INFO: READ COUNT: decontaminated hg_39 pair2 : Total reads after removing those found in reference database ( /home/jgarrote730/tfg_ckd/cleaned_data/ERR11868996_knead/ERR11868996_1_kneaddata_hg_39_bowtie2_paired_clean_2.fastq ): 7019777.0
04/29/2026 02:13:25 AM - kneaddata.utilities - INFO: READ COUNT: final pair1 : Total reads after merging results from multiple databases ( /home/jgarrote730/tfg_ckd/cleaned_data/ERR11868996_knead/ERR11868996_1_kneaddata_paired_1.fastq ): 7019777.0
04/29/2026 02:13:28 AM - kneaddata.utilities - INFO: READ COUNT: final pair2 : Total reads after merging results from multiple databases ( /home/jgarrote730/tfg_ckd/cleaned_data/ERR11868996_knead/ERR11868996_1_kneaddata_paired_2.fastq ): 7019777.0
04/29/2026 02:13:28 AM - kneaddata.utilities - WARNING: Unable to remove file: /home/jgarrote730/tfg_ckd/cleaned_data/ERR11868996_knead/ERR11868996_1_kneaddata_hg_39_bowtie2_paired_clean_1.fastq
04/29/2026 02:13:28 AM - kneaddata.utilities - WARNING: Unable to remove file: /home/jgarrote730/tfg_ckd/cleaned_data/ERR11868996_knead/ERR11868996_1_kneaddata_hg_39_bowtie2_paired_clean_2.fastq
04/29/2026 02:13:28 AM - kneaddata.utilities - INFO: READ COUNT: decontaminated hg_39 orphan1 : Total reads after removing those found in reference database ( /home/jgarrote730/tfg_ckd/cleaned_data/ERR11868996_knead/ERR11868996_1_kneaddata_hg_39_bowtie2_unmatched_1_clean.fastq ): 110379.0
04/29/2026 02:13:28 AM - kneaddata.utilities - INFO: READ COUNT: final orphan1 : Total reads after merging results from multiple databases ( /home/jgarrote730/tfg_ckd/cleaned_data/ERR11868996_knead/ERR11868996_1_kneaddata_unmatched_1.fastq ): 110379.0
04/29/2026 02:13:28 AM - kneaddata.utilities - WARNING: Unable to remove file: /home/jgarrote730/tfg_ckd/cleaned_data/ERR11868996_knead/ERR11868996_1_kneaddata_hg_39_bowtie2_unmatched_1_clean.fastq
04/29/2026 02:13:28 AM - kneaddata.utilities - INFO: READ COUNT: decontaminated hg_39 orphan2 : Total reads after removing those found in reference database ( /home/jgarrote730/tfg_ckd/cleaned_data/ERR11868996_knead/ERR11868996_1_kneaddata_hg_39_bowtie2_unmatched_2_clean.fastq ): 141195.0
04/29/2026 02:13:28 AM - kneaddata.utilities - INFO: READ COUNT: final orphan2 : Total reads after merging results from multiple databases ( /home/jgarrote730/tfg_ckd/cleaned_data/ERR11868996_knead/ERR11868996_1_kneaddata_unmatched_2.fastq ): 141195.0
04/29/2026 02:13:28 AM - kneaddata.utilities - WARNING: Unable to remove file: /home/jgarrote730/tfg_ckd/cleaned_data/ERR11868996_knead/ERR11868996_1_kneaddata_hg_39_bowtie2_unmatched_2_clean.fastq
04/29/2026 02:13:30 AM - kneaddata.knead_data - INFO: 
Final output files created: 
/home/jgarrote730/tfg_ckd/cleaned_data/ERR11868996_knead/ERR11868996_1_kneaddata_paired_1.fastq
/home/jgarrote730/tfg_ckd/cleaned_data/ERR11868996_knead/ERR11868996_1_kneaddata_paired_2.fastq
/home/jgarrote730/tfg_ckd/cleaned_data/ERR11868996_knead/ERR11868996_1_kneaddata_unmatched_1.fastq
/home/jgarrote730/tfg_ckd/cleaned_data/ERR11868996_knead/ERR11868996_1_kneaddata_unmatched_2.fastq

