05/09/2026 04:52:13 AM - kneaddata.knead_data - INFO: Running kneaddata v0.12.4
05/09/2026 04:52:13 AM - kneaddata.knead_data - INFO: Output files will be written to: /home/humann2/tfg_ckd/cleaned_data/ERR11866308_knead
05/09/2026 04:52:13 AM - kneaddata.knead_data - DEBUG: Running with the following arguments: 
verbose = False
input1 = /home/humann2/tfg_ckd/raw_data/ERR11866308_1.fastq.gz
input2 = /home/humann2/tfg_ckd/raw_data/ERR11866308_2.fastq.gz
unpaired = None
output_dir = /home/humann2/tfg_ckd/cleaned_data/ERR11866308_knead
scratch_dir = 
reference_db = /home/humann2/db/kneaddata/hg_39
bypass_trim = False
output_prefix = ERR11866308_1_kneaddata
threads = 8
processes = 1
trimmomatic_quality_scores = -phred33
bmtagger = False
bypass_trf = False
run_trf = False
fastqc_start = False
fastqc_end = False
store_temp_output = False
remove_intermediate_output = True
cat_final_output = False
log_level = DEBUG
log = /home/humann2/tfg_ckd/cleaned_data/ERR11866308_knead/ERR11866308_1_kneaddata.log
trimmomatic_path = /home/humann2/miniforge3/envs/env_perfect/bin/trimmomatic
run_trim_repetitive = False
max_memory = 500m
trimmomatic_options = None
sequencer_source = NexteraPE
bowtie2_path = /home/humann2/miniforge3/envs/env_perfect/bin/bowtie2
bowtie2_options = --very-sensitive-local --phred33
decontaminate_pairs = strict
reorder = False
serial = True
bmtagger_path = None
trf_path = /home/humann2/miniforge3/envs/env_perfect/bin/trf
match = 2
mismatch = 7
delta = 7
pm = 80
pi = 10
minscore = 50
maxperiod = 500
fastqc_path = None
remove_temp_output = True
input = /home/humann2/tfg_ckd/raw_data/ERR11866308_1.fastq.gz /home/humann2/tfg_ckd/raw_data/ERR11866308_2.fastq.gz
discordant = True

05/09/2026 04:52:13 AM - kneaddata.utilities - INFO: Decompressing gzipped file ...
05/09/2026 04:55:13 AM - kneaddata.utilities - INFO: Decompressed file created: /home/humann2/tfg_ckd/cleaned_data/ERR11866308_knead/decompressed_pzonxztp_ERR11866308_1.fastq
05/09/2026 04:55:13 AM - kneaddata.utilities - INFO: Decompressing gzipped file ...
05/09/2026 04:58:14 AM - kneaddata.utilities - INFO: Decompressed file created: /home/humann2/tfg_ckd/cleaned_data/ERR11866308_knead/decompressed_l5lietv6_ERR11866308_2.fastq
05/09/2026 04:58:14 AM - kneaddata.utilities - INFO: Reformatting file sequence identifiers ...
05/09/2026 05:01:24 AM - kneaddata.utilities - INFO: Reformatting file sequence identifiers ...
05/09/2026 05:04:59 AM - kneaddata.utilities - INFO: READ COUNT: raw pair1 : Initial number of reads ( /home/humann2/tfg_ckd/cleaned_data/ERR11866308_knead/reformatted_identifiers8pvsk5h8_decompressed_pzonxztp_ERR11866308_1.fastq ): 46268229.0
05/09/2026 05:05:26 AM - kneaddata.utilities - INFO: READ COUNT: raw pair2 : Initial number of reads ( /home/humann2/tfg_ckd/cleaned_data/ERR11866308_knead/reformatted_identifiersrx1atjxn_decompressed_l5lietv6_ERR11866308_2.fastq ): 46268229.0
05/09/2026 05:05:26 AM - kneaddata.utilities - DEBUG: Checking input file to Trimmomatic : /home/humann2/tfg_ckd/cleaned_data/ERR11866308_knead/reformatted_identifiers8pvsk5h8_decompressed_pzonxztp_ERR11866308_1.fastq
05/09/2026 05:05:26 AM - kneaddata.utilities - DEBUG: Checking input file to Trimmomatic : /home/humann2/tfg_ckd/cleaned_data/ERR11866308_knead/reformatted_identifiersrx1atjxn_decompressed_l5lietv6_ERR11866308_2.fastq
05/09/2026 05:05:26 AM - kneaddata.utilities - INFO: Running Trimmomatic ... 
05/09/2026 05:05:26 AM - kneaddata.utilities - INFO: Execute command: /home/humann2/miniforge3/envs/env_perfect/bin/trimmomatic PE -threads 8 -phred33 /home/humann2/tfg_ckd/cleaned_data/ERR11866308_knead/reformatted_identifiers8pvsk5h8_decompressed_pzonxztp_ERR11866308_1.fastq /home/humann2/tfg_ckd/cleaned_data/ERR11866308_knead/reformatted_identifiersrx1atjxn_decompressed_l5lietv6_ERR11866308_2.fastq /home/humann2/tfg_ckd/cleaned_data/ERR11866308_knead/ERR11866308_1_kneaddata.trimmed.1.fastq /home/humann2/tfg_ckd/cleaned_data/ERR11866308_knead/ERR11866308_1_kneaddata.trimmed.single.1.fastq /home/humann2/tfg_ckd/cleaned_data/ERR11866308_knead/ERR11866308_1_kneaddata.trimmed.2.fastq /home/humann2/tfg_ckd/cleaned_data/ERR11866308_knead/ERR11866308_1_kneaddata.trimmed.single.2.fastq MINLEN:60 ILLUMINACLIP:/home/humann2/miniforge3/envs/env_perfect/lib/python3.9/site-packages/kneaddata/adapters/NexteraPE-PE.fa:2:30:10:8:TRUE SLIDINGWINDOW:4:20 MINLEN:75
05/09/2026 05:10:06 AM - kneaddata.utilities - DEBUG: b"TrimmomaticPE: Started with arguments:\n -threads 8 -phred33 /home/humann2/tfg_ckd/cleaned_data/ERR11866308_knead/reformatted_identifiers8pvsk5h8_decompressed_pzonxztp_ERR11866308_1.fastq /home/humann2/tfg_ckd/cleaned_data/ERR11866308_knead/reformatted_identifiersrx1atjxn_decompressed_l5lietv6_ERR11866308_2.fastq /home/humann2/tfg_ckd/cleaned_data/ERR11866308_knead/ERR11866308_1_kneaddata.trimmed.1.fastq /home/humann2/tfg_ckd/cleaned_data/ERR11866308_knead/ERR11866308_1_kneaddata.trimmed.single.1.fastq /home/humann2/tfg_ckd/cleaned_data/ERR11866308_knead/ERR11866308_1_kneaddata.trimmed.2.fastq /home/humann2/tfg_ckd/cleaned_data/ERR11866308_knead/ERR11866308_1_kneaddata.trimmed.single.2.fastq MINLEN:60 ILLUMINACLIP:/home/humann2/miniforge3/envs/env_perfect/lib/python3.9/site-packages/kneaddata/adapters/NexteraPE-PE.fa:2:30:10:8:TRUE SLIDINGWINDOW:4:20 MINLEN:75\nILLUMINACLIP: Using adapter file from user-specified absolute path: /home/humann2/miniforge3/envs/env_perfect/lib/python3.9/site-packages/kneaddata/adapters/NexteraPE-PE.fa\nUsing PrefixPair: 'AGATGTGTATAAGAGACAG' and 'AGATGTGTATAAGAGACAG'\nUsing Long Clipping Sequence: 'GTCTCGTGGGCTCGGAGATGTGTATAAGAGACAG'\nUsing Long Clipping Sequence: 'TCGTCGGCAGCGTCAGATGTGTATAAGAGACAG'\nUsing Long Clipping Sequence: 'CTGTCTCTTATACACATCTCCGAGCCCACGAGAC'\nUsing Long Clipping Sequence: 'CTGTCTCTTATACACATCTGACGCTGCCGACGA'\nILLUMINACLIP: Using 1 prefix pairs, 4 forward/reverse sequences, 0 forward only sequences, 0 reverse only sequences\nInput Read Pairs: 46268229 Both Surviving: 44737161 (96.69%) Forward Only Surviving: 450836 (0.97%) Reverse Only Surviving: 846372 (1.83%) Dropped: 233860 (0.51%)\nTrimmomaticPE: Completed successfully\n"
05/09/2026 05:10:06 AM - kneaddata.utilities - DEBUG: Checking output file from Trimmomatic : /home/humann2/tfg_ckd/cleaned_data/ERR11866308_knead/ERR11866308_1_kneaddata.trimmed.1.fastq
05/09/2026 05:10:06 AM - kneaddata.utilities - DEBUG: Checking output file from Trimmomatic : /home/humann2/tfg_ckd/cleaned_data/ERR11866308_knead/ERR11866308_1_kneaddata.trimmed.single.1.fastq
05/09/2026 05:10:06 AM - kneaddata.utilities - DEBUG: Checking output file from Trimmomatic : /home/humann2/tfg_ckd/cleaned_data/ERR11866308_knead/ERR11866308_1_kneaddata.trimmed.2.fastq
05/09/2026 05:10:06 AM - kneaddata.utilities - DEBUG: Checking output file from Trimmomatic : /home/humann2/tfg_ckd/cleaned_data/ERR11866308_knead/ERR11866308_1_kneaddata.trimmed.single.2.fastq
05/09/2026 05:10:33 AM - kneaddata.utilities - INFO: READ COUNT: trimmed pair1 : Total reads after trimming ( /home/humann2/tfg_ckd/cleaned_data/ERR11866308_knead/ERR11866308_1_kneaddata.trimmed.1.fastq ): 44737161.0
05/09/2026 05:10:59 AM - kneaddata.utilities - INFO: READ COUNT: trimmed pair2 : Total reads after trimming ( /home/humann2/tfg_ckd/cleaned_data/ERR11866308_knead/ERR11866308_1_kneaddata.trimmed.2.fastq ): 44737161.0
05/09/2026 05:11:00 AM - kneaddata.utilities - INFO: READ COUNT: trimmed orphan1 : Total reads after trimming ( /home/humann2/tfg_ckd/cleaned_data/ERR11866308_knead/ERR11866308_1_kneaddata.trimmed.single.1.fastq ): 450836.0
05/09/2026 05:11:00 AM - kneaddata.utilities - INFO: READ COUNT: trimmed orphan2 : Total reads after trimming ( /home/humann2/tfg_ckd/cleaned_data/ERR11866308_knead/ERR11866308_1_kneaddata.trimmed.single.2.fastq ): 846372.0
05/09/2026 05:31:36 AM - kneaddata.utilities - DEBUG: Checking input file to trf : /home/humann2/tfg_ckd/cleaned_data/ERR11866308_knead/ERR11866308_1_kneaddata.trimmed.1.fasta
05/09/2026 05:31:36 AM - kneaddata.utilities - INFO: Running trf ... 
05/09/2026 05:31:36 AM - kneaddata.utilities - INFO: Execute command: kneaddata_trf_parallel --input /home/humann2/tfg_ckd/cleaned_data/ERR11866308_knead/ERR11866308_1_kneaddata.trimmed.1.fasta --output /home/humann2/tfg_ckd/cleaned_data/ERR11866308_knead/ERR11866308_1_kneaddata.trimmed.1.fasta.trf.parameters.2.7.7.80.10.50.500.dat --trf-path /home/humann2/miniforge3/envs/env_perfect/bin/trf --trf-options '2 7 7 80 10 50 500 -h -ngs' --nproc 8
05/09/2026 05:48:18 AM - kneaddata.utilities - DEBUG: 0
05/09/2026 05:48:18 AM - kneaddata.utilities - DEBUG: Checking output file from trf : /home/humann2/tfg_ckd/cleaned_data/ERR11866308_knead/ERR11866308_1_kneaddata.trimmed.1.fasta.trf.parameters.2.7.7.80.10.50.500.dat
05/09/2026 05:48:18 AM - kneaddata.utilities - DEBUG: Checking input file to trf : /home/humann2/tfg_ckd/cleaned_data/ERR11866308_knead/ERR11866308_1_kneaddata.trimmed.2.fasta
05/09/2026 05:48:18 AM - kneaddata.utilities - INFO: Running trf ... 
05/09/2026 05:48:18 AM - kneaddata.utilities - INFO: Execute command: kneaddata_trf_parallel --input /home/humann2/tfg_ckd/cleaned_data/ERR11866308_knead/ERR11866308_1_kneaddata.trimmed.2.fasta --output /home/humann2/tfg_ckd/cleaned_data/ERR11866308_knead/ERR11866308_1_kneaddata.trimmed.2.fasta.trf.parameters.2.7.7.80.10.50.500.dat --trf-path /home/humann2/miniforge3/envs/env_perfect/bin/trf --trf-options '2 7 7 80 10 50 500 -h -ngs' --nproc 8
05/09/2026 06:05:14 AM - kneaddata.utilities - DEBUG: 0
05/09/2026 06:05:14 AM - kneaddata.utilities - DEBUG: Checking output file from trf : /home/humann2/tfg_ckd/cleaned_data/ERR11866308_knead/ERR11866308_1_kneaddata.trimmed.2.fasta.trf.parameters.2.7.7.80.10.50.500.dat
05/09/2026 06:06:53 AM - kneaddata.run - INFO: Total number of sequences with repeats removed from file ( /home/humann2/tfg_ckd/cleaned_data/ERR11866308_knead/ERR11866308_1_kneaddata.trimmed.1.fastq ): 152754
05/09/2026 06:08:34 AM - kneaddata.run - INFO: Total number of sequences with repeats removed from file ( /home/humann2/tfg_ckd/cleaned_data/ERR11866308_knead/ERR11866308_1_kneaddata.trimmed.2.fastq ): 155414
05/09/2026 06:08:40 AM - kneaddata.utilities - DEBUG: Checking input file to trf : /home/humann2/tfg_ckd/cleaned_data/ERR11866308_knead/ERR11866308_1_kneaddata.trimmed.single.1.fasta
05/09/2026 06:08:40 AM - kneaddata.utilities - INFO: Running trf ... 
05/09/2026 06:08:40 AM - kneaddata.utilities - INFO: Execute command: kneaddata_trf_parallel --input /home/humann2/tfg_ckd/cleaned_data/ERR11866308_knead/ERR11866308_1_kneaddata.trimmed.single.1.fasta --output /home/humann2/tfg_ckd/cleaned_data/ERR11866308_knead/ERR11866308_1_kneaddata.trimmed.single.1.fasta.trf.parameters.2.7.7.80.10.50.500.dat --trf-path /home/humann2/miniforge3/envs/env_perfect/bin/trf --trf-options '2 7 7 80 10 50 500 -h -ngs' --nproc 8
05/09/2026 06:08:53 AM - kneaddata.utilities - DEBUG: 0
05/09/2026 06:08:53 AM - kneaddata.utilities - DEBUG: Checking output file from trf : /home/humann2/tfg_ckd/cleaned_data/ERR11866308_knead/ERR11866308_1_kneaddata.trimmed.single.1.fasta.trf.parameters.2.7.7.80.10.50.500.dat
05/09/2026 06:08:54 AM - kneaddata.run - INFO: Total number of sequences with repeats removed from file ( /home/humann2/tfg_ckd/cleaned_data/ERR11866308_knead/ERR11866308_1_kneaddata.trimmed.single.1.fastq ): 2786
05/09/2026 06:09:08 AM - kneaddata.utilities - DEBUG: Checking input file to trf : /home/humann2/tfg_ckd/cleaned_data/ERR11866308_knead/ERR11866308_1_kneaddata.trimmed.single.2.fasta
05/09/2026 06:09:08 AM - kneaddata.utilities - INFO: Running trf ... 
05/09/2026 06:09:08 AM - kneaddata.utilities - INFO: Execute command: kneaddata_trf_parallel --input /home/humann2/tfg_ckd/cleaned_data/ERR11866308_knead/ERR11866308_1_kneaddata.trimmed.single.2.fasta --output /home/humann2/tfg_ckd/cleaned_data/ERR11866308_knead/ERR11866308_1_kneaddata.trimmed.single.2.fasta.trf.parameters.2.7.7.80.10.50.500.dat --trf-path /home/humann2/miniforge3/envs/env_perfect/bin/trf --trf-options '2 7 7 80 10 50 500 -h -ngs' --nproc 8
05/09/2026 06:09:29 AM - kneaddata.utilities - DEBUG: 0
05/09/2026 06:09:29 AM - kneaddata.utilities - DEBUG: Checking output file from trf : /home/humann2/tfg_ckd/cleaned_data/ERR11866308_knead/ERR11866308_1_kneaddata.trimmed.single.2.fasta.trf.parameters.2.7.7.80.10.50.500.dat
05/09/2026 06:09:30 AM - kneaddata.run - INFO: Total number of sequences with repeats removed from file ( /home/humann2/tfg_ckd/cleaned_data/ERR11866308_knead/ERR11866308_1_kneaddata.trimmed.single.2.fastq ): 3706
05/09/2026 06:09:30 AM - kneaddata.run - INFO: Decontaminating ...
05/09/2026 06:09:30 AM - kneaddata.utilities - DEBUG: Checking input file to bowtie2 : /home/humann2/tfg_ckd/cleaned_data/ERR11866308_knead/ERR11866308_1_kneaddata.repeats.removed.1.fastq
05/09/2026 06:09:30 AM - kneaddata.utilities - DEBUG: Checking input file to bowtie2 : /home/humann2/tfg_ckd/cleaned_data/ERR11866308_knead/ERR11866308_1_kneaddata.repeats.removed.2.fastq
05/09/2026 06:09:30 AM - kneaddata.utilities - DEBUG: Checking input file to bowtie2 : /home/humann2/tfg_ckd/cleaned_data/ERR11866308_knead/ERR11866308_1_kneaddata.repeats.removed.unmatched.1.fastq
05/09/2026 06:09:30 AM - kneaddata.utilities - DEBUG: Checking input file to bowtie2 : /home/humann2/tfg_ckd/cleaned_data/ERR11866308_knead/ERR11866308_1_kneaddata.repeats.removed.unmatched.2.fastq
05/09/2026 06:09:30 AM - kneaddata.utilities - INFO: Running bowtie2 ... 
05/09/2026 06:09:30 AM - kneaddata.utilities - INFO: Execute command: kneaddata_bowtie2_discordant_pairs --bowtie2 /home/humann2/miniforge3/envs/env_perfect/bin/bowtie2 --threads 8 -x /home/humann2/db/kneaddata/hg_39 --mode strict --bowtie2-options "--very-sensitive-local --phred33" -1 /home/humann2/tfg_ckd/cleaned_data/ERR11866308_knead/ERR11866308_1_kneaddata.repeats.removed.1.fastq -2 /home/humann2/tfg_ckd/cleaned_data/ERR11866308_knead/ERR11866308_1_kneaddata.repeats.removed.2.fastq --un-pair /home/humann2/tfg_ckd/cleaned_data/ERR11866308_knead/ERR11866308_1_kneaddata_hg_39_bowtie2_paired_clean_%.fastq --al-pair /home/humann2/tfg_ckd/cleaned_data/ERR11866308_knead/ERR11866308_1_kneaddata_hg_39_bowtie2_paired_contam_%.fastq -U /home/humann2/tfg_ckd/cleaned_data/ERR11866308_knead/ERR11866308_1_kneaddata.repeats.removed.unmatched.1.fastq,/home/humann2/tfg_ckd/cleaned_data/ERR11866308_knead/ERR11866308_1_kneaddata.repeats.removed.unmatched.2.fastq --un-single /home/humann2/tfg_ckd/cleaned_data/ERR11866308_knead/ERR11866308_1_kneaddata_hg_39_bowtie2_unmatched_%_clean.fastq --al-single /home/humann2/tfg_ckd/cleaned_data/ERR11866308_knead/ERR11866308_1_kneaddata_hg_39_bowtie2_unmatched_%_contam.fastq -S /dev/null
05/09/2026 06:55:49 AM - kneaddata.utilities - DEBUG: b'90456870 reads; of these:\n  90456870 (100.00%) were unpaired; of these:\n    89918611 (99.40%) aligned 0 times\n    451753 (0.50%) aligned exactly 1 time\n    86506 (0.10%) aligned >1 times\n0.60% overall alignment rate\npair1_aligned : 495221\npair2_aligned : 495221\npair1_unaligned : 43959958\npair2_unaligned : 43959958\norphan1_aligned : 7263\norphan2_aligned : 9891\norphan1_unaligned : 570015\norphan2_unaligned : 959343\n'
05/09/2026 06:55:49 AM - kneaddata.utilities - DEBUG: Checking output file from bowtie2 : /home/humann2/tfg_ckd/cleaned_data/ERR11866308_knead/ERR11866308_1_kneaddata_hg_39_bowtie2_paired_clean_1.fastq
05/09/2026 06:55:49 AM - kneaddata.utilities - DEBUG: Checking output file from bowtie2 : /home/humann2/tfg_ckd/cleaned_data/ERR11866308_knead/ERR11866308_1_kneaddata_hg_39_bowtie2_paired_clean_2.fastq
05/09/2026 06:55:52 AM - kneaddata.run - INFO: Total contaminate sequences in file ( /home/humann2/tfg_ckd/cleaned_data/ERR11866308_knead/ERR11866308_1_kneaddata_hg_39_bowtie2_paired_contam_1.fastq ) : 495221.0
05/09/2026 06:55:53 AM - kneaddata.run - INFO: Total contaminate sequences in file ( /home/humann2/tfg_ckd/cleaned_data/ERR11866308_knead/ERR11866308_1_kneaddata_hg_39_bowtie2_paired_contam_2.fastq ) : 495221.0
05/09/2026 06:55:53 AM - kneaddata.run - INFO: Total contaminate sequences in file ( /home/humann2/tfg_ckd/cleaned_data/ERR11866308_knead/ERR11866308_1_kneaddata_hg_39_bowtie2_unmatched_1_contam.fastq ) : 7263.0
05/09/2026 06:55:53 AM - kneaddata.run - INFO: Total contaminate sequences in file ( /home/humann2/tfg_ckd/cleaned_data/ERR11866308_knead/ERR11866308_1_kneaddata_hg_39_bowtie2_unmatched_2_contam.fastq ) : 9891.0
05/09/2026 06:57:53 AM - kneaddata.utilities - INFO: READ COUNT: decontaminated hg_39 pair1 : Total reads after removing those found in reference database ( /home/humann2/tfg_ckd/cleaned_data/ERR11866308_knead/ERR11866308_1_kneaddata_hg_39_bowtie2_paired_clean_1.fastq ): 43959958.0
05/09/2026 06:58:28 AM - kneaddata.utilities - INFO: READ COUNT: decontaminated hg_39 pair2 : Total reads after removing those found in reference database ( /home/humann2/tfg_ckd/cleaned_data/ERR11866308_knead/ERR11866308_1_kneaddata_hg_39_bowtie2_paired_clean_2.fastq ): 43959958.0
05/09/2026 06:58:53 AM - kneaddata.utilities - INFO: READ COUNT: final pair1 : Total reads after merging results from multiple databases ( /home/humann2/tfg_ckd/cleaned_data/ERR11866308_knead/ERR11866308_1_kneaddata_paired_1.fastq ): 43959958.0
05/09/2026 06:59:19 AM - kneaddata.utilities - INFO: READ COUNT: final pair2 : Total reads after merging results from multiple databases ( /home/humann2/tfg_ckd/cleaned_data/ERR11866308_knead/ERR11866308_1_kneaddata_paired_2.fastq ): 43959958.0
05/09/2026 06:59:19 AM - kneaddata.utilities - WARNING: Unable to remove file: /home/humann2/tfg_ckd/cleaned_data/ERR11866308_knead/ERR11866308_1_kneaddata_hg_39_bowtie2_paired_clean_1.fastq
05/09/2026 06:59:19 AM - kneaddata.utilities - WARNING: Unable to remove file: /home/humann2/tfg_ckd/cleaned_data/ERR11866308_knead/ERR11866308_1_kneaddata_hg_39_bowtie2_paired_clean_2.fastq
05/09/2026 06:59:21 AM - kneaddata.utilities - INFO: READ COUNT: decontaminated hg_39 orphan1 : Total reads after removing those found in reference database ( /home/humann2/tfg_ckd/cleaned_data/ERR11866308_knead/ERR11866308_1_kneaddata_hg_39_bowtie2_unmatched_1_clean.fastq ): 570015.0
05/09/2026 06:59:21 AM - kneaddata.utilities - INFO: READ COUNT: final orphan1 : Total reads after merging results from multiple databases ( /home/humann2/tfg_ckd/cleaned_data/ERR11866308_knead/ERR11866308_1_kneaddata_unmatched_1.fastq ): 570015.0
05/09/2026 06:59:21 AM - kneaddata.utilities - WARNING: Unable to remove file: /home/humann2/tfg_ckd/cleaned_data/ERR11866308_knead/ERR11866308_1_kneaddata_hg_39_bowtie2_unmatched_1_clean.fastq
05/09/2026 06:59:22 AM - kneaddata.utilities - INFO: READ COUNT: decontaminated hg_39 orphan2 : Total reads after removing those found in reference database ( /home/humann2/tfg_ckd/cleaned_data/ERR11866308_knead/ERR11866308_1_kneaddata_hg_39_bowtie2_unmatched_2_clean.fastq ): 959343.0
05/09/2026 06:59:22 AM - kneaddata.utilities - INFO: READ COUNT: final orphan2 : Total reads after merging results from multiple databases ( /home/humann2/tfg_ckd/cleaned_data/ERR11866308_knead/ERR11866308_1_kneaddata_unmatched_2.fastq ): 959343.0
05/09/2026 06:59:22 AM - kneaddata.utilities - WARNING: Unable to remove file: /home/humann2/tfg_ckd/cleaned_data/ERR11866308_knead/ERR11866308_1_kneaddata_hg_39_bowtie2_unmatched_2_clean.fastq
05/09/2026 06:59:24 AM - kneaddata.knead_data - INFO: 
Final output files created: 
/home/humann2/tfg_ckd/cleaned_data/ERR11866308_knead/ERR11866308_1_kneaddata_paired_1.fastq
/home/humann2/tfg_ckd/cleaned_data/ERR11866308_knead/ERR11866308_1_kneaddata_paired_2.fastq
/home/humann2/tfg_ckd/cleaned_data/ERR11866308_knead/ERR11866308_1_kneaddata_unmatched_1.fastq
/home/humann2/tfg_ckd/cleaned_data/ERR11866308_knead/ERR11866308_1_kneaddata_unmatched_2.fastq

