05/07/2026 02:14:14 AM - kneaddata.knead_data - INFO: Running kneaddata v0.12.4
05/07/2026 02:14:14 AM - kneaddata.knead_data - INFO: Output files will be written to: /home/jgarrote730/tfg_ckd/cleaned_data/ERR11866174_knead
05/07/2026 02:14:14 AM - kneaddata.knead_data - DEBUG: Running with the following arguments: 
verbose = False
input1 = /home/jgarrote730/tfg_ckd/raw_data/ERR11866174_1.fastq.gz
input2 = /home/jgarrote730/tfg_ckd/raw_data/ERR11866174_2.fastq.gz
unpaired = None
output_dir = /home/jgarrote730/tfg_ckd/cleaned_data/ERR11866174_knead
scratch_dir = 
reference_db = /home/jgarrote730/db/kneaddata/hg_39
bypass_trim = False
output_prefix = ERR11866174_1_kneaddata
threads = 8
processes = 1
trimmomatic_quality_scores = -phred33
bmtagger = False
bypass_trf = False
run_trf = False
fastqc_start = False
fastqc_end = False
store_temp_output = False
remove_intermediate_output = True
cat_final_output = False
log_level = DEBUG
log = /home/jgarrote730/tfg_ckd/cleaned_data/ERR11866174_knead/ERR11866174_1_kneaddata.log
trimmomatic_path = /home/jgarrote730/miniforge3/envs/env_perfect/bin/trimmomatic
run_trim_repetitive = False
max_memory = 500m
trimmomatic_options = None
sequencer_source = NexteraPE
bowtie2_path = /home/jgarrote730/miniforge3/envs/env_perfect/bin/bowtie2
bowtie2_options = --very-sensitive-local --phred33
decontaminate_pairs = strict
reorder = False
serial = True
bmtagger_path = None
trf_path = /home/jgarrote730/miniforge3/envs/env_perfect/bin/trf
match = 2
mismatch = 7
delta = 7
pm = 80
pi = 10
minscore = 50
maxperiod = 500
fastqc_path = None
remove_temp_output = True
input = /home/jgarrote730/tfg_ckd/raw_data/ERR11866174_1.fastq.gz /home/jgarrote730/tfg_ckd/raw_data/ERR11866174_2.fastq.gz
discordant = True

05/07/2026 02:14:14 AM - kneaddata.utilities - INFO: Decompressing gzipped file ...
05/07/2026 02:15:39 AM - kneaddata.utilities - INFO: Decompressed file created: /home/jgarrote730/tfg_ckd/cleaned_data/ERR11866174_knead/decompressed_myd1nian_ERR11866174_1.fastq
05/07/2026 02:15:39 AM - kneaddata.utilities - INFO: Decompressing gzipped file ...
05/07/2026 02:17:08 AM - kneaddata.utilities - INFO: Decompressed file created: /home/jgarrote730/tfg_ckd/cleaned_data/ERR11866174_knead/decompressed_9lha5qvg_ERR11866174_2.fastq
05/07/2026 02:17:08 AM - kneaddata.utilities - INFO: Reformatting file sequence identifiers ...
05/07/2026 02:18:39 AM - kneaddata.utilities - INFO: Reformatting file sequence identifiers ...
05/07/2026 02:21:28 AM - kneaddata.utilities - INFO: READ COUNT: raw pair1 : Initial number of reads ( /home/jgarrote730/tfg_ckd/cleaned_data/ERR11866174_knead/reformatted_identifiersd6ukti8o_decompressed_myd1nian_ERR11866174_1.fastq ): 42483781.0
05/07/2026 02:21:43 AM - kneaddata.utilities - INFO: READ COUNT: raw pair2 : Initial number of reads ( /home/jgarrote730/tfg_ckd/cleaned_data/ERR11866174_knead/reformatted_identifiers2v7wztsh_decompressed_9lha5qvg_ERR11866174_2.fastq ): 42483781.0
05/07/2026 02:21:43 AM - kneaddata.utilities - DEBUG: Checking input file to Trimmomatic : /home/jgarrote730/tfg_ckd/cleaned_data/ERR11866174_knead/reformatted_identifiersd6ukti8o_decompressed_myd1nian_ERR11866174_1.fastq
05/07/2026 02:21:43 AM - kneaddata.utilities - DEBUG: Checking input file to Trimmomatic : /home/jgarrote730/tfg_ckd/cleaned_data/ERR11866174_knead/reformatted_identifiers2v7wztsh_decompressed_9lha5qvg_ERR11866174_2.fastq
05/07/2026 02:21:43 AM - kneaddata.utilities - INFO: Running Trimmomatic ... 
05/07/2026 02:21:43 AM - kneaddata.utilities - INFO: Execute command: /home/jgarrote730/miniforge3/envs/env_perfect/bin/trimmomatic PE -threads 8 -phred33 /home/jgarrote730/tfg_ckd/cleaned_data/ERR11866174_knead/reformatted_identifiersd6ukti8o_decompressed_myd1nian_ERR11866174_1.fastq /home/jgarrote730/tfg_ckd/cleaned_data/ERR11866174_knead/reformatted_identifiers2v7wztsh_decompressed_9lha5qvg_ERR11866174_2.fastq /home/jgarrote730/tfg_ckd/cleaned_data/ERR11866174_knead/ERR11866174_1_kneaddata.trimmed.1.fastq /home/jgarrote730/tfg_ckd/cleaned_data/ERR11866174_knead/ERR11866174_1_kneaddata.trimmed.single.1.fastq /home/jgarrote730/tfg_ckd/cleaned_data/ERR11866174_knead/ERR11866174_1_kneaddata.trimmed.2.fastq /home/jgarrote730/tfg_ckd/cleaned_data/ERR11866174_knead/ERR11866174_1_kneaddata.trimmed.single.2.fastq MINLEN:60 ILLUMINACLIP:/home/jgarrote730/miniforge3/envs/env_perfect/lib/python3.9/site-packages/kneaddata/adapters/NexteraPE-PE.fa:2:30:10:8:TRUE SLIDINGWINDOW:4:20 MINLEN:75
05/07/2026 02:24:35 AM - kneaddata.utilities - DEBUG: b"TrimmomaticPE: Started with arguments:\n -threads 8 -phred33 /home/jgarrote730/tfg_ckd/cleaned_data/ERR11866174_knead/reformatted_identifiersd6ukti8o_decompressed_myd1nian_ERR11866174_1.fastq /home/jgarrote730/tfg_ckd/cleaned_data/ERR11866174_knead/reformatted_identifiers2v7wztsh_decompressed_9lha5qvg_ERR11866174_2.fastq /home/jgarrote730/tfg_ckd/cleaned_data/ERR11866174_knead/ERR11866174_1_kneaddata.trimmed.1.fastq /home/jgarrote730/tfg_ckd/cleaned_data/ERR11866174_knead/ERR11866174_1_kneaddata.trimmed.single.1.fastq /home/jgarrote730/tfg_ckd/cleaned_data/ERR11866174_knead/ERR11866174_1_kneaddata.trimmed.2.fastq /home/jgarrote730/tfg_ckd/cleaned_data/ERR11866174_knead/ERR11866174_1_kneaddata.trimmed.single.2.fastq MINLEN:60 ILLUMINACLIP:/home/jgarrote730/miniforge3/envs/env_perfect/lib/python3.9/site-packages/kneaddata/adapters/NexteraPE-PE.fa:2:30:10:8:TRUE SLIDINGWINDOW:4:20 MINLEN:75\nILLUMINACLIP: Using adapter file from user-specified absolute path: /home/jgarrote730/miniforge3/envs/env_perfect/lib/python3.9/site-packages/kneaddata/adapters/NexteraPE-PE.fa\nUsing PrefixPair: 'AGATGTGTATAAGAGACAG' and 'AGATGTGTATAAGAGACAG'\nUsing Long Clipping Sequence: 'GTCTCGTGGGCTCGGAGATGTGTATAAGAGACAG'\nUsing Long Clipping Sequence: 'TCGTCGGCAGCGTCAGATGTGTATAAGAGACAG'\nUsing Long Clipping Sequence: 'CTGTCTCTTATACACATCTCCGAGCCCACGAGAC'\nUsing Long Clipping Sequence: 'CTGTCTCTTATACACATCTGACGCTGCCGACGA'\nILLUMINACLIP: Using 1 prefix pairs, 4 forward/reverse sequences, 0 forward only sequences, 0 reverse only sequences\nInput Read Pairs: 42483781 Both Surviving: 41174945 (96.92%) Forward Only Surviving: 716266 (1.69%) Reverse Only Surviving: 397284 (0.94%) Dropped: 195286 (0.46%)\nTrimmomaticPE: Completed successfully\n"
05/07/2026 02:24:35 AM - kneaddata.utilities - DEBUG: Checking output file from Trimmomatic : /home/jgarrote730/tfg_ckd/cleaned_data/ERR11866174_knead/ERR11866174_1_kneaddata.trimmed.1.fastq
05/07/2026 02:24:35 AM - kneaddata.utilities - DEBUG: Checking output file from Trimmomatic : /home/jgarrote730/tfg_ckd/cleaned_data/ERR11866174_knead/ERR11866174_1_kneaddata.trimmed.single.1.fastq
05/07/2026 02:24:35 AM - kneaddata.utilities - DEBUG: Checking output file from Trimmomatic : /home/jgarrote730/tfg_ckd/cleaned_data/ERR11866174_knead/ERR11866174_1_kneaddata.trimmed.2.fastq
05/07/2026 02:24:35 AM - kneaddata.utilities - DEBUG: Checking output file from Trimmomatic : /home/jgarrote730/tfg_ckd/cleaned_data/ERR11866174_knead/ERR11866174_1_kneaddata.trimmed.single.2.fastq
05/07/2026 02:24:50 AM - kneaddata.utilities - INFO: READ COUNT: trimmed pair1 : Total reads after trimming ( /home/jgarrote730/tfg_ckd/cleaned_data/ERR11866174_knead/ERR11866174_1_kneaddata.trimmed.1.fastq ): 41174945.0
05/07/2026 02:25:04 AM - kneaddata.utilities - INFO: READ COUNT: trimmed pair2 : Total reads after trimming ( /home/jgarrote730/tfg_ckd/cleaned_data/ERR11866174_knead/ERR11866174_1_kneaddata.trimmed.2.fastq ): 41174945.0
05/07/2026 02:25:05 AM - kneaddata.utilities - INFO: READ COUNT: trimmed orphan1 : Total reads after trimming ( /home/jgarrote730/tfg_ckd/cleaned_data/ERR11866174_knead/ERR11866174_1_kneaddata.trimmed.single.1.fastq ): 716266.0
05/07/2026 02:25:05 AM - kneaddata.utilities - INFO: READ COUNT: trimmed orphan2 : Total reads after trimming ( /home/jgarrote730/tfg_ckd/cleaned_data/ERR11866174_knead/ERR11866174_1_kneaddata.trimmed.single.2.fastq ): 397284.0
05/07/2026 02:37:45 AM - kneaddata.utilities - DEBUG: Checking input file to trf : /home/jgarrote730/tfg_ckd/cleaned_data/ERR11866174_knead/ERR11866174_1_kneaddata.trimmed.1.fasta
05/07/2026 02:37:45 AM - kneaddata.utilities - INFO: Running trf ... 
05/07/2026 02:37:45 AM - kneaddata.utilities - INFO: Execute command: kneaddata_trf_parallel --input /home/jgarrote730/tfg_ckd/cleaned_data/ERR11866174_knead/ERR11866174_1_kneaddata.trimmed.1.fasta --output /home/jgarrote730/tfg_ckd/cleaned_data/ERR11866174_knead/ERR11866174_1_kneaddata.trimmed.1.fasta.trf.parameters.2.7.7.80.10.50.500.dat --trf-path /home/jgarrote730/miniforge3/envs/env_perfect/bin/trf --trf-options '2 7 7 80 10 50 500 -h -ngs' --nproc 8
05/07/2026 02:48:38 AM - kneaddata.utilities - DEBUG: 0
05/07/2026 02:48:38 AM - kneaddata.utilities - DEBUG: Checking output file from trf : /home/jgarrote730/tfg_ckd/cleaned_data/ERR11866174_knead/ERR11866174_1_kneaddata.trimmed.1.fasta.trf.parameters.2.7.7.80.10.50.500.dat
05/07/2026 02:48:38 AM - kneaddata.utilities - DEBUG: Checking input file to trf : /home/jgarrote730/tfg_ckd/cleaned_data/ERR11866174_knead/ERR11866174_1_kneaddata.trimmed.2.fasta
05/07/2026 02:48:38 AM - kneaddata.utilities - INFO: Running trf ... 
05/07/2026 02:48:38 AM - kneaddata.utilities - INFO: Execute command: kneaddata_trf_parallel --input /home/jgarrote730/tfg_ckd/cleaned_data/ERR11866174_knead/ERR11866174_1_kneaddata.trimmed.2.fasta --output /home/jgarrote730/tfg_ckd/cleaned_data/ERR11866174_knead/ERR11866174_1_kneaddata.trimmed.2.fasta.trf.parameters.2.7.7.80.10.50.500.dat --trf-path /home/jgarrote730/miniforge3/envs/env_perfect/bin/trf --trf-options '2 7 7 80 10 50 500 -h -ngs' --nproc 8
05/07/2026 02:59:27 AM - kneaddata.utilities - DEBUG: 0
05/07/2026 02:59:27 AM - kneaddata.utilities - DEBUG: Checking output file from trf : /home/jgarrote730/tfg_ckd/cleaned_data/ERR11866174_knead/ERR11866174_1_kneaddata.trimmed.2.fasta.trf.parameters.2.7.7.80.10.50.500.dat
05/07/2026 03:01:01 AM - kneaddata.run - INFO: Total number of sequences with repeats removed from file ( /home/jgarrote730/tfg_ckd/cleaned_data/ERR11866174_knead/ERR11866174_1_kneaddata.trimmed.1.fastq ): 170111
05/07/2026 03:02:32 AM - kneaddata.run - INFO: Total number of sequences with repeats removed from file ( /home/jgarrote730/tfg_ckd/cleaned_data/ERR11866174_knead/ERR11866174_1_kneaddata.trimmed.2.fastq ): 164730
05/07/2026 03:02:39 AM - kneaddata.utilities - DEBUG: Checking input file to trf : /home/jgarrote730/tfg_ckd/cleaned_data/ERR11866174_knead/ERR11866174_1_kneaddata.trimmed.single.1.fasta
05/07/2026 03:02:39 AM - kneaddata.utilities - INFO: Running trf ... 
05/07/2026 03:02:39 AM - kneaddata.utilities - INFO: Execute command: kneaddata_trf_parallel --input /home/jgarrote730/tfg_ckd/cleaned_data/ERR11866174_knead/ERR11866174_1_kneaddata.trimmed.single.1.fasta --output /home/jgarrote730/tfg_ckd/cleaned_data/ERR11866174_knead/ERR11866174_1_kneaddata.trimmed.single.1.fasta.trf.parameters.2.7.7.80.10.50.500.dat --trf-path /home/jgarrote730/miniforge3/envs/env_perfect/bin/trf --trf-options '2 7 7 80 10 50 500 -h -ngs' --nproc 8
05/07/2026 03:02:48 AM - kneaddata.utilities - DEBUG: 0
05/07/2026 03:02:48 AM - kneaddata.utilities - DEBUG: Checking output file from trf : /home/jgarrote730/tfg_ckd/cleaned_data/ERR11866174_knead/ERR11866174_1_kneaddata.trimmed.single.1.fasta.trf.parameters.2.7.7.80.10.50.500.dat
05/07/2026 03:02:49 AM - kneaddata.run - INFO: Total number of sequences with repeats removed from file ( /home/jgarrote730/tfg_ckd/cleaned_data/ERR11866174_knead/ERR11866174_1_kneaddata.trimmed.single.1.fastq ): 3153
05/07/2026 03:02:52 AM - kneaddata.utilities - DEBUG: Checking input file to trf : /home/jgarrote730/tfg_ckd/cleaned_data/ERR11866174_knead/ERR11866174_1_kneaddata.trimmed.single.2.fasta
05/07/2026 03:02:52 AM - kneaddata.utilities - INFO: Running trf ... 
05/07/2026 03:02:52 AM - kneaddata.utilities - INFO: Execute command: kneaddata_trf_parallel --input /home/jgarrote730/tfg_ckd/cleaned_data/ERR11866174_knead/ERR11866174_1_kneaddata.trimmed.single.2.fasta --output /home/jgarrote730/tfg_ckd/cleaned_data/ERR11866174_knead/ERR11866174_1_kneaddata.trimmed.single.2.fasta.trf.parameters.2.7.7.80.10.50.500.dat --trf-path /home/jgarrote730/miniforge3/envs/env_perfect/bin/trf --trf-options '2 7 7 80 10 50 500 -h -ngs' --nproc 8
05/07/2026 03:02:58 AM - kneaddata.utilities - DEBUG: 0
05/07/2026 03:02:58 AM - kneaddata.utilities - DEBUG: Checking output file from trf : /home/jgarrote730/tfg_ckd/cleaned_data/ERR11866174_knead/ERR11866174_1_kneaddata.trimmed.single.2.fasta.trf.parameters.2.7.7.80.10.50.500.dat
05/07/2026 03:02:59 AM - kneaddata.run - INFO: Total number of sequences with repeats removed from file ( /home/jgarrote730/tfg_ckd/cleaned_data/ERR11866174_knead/ERR11866174_1_kneaddata.trimmed.single.2.fastq ): 1939
05/07/2026 03:02:59 AM - kneaddata.run - INFO: Decontaminating ...
05/07/2026 03:02:59 AM - kneaddata.utilities - DEBUG: Checking input file to bowtie2 : /home/jgarrote730/tfg_ckd/cleaned_data/ERR11866174_knead/ERR11866174_1_kneaddata.repeats.removed.1.fastq
05/07/2026 03:02:59 AM - kneaddata.utilities - DEBUG: Checking input file to bowtie2 : /home/jgarrote730/tfg_ckd/cleaned_data/ERR11866174_knead/ERR11866174_1_kneaddata.repeats.removed.2.fastq
05/07/2026 03:02:59 AM - kneaddata.utilities - DEBUG: Checking input file to bowtie2 : /home/jgarrote730/tfg_ckd/cleaned_data/ERR11866174_knead/ERR11866174_1_kneaddata.repeats.removed.unmatched.1.fastq
05/07/2026 03:02:59 AM - kneaddata.utilities - DEBUG: Checking input file to bowtie2 : /home/jgarrote730/tfg_ckd/cleaned_data/ERR11866174_knead/ERR11866174_1_kneaddata.repeats.removed.unmatched.2.fastq
05/07/2026 03:02:59 AM - kneaddata.utilities - INFO: Running bowtie2 ... 
05/07/2026 03:02:59 AM - kneaddata.utilities - INFO: Execute command: kneaddata_bowtie2_discordant_pairs --bowtie2 /home/jgarrote730/miniforge3/envs/env_perfect/bin/bowtie2 --threads 8 -x /home/jgarrote730/db/kneaddata/hg_39 --mode strict --bowtie2-options "--very-sensitive-local --phred33" -1 /home/jgarrote730/tfg_ckd/cleaned_data/ERR11866174_knead/ERR11866174_1_kneaddata.repeats.removed.1.fastq -2 /home/jgarrote730/tfg_ckd/cleaned_data/ERR11866174_knead/ERR11866174_1_kneaddata.repeats.removed.2.fastq --un-pair /home/jgarrote730/tfg_ckd/cleaned_data/ERR11866174_knead/ERR11866174_1_kneaddata_hg_39_bowtie2_paired_clean_%.fastq --al-pair /home/jgarrote730/tfg_ckd/cleaned_data/ERR11866174_knead/ERR11866174_1_kneaddata_hg_39_bowtie2_paired_contam_%.fastq -U /home/jgarrote730/tfg_ckd/cleaned_data/ERR11866174_knead/ERR11866174_1_kneaddata.repeats.removed.unmatched.1.fastq,/home/jgarrote730/tfg_ckd/cleaned_data/ERR11866174_knead/ERR11866174_1_kneaddata.repeats.removed.unmatched.2.fastq --un-single /home/jgarrote730/tfg_ckd/cleaned_data/ERR11866174_knead/ERR11866174_1_kneaddata_hg_39_bowtie2_unmatched_%_clean.fastq --al-single /home/jgarrote730/tfg_ckd/cleaned_data/ERR11866174_knead/ERR11866174_1_kneaddata_hg_39_bowtie2_unmatched_%_contam.fastq -S /dev/null
05/07/2026 03:24:38 AM - kneaddata.utilities - DEBUG: b'[WARNING] Failed to launch x86-64-v3 version, staying with default\n[WARNING] Failed to launch x86-64-v3 version, staying with default\n83123507 reads; of these:\n  83123507 (100.00%) were unpaired; of these:\n    83096396 (99.97%) aligned 0 times\n    15569 (0.02%) aligned exactly 1 time\n    11542 (0.01%) aligned >1 times\n0.03% overall alignment rate\npair1_aligned : 17791\npair2_aligned : 17791\npair1_unaligned : 40840235\npair2_unaligned : 40840235\norphan1_aligned : 456\norphan2_aligned : 380\norphan1_unaligned : 859465\norphan2_unaligned : 547154\n'
05/07/2026 03:24:38 AM - kneaddata.utilities - DEBUG: Checking output file from bowtie2 : /home/jgarrote730/tfg_ckd/cleaned_data/ERR11866174_knead/ERR11866174_1_kneaddata_hg_39_bowtie2_paired_clean_1.fastq
05/07/2026 03:24:38 AM - kneaddata.utilities - DEBUG: Checking output file from bowtie2 : /home/jgarrote730/tfg_ckd/cleaned_data/ERR11866174_knead/ERR11866174_1_kneaddata_hg_39_bowtie2_paired_clean_2.fastq
05/07/2026 03:24:38 AM - kneaddata.run - INFO: Total contaminate sequences in file ( /home/jgarrote730/tfg_ckd/cleaned_data/ERR11866174_knead/ERR11866174_1_kneaddata_hg_39_bowtie2_paired_contam_1.fastq ) : 17791.0
05/07/2026 03:24:38 AM - kneaddata.run - INFO: Total contaminate sequences in file ( /home/jgarrote730/tfg_ckd/cleaned_data/ERR11866174_knead/ERR11866174_1_kneaddata_hg_39_bowtie2_paired_contam_2.fastq ) : 17791.0
05/07/2026 03:24:38 AM - kneaddata.run - INFO: Total contaminate sequences in file ( /home/jgarrote730/tfg_ckd/cleaned_data/ERR11866174_knead/ERR11866174_1_kneaddata_hg_39_bowtie2_unmatched_1_contam.fastq ) : 456.0
05/07/2026 03:24:38 AM - kneaddata.run - INFO: Total contaminate sequences in file ( /home/jgarrote730/tfg_ckd/cleaned_data/ERR11866174_knead/ERR11866174_1_kneaddata_hg_39_bowtie2_unmatched_2_contam.fastq ) : 380.0
05/07/2026 03:24:53 AM - kneaddata.utilities - INFO: READ COUNT: decontaminated hg_39 pair1 : Total reads after removing those found in reference database ( /home/jgarrote730/tfg_ckd/cleaned_data/ERR11866174_knead/ERR11866174_1_kneaddata_hg_39_bowtie2_paired_clean_1.fastq ): 40840235.0
05/07/2026 03:25:08 AM - kneaddata.utilities - INFO: READ COUNT: decontaminated hg_39 pair2 : Total reads after removing those found in reference database ( /home/jgarrote730/tfg_ckd/cleaned_data/ERR11866174_knead/ERR11866174_1_kneaddata_hg_39_bowtie2_paired_clean_2.fastq ): 40840235.0
05/07/2026 03:25:23 AM - kneaddata.utilities - INFO: READ COUNT: final pair1 : Total reads after merging results from multiple databases ( /home/jgarrote730/tfg_ckd/cleaned_data/ERR11866174_knead/ERR11866174_1_kneaddata_paired_1.fastq ): 40840235.0
05/07/2026 03:25:38 AM - kneaddata.utilities - INFO: READ COUNT: final pair2 : Total reads after merging results from multiple databases ( /home/jgarrote730/tfg_ckd/cleaned_data/ERR11866174_knead/ERR11866174_1_kneaddata_paired_2.fastq ): 40840235.0
05/07/2026 03:25:38 AM - kneaddata.utilities - WARNING: Unable to remove file: /home/jgarrote730/tfg_ckd/cleaned_data/ERR11866174_knead/ERR11866174_1_kneaddata_hg_39_bowtie2_paired_clean_1.fastq
05/07/2026 03:25:38 AM - kneaddata.utilities - WARNING: Unable to remove file: /home/jgarrote730/tfg_ckd/cleaned_data/ERR11866174_knead/ERR11866174_1_kneaddata_hg_39_bowtie2_paired_clean_2.fastq
05/07/2026 03:25:38 AM - kneaddata.utilities - INFO: READ COUNT: decontaminated hg_39 orphan1 : Total reads after removing those found in reference database ( /home/jgarrote730/tfg_ckd/cleaned_data/ERR11866174_knead/ERR11866174_1_kneaddata_hg_39_bowtie2_unmatched_1_clean.fastq ): 859465.0
05/07/2026 03:25:39 AM - kneaddata.utilities - INFO: READ COUNT: final orphan1 : Total reads after merging results from multiple databases ( /home/jgarrote730/tfg_ckd/cleaned_data/ERR11866174_knead/ERR11866174_1_kneaddata_unmatched_1.fastq ): 859465.0
05/07/2026 03:25:39 AM - kneaddata.utilities - WARNING: Unable to remove file: /home/jgarrote730/tfg_ckd/cleaned_data/ERR11866174_knead/ERR11866174_1_kneaddata_hg_39_bowtie2_unmatched_1_clean.fastq
05/07/2026 03:25:39 AM - kneaddata.utilities - INFO: READ COUNT: decontaminated hg_39 orphan2 : Total reads after removing those found in reference database ( /home/jgarrote730/tfg_ckd/cleaned_data/ERR11866174_knead/ERR11866174_1_kneaddata_hg_39_bowtie2_unmatched_2_clean.fastq ): 547154.0
05/07/2026 03:25:39 AM - kneaddata.utilities - INFO: READ COUNT: final orphan2 : Total reads after merging results from multiple databases ( /home/jgarrote730/tfg_ckd/cleaned_data/ERR11866174_knead/ERR11866174_1_kneaddata_unmatched_2.fastq ): 547154.0
05/07/2026 03:25:39 AM - kneaddata.utilities - WARNING: Unable to remove file: /home/jgarrote730/tfg_ckd/cleaned_data/ERR11866174_knead/ERR11866174_1_kneaddata_hg_39_bowtie2_unmatched_2_clean.fastq
05/07/2026 03:25:42 AM - kneaddata.knead_data - INFO: 
Final output files created: 
/home/jgarrote730/tfg_ckd/cleaned_data/ERR11866174_knead/ERR11866174_1_kneaddata_paired_1.fastq
/home/jgarrote730/tfg_ckd/cleaned_data/ERR11866174_knead/ERR11866174_1_kneaddata_paired_2.fastq
/home/jgarrote730/tfg_ckd/cleaned_data/ERR11866174_knead/ERR11866174_1_kneaddata_unmatched_1.fastq
/home/jgarrote730/tfg_ckd/cleaned_data/ERR11866174_knead/ERR11866174_1_kneaddata_unmatched_2.fastq

