05/02/2026 10:50:02 AM - kneaddata.knead_data - INFO: Running kneaddata v0.12.4
05/02/2026 10:50:02 AM - kneaddata.knead_data - INFO: Output files will be written to: /home/humann2/tfg_ckd/cleaned_data/ERR11869413_knead
05/02/2026 10:50:02 AM - kneaddata.knead_data - DEBUG: Running with the following arguments: 
verbose = False
input1 = /home/humann2/tfg_ckd/raw_data/ERR11869413_1.fastq.gz
input2 = /home/humann2/tfg_ckd/raw_data/ERR11869413_2.fastq.gz
unpaired = None
output_dir = /home/humann2/tfg_ckd/cleaned_data/ERR11869413_knead
scratch_dir = 
reference_db = /home/humann2/db/kneaddata/hg_39
bypass_trim = False
output_prefix = ERR11869413_1_kneaddata
threads = 8
processes = 1
trimmomatic_quality_scores = -phred33
bmtagger = False
bypass_trf = False
run_trf = False
fastqc_start = False
fastqc_end = False
store_temp_output = False
remove_intermediate_output = True
cat_final_output = False
log_level = DEBUG
log = /home/humann2/tfg_ckd/cleaned_data/ERR11869413_knead/ERR11869413_1_kneaddata.log
trimmomatic_path = /home/humann2/miniforge3/envs/env_perfect/bin/trimmomatic
run_trim_repetitive = False
max_memory = 500m
trimmomatic_options = None
sequencer_source = NexteraPE
bowtie2_path = /home/humann2/miniforge3/envs/env_perfect/bin/bowtie2
bowtie2_options = --very-sensitive-local --phred33
decontaminate_pairs = strict
reorder = False
serial = True
bmtagger_path = None
trf_path = /home/humann2/miniforge3/envs/env_perfect/bin/trf
match = 2
mismatch = 7
delta = 7
pm = 80
pi = 10
minscore = 50
maxperiod = 500
fastqc_path = None
remove_temp_output = True
input = /home/humann2/tfg_ckd/raw_data/ERR11869413_1.fastq.gz /home/humann2/tfg_ckd/raw_data/ERR11869413_2.fastq.gz
discordant = True

05/02/2026 10:50:02 AM - kneaddata.utilities - INFO: Decompressing gzipped file ...
05/02/2026 10:50:41 AM - kneaddata.utilities - INFO: Decompressed file created: /home/humann2/tfg_ckd/cleaned_data/ERR11869413_knead/decompressed_yu4q1kj8_ERR11869413_1.fastq
05/02/2026 10:50:41 AM - kneaddata.utilities - INFO: Decompressing gzipped file ...
05/02/2026 10:51:18 AM - kneaddata.utilities - INFO: Decompressed file created: /home/humann2/tfg_ckd/cleaned_data/ERR11869413_knead/decompressed_nnpex97s_ERR11869413_2.fastq
05/02/2026 10:51:18 AM - kneaddata.utilities - INFO: Reformatting file sequence identifiers ...
05/02/2026 10:52:02 AM - kneaddata.utilities - INFO: Reformatting file sequence identifiers ...
05/02/2026 10:52:49 AM - kneaddata.utilities - INFO: READ COUNT: raw pair1 : Initial number of reads ( /home/humann2/tfg_ckd/cleaned_data/ERR11869413_knead/reformatted_identifiersxgvjjnse_decompressed_yu4q1kj8_ERR11869413_1.fastq ): 6709708.0
05/02/2026 10:52:53 AM - kneaddata.utilities - INFO: READ COUNT: raw pair2 : Initial number of reads ( /home/humann2/tfg_ckd/cleaned_data/ERR11869413_knead/reformatted_identifiers7wjmddgq_decompressed_nnpex97s_ERR11869413_2.fastq ): 6709708.0
05/02/2026 10:52:53 AM - kneaddata.utilities - DEBUG: Checking input file to Trimmomatic : /home/humann2/tfg_ckd/cleaned_data/ERR11869413_knead/reformatted_identifiersxgvjjnse_decompressed_yu4q1kj8_ERR11869413_1.fastq
05/02/2026 10:52:53 AM - kneaddata.utilities - DEBUG: Checking input file to Trimmomatic : /home/humann2/tfg_ckd/cleaned_data/ERR11869413_knead/reformatted_identifiers7wjmddgq_decompressed_nnpex97s_ERR11869413_2.fastq
05/02/2026 10:52:53 AM - kneaddata.utilities - INFO: Running Trimmomatic ... 
05/02/2026 10:52:53 AM - kneaddata.utilities - INFO: Execute command: /home/humann2/miniforge3/envs/env_perfect/bin/trimmomatic PE -threads 8 -phred33 /home/humann2/tfg_ckd/cleaned_data/ERR11869413_knead/reformatted_identifiersxgvjjnse_decompressed_yu4q1kj8_ERR11869413_1.fastq /home/humann2/tfg_ckd/cleaned_data/ERR11869413_knead/reformatted_identifiers7wjmddgq_decompressed_nnpex97s_ERR11869413_2.fastq /home/humann2/tfg_ckd/cleaned_data/ERR11869413_knead/ERR11869413_1_kneaddata.trimmed.1.fastq /home/humann2/tfg_ckd/cleaned_data/ERR11869413_knead/ERR11869413_1_kneaddata.trimmed.single.1.fastq /home/humann2/tfg_ckd/cleaned_data/ERR11869413_knead/ERR11869413_1_kneaddata.trimmed.2.fastq /home/humann2/tfg_ckd/cleaned_data/ERR11869413_knead/ERR11869413_1_kneaddata.trimmed.single.2.fastq MINLEN:60 ILLUMINACLIP:/home/humann2/miniforge3/envs/env_perfect/lib/python3.9/site-packages/kneaddata/adapters/NexteraPE-PE.fa:2:30:10:8:TRUE SLIDINGWINDOW:4:20 MINLEN:75
05/02/2026 10:53:32 AM - kneaddata.utilities - DEBUG: b"TrimmomaticPE: Started with arguments:\n -threads 8 -phred33 /home/humann2/tfg_ckd/cleaned_data/ERR11869413_knead/reformatted_identifiersxgvjjnse_decompressed_yu4q1kj8_ERR11869413_1.fastq /home/humann2/tfg_ckd/cleaned_data/ERR11869413_knead/reformatted_identifiers7wjmddgq_decompressed_nnpex97s_ERR11869413_2.fastq /home/humann2/tfg_ckd/cleaned_data/ERR11869413_knead/ERR11869413_1_kneaddata.trimmed.1.fastq /home/humann2/tfg_ckd/cleaned_data/ERR11869413_knead/ERR11869413_1_kneaddata.trimmed.single.1.fastq /home/humann2/tfg_ckd/cleaned_data/ERR11869413_knead/ERR11869413_1_kneaddata.trimmed.2.fastq /home/humann2/tfg_ckd/cleaned_data/ERR11869413_knead/ERR11869413_1_kneaddata.trimmed.single.2.fastq MINLEN:60 ILLUMINACLIP:/home/humann2/miniforge3/envs/env_perfect/lib/python3.9/site-packages/kneaddata/adapters/NexteraPE-PE.fa:2:30:10:8:TRUE SLIDINGWINDOW:4:20 MINLEN:75\nILLUMINACLIP: Using adapter file from user-specified absolute path: /home/humann2/miniforge3/envs/env_perfect/lib/python3.9/site-packages/kneaddata/adapters/NexteraPE-PE.fa\nUsing PrefixPair: 'AGATGTGTATAAGAGACAG' and 'AGATGTGTATAAGAGACAG'\nUsing Long Clipping Sequence: 'GTCTCGTGGGCTCGGAGATGTGTATAAGAGACAG'\nUsing Long Clipping Sequence: 'TCGTCGGCAGCGTCAGATGTGTATAAGAGACAG'\nUsing Long Clipping Sequence: 'CTGTCTCTTATACACATCTCCGAGCCCACGAGAC'\nUsing Long Clipping Sequence: 'CTGTCTCTTATACACATCTGACGCTGCCGACGA'\nILLUMINACLIP: Using 1 prefix pairs, 4 forward/reverse sequences, 0 forward only sequences, 0 reverse only sequences\nInput Read Pairs: 6709708 Both Surviving: 6454629 (96.20%) Forward Only Surviving: 94054 (1.40%) Reverse Only Surviving: 110830 (1.65%) Dropped: 50195 (0.75%)\nTrimmomaticPE: Completed successfully\n"
05/02/2026 10:53:32 AM - kneaddata.utilities - DEBUG: Checking output file from Trimmomatic : /home/humann2/tfg_ckd/cleaned_data/ERR11869413_knead/ERR11869413_1_kneaddata.trimmed.1.fastq
05/02/2026 10:53:32 AM - kneaddata.utilities - DEBUG: Checking output file from Trimmomatic : /home/humann2/tfg_ckd/cleaned_data/ERR11869413_knead/ERR11869413_1_kneaddata.trimmed.single.1.fastq
05/02/2026 10:53:32 AM - kneaddata.utilities - DEBUG: Checking output file from Trimmomatic : /home/humann2/tfg_ckd/cleaned_data/ERR11869413_knead/ERR11869413_1_kneaddata.trimmed.2.fastq
05/02/2026 10:53:32 AM - kneaddata.utilities - DEBUG: Checking output file from Trimmomatic : /home/humann2/tfg_ckd/cleaned_data/ERR11869413_knead/ERR11869413_1_kneaddata.trimmed.single.2.fastq
05/02/2026 10:53:36 AM - kneaddata.utilities - INFO: READ COUNT: trimmed pair1 : Total reads after trimming ( /home/humann2/tfg_ckd/cleaned_data/ERR11869413_knead/ERR11869413_1_kneaddata.trimmed.1.fastq ): 6454629.0
05/02/2026 10:53:40 AM - kneaddata.utilities - INFO: READ COUNT: trimmed pair2 : Total reads after trimming ( /home/humann2/tfg_ckd/cleaned_data/ERR11869413_knead/ERR11869413_1_kneaddata.trimmed.2.fastq ): 6454629.0
05/02/2026 10:53:40 AM - kneaddata.utilities - INFO: READ COUNT: trimmed orphan1 : Total reads after trimming ( /home/humann2/tfg_ckd/cleaned_data/ERR11869413_knead/ERR11869413_1_kneaddata.trimmed.single.1.fastq ): 94054.0
05/02/2026 10:53:40 AM - kneaddata.utilities - INFO: READ COUNT: trimmed orphan2 : Total reads after trimming ( /home/humann2/tfg_ckd/cleaned_data/ERR11869413_knead/ERR11869413_1_kneaddata.trimmed.single.2.fastq ): 110830.0
05/02/2026 10:56:35 AM - kneaddata.utilities - DEBUG: Checking input file to trf : /home/humann2/tfg_ckd/cleaned_data/ERR11869413_knead/ERR11869413_1_kneaddata.trimmed.1.fasta
05/02/2026 10:56:35 AM - kneaddata.utilities - INFO: Running trf ... 
05/02/2026 10:56:35 AM - kneaddata.utilities - INFO: Execute command: kneaddata_trf_parallel --input /home/humann2/tfg_ckd/cleaned_data/ERR11869413_knead/ERR11869413_1_kneaddata.trimmed.1.fasta --output /home/humann2/tfg_ckd/cleaned_data/ERR11869413_knead/ERR11869413_1_kneaddata.trimmed.1.fasta.trf.parameters.2.7.7.80.10.50.500.dat --trf-path /home/humann2/miniforge3/envs/env_perfect/bin/trf --trf-options '2 7 7 80 10 50 500 -h -ngs' --nproc 8
05/02/2026 10:58:58 AM - kneaddata.utilities - DEBUG: 0
05/02/2026 10:58:58 AM - kneaddata.utilities - DEBUG: Checking output file from trf : /home/humann2/tfg_ckd/cleaned_data/ERR11869413_knead/ERR11869413_1_kneaddata.trimmed.1.fasta.trf.parameters.2.7.7.80.10.50.500.dat
05/02/2026 10:58:58 AM - kneaddata.utilities - DEBUG: Checking input file to trf : /home/humann2/tfg_ckd/cleaned_data/ERR11869413_knead/ERR11869413_1_kneaddata.trimmed.2.fasta
05/02/2026 10:58:58 AM - kneaddata.utilities - INFO: Running trf ... 
05/02/2026 10:58:58 AM - kneaddata.utilities - INFO: Execute command: kneaddata_trf_parallel --input /home/humann2/tfg_ckd/cleaned_data/ERR11869413_knead/ERR11869413_1_kneaddata.trimmed.2.fasta --output /home/humann2/tfg_ckd/cleaned_data/ERR11869413_knead/ERR11869413_1_kneaddata.trimmed.2.fasta.trf.parameters.2.7.7.80.10.50.500.dat --trf-path /home/humann2/miniforge3/envs/env_perfect/bin/trf --trf-options '2 7 7 80 10 50 500 -h -ngs' --nproc 8
05/02/2026 11:01:21 AM - kneaddata.utilities - DEBUG: 0
05/02/2026 11:01:21 AM - kneaddata.utilities - DEBUG: Checking output file from trf : /home/humann2/tfg_ckd/cleaned_data/ERR11869413_knead/ERR11869413_1_kneaddata.trimmed.2.fasta.trf.parameters.2.7.7.80.10.50.500.dat
05/02/2026 11:01:37 AM - kneaddata.run - INFO: Total number of sequences with repeats removed from file ( /home/humann2/tfg_ckd/cleaned_data/ERR11869413_knead/ERR11869413_1_kneaddata.trimmed.1.fastq ): 27155
05/02/2026 11:01:50 AM - kneaddata.run - INFO: Total number of sequences with repeats removed from file ( /home/humann2/tfg_ckd/cleaned_data/ERR11869413_knead/ERR11869413_1_kneaddata.trimmed.2.fastq ): 26926
05/02/2026 11:01:52 AM - kneaddata.utilities - DEBUG: Checking input file to trf : /home/humann2/tfg_ckd/cleaned_data/ERR11869413_knead/ERR11869413_1_kneaddata.trimmed.single.1.fasta
05/02/2026 11:01:52 AM - kneaddata.utilities - INFO: Running trf ... 
05/02/2026 11:01:52 AM - kneaddata.utilities - INFO: Execute command: kneaddata_trf_parallel --input /home/humann2/tfg_ckd/cleaned_data/ERR11869413_knead/ERR11869413_1_kneaddata.trimmed.single.1.fasta --output /home/humann2/tfg_ckd/cleaned_data/ERR11869413_knead/ERR11869413_1_kneaddata.trimmed.single.1.fasta.trf.parameters.2.7.7.80.10.50.500.dat --trf-path /home/humann2/miniforge3/envs/env_perfect/bin/trf --trf-options '2 7 7 80 10 50 500 -h -ngs' --nproc 8
05/02/2026 11:01:54 AM - kneaddata.utilities - DEBUG: 0
05/02/2026 11:01:54 AM - kneaddata.utilities - DEBUG: Checking output file from trf : /home/humann2/tfg_ckd/cleaned_data/ERR11869413_knead/ERR11869413_1_kneaddata.trimmed.single.1.fasta.trf.parameters.2.7.7.80.10.50.500.dat
05/02/2026 11:01:54 AM - kneaddata.run - INFO: Total number of sequences with repeats removed from file ( /home/humann2/tfg_ckd/cleaned_data/ERR11869413_knead/ERR11869413_1_kneaddata.trimmed.single.1.fastq ): 419
05/02/2026 11:01:56 AM - kneaddata.utilities - DEBUG: Checking input file to trf : /home/humann2/tfg_ckd/cleaned_data/ERR11869413_knead/ERR11869413_1_kneaddata.trimmed.single.2.fasta
05/02/2026 11:01:56 AM - kneaddata.utilities - INFO: Running trf ... 
05/02/2026 11:01:56 AM - kneaddata.utilities - INFO: Execute command: kneaddata_trf_parallel --input /home/humann2/tfg_ckd/cleaned_data/ERR11869413_knead/ERR11869413_1_kneaddata.trimmed.single.2.fasta --output /home/humann2/tfg_ckd/cleaned_data/ERR11869413_knead/ERR11869413_1_kneaddata.trimmed.single.2.fasta.trf.parameters.2.7.7.80.10.50.500.dat --trf-path /home/humann2/miniforge3/envs/env_perfect/bin/trf --trf-options '2 7 7 80 10 50 500 -h -ngs' --nproc 8
05/02/2026 11:01:58 AM - kneaddata.utilities - DEBUG: 0
05/02/2026 11:01:58 AM - kneaddata.utilities - DEBUG: Checking output file from trf : /home/humann2/tfg_ckd/cleaned_data/ERR11869413_knead/ERR11869413_1_kneaddata.trimmed.single.2.fasta.trf.parameters.2.7.7.80.10.50.500.dat
05/02/2026 11:01:59 AM - kneaddata.run - INFO: Total number of sequences with repeats removed from file ( /home/humann2/tfg_ckd/cleaned_data/ERR11869413_knead/ERR11869413_1_kneaddata.trimmed.single.2.fastq ): 598
05/02/2026 11:01:59 AM - kneaddata.run - INFO: Decontaminating ...
05/02/2026 11:01:59 AM - kneaddata.utilities - DEBUG: Checking input file to bowtie2 : /home/humann2/tfg_ckd/cleaned_data/ERR11869413_knead/ERR11869413_1_kneaddata.repeats.removed.1.fastq
05/02/2026 11:01:59 AM - kneaddata.utilities - DEBUG: Checking input file to bowtie2 : /home/humann2/tfg_ckd/cleaned_data/ERR11869413_knead/ERR11869413_1_kneaddata.repeats.removed.2.fastq
05/02/2026 11:01:59 AM - kneaddata.utilities - DEBUG: Checking input file to bowtie2 : /home/humann2/tfg_ckd/cleaned_data/ERR11869413_knead/ERR11869413_1_kneaddata.repeats.removed.unmatched.1.fastq
05/02/2026 11:01:59 AM - kneaddata.utilities - DEBUG: Checking input file to bowtie2 : /home/humann2/tfg_ckd/cleaned_data/ERR11869413_knead/ERR11869413_1_kneaddata.repeats.removed.unmatched.2.fastq
05/02/2026 11:01:59 AM - kneaddata.utilities - INFO: Running bowtie2 ... 
05/02/2026 11:01:59 AM - kneaddata.utilities - INFO: Execute command: kneaddata_bowtie2_discordant_pairs --bowtie2 /home/humann2/miniforge3/envs/env_perfect/bin/bowtie2 --threads 8 -x /home/humann2/db/kneaddata/hg_39 --mode strict --bowtie2-options "--very-sensitive-local --phred33" -1 /home/humann2/tfg_ckd/cleaned_data/ERR11869413_knead/ERR11869413_1_kneaddata.repeats.removed.1.fastq -2 /home/humann2/tfg_ckd/cleaned_data/ERR11869413_knead/ERR11869413_1_kneaddata.repeats.removed.2.fastq --un-pair /home/humann2/tfg_ckd/cleaned_data/ERR11869413_knead/ERR11869413_1_kneaddata_hg_39_bowtie2_paired_clean_%.fastq --al-pair /home/humann2/tfg_ckd/cleaned_data/ERR11869413_knead/ERR11869413_1_kneaddata_hg_39_bowtie2_paired_contam_%.fastq -U /home/humann2/tfg_ckd/cleaned_data/ERR11869413_knead/ERR11869413_1_kneaddata.repeats.removed.unmatched.1.fastq,/home/humann2/tfg_ckd/cleaned_data/ERR11869413_knead/ERR11869413_1_kneaddata.repeats.removed.unmatched.2.fastq --un-single /home/humann2/tfg_ckd/cleaned_data/ERR11869413_knead/ERR11869413_1_kneaddata_hg_39_bowtie2_unmatched_%_clean.fastq --al-single /home/humann2/tfg_ckd/cleaned_data/ERR11869413_knead/ERR11869413_1_kneaddata_hg_39_bowtie2_unmatched_%_contam.fastq -S /dev/null
05/02/2026 11:08:09 AM - kneaddata.utilities - DEBUG: b'13059044 reads; of these:\n  13059044 (100.00%) were unpaired; of these:\n    12997469 (99.53%) aligned 0 times\n    50440 (0.39%) aligned exactly 1 time\n    11135 (0.09%) aligned >1 times\n0.47% overall alignment rate\npair1_aligned : 55403\npair2_aligned : 55403\npair1_unaligned : 6348301\npair2_unaligned : 6348301\norphan1_aligned : 1207\norphan2_aligned : 1175\norphan1_unaligned : 116198\norphan2_unaligned : 133056\n'
05/02/2026 11:08:09 AM - kneaddata.utilities - DEBUG: Checking output file from bowtie2 : /home/humann2/tfg_ckd/cleaned_data/ERR11869413_knead/ERR11869413_1_kneaddata_hg_39_bowtie2_paired_clean_1.fastq
05/02/2026 11:08:09 AM - kneaddata.utilities - DEBUG: Checking output file from bowtie2 : /home/humann2/tfg_ckd/cleaned_data/ERR11869413_knead/ERR11869413_1_kneaddata_hg_39_bowtie2_paired_clean_2.fastq
05/02/2026 11:08:09 AM - kneaddata.run - INFO: Total contaminate sequences in file ( /home/humann2/tfg_ckd/cleaned_data/ERR11869413_knead/ERR11869413_1_kneaddata_hg_39_bowtie2_paired_contam_1.fastq ) : 55403.0
05/02/2026 11:08:09 AM - kneaddata.run - INFO: Total contaminate sequences in file ( /home/humann2/tfg_ckd/cleaned_data/ERR11869413_knead/ERR11869413_1_kneaddata_hg_39_bowtie2_paired_contam_2.fastq ) : 55403.0
05/02/2026 11:08:09 AM - kneaddata.run - INFO: Total contaminate sequences in file ( /home/humann2/tfg_ckd/cleaned_data/ERR11869413_knead/ERR11869413_1_kneaddata_hg_39_bowtie2_unmatched_1_contam.fastq ) : 1207.0
05/02/2026 11:08:09 AM - kneaddata.run - INFO: Total contaminate sequences in file ( /home/humann2/tfg_ckd/cleaned_data/ERR11869413_knead/ERR11869413_1_kneaddata_hg_39_bowtie2_unmatched_2_contam.fastq ) : 1175.0
05/02/2026 11:08:13 AM - kneaddata.utilities - INFO: READ COUNT: decontaminated hg_39 pair1 : Total reads after removing those found in reference database ( /home/humann2/tfg_ckd/cleaned_data/ERR11869413_knead/ERR11869413_1_kneaddata_hg_39_bowtie2_paired_clean_1.fastq ): 6348301.0
05/02/2026 11:08:17 AM - kneaddata.utilities - INFO: READ COUNT: decontaminated hg_39 pair2 : Total reads after removing those found in reference database ( /home/humann2/tfg_ckd/cleaned_data/ERR11869413_knead/ERR11869413_1_kneaddata_hg_39_bowtie2_paired_clean_2.fastq ): 6348301.0
05/02/2026 11:08:21 AM - kneaddata.utilities - INFO: READ COUNT: final pair1 : Total reads after merging results from multiple databases ( /home/humann2/tfg_ckd/cleaned_data/ERR11869413_knead/ERR11869413_1_kneaddata_paired_1.fastq ): 6348301.0
05/02/2026 11:08:24 AM - kneaddata.utilities - INFO: READ COUNT: final pair2 : Total reads after merging results from multiple databases ( /home/humann2/tfg_ckd/cleaned_data/ERR11869413_knead/ERR11869413_1_kneaddata_paired_2.fastq ): 6348301.0
05/02/2026 11:08:24 AM - kneaddata.utilities - WARNING: Unable to remove file: /home/humann2/tfg_ckd/cleaned_data/ERR11869413_knead/ERR11869413_1_kneaddata_hg_39_bowtie2_paired_clean_1.fastq
05/02/2026 11:08:24 AM - kneaddata.utilities - WARNING: Unable to remove file: /home/humann2/tfg_ckd/cleaned_data/ERR11869413_knead/ERR11869413_1_kneaddata_hg_39_bowtie2_paired_clean_2.fastq
05/02/2026 11:08:24 AM - kneaddata.utilities - INFO: READ COUNT: decontaminated hg_39 orphan1 : Total reads after removing those found in reference database ( /home/humann2/tfg_ckd/cleaned_data/ERR11869413_knead/ERR11869413_1_kneaddata_hg_39_bowtie2_unmatched_1_clean.fastq ): 116198.0
05/02/2026 11:08:24 AM - kneaddata.utilities - INFO: READ COUNT: final orphan1 : Total reads after merging results from multiple databases ( /home/humann2/tfg_ckd/cleaned_data/ERR11869413_knead/ERR11869413_1_kneaddata_unmatched_1.fastq ): 116198.0
05/02/2026 11:08:24 AM - kneaddata.utilities - WARNING: Unable to remove file: /home/humann2/tfg_ckd/cleaned_data/ERR11869413_knead/ERR11869413_1_kneaddata_hg_39_bowtie2_unmatched_1_clean.fastq
05/02/2026 11:08:25 AM - kneaddata.utilities - INFO: READ COUNT: decontaminated hg_39 orphan2 : Total reads after removing those found in reference database ( /home/humann2/tfg_ckd/cleaned_data/ERR11869413_knead/ERR11869413_1_kneaddata_hg_39_bowtie2_unmatched_2_clean.fastq ): 133056.0
05/02/2026 11:08:25 AM - kneaddata.utilities - INFO: READ COUNT: final orphan2 : Total reads after merging results from multiple databases ( /home/humann2/tfg_ckd/cleaned_data/ERR11869413_knead/ERR11869413_1_kneaddata_unmatched_2.fastq ): 133056.0
05/02/2026 11:08:25 AM - kneaddata.utilities - WARNING: Unable to remove file: /home/humann2/tfg_ckd/cleaned_data/ERR11869413_knead/ERR11869413_1_kneaddata_hg_39_bowtie2_unmatched_2_clean.fastq
05/02/2026 11:08:26 AM - kneaddata.knead_data - INFO: 
Final output files created: 
/home/humann2/tfg_ckd/cleaned_data/ERR11869413_knead/ERR11869413_1_kneaddata_paired_1.fastq
/home/humann2/tfg_ckd/cleaned_data/ERR11869413_knead/ERR11869413_1_kneaddata_paired_2.fastq
/home/humann2/tfg_ckd/cleaned_data/ERR11869413_knead/ERR11869413_1_kneaddata_unmatched_1.fastq
/home/humann2/tfg_ckd/cleaned_data/ERR11869413_knead/ERR11869413_1_kneaddata_unmatched_2.fastq

