04/28/2026 05:42:17 AM - kneaddata.knead_data - INFO: Running kneaddata v0.12.4
04/28/2026 05:42:17 AM - kneaddata.knead_data - INFO: Output files will be written to: /home/jgarrote730/tfg_ckd/cleaned_data/ERR11869407_knead
04/28/2026 05:42:17 AM - kneaddata.knead_data - DEBUG: Running with the following arguments: 
verbose = False
input1 = /home/jgarrote730/tfg_ckd/raw_data/ERR11869407_1.fastq.gz
input2 = /home/jgarrote730/tfg_ckd/raw_data/ERR11869407_2.fastq.gz
unpaired = None
output_dir = /home/jgarrote730/tfg_ckd/cleaned_data/ERR11869407_knead
scratch_dir = 
reference_db = /home/jgarrote730/db/kneaddata/hg_39
bypass_trim = False
output_prefix = ERR11869407_1_kneaddata
threads = 8
processes = 1
trimmomatic_quality_scores = -phred33
bmtagger = False
bypass_trf = False
run_trf = False
fastqc_start = False
fastqc_end = False
store_temp_output = False
remove_intermediate_output = True
cat_final_output = False
log_level = DEBUG
log = /home/jgarrote730/tfg_ckd/cleaned_data/ERR11869407_knead/ERR11869407_1_kneaddata.log
trimmomatic_path = /home/jgarrote730/miniforge3/envs/env_perfect/bin/trimmomatic
run_trim_repetitive = False
max_memory = 500m
trimmomatic_options = None
sequencer_source = NexteraPE
bowtie2_path = /home/jgarrote730/miniforge3/envs/env_perfect/bin/bowtie2
bowtie2_options = --very-sensitive-local --phred33
decontaminate_pairs = strict
reorder = False
serial = True
bmtagger_path = None
trf_path = /home/jgarrote730/miniforge3/envs/env_perfect/bin/trf
match = 2
mismatch = 7
delta = 7
pm = 80
pi = 10
minscore = 50
maxperiod = 500
fastqc_path = None
remove_temp_output = True
input = /home/jgarrote730/tfg_ckd/raw_data/ERR11869407_1.fastq.gz /home/jgarrote730/tfg_ckd/raw_data/ERR11869407_2.fastq.gz
discordant = True

04/28/2026 05:42:17 AM - kneaddata.utilities - INFO: Decompressing gzipped file ...
04/28/2026 05:42:40 AM - kneaddata.utilities - INFO: Decompressed file created: /home/jgarrote730/tfg_ckd/cleaned_data/ERR11869407_knead/decompressed_7sefh7ev_ERR11869407_1.fastq
04/28/2026 05:42:40 AM - kneaddata.utilities - INFO: Decompressing gzipped file ...
04/28/2026 05:43:05 AM - kneaddata.utilities - INFO: Decompressed file created: /home/jgarrote730/tfg_ckd/cleaned_data/ERR11869407_knead/decompressed_lk_mhnvw_ERR11869407_2.fastq
04/28/2026 05:43:05 AM - kneaddata.utilities - INFO: Reformatting file sequence identifiers ...
04/28/2026 05:43:36 AM - kneaddata.utilities - INFO: Reformatting file sequence identifiers ...
04/28/2026 05:44:15 AM - kneaddata.utilities - INFO: READ COUNT: raw pair1 : Initial number of reads ( /home/jgarrote730/tfg_ckd/cleaned_data/ERR11869407_knead/reformatted_identifiersrxzyp0l7_decompressed_7sefh7ev_ERR11869407_1.fastq ): 8952341.0
04/28/2026 05:44:18 AM - kneaddata.utilities - INFO: READ COUNT: raw pair2 : Initial number of reads ( /home/jgarrote730/tfg_ckd/cleaned_data/ERR11869407_knead/reformatted_identifiersz3qlpon5_decompressed_lk_mhnvw_ERR11869407_2.fastq ): 8952341.0
04/28/2026 05:44:18 AM - kneaddata.utilities - DEBUG: Checking input file to Trimmomatic : /home/jgarrote730/tfg_ckd/cleaned_data/ERR11869407_knead/reformatted_identifiersrxzyp0l7_decompressed_7sefh7ev_ERR11869407_1.fastq
04/28/2026 05:44:18 AM - kneaddata.utilities - DEBUG: Checking input file to Trimmomatic : /home/jgarrote730/tfg_ckd/cleaned_data/ERR11869407_knead/reformatted_identifiersz3qlpon5_decompressed_lk_mhnvw_ERR11869407_2.fastq
04/28/2026 05:44:18 AM - kneaddata.utilities - INFO: Running Trimmomatic ... 
04/28/2026 05:44:18 AM - kneaddata.utilities - INFO: Execute command: /home/jgarrote730/miniforge3/envs/env_perfect/bin/trimmomatic PE -threads 8 -phred33 /home/jgarrote730/tfg_ckd/cleaned_data/ERR11869407_knead/reformatted_identifiersrxzyp0l7_decompressed_7sefh7ev_ERR11869407_1.fastq /home/jgarrote730/tfg_ckd/cleaned_data/ERR11869407_knead/reformatted_identifiersz3qlpon5_decompressed_lk_mhnvw_ERR11869407_2.fastq /home/jgarrote730/tfg_ckd/cleaned_data/ERR11869407_knead/ERR11869407_1_kneaddata.trimmed.1.fastq /home/jgarrote730/tfg_ckd/cleaned_data/ERR11869407_knead/ERR11869407_1_kneaddata.trimmed.single.1.fastq /home/jgarrote730/tfg_ckd/cleaned_data/ERR11869407_knead/ERR11869407_1_kneaddata.trimmed.2.fastq /home/jgarrote730/tfg_ckd/cleaned_data/ERR11869407_knead/ERR11869407_1_kneaddata.trimmed.single.2.fastq MINLEN:60 ILLUMINACLIP:/home/jgarrote730/miniforge3/envs/env_perfect/lib/python3.9/site-packages/kneaddata/adapters/NexteraPE-PE.fa:2:30:10:8:TRUE SLIDINGWINDOW:4:20 MINLEN:75
04/28/2026 05:45:00 AM - kneaddata.utilities - DEBUG: b"TrimmomaticPE: Started with arguments:\n -threads 8 -phred33 /home/jgarrote730/tfg_ckd/cleaned_data/ERR11869407_knead/reformatted_identifiersrxzyp0l7_decompressed_7sefh7ev_ERR11869407_1.fastq /home/jgarrote730/tfg_ckd/cleaned_data/ERR11869407_knead/reformatted_identifiersz3qlpon5_decompressed_lk_mhnvw_ERR11869407_2.fastq /home/jgarrote730/tfg_ckd/cleaned_data/ERR11869407_knead/ERR11869407_1_kneaddata.trimmed.1.fastq /home/jgarrote730/tfg_ckd/cleaned_data/ERR11869407_knead/ERR11869407_1_kneaddata.trimmed.single.1.fastq /home/jgarrote730/tfg_ckd/cleaned_data/ERR11869407_knead/ERR11869407_1_kneaddata.trimmed.2.fastq /home/jgarrote730/tfg_ckd/cleaned_data/ERR11869407_knead/ERR11869407_1_kneaddata.trimmed.single.2.fastq MINLEN:60 ILLUMINACLIP:/home/jgarrote730/miniforge3/envs/env_perfect/lib/python3.9/site-packages/kneaddata/adapters/NexteraPE-PE.fa:2:30:10:8:TRUE SLIDINGWINDOW:4:20 MINLEN:75\nILLUMINACLIP: Using adapter file from user-specified absolute path: /home/jgarrote730/miniforge3/envs/env_perfect/lib/python3.9/site-packages/kneaddata/adapters/NexteraPE-PE.fa\nUsing PrefixPair: 'AGATGTGTATAAGAGACAG' and 'AGATGTGTATAAGAGACAG'\nUsing Long Clipping Sequence: 'GTCTCGTGGGCTCGGAGATGTGTATAAGAGACAG'\nUsing Long Clipping Sequence: 'TCGTCGGCAGCGTCAGATGTGTATAAGAGACAG'\nUsing Long Clipping Sequence: 'CTGTCTCTTATACACATCTCCGAGCCCACGAGAC'\nUsing Long Clipping Sequence: 'CTGTCTCTTATACACATCTGACGCTGCCGACGA'\nILLUMINACLIP: Using 1 prefix pairs, 4 forward/reverse sequences, 0 forward only sequences, 0 reverse only sequences\nInput Read Pairs: 8952341 Both Surviving: 8633052 (96.43%) Forward Only Surviving: 133008 (1.49%) Reverse Only Surviving: 118166 (1.32%) Dropped: 68115 (0.76%)\nTrimmomaticPE: Completed successfully\n"
04/28/2026 05:45:00 AM - kneaddata.utilities - DEBUG: Checking output file from Trimmomatic : /home/jgarrote730/tfg_ckd/cleaned_data/ERR11869407_knead/ERR11869407_1_kneaddata.trimmed.1.fastq
04/28/2026 05:45:00 AM - kneaddata.utilities - DEBUG: Checking output file from Trimmomatic : /home/jgarrote730/tfg_ckd/cleaned_data/ERR11869407_knead/ERR11869407_1_kneaddata.trimmed.single.1.fastq
04/28/2026 05:45:00 AM - kneaddata.utilities - DEBUG: Checking output file from Trimmomatic : /home/jgarrote730/tfg_ckd/cleaned_data/ERR11869407_knead/ERR11869407_1_kneaddata.trimmed.2.fastq
04/28/2026 05:45:00 AM - kneaddata.utilities - DEBUG: Checking output file from Trimmomatic : /home/jgarrote730/tfg_ckd/cleaned_data/ERR11869407_knead/ERR11869407_1_kneaddata.trimmed.single.2.fastq
04/28/2026 05:45:03 AM - kneaddata.utilities - INFO: READ COUNT: trimmed pair1 : Total reads after trimming ( /home/jgarrote730/tfg_ckd/cleaned_data/ERR11869407_knead/ERR11869407_1_kneaddata.trimmed.1.fastq ): 8633052.0
04/28/2026 05:45:06 AM - kneaddata.utilities - INFO: READ COUNT: trimmed pair2 : Total reads after trimming ( /home/jgarrote730/tfg_ckd/cleaned_data/ERR11869407_knead/ERR11869407_1_kneaddata.trimmed.2.fastq ): 8633052.0
04/28/2026 05:45:06 AM - kneaddata.utilities - INFO: READ COUNT: trimmed orphan1 : Total reads after trimming ( /home/jgarrote730/tfg_ckd/cleaned_data/ERR11869407_knead/ERR11869407_1_kneaddata.trimmed.single.1.fastq ): 133008.0
04/28/2026 05:45:06 AM - kneaddata.utilities - INFO: READ COUNT: trimmed orphan2 : Total reads after trimming ( /home/jgarrote730/tfg_ckd/cleaned_data/ERR11869407_knead/ERR11869407_1_kneaddata.trimmed.single.2.fastq ): 118166.0
04/28/2026 05:48:00 AM - kneaddata.utilities - DEBUG: Checking input file to trf : /home/jgarrote730/tfg_ckd/cleaned_data/ERR11869407_knead/ERR11869407_1_kneaddata.trimmed.1.fasta
04/28/2026 05:48:00 AM - kneaddata.utilities - INFO: Running trf ... 
04/28/2026 05:48:00 AM - kneaddata.utilities - INFO: Execute command: kneaddata_trf_parallel --input /home/jgarrote730/tfg_ckd/cleaned_data/ERR11869407_knead/ERR11869407_1_kneaddata.trimmed.1.fasta --output /home/jgarrote730/tfg_ckd/cleaned_data/ERR11869407_knead/ERR11869407_1_kneaddata.trimmed.1.fasta.trf.parameters.2.7.7.80.10.50.500.dat --trf-path /home/jgarrote730/miniforge3/envs/env_perfect/bin/trf --trf-options '2 7 7 80 10 50 500 -h -ngs' --nproc 8
04/28/2026 05:50:36 AM - kneaddata.utilities - DEBUG: 0
04/28/2026 05:50:36 AM - kneaddata.utilities - DEBUG: Checking output file from trf : /home/jgarrote730/tfg_ckd/cleaned_data/ERR11869407_knead/ERR11869407_1_kneaddata.trimmed.1.fasta.trf.parameters.2.7.7.80.10.50.500.dat
04/28/2026 05:50:36 AM - kneaddata.utilities - DEBUG: Checking input file to trf : /home/jgarrote730/tfg_ckd/cleaned_data/ERR11869407_knead/ERR11869407_1_kneaddata.trimmed.2.fasta
04/28/2026 05:50:36 AM - kneaddata.utilities - INFO: Running trf ... 
04/28/2026 05:50:36 AM - kneaddata.utilities - INFO: Execute command: kneaddata_trf_parallel --input /home/jgarrote730/tfg_ckd/cleaned_data/ERR11869407_knead/ERR11869407_1_kneaddata.trimmed.2.fasta --output /home/jgarrote730/tfg_ckd/cleaned_data/ERR11869407_knead/ERR11869407_1_kneaddata.trimmed.2.fasta.trf.parameters.2.7.7.80.10.50.500.dat --trf-path /home/jgarrote730/miniforge3/envs/env_perfect/bin/trf --trf-options '2 7 7 80 10 50 500 -h -ngs' --nproc 8
04/28/2026 05:53:06 AM - kneaddata.utilities - DEBUG: 0
04/28/2026 05:53:06 AM - kneaddata.utilities - DEBUG: Checking output file from trf : /home/jgarrote730/tfg_ckd/cleaned_data/ERR11869407_knead/ERR11869407_1_kneaddata.trimmed.2.fasta.trf.parameters.2.7.7.80.10.50.500.dat
04/28/2026 05:53:17 AM - kneaddata.run - INFO: Total number of sequences with repeats removed from file ( /home/jgarrote730/tfg_ckd/cleaned_data/ERR11869407_knead/ERR11869407_1_kneaddata.trimmed.1.fastq ): 34790
04/28/2026 05:53:37 AM - kneaddata.run - INFO: Total number of sequences with repeats removed from file ( /home/jgarrote730/tfg_ckd/cleaned_data/ERR11869407_knead/ERR11869407_1_kneaddata.trimmed.2.fastq ): 34859
04/28/2026 05:53:38 AM - kneaddata.utilities - DEBUG: Checking input file to trf : /home/jgarrote730/tfg_ckd/cleaned_data/ERR11869407_knead/ERR11869407_1_kneaddata.trimmed.single.1.fasta
04/28/2026 05:53:38 AM - kneaddata.utilities - INFO: Running trf ... 
04/28/2026 05:53:38 AM - kneaddata.utilities - INFO: Execute command: kneaddata_trf_parallel --input /home/jgarrote730/tfg_ckd/cleaned_data/ERR11869407_knead/ERR11869407_1_kneaddata.trimmed.single.1.fasta --output /home/jgarrote730/tfg_ckd/cleaned_data/ERR11869407_knead/ERR11869407_1_kneaddata.trimmed.single.1.fasta.trf.parameters.2.7.7.80.10.50.500.dat --trf-path /home/jgarrote730/miniforge3/envs/env_perfect/bin/trf --trf-options '2 7 7 80 10 50 500 -h -ngs' --nproc 8
04/28/2026 05:53:40 AM - kneaddata.utilities - DEBUG: 0
04/28/2026 05:53:40 AM - kneaddata.utilities - DEBUG: Checking output file from trf : /home/jgarrote730/tfg_ckd/cleaned_data/ERR11869407_knead/ERR11869407_1_kneaddata.trimmed.single.1.fasta.trf.parameters.2.7.7.80.10.50.500.dat
04/28/2026 05:53:40 AM - kneaddata.run - INFO: Total number of sequences with repeats removed from file ( /home/jgarrote730/tfg_ckd/cleaned_data/ERR11869407_knead/ERR11869407_1_kneaddata.trimmed.single.1.fastq ): 522
04/28/2026 05:53:41 AM - kneaddata.utilities - DEBUG: Checking input file to trf : /home/jgarrote730/tfg_ckd/cleaned_data/ERR11869407_knead/ERR11869407_1_kneaddata.trimmed.single.2.fasta
04/28/2026 05:53:41 AM - kneaddata.utilities - INFO: Running trf ... 
04/28/2026 05:53:41 AM - kneaddata.utilities - INFO: Execute command: kneaddata_trf_parallel --input /home/jgarrote730/tfg_ckd/cleaned_data/ERR11869407_knead/ERR11869407_1_kneaddata.trimmed.single.2.fasta --output /home/jgarrote730/tfg_ckd/cleaned_data/ERR11869407_knead/ERR11869407_1_kneaddata.trimmed.single.2.fasta.trf.parameters.2.7.7.80.10.50.500.dat --trf-path /home/jgarrote730/miniforge3/envs/env_perfect/bin/trf --trf-options '2 7 7 80 10 50 500 -h -ngs' --nproc 8
04/28/2026 05:53:43 AM - kneaddata.utilities - DEBUG: 0
04/28/2026 05:53:43 AM - kneaddata.utilities - DEBUG: Checking output file from trf : /home/jgarrote730/tfg_ckd/cleaned_data/ERR11869407_knead/ERR11869407_1_kneaddata.trimmed.single.2.fasta.trf.parameters.2.7.7.80.10.50.500.dat
04/28/2026 05:53:43 AM - kneaddata.run - INFO: Total number of sequences with repeats removed from file ( /home/jgarrote730/tfg_ckd/cleaned_data/ERR11869407_knead/ERR11869407_1_kneaddata.trimmed.single.2.fastq ): 537
04/28/2026 05:53:43 AM - kneaddata.run - INFO: Decontaminating ...
04/28/2026 05:53:43 AM - kneaddata.utilities - DEBUG: Checking input file to bowtie2 : /home/jgarrote730/tfg_ckd/cleaned_data/ERR11869407_knead/ERR11869407_1_kneaddata.repeats.removed.1.fastq
04/28/2026 05:53:43 AM - kneaddata.utilities - DEBUG: Checking input file to bowtie2 : /home/jgarrote730/tfg_ckd/cleaned_data/ERR11869407_knead/ERR11869407_1_kneaddata.repeats.removed.2.fastq
04/28/2026 05:53:43 AM - kneaddata.utilities - DEBUG: Checking input file to bowtie2 : /home/jgarrote730/tfg_ckd/cleaned_data/ERR11869407_knead/ERR11869407_1_kneaddata.repeats.removed.unmatched.1.fastq
04/28/2026 05:53:43 AM - kneaddata.utilities - DEBUG: Checking input file to bowtie2 : /home/jgarrote730/tfg_ckd/cleaned_data/ERR11869407_knead/ERR11869407_1_kneaddata.repeats.removed.unmatched.2.fastq
04/28/2026 05:53:43 AM - kneaddata.utilities - INFO: Running bowtie2 ... 
04/28/2026 05:53:43 AM - kneaddata.utilities - INFO: Execute command: kneaddata_bowtie2_discordant_pairs --bowtie2 /home/jgarrote730/miniforge3/envs/env_perfect/bin/bowtie2 --threads 8 -x /home/jgarrote730/db/kneaddata/hg_39 --mode strict --bowtie2-options "--very-sensitive-local --phred33" -1 /home/jgarrote730/tfg_ckd/cleaned_data/ERR11869407_knead/ERR11869407_1_kneaddata.repeats.removed.1.fastq -2 /home/jgarrote730/tfg_ckd/cleaned_data/ERR11869407_knead/ERR11869407_1_kneaddata.repeats.removed.2.fastq --un-pair /home/jgarrote730/tfg_ckd/cleaned_data/ERR11869407_knead/ERR11869407_1_kneaddata_hg_39_bowtie2_paired_clean_%.fastq --al-pair /home/jgarrote730/tfg_ckd/cleaned_data/ERR11869407_knead/ERR11869407_1_kneaddata_hg_39_bowtie2_paired_contam_%.fastq -U /home/jgarrote730/tfg_ckd/cleaned_data/ERR11869407_knead/ERR11869407_1_kneaddata.repeats.removed.unmatched.1.fastq,/home/jgarrote730/tfg_ckd/cleaned_data/ERR11869407_knead/ERR11869407_1_kneaddata.repeats.removed.unmatched.2.fastq --un-single /home/jgarrote730/tfg_ckd/cleaned_data/ERR11869407_knead/ERR11869407_1_kneaddata_hg_39_bowtie2_unmatched_%_clean.fastq --al-single /home/jgarrote730/tfg_ckd/cleaned_data/ERR11869407_knead/ERR11869407_1_kneaddata_hg_39_bowtie2_unmatched_%_contam.fastq -S /dev/null
04/28/2026 06:00:17 AM - kneaddata.utilities - DEBUG: b'[WARNING] Failed to launch x86-64-v3 version, staying with default\n[WARNING] Failed to launch x86-64-v3 version, staying with default\n17446570 reads; of these:\n  17446570 (100.00%) were unpaired; of these:\n    17436950 (99.94%) aligned 0 times\n    3675 (0.02%) aligned exactly 1 time\n    5945 (0.03%) aligned >1 times\n0.06% overall alignment rate\npair1_aligned : 5450\npair2_aligned : 5450\npair1_unaligned : 8560649\npair2_unaligned : 8560649\norphan1_aligned : 255\norphan2_aligned : 203\norphan1_unaligned : 164394\norphan2_unaligned : 149520\n'
04/28/2026 06:00:17 AM - kneaddata.utilities - DEBUG: Checking output file from bowtie2 : /home/jgarrote730/tfg_ckd/cleaned_data/ERR11869407_knead/ERR11869407_1_kneaddata_hg_39_bowtie2_paired_clean_1.fastq
04/28/2026 06:00:17 AM - kneaddata.utilities - DEBUG: Checking output file from bowtie2 : /home/jgarrote730/tfg_ckd/cleaned_data/ERR11869407_knead/ERR11869407_1_kneaddata_hg_39_bowtie2_paired_clean_2.fastq
04/28/2026 06:00:17 AM - kneaddata.run - INFO: Total contaminate sequences in file ( /home/jgarrote730/tfg_ckd/cleaned_data/ERR11869407_knead/ERR11869407_1_kneaddata_hg_39_bowtie2_paired_contam_1.fastq ) : 5450.0
04/28/2026 06:00:17 AM - kneaddata.run - INFO: Total contaminate sequences in file ( /home/jgarrote730/tfg_ckd/cleaned_data/ERR11869407_knead/ERR11869407_1_kneaddata_hg_39_bowtie2_paired_contam_2.fastq ) : 5450.0
04/28/2026 06:00:17 AM - kneaddata.run - INFO: Total contaminate sequences in file ( /home/jgarrote730/tfg_ckd/cleaned_data/ERR11869407_knead/ERR11869407_1_kneaddata_hg_39_bowtie2_unmatched_1_contam.fastq ) : 255.0
04/28/2026 06:00:17 AM - kneaddata.run - INFO: Total contaminate sequences in file ( /home/jgarrote730/tfg_ckd/cleaned_data/ERR11869407_knead/ERR11869407_1_kneaddata_hg_39_bowtie2_unmatched_2_contam.fastq ) : 203.0
04/28/2026 06:00:23 AM - kneaddata.utilities - INFO: READ COUNT: decontaminated hg_39 pair1 : Total reads after removing those found in reference database ( /home/jgarrote730/tfg_ckd/cleaned_data/ERR11869407_knead/ERR11869407_1_kneaddata_hg_39_bowtie2_paired_clean_1.fastq ): 8560649.0
04/28/2026 06:00:30 AM - kneaddata.utilities - INFO: READ COUNT: decontaminated hg_39 pair2 : Total reads after removing those found in reference database ( /home/jgarrote730/tfg_ckd/cleaned_data/ERR11869407_knead/ERR11869407_1_kneaddata_hg_39_bowtie2_paired_clean_2.fastq ): 8560649.0
04/28/2026 06:00:37 AM - kneaddata.utilities - INFO: READ COUNT: final pair1 : Total reads after merging results from multiple databases ( /home/jgarrote730/tfg_ckd/cleaned_data/ERR11869407_knead/ERR11869407_1_kneaddata_paired_1.fastq ): 8560649.0
04/28/2026 06:00:40 AM - kneaddata.utilities - INFO: READ COUNT: final pair2 : Total reads after merging results from multiple databases ( /home/jgarrote730/tfg_ckd/cleaned_data/ERR11869407_knead/ERR11869407_1_kneaddata_paired_2.fastq ): 8560649.0
04/28/2026 06:00:40 AM - kneaddata.utilities - WARNING: Unable to remove file: /home/jgarrote730/tfg_ckd/cleaned_data/ERR11869407_knead/ERR11869407_1_kneaddata_hg_39_bowtie2_paired_clean_1.fastq
04/28/2026 06:00:40 AM - kneaddata.utilities - WARNING: Unable to remove file: /home/jgarrote730/tfg_ckd/cleaned_data/ERR11869407_knead/ERR11869407_1_kneaddata_hg_39_bowtie2_paired_clean_2.fastq
04/28/2026 06:00:40 AM - kneaddata.utilities - INFO: READ COUNT: decontaminated hg_39 orphan1 : Total reads after removing those found in reference database ( /home/jgarrote730/tfg_ckd/cleaned_data/ERR11869407_knead/ERR11869407_1_kneaddata_hg_39_bowtie2_unmatched_1_clean.fastq ): 164394.0
04/28/2026 06:00:40 AM - kneaddata.utilities - INFO: READ COUNT: final orphan1 : Total reads after merging results from multiple databases ( /home/jgarrote730/tfg_ckd/cleaned_data/ERR11869407_knead/ERR11869407_1_kneaddata_unmatched_1.fastq ): 164394.0
04/28/2026 06:00:40 AM - kneaddata.utilities - WARNING: Unable to remove file: /home/jgarrote730/tfg_ckd/cleaned_data/ERR11869407_knead/ERR11869407_1_kneaddata_hg_39_bowtie2_unmatched_1_clean.fastq
04/28/2026 06:00:40 AM - kneaddata.utilities - INFO: READ COUNT: decontaminated hg_39 orphan2 : Total reads after removing those found in reference database ( /home/jgarrote730/tfg_ckd/cleaned_data/ERR11869407_knead/ERR11869407_1_kneaddata_hg_39_bowtie2_unmatched_2_clean.fastq ): 149520.0
04/28/2026 06:00:40 AM - kneaddata.utilities - INFO: READ COUNT: final orphan2 : Total reads after merging results from multiple databases ( /home/jgarrote730/tfg_ckd/cleaned_data/ERR11869407_knead/ERR11869407_1_kneaddata_unmatched_2.fastq ): 149520.0
04/28/2026 06:00:40 AM - kneaddata.utilities - WARNING: Unable to remove file: /home/jgarrote730/tfg_ckd/cleaned_data/ERR11869407_knead/ERR11869407_1_kneaddata_hg_39_bowtie2_unmatched_2_clean.fastq
04/28/2026 06:00:43 AM - kneaddata.knead_data - INFO: 
Final output files created: 
/home/jgarrote730/tfg_ckd/cleaned_data/ERR11869407_knead/ERR11869407_1_kneaddata_paired_1.fastq
/home/jgarrote730/tfg_ckd/cleaned_data/ERR11869407_knead/ERR11869407_1_kneaddata_paired_2.fastq
/home/jgarrote730/tfg_ckd/cleaned_data/ERR11869407_knead/ERR11869407_1_kneaddata_unmatched_1.fastq
/home/jgarrote730/tfg_ckd/cleaned_data/ERR11869407_knead/ERR11869407_1_kneaddata_unmatched_2.fastq

